========================================
  AURORA LATENT EXTRACTION - HRES T0
========================================
Job ID:       21091610
Date:         Tue Mar 24 09:53:27 CET 2026
Hostname:     gcn57.local.snellius.surf.nl
GPU:          0
========================================
Python: /home/ekasteleyn/aurora_thesis/aurora_env/bin/python
Python 3.11.3
  ✓ S3 Client initialized securely via .env
======================================================================
  AURORA LATENT EXTRACTION - IFS HRES T0
======================================================================
  Dates: 3 dates
  Init hours: [12]
  Latent extraction init: 12:00 UTC only
  Rollout steps: 1
  Device: cuda
  Output: /scratch-node/ekasteleyn.21091610/aurora_hres_latents
  Cache: /home/ekasteleyn/downloads/hres_t0
  Target layers: [('perceiver', 0), ('encoder', 0), ('encoder', 1), ('encoder', 2)]
======================================================================

[1/4] Downloading static variables...

[2/4] Downloading HRES T0 data...
  2022-01-15
  2022-05-15
  2022-09-15

[3/4] Loading Aurora 0.25° Fine-Tuned model...
  ✓ Model loaded

[4/4] Processing 3 runs (3 dates × 1 init times)...

  [1/3] 2022-01-15 init 12:00 UTC [+latents]
    Init time: 2022-01-15 12:00:00
    perceiver_0: shape=(1, 259200, 512) -> latent_20220115_1200_perceiver_0.pt
    encoder_0: shape=(1, 64800, 1024) -> latent_20220115_1200_encoder_0.pt
    encoder_1: shape=(1, 16200, 2048) -> latent_20220115_1200_encoder_1.pt
    encoder_2: shape=(1, 16200, 2048) -> latent_20220115_1200_encoder_2.pt
    perceiver_cross_attn: shape=(64800, 16, 3, 13) -> attn_20220115_1200_perceiver_cross_attn.pt
    encoder_0_attn: shape=(1800, 8, 144, 144) -> attn_20220115_1200_encoder_0_attn.pt
    encoder_1_attn: shape=(450, 16, 144, 144) -> attn_20220115_1200_encoder_1_attn.pt
    encoder_2_attn: shape=(128, 32, 144, 144) -> attn_20220115_1200_encoder_2_attn.pt
    pred step 1 (+6h) -> aurora_pred_20220115_1200_step01_06h.nc

  [2/3] 2022-05-15 init 12:00 UTC [+latents]
    Init time: 2022-05-15 12:00:00
      ↑ Uploaded to S3: s3://ekasteleyn-aurora-predictions/aurora_hres_validation/latent_20220115_1200_encoder_1.pt
      ↑ Uploaded to S3: s3://ekasteleyn-aurora-predictions/aurora_hres_validation/latent_20220115_1200_encoder_0.pt
      ↑ Uploaded to S3: s3://ekasteleyn-aurora-predictions/aurora_hres_validation/latent_20220115_1200_encoder_2.pt
      ↑ Uploaded to S3: s3://ekasteleyn-aurora-predictions/aurora_hres_validation/attn_20220115_1200_perceiver_cross_attn.pt
      ↑ Uploaded to S3: s3://ekasteleyn-aurora-predictions/aurora_hres_validation/latent_20220115_1200_perceiver_0.pt
      ↑ Uploaded to S3: s3://ekasteleyn-aurora-predictions/aurora_hres_validation/attn_20220115_1200_encoder_2_attn.pt
      ↑ Uploaded to S3: s3://ekasteleyn-aurora-predictions/aurora_hres_validation/attn_20220115_1200_encoder_1_attn.pt
      ↑ Uploaded to S3: s3://ekasteleyn-aurora-predictions/aurora_hres_validation/aurora_pred_20220115_1200_step01_06h.nc
      ↑ Uploaded to S3: s3://ekasteleyn-aurora-predictions/aurora_hres_validation/attn_20220115_1200_encoder_0_attn.pt
    perceiver_0: shape=(1, 259200, 512) -> latent_20220515_1200_perceiver_0.pt
    encoder_0: shape=(1, 64800, 1024) -> latent_20220515_1200_encoder_0.pt
    encoder_1: shape=(1, 16200, 2048) -> latent_20220515_1200_encoder_1.pt
    encoder_2: shape=(1, 16200, 2048) -> latent_20220515_1200_encoder_2.pt
    perceiver_cross_attn: shape=(64800, 16, 3, 13) -> attn_20220515_1200_perceiver_cross_attn.pt
    encoder_0_attn: shape=(1800, 8, 144, 144) -> attn_20220515_1200_encoder_0_attn.pt
    encoder_1_attn: shape=(450, 16, 144, 144) -> attn_20220515_1200_encoder_1_attn.pt
    encoder_2_attn: shape=(128, 32, 144, 144) -> attn_20220515_1200_encoder_2_attn.pt
    pred step 1 (+6h) -> aurora_pred_20220515_1200_step01_06h.nc

  [3/3] 2022-09-15 init 12:00 UTC [+latents]
      ↑ Uploaded to S3: s3://ekasteleyn-aurora-predictions/aurora_hres_validation/latent_20220515_1200_encoder_1.pt
      ↑ Uploaded to S3: s3://ekasteleyn-aurora-predictions/aurora_hres_validation/latent_20220515_1200_encoder_2.pt
    Init time: 2022-09-15 12:00:00
      ↑ Uploaded to S3: s3://ekasteleyn-aurora-predictions/aurora_hres_validation/latent_20220515_1200_encoder_0.pt
      ↑ Uploaded to S3: s3://ekasteleyn-aurora-predictions/aurora_hres_validation/attn_20220515_1200_perceiver_cross_attn.pt
      ↑ Uploaded to S3: s3://ekasteleyn-aurora-predictions/aurora_hres_validation/latent_20220515_1200_perceiver_0.pt
      ↑ Uploaded to S3: s3://ekasteleyn-aurora-predictions/aurora_hres_validation/attn_20220515_1200_encoder_2_attn.pt
      ↑ Uploaded to S3: s3://ekasteleyn-aurora-predictions/aurora_hres_validation/attn_20220515_1200_encoder_1_attn.pt
      ↑ Uploaded to S3: s3://ekasteleyn-aurora-predictions/aurora_hres_validation/aurora_pred_20220515_1200_step01_06h.nc
      ↑ Uploaded to S3: s3://ekasteleyn-aurora-predictions/aurora_hres_validation/attn_20220515_1200_encoder_0_attn.pt
    perceiver_0: shape=(1, 259200, 512) -> latent_20220915_1200_perceiver_0.pt
    encoder_0: shape=(1, 64800, 1024) -> latent_20220915_1200_encoder_0.pt
    encoder_1: shape=(1, 16200, 2048) -> latent_20220915_1200_encoder_1.pt
    encoder_2: shape=(1, 16200, 2048) -> latent_20220915_1200_encoder_2.pt
    perceiver_cross_attn: shape=(64800, 16, 3, 13) -> attn_20220915_1200_perceiver_cross_attn.pt
    encoder_0_attn: shape=(1800, 8, 144, 144) -> attn_20220915_1200_encoder_0_attn.pt
    encoder_1_attn: shape=(450, 16, 144, 144) -> attn_20220915_1200_encoder_1_attn.pt
    encoder_2_attn: shape=(128, 32, 144, 144) -> attn_20220915_1200_encoder_2_attn.pt
    pred step 1 (+6h) -> aurora_pred_20220915_1200_step01_06h.nc

  Waiting for file saves to complete...
      ↑ Uploaded to S3: s3://ekasteleyn-aurora-predictions/aurora_hres_validation/latent_20220915_1200_encoder_1.pt
      ↑ Uploaded to S3: s3://ekasteleyn-aurora-predictions/aurora_hres_validation/latent_20220915_1200_encoder_2.pt
      ↑ Uploaded to S3: s3://ekasteleyn-aurora-predictions/aurora_hres_validation/attn_20220915_1200_perceiver_cross_attn.pt
      ↑ Uploaded to S3: s3://ekasteleyn-aurora-predictions/aurora_hres_validation/latent_20220915_1200_encoder_0.pt
      ↑ Uploaded to S3: s3://ekasteleyn-aurora-predictions/aurora_hres_validation/latent_20220915_1200_perceiver_0.pt
      ↑ Uploaded to S3: s3://ekasteleyn-aurora-predictions/aurora_hres_validation/attn_20220915_1200_encoder_2_attn.pt
      ↑ Uploaded to S3: s3://ekasteleyn-aurora-predictions/aurora_hres_validation/attn_20220915_1200_encoder_1_attn.pt
      ↑ Uploaded to S3: s3://ekasteleyn-aurora-predictions/aurora_hres_validation/aurora_pred_20220915_1200_step01_06h.nc
      ↑ Uploaded to S3: s3://ekasteleyn-aurora-predictions/aurora_hres_validation/attn_20220915_1200_encoder_0_attn.pt

======================================================================
  COMPLETE
======================================================================
  Output saved to: /scratch-node/ekasteleyn.21091610/aurora_hres_latents
  Files: 24 .pt files, 3 .nc files

========================================
  COMPLETE: Tue Mar 24 09:55:39 CET 2026
========================================
