========================================
  PHYSICS EVALUATION: neuralgcm
========================================
Job ID:       22118015
Date:         Wed Apr 22 11:28:22 CEST 2026
Prediction:   gs://weatherbench2/datasets/neuralgcm_deterministic/2020-512x256.zarr
Reference:    gs://weatherbench2/datasets/era5/1959-2022-6h-512x256_equiangular_conservative.zarr
Output:       /home/ekasteleyn/aurora_thesis/neuripspaper/results/physics_evaluation_neuralgcm_2020.csv
========================================
usage: run_all_metrics.py [-h] [--year YEAR] [--dates DATES [DATES ...]]
                          [--month MONTH] [--workers WORKERS]
                          [--output OUTPUT]
                          [--mode {joint,ref,reference,prediction,model}]
                          [--model MODEL] [--prediction-zarr PREDICTION_ZARR]
                          [--ref-zarr REF_ZARR]
                          [--ref-daily-zarr REF_DAILY_ZARR]
                          [--reference {era5,ifs}] [--lead-times LEAD_TIMES]
                          [--static-zarr STATIC_ZARR] [--quiet]
                          [--extended-spectra]
run_all_metrics.py: error: argument --reference: invalid choice: 'gs://weatherbench2/datasets/era5/1959-2022-6h-512x256_equiangular_conservative.zarr' (choose from 'era5', 'ifs')
