========================================
  PHYSICS EVALUATION: neuralgcm
========================================
Job ID:       22171378
Date:         Thu Apr 23 13:29:09 CEST 2026
Prediction:   gs://weatherbench2/datasets/neuralgcm_deterministic/2020-512x256.zarr
Reference:    hres_t0 (from gs://weatherbench2/datasets/hres_t0/2016-2022-6h-512x256_equiangular_conservative.zarr)
Output:       /home/ekasteleyn/aurora_thesis/neuripspaper/results_ifs/physics_evaluation_neuralgcm_2020.csv
========================================
usage: run_all_metrics.py [-h] [--year YEAR] [--dates DATES [DATES ...]]
                          [--month MONTH] [--workers WORKERS]
                          [--output OUTPUT]
                          [--mode {joint,ref,reference,prediction,model}]
                          [--model MODEL] [--prediction-zarr PREDICTION_ZARR]
                          [--ref-zarr REF_ZARR]
                          [--ref-daily-zarr REF_DAILY_ZARR]
                          [--reference {era5,ifs}] [--lead-times LEAD_TIMES]
                          [--static-zarr STATIC_ZARR] [--quiet]
                          [--extended-spectra]
run_all_metrics.py: error: argument --reference: invalid choice: 'hres_t0' (choose from 'era5', 'ifs')
