Starting H100 FP64 precision test...
Node: gcn123.local.snellius.surf.nl
GPU:
NVIDIA H100, 95830 MiB
Output directory: /scratch-shared/ekasteleyn/aurora_h100_fp64
  ✓ S3 Client initialized securely via .env
======================================================================
  AURORA LATENT EXTRACTION - IFS HRES T0
======================================================================
  Dates: 2 dates
  Init hours: [0, 12]
  Latent extraction init: 12:00 UTC only
  Rollout steps: 40
  Device: cuda
  Output: /scratch-shared/ekasteleyn/aurora_h100_fp64
  Cache: /home/ekasteleyn/downloads/hres_t0
  Target layers: [('perceiver', 0), ('encoder', 0), ('encoder', 1), ('encoder', 2)]
======================================================================

[1/4] Downloading static variables...

[2/4] Downloading HRES T0 data...
  2022-01-14
  2022-01-15
  2022-01-16

[3/4] Loading Aurora 0.25° Fine-Tuned model...
  Converting model to FP64 (double precision)...
  ✓ FP64 mode enabled (TF32 disabled)
  ✓ Model loaded

[4/4] Processing 4 runs (2 dates × 2 init times)...

  [12:36:31] [1/4] 2022-01-15 init 00:00 UTC [predictions only]
    Init time: 2022-01-15 00:00:00
    pred step 1 (+6h) -> aurora_pred_20220115_0000_step01_06h.nc
    pred step 2 (+12h) -> aurora_pred_20220115_0000_step02_12h.nc
      ↑ Uploaded to S3: s3://ekasteleyn-aurora-predictions/aurora_hres_fp64_test/aurora_pred_20220115_0000_step01_06h.nc
    pred step 3 (+18h) -> aurora_pred_20220115_0000_step03_18h.nc
      ↑ Uploaded to S3: s3://ekasteleyn-aurora-predictions/aurora_hres_fp64_test/aurora_pred_20220115_0000_step02_12h.nc
    pred step 4 (+24h) -> aurora_pred_20220115_0000_step04_24h.nc
    pred step 5 (+30h) -> aurora_pred_20220115_0000_step05_30h.nc
      ↑ Uploaded to S3: s3://ekasteleyn-aurora-predictions/aurora_hres_fp64_test/aurora_pred_20220115_0000_step03_18h.nc
      ↑ Uploaded to S3: s3://ekasteleyn-aurora-predictions/aurora_hres_fp64_test/aurora_pred_20220115_0000_step04_24h.nc
    pred step 6 (+36h) -> aurora_pred_20220115_0000_step06_36h.nc
      ↑ Uploaded to S3: s3://ekasteleyn-aurora-predictions/aurora_hres_fp64_test/aurora_pred_20220115_0000_step05_30h.nc
    pred step 7 (+42h) -> aurora_pred_20220115_0000_step07_42h.nc
      ↑ Uploaded to S3: s3://ekasteleyn-aurora-predictions/aurora_hres_fp64_test/aurora_pred_20220115_0000_step06_36h.nc
    pred step 8 (+48h) -> aurora_pred_20220115_0000_step08_48h.nc
      ↑ Uploaded to S3: s3://ekasteleyn-aurora-predictions/aurora_hres_fp64_test/aurora_pred_20220115_0000_step07_42h.nc
    pred step 9 (+54h) -> aurora_pred_20220115_0000_step09_54h.nc
      ↑ Uploaded to S3: s3://ekasteleyn-aurora-predictions/aurora_hres_fp64_test/aurora_pred_20220115_0000_step08_48h.nc
    pred step 10 (+60h) -> aurora_pred_20220115_0000_step10_60h.nc
      ↑ Uploaded to S3: s3://ekasteleyn-aurora-predictions/aurora_hres_fp64_test/aurora_pred_20220115_0000_step09_54h.nc
    pred step 11 (+66h) -> aurora_pred_20220115_0000_step11_66h.nc
      ↑ Uploaded to S3: s3://ekasteleyn-aurora-predictions/aurora_hres_fp64_test/aurora_pred_20220115_0000_step10_60h.nc
    pred step 12 (+72h) -> aurora_pred_20220115_0000_step12_72h.nc
      ↑ Uploaded to S3: s3://ekasteleyn-aurora-predictions/aurora_hres_fp64_test/aurora_pred_20220115_0000_step11_66h.nc
    pred step 13 (+78h) -> aurora_pred_20220115_0000_step13_78h.nc
      ↑ Uploaded to S3: s3://ekasteleyn-aurora-predictions/aurora_hres_fp64_test/aurora_pred_20220115_0000_step12_72h.nc
    pred step 14 (+84h) -> aurora_pred_20220115_0000_step14_84h.nc
      ↑ Uploaded to S3: s3://ekasteleyn-aurora-predictions/aurora_hres_fp64_test/aurora_pred_20220115_0000_step13_78h.nc
    pred step 15 (+90h) -> aurora_pred_20220115_0000_step15_90h.nc
      ↑ Uploaded to S3: s3://ekasteleyn-aurora-predictions/aurora_hres_fp64_test/aurora_pred_20220115_0000_step14_84h.nc
    pred step 16 (+96h) -> aurora_pred_20220115_0000_step16_96h.nc
      ↑ Uploaded to S3: s3://ekasteleyn-aurora-predictions/aurora_hres_fp64_test/aurora_pred_20220115_0000_step15_90h.nc
    pred step 17 (+102h) -> aurora_pred_20220115_0000_step17_102h.nc
    pred step 18 (+108h) -> aurora_pred_20220115_0000_step18_108h.nc
      ↑ Uploaded to S3: s3://ekasteleyn-aurora-predictions/aurora_hres_fp64_test/aurora_pred_20220115_0000_step16_96h.nc
    pred step 19 (+114h) -> aurora_pred_20220115_0000_step19_114h.nc
      ↑ Uploaded to S3: s3://ekasteleyn-aurora-predictions/aurora_hres_fp64_test/aurora_pred_20220115_0000_step17_102h.nc
    pred step 20 (+120h) -> aurora_pred_20220115_0000_step20_120h.nc
      ↑ Uploaded to S3: s3://ekasteleyn-aurora-predictions/aurora_hres_fp64_test/aurora_pred_20220115_0000_step18_108h.nc
      ↑ Uploaded to S3: s3://ekasteleyn-aurora-predictions/aurora_hres_fp64_test/aurora_pred_20220115_0000_step19_114h.nc
    pred step 21 (+126h) -> aurora_pred_20220115_0000_step21_126h.nc
      ↑ Uploaded to S3: s3://ekasteleyn-aurora-predictions/aurora_hres_fp64_test/aurora_pred_20220115_0000_step20_120h.nc
    pred step 22 (+132h) -> aurora_pred_20220115_0000_step22_132h.nc
      ↑ Uploaded to S3: s3://ekasteleyn-aurora-predictions/aurora_hres_fp64_test/aurora_pred_20220115_0000_step21_126h.nc
    pred step 23 (+138h) -> aurora_pred_20220115_0000_step23_138h.nc
      ↑ Uploaded to S3: s3://ekasteleyn-aurora-predictions/aurora_hres_fp64_test/aurora_pred_20220115_0000_step22_132h.nc
    pred step 24 (+144h) -> aurora_pred_20220115_0000_step24_144h.nc
      ↑ Uploaded to S3: s3://ekasteleyn-aurora-predictions/aurora_hres_fp64_test/aurora_pred_20220115_0000_step23_138h.nc
    pred step 25 (+150h) -> aurora_pred_20220115_0000_step25_150h.nc
      ↑ Uploaded to S3: s3://ekasteleyn-aurora-predictions/aurora_hres_fp64_test/aurora_pred_20220115_0000_step24_144h.nc
    pred step 26 (+156h) -> aurora_pred_20220115_0000_step26_156h.nc
      ↑ Uploaded to S3: s3://ekasteleyn-aurora-predictions/aurora_hres_fp64_test/aurora_pred_20220115_0000_step25_150h.nc
    pred step 27 (+162h) -> aurora_pred_20220115_0000_step27_162h.nc
      ↑ Uploaded to S3: s3://ekasteleyn-aurora-predictions/aurora_hres_fp64_test/aurora_pred_20220115_0000_step26_156h.nc
    pred step 28 (+168h) -> aurora_pred_20220115_0000_step28_168h.nc
      ↑ Uploaded to S3: s3://ekasteleyn-aurora-predictions/aurora_hres_fp64_test/aurora_pred_20220115_0000_step27_162h.nc
    pred step 29 (+174h) -> aurora_pred_20220115_0000_step29_174h.nc
      ↑ Uploaded to S3: s3://ekasteleyn-aurora-predictions/aurora_hres_fp64_test/aurora_pred_20220115_0000_step28_168h.nc
    pred step 30 (+180h) -> aurora_pred_20220115_0000_step30_180h.nc
    pred step 31 (+186h) -> aurora_pred_20220115_0000_step31_186h.nc
      ↑ Uploaded to S3: s3://ekasteleyn-aurora-predictions/aurora_hres_fp64_test/aurora_pred_20220115_0000_step30_180h.nc
      ↑ Uploaded to S3: s3://ekasteleyn-aurora-predictions/aurora_hres_fp64_test/aurora_pred_20220115_0000_step29_174h.nc
    pred step 32 (+192h) -> aurora_pred_20220115_0000_step32_192h.nc
      ↑ Uploaded to S3: s3://ekasteleyn-aurora-predictions/aurora_hres_fp64_test/aurora_pred_20220115_0000_step31_186h.nc
    pred step 33 (+198h) -> aurora_pred_20220115_0000_step33_198h.nc
      ↑ Uploaded to S3: s3://ekasteleyn-aurora-predictions/aurora_hres_fp64_test/aurora_pred_20220115_0000_step32_192h.nc
    pred step 34 (+204h) -> aurora_pred_20220115_0000_step34_204h.nc
      ↑ Uploaded to S3: s3://ekasteleyn-aurora-predictions/aurora_hres_fp64_test/aurora_pred_20220115_0000_step33_198h.nc
    pred step 35 (+210h) -> aurora_pred_20220115_0000_step35_210h.nc
      ↑ Uploaded to S3: s3://ekasteleyn-aurora-predictions/aurora_hres_fp64_test/aurora_pred_20220115_0000_step34_204h.nc
    pred step 36 (+216h) -> aurora_pred_20220115_0000_step36_216h.nc
      ↑ Uploaded to S3: s3://ekasteleyn-aurora-predictions/aurora_hres_fp64_test/aurora_pred_20220115_0000_step35_210h.nc
    pred step 37 (+222h) -> aurora_pred_20220115_0000_step37_222h.nc
      ↑ Uploaded to S3: s3://ekasteleyn-aurora-predictions/aurora_hres_fp64_test/aurora_pred_20220115_0000_step36_216h.nc
    pred step 38 (+228h) -> aurora_pred_20220115_0000_step38_228h.nc
      ↑ Uploaded to S3: s3://ekasteleyn-aurora-predictions/aurora_hres_fp64_test/aurora_pred_20220115_0000_step37_222h.nc
    pred step 39 (+234h) -> aurora_pred_20220115_0000_step39_234h.nc
      ↑ Uploaded to S3: s3://ekasteleyn-aurora-predictions/aurora_hres_fp64_test/aurora_pred_20220115_0000_step38_228h.nc
    pred step 40 (+240h) -> aurora_pred_20220115_0000_step40_240h.nc
      ↑ Uploaded to S3: s3://ekasteleyn-aurora-predictions/aurora_hres_fp64_test/aurora_pred_20220115_0000_step39_234h.nc
      ↑ Uploaded to S3: s3://ekasteleyn-aurora-predictions/aurora_hres_fp64_test/aurora_pred_20220115_0000_step40_240h.nc
    ✓ Done in 193.2s

  [12:39:44] [2/4] 2022-01-15 init 12:00 UTC [+latents] | ETA: 9.7 min
    Init time: 2022-01-15 12:00:00
    pred step 1 (+6h) -> aurora_pred_20220115_1200_step01_06h.nc
    perceiver_0: shape=(1, 259200, 512) -> latent_20220115_1200_perceiver_0.pt
    encoder_0: shape=(1, 64800, 1024) -> latent_20220115_1200_encoder_0.pt
    encoder_1: shape=(1, 16200, 2048) -> latent_20220115_1200_encoder_1.pt
    encoder_2: shape=(1, 16200, 2048) -> latent_20220115_1200_encoder_2.pt
    perceiver_cross_attn: shape=(64800, 16, 3, 13) -> attn_20220115_1200_perceiver_cross_attn.pt
    encoder_0_attn: shape=(1800, 8, 144, 144) -> attn_20220115_1200_encoder_0_attn.pt
    encoder_1_attn: shape=(450, 16, 144, 144) -> attn_20220115_1200_encoder_1_attn.pt
    encoder_2_attn: shape=(128, 32, 144, 144) -> attn_20220115_1200_encoder_2_attn.pt
      ↑ Uploaded to S3: s3://ekasteleyn-aurora-predictions/aurora_hres_fp64_test/latent_20220115_1200_encoder_1.pt
      ↑ Uploaded to S3: s3://ekasteleyn-aurora-predictions/aurora_hres_fp64_test/latent_20220115_1200_perceiver_0.pt
      ↑ Uploaded to S3: s3://ekasteleyn-aurora-predictions/aurora_hres_fp64_test/latent_20220115_1200_encoder_0.pt
      ↑ Uploaded to S3: s3://ekasteleyn-aurora-predictions/aurora_hres_fp64_test/latent_20220115_1200_encoder_2.pt
      ↑ Uploaded to S3: s3://ekasteleyn-aurora-predictions/aurora_hres_fp64_test/attn_20220115_1200_perceiver_cross_attn.pt
    pred step 2 (+12h) -> aurora_pred_20220115_1200_step02_12h.nc
      ↑ Uploaded to S3: s3://ekasteleyn-aurora-predictions/aurora_hres_fp64_test/aurora_pred_20220115_1200_step01_06h.nc
      ↑ Uploaded to S3: s3://ekasteleyn-aurora-predictions/aurora_hres_fp64_test/attn_20220115_1200_encoder_2_attn.pt
      ↑ Uploaded to S3: s3://ekasteleyn-aurora-predictions/aurora_hres_fp64_test/attn_20220115_1200_encoder_1_attn.pt
    pred step 3 (+18h) -> aurora_pred_20220115_1200_step03_18h.nc
      ↑ Uploaded to S3: s3://ekasteleyn-aurora-predictions/aurora_hres_fp64_test/attn_20220115_1200_encoder_0_attn.pt
    pred step 4 (+24h) -> aurora_pred_20220115_1200_step04_24h.nc
      ↑ Uploaded to S3: s3://ekasteleyn-aurora-predictions/aurora_hres_fp64_test/aurora_pred_20220115_1200_step02_12h.nc
      ↑ Uploaded to S3: s3://ekasteleyn-aurora-predictions/aurora_hres_fp64_test/aurora_pred_20220115_1200_step03_18h.nc
    pred step 5 (+30h) -> aurora_pred_20220115_1200_step05_30h.nc
      ↑ Uploaded to S3: s3://ekasteleyn-aurora-predictions/aurora_hres_fp64_test/aurora_pred_20220115_1200_step04_24h.nc
    pred step 6 (+36h) -> aurora_pred_20220115_1200_step06_36h.nc
      ↑ Uploaded to S3: s3://ekasteleyn-aurora-predictions/aurora_hres_fp64_test/aurora_pred_20220115_1200_step05_30h.nc
    pred step 7 (+42h) -> aurora_pred_20220115_1200_step07_42h.nc
      ↑ Uploaded to S3: s3://ekasteleyn-aurora-predictions/aurora_hres_fp64_test/aurora_pred_20220115_1200_step06_36h.nc
    pred step 8 (+48h) -> aurora_pred_20220115_1200_step08_48h.nc
      ↑ Uploaded to S3: s3://ekasteleyn-aurora-predictions/aurora_hres_fp64_test/aurora_pred_20220115_1200_step07_42h.nc
    pred step 9 (+54h) -> aurora_pred_20220115_1200_step09_54h.nc
      ↑ Uploaded to S3: s3://ekasteleyn-aurora-predictions/aurora_hres_fp64_test/aurora_pred_20220115_1200_step08_48h.nc
    pred step 10 (+60h) -> aurora_pred_20220115_1200_step10_60h.nc
      ↑ Uploaded to S3: s3://ekasteleyn-aurora-predictions/aurora_hres_fp64_test/aurora_pred_20220115_1200_step09_54h.nc
    pred step 11 (+66h) -> aurora_pred_20220115_1200_step11_66h.nc
      ↑ Uploaded to S3: s3://ekasteleyn-aurora-predictions/aurora_hres_fp64_test/aurora_pred_20220115_1200_step10_60h.nc
    pred step 12 (+72h) -> aurora_pred_20220115_1200_step12_72h.nc
      ↑ Uploaded to S3: s3://ekasteleyn-aurora-predictions/aurora_hres_fp64_test/aurora_pred_20220115_1200_step11_66h.nc
    pred step 13 (+78h) -> aurora_pred_20220115_1200_step13_78h.nc
      ↑ Uploaded to S3: s3://ekasteleyn-aurora-predictions/aurora_hres_fp64_test/aurora_pred_20220115_1200_step12_72h.nc
    pred step 14 (+84h) -> aurora_pred_20220115_1200_step14_84h.nc
      ↑ Uploaded to S3: s3://ekasteleyn-aurora-predictions/aurora_hres_fp64_test/aurora_pred_20220115_1200_step13_78h.nc
    pred step 15 (+90h) -> aurora_pred_20220115_1200_step15_90h.nc
      ↑ Uploaded to S3: s3://ekasteleyn-aurora-predictions/aurora_hres_fp64_test/aurora_pred_20220115_1200_step14_84h.nc
    pred step 16 (+96h) -> aurora_pred_20220115_1200_step16_96h.nc
      ↑ Uploaded to S3: s3://ekasteleyn-aurora-predictions/aurora_hres_fp64_test/aurora_pred_20220115_1200_step15_90h.nc
    pred step 17 (+102h) -> aurora_pred_20220115_1200_step17_102h.nc
      ↑ Uploaded to S3: s3://ekasteleyn-aurora-predictions/aurora_hres_fp64_test/aurora_pred_20220115_1200_step16_96h.nc
    pred step 18 (+108h) -> aurora_pred_20220115_1200_step18_108h.nc
      ↑ Uploaded to S3: s3://ekasteleyn-aurora-predictions/aurora_hres_fp64_test/aurora_pred_20220115_1200_step17_102h.nc
    pred step 19 (+114h) -> aurora_pred_20220115_1200_step19_114h.nc
      ↑ Uploaded to S3: s3://ekasteleyn-aurora-predictions/aurora_hres_fp64_test/aurora_pred_20220115_1200_step18_108h.nc
    pred step 20 (+120h) -> aurora_pred_20220115_1200_step20_120h.nc
      ↑ Uploaded to S3: s3://ekasteleyn-aurora-predictions/aurora_hres_fp64_test/aurora_pred_20220115_1200_step19_114h.nc
    pred step 21 (+126h) -> aurora_pred_20220115_1200_step21_126h.nc
      ↑ Uploaded to S3: s3://ekasteleyn-aurora-predictions/aurora_hres_fp64_test/aurora_pred_20220115_1200_step20_120h.nc
    pred step 22 (+132h) -> aurora_pred_20220115_1200_step22_132h.nc
      ↑ Uploaded to S3: s3://ekasteleyn-aurora-predictions/aurora_hres_fp64_test/aurora_pred_20220115_1200_step21_126h.nc
    pred step 23 (+138h) -> aurora_pred_20220115_1200_step23_138h.nc
      ↑ Uploaded to S3: s3://ekasteleyn-aurora-predictions/aurora_hres_fp64_test/aurora_pred_20220115_1200_step22_132h.nc
    pred step 24 (+144h) -> aurora_pred_20220115_1200_step24_144h.nc
      ↑ Uploaded to S3: s3://ekasteleyn-aurora-predictions/aurora_hres_fp64_test/aurora_pred_20220115_1200_step23_138h.nc
    pred step 25 (+150h) -> aurora_pred_20220115_1200_step25_150h.nc
      ↑ Uploaded to S3: s3://ekasteleyn-aurora-predictions/aurora_hres_fp64_test/aurora_pred_20220115_1200_step24_144h.nc
    pred step 26 (+156h) -> aurora_pred_20220115_1200_step26_156h.nc
      ↑ Uploaded to S3: s3://ekasteleyn-aurora-predictions/aurora_hres_fp64_test/aurora_pred_20220115_1200_step25_150h.nc
    pred step 27 (+162h) -> aurora_pred_20220115_1200_step27_162h.nc
      ↑ Uploaded to S3: s3://ekasteleyn-aurora-predictions/aurora_hres_fp64_test/aurora_pred_20220115_1200_step26_156h.nc
    pred step 28 (+168h) -> aurora_pred_20220115_1200_step28_168h.nc
    pred step 29 (+174h) -> aurora_pred_20220115_1200_step29_174h.nc
      ↑ Uploaded to S3: s3://ekasteleyn-aurora-predictions/aurora_hres_fp64_test/aurora_pred_20220115_1200_step27_162h.nc
      ↑ Uploaded to S3: s3://ekasteleyn-aurora-predictions/aurora_hres_fp64_test/aurora_pred_20220115_1200_step28_168h.nc
    pred step 30 (+180h) -> aurora_pred_20220115_1200_step30_180h.nc
      ↑ Uploaded to S3: s3://ekasteleyn-aurora-predictions/aurora_hres_fp64_test/aurora_pred_20220115_1200_step29_174h.nc
    pred step 31 (+186h) -> aurora_pred_20220115_1200_step31_186h.nc
      ↑ Uploaded to S3: s3://ekasteleyn-aurora-predictions/aurora_hres_fp64_test/aurora_pred_20220115_1200_step30_180h.nc
    pred step 32 (+192h) -> aurora_pred_20220115_1200_step32_192h.nc
      ↑ Uploaded to S3: s3://ekasteleyn-aurora-predictions/aurora_hres_fp64_test/aurora_pred_20220115_1200_step31_186h.nc
    pred step 33 (+198h) -> aurora_pred_20220115_1200_step33_198h.nc
      ↑ Uploaded to S3: s3://ekasteleyn-aurora-predictions/aurora_hres_fp64_test/aurora_pred_20220115_1200_step32_192h.nc
    pred step 34 (+204h) -> aurora_pred_20220115_1200_step34_204h.nc
      ↑ Uploaded to S3: s3://ekasteleyn-aurora-predictions/aurora_hres_fp64_test/aurora_pred_20220115_1200_step33_198h.nc
    pred step 35 (+210h) -> aurora_pred_20220115_1200_step35_210h.nc
    pred step 36 (+216h) -> aurora_pred_20220115_1200_step36_216h.nc
      ↑ Uploaded to S3: s3://ekasteleyn-aurora-predictions/aurora_hres_fp64_test/aurora_pred_20220115_1200_step34_204h.nc
      ↑ Uploaded to S3: s3://ekasteleyn-aurora-predictions/aurora_hres_fp64_test/aurora_pred_20220115_1200_step35_210h.nc
    pred step 37 (+222h) -> aurora_pred_20220115_1200_step37_222h.nc
      ↑ Uploaded to S3: s3://ekasteleyn-aurora-predictions/aurora_hres_fp64_test/aurora_pred_20220115_1200_step36_216h.nc
    pred step 38 (+228h) -> aurora_pred_20220115_1200_step38_228h.nc
      ↑ Uploaded to S3: s3://ekasteleyn-aurora-predictions/aurora_hres_fp64_test/aurora_pred_20220115_1200_step37_222h.nc
    pred step 39 (+234h) -> aurora_pred_20220115_1200_step39_234h.nc
      ↑ Uploaded to S3: s3://ekasteleyn-aurora-predictions/aurora_hres_fp64_test/aurora_pred_20220115_1200_step38_228h.nc
    pred step 40 (+240h) -> aurora_pred_20220115_1200_step40_240h.nc
      ↑ Uploaded to S3: s3://ekasteleyn-aurora-predictions/aurora_hres_fp64_test/aurora_pred_20220115_1200_step39_234h.nc
      ↑ Uploaded to S3: s3://ekasteleyn-aurora-predictions/aurora_hres_fp64_test/aurora_pred_20220115_1200_step40_240h.nc
    ✓ Done in 193.0s

  [12:42:57] [3/4] 2022-01-16 init 00:00 UTC [predictions only] | ETA: 6.4 min
    Init time: 2022-01-16 00:00:00
    pred step 1 (+6h) -> aurora_pred_20220116_0000_step01_06h.nc
    pred step 2 (+12h) -> aurora_pred_20220116_0000_step02_12h.nc
      ↑ Uploaded to S3: s3://ekasteleyn-aurora-predictions/aurora_hres_fp64_test/aurora_pred_20220116_0000_step01_06h.nc
    pred step 3 (+18h) -> aurora_pred_20220116_0000_step03_18h.nc
      ↑ Uploaded to S3: s3://ekasteleyn-aurora-predictions/aurora_hres_fp64_test/aurora_pred_20220116_0000_step02_12h.nc
    pred step 4 (+24h) -> aurora_pred_20220116_0000_step04_24h.nc
      ↑ Uploaded to S3: s3://ekasteleyn-aurora-predictions/aurora_hres_fp64_test/aurora_pred_20220116_0000_step03_18h.nc
    pred step 5 (+30h) -> aurora_pred_20220116_0000_step05_30h.nc
      ↑ Uploaded to S3: s3://ekasteleyn-aurora-predictions/aurora_hres_fp64_test/aurora_pred_20220116_0000_step04_24h.nc
    pred step 6 (+36h) -> aurora_pred_20220116_0000_step06_36h.nc
      ↑ Uploaded to S3: s3://ekasteleyn-aurora-predictions/aurora_hres_fp64_test/aurora_pred_20220116_0000_step05_30h.nc
    pred step 7 (+42h) -> aurora_pred_20220116_0000_step07_42h.nc
      ↑ Uploaded to S3: s3://ekasteleyn-aurora-predictions/aurora_hres_fp64_test/aurora_pred_20220116_0000_step06_36h.nc
    pred step 8 (+48h) -> aurora_pred_20220116_0000_step08_48h.nc
      ↑ Uploaded to S3: s3://ekasteleyn-aurora-predictions/aurora_hres_fp64_test/aurora_pred_20220116_0000_step07_42h.nc
    pred step 9 (+54h) -> aurora_pred_20220116_0000_step09_54h.nc
      ↑ Uploaded to S3: s3://ekasteleyn-aurora-predictions/aurora_hres_fp64_test/aurora_pred_20220116_0000_step08_48h.nc
    pred step 10 (+60h) -> aurora_pred_20220116_0000_step10_60h.nc
      ↑ Uploaded to S3: s3://ekasteleyn-aurora-predictions/aurora_hres_fp64_test/aurora_pred_20220116_0000_step09_54h.nc
    pred step 11 (+66h) -> aurora_pred_20220116_0000_step11_66h.nc
      ↑ Uploaded to S3: s3://ekasteleyn-aurora-predictions/aurora_hres_fp64_test/aurora_pred_20220116_0000_step10_60h.nc
    pred step 12 (+72h) -> aurora_pred_20220116_0000_step12_72h.nc
      ↑ Uploaded to S3: s3://ekasteleyn-aurora-predictions/aurora_hres_fp64_test/aurora_pred_20220116_0000_step11_66h.nc
    pred step 13 (+78h) -> aurora_pred_20220116_0000_step13_78h.nc
      ↑ Uploaded to S3: s3://ekasteleyn-aurora-predictions/aurora_hres_fp64_test/aurora_pred_20220116_0000_step12_72h.nc
    pred step 14 (+84h) -> aurora_pred_20220116_0000_step14_84h.nc
      ↑ Uploaded to S3: s3://ekasteleyn-aurora-predictions/aurora_hres_fp64_test/aurora_pred_20220116_0000_step13_78h.nc
    pred step 15 (+90h) -> aurora_pred_20220116_0000_step15_90h.nc
      ↑ Uploaded to S3: s3://ekasteleyn-aurora-predictions/aurora_hres_fp64_test/aurora_pred_20220116_0000_step14_84h.nc
    pred step 16 (+96h) -> aurora_pred_20220116_0000_step16_96h.nc
      ↑ Uploaded to S3: s3://ekasteleyn-aurora-predictions/aurora_hres_fp64_test/aurora_pred_20220116_0000_step15_90h.nc
    pred step 17 (+102h) -> aurora_pred_20220116_0000_step17_102h.nc
      ↑ Uploaded to S3: s3://ekasteleyn-aurora-predictions/aurora_hres_fp64_test/aurora_pred_20220116_0000_step16_96h.nc
    pred step 18 (+108h) -> aurora_pred_20220116_0000_step18_108h.nc
      ↑ Uploaded to S3: s3://ekasteleyn-aurora-predictions/aurora_hres_fp64_test/aurora_pred_20220116_0000_step17_102h.nc
    pred step 19 (+114h) -> aurora_pred_20220116_0000_step19_114h.nc
      ↑ Uploaded to S3: s3://ekasteleyn-aurora-predictions/aurora_hres_fp64_test/aurora_pred_20220116_0000_step18_108h.nc
    pred step 20 (+120h) -> aurora_pred_20220116_0000_step20_120h.nc
      ↑ Uploaded to S3: s3://ekasteleyn-aurora-predictions/aurora_hres_fp64_test/aurora_pred_20220116_0000_step19_114h.nc
    pred step 21 (+126h) -> aurora_pred_20220116_0000_step21_126h.nc
      ↑ Uploaded to S3: s3://ekasteleyn-aurora-predictions/aurora_hres_fp64_test/aurora_pred_20220116_0000_step20_120h.nc
    pred step 22 (+132h) -> aurora_pred_20220116_0000_step22_132h.nc
      ↑ Uploaded to S3: s3://ekasteleyn-aurora-predictions/aurora_hres_fp64_test/aurora_pred_20220116_0000_step21_126h.nc
    pred step 23 (+138h) -> aurora_pred_20220116_0000_step23_138h.nc
      ↑ Uploaded to S3: s3://ekasteleyn-aurora-predictions/aurora_hres_fp64_test/aurora_pred_20220116_0000_step22_132h.nc
    pred step 24 (+144h) -> aurora_pred_20220116_0000_step24_144h.nc
      ↑ Uploaded to S3: s3://ekasteleyn-aurora-predictions/aurora_hres_fp64_test/aurora_pred_20220116_0000_step23_138h.nc
    pred step 25 (+150h) -> aurora_pred_20220116_0000_step25_150h.nc
      ↑ Uploaded to S3: s3://ekasteleyn-aurora-predictions/aurora_hres_fp64_test/aurora_pred_20220116_0000_step24_144h.nc
    pred step 26 (+156h) -> aurora_pred_20220116_0000_step26_156h.nc
      ↑ Uploaded to S3: s3://ekasteleyn-aurora-predictions/aurora_hres_fp64_test/aurora_pred_20220116_0000_step25_150h.nc
    pred step 27 (+162h) -> aurora_pred_20220116_0000_step27_162h.nc
      ↑ Uploaded to S3: s3://ekasteleyn-aurora-predictions/aurora_hres_fp64_test/aurora_pred_20220116_0000_step26_156h.nc
    pred step 28 (+168h) -> aurora_pred_20220116_0000_step28_168h.nc
      ↑ Uploaded to S3: s3://ekasteleyn-aurora-predictions/aurora_hres_fp64_test/aurora_pred_20220116_0000_step27_162h.nc
    pred step 29 (+174h) -> aurora_pred_20220116_0000_step29_174h.nc
      ↑ Uploaded to S3: s3://ekasteleyn-aurora-predictions/aurora_hres_fp64_test/aurora_pred_20220116_0000_step28_168h.nc
    pred step 30 (+180h) -> aurora_pred_20220116_0000_step30_180h.nc
      ↑ Uploaded to S3: s3://ekasteleyn-aurora-predictions/aurora_hres_fp64_test/aurora_pred_20220116_0000_step29_174h.nc
    pred step 31 (+186h) -> aurora_pred_20220116_0000_step31_186h.nc
      ↑ Uploaded to S3: s3://ekasteleyn-aurora-predictions/aurora_hres_fp64_test/aurora_pred_20220116_0000_step30_180h.nc
    pred step 32 (+192h) -> aurora_pred_20220116_0000_step32_192h.nc
      ↑ Uploaded to S3: s3://ekasteleyn-aurora-predictions/aurora_hres_fp64_test/aurora_pred_20220116_0000_step31_186h.nc
    pred step 33 (+198h) -> aurora_pred_20220116_0000_step33_198h.nc
      ↑ Uploaded to S3: s3://ekasteleyn-aurora-predictions/aurora_hres_fp64_test/aurora_pred_20220116_0000_step32_192h.nc
    pred step 34 (+204h) -> aurora_pred_20220116_0000_step34_204h.nc
      ↑ Uploaded to S3: s3://ekasteleyn-aurora-predictions/aurora_hres_fp64_test/aurora_pred_20220116_0000_step33_198h.nc
    pred step 35 (+210h) -> aurora_pred_20220116_0000_step35_210h.nc
      ↑ Uploaded to S3: s3://ekasteleyn-aurora-predictions/aurora_hres_fp64_test/aurora_pred_20220116_0000_step34_204h.nc
    pred step 36 (+216h) -> aurora_pred_20220116_0000_step36_216h.nc
      ↑ Uploaded to S3: s3://ekasteleyn-aurora-predictions/aurora_hres_fp64_test/aurora_pred_20220116_0000_step35_210h.nc
    pred step 37 (+222h) -> aurora_pred_20220116_0000_step37_222h.nc
      ↑ Uploaded to S3: s3://ekasteleyn-aurora-predictions/aurora_hres_fp64_test/aurora_pred_20220116_0000_step36_216h.nc
    pred step 38 (+228h) -> aurora_pred_20220116_0000_step38_228h.nc
      ↑ Uploaded to S3: s3://ekasteleyn-aurora-predictions/aurora_hres_fp64_test/aurora_pred_20220116_0000_step37_222h.nc
    pred step 39 (+234h) -> aurora_pred_20220116_0000_step39_234h.nc
      ↑ Uploaded to S3: s3://ekasteleyn-aurora-predictions/aurora_hres_fp64_test/aurora_pred_20220116_0000_step38_228h.nc
    pred step 40 (+240h) -> aurora_pred_20220116_0000_step40_240h.nc
      ↑ Uploaded to S3: s3://ekasteleyn-aurora-predictions/aurora_hres_fp64_test/aurora_pred_20220116_0000_step39_234h.nc
      ↑ Uploaded to S3: s3://ekasteleyn-aurora-predictions/aurora_hres_fp64_test/aurora_pred_20220116_0000_step40_240h.nc
    ✓ Done in 190.8s

  [12:46:08] [4/4] 2022-01-16 init 12:00 UTC [+latents] | ETA: 3.2 min
    Init time: 2022-01-16 12:00:00
    pred step 1 (+6h) -> aurora_pred_20220116_1200_step01_06h.nc
    perceiver_0: shape=(1, 259200, 512) -> latent_20220116_1200_perceiver_0.pt
    encoder_0: shape=(1, 64800, 1024) -> latent_20220116_1200_encoder_0.pt
    encoder_1: shape=(1, 16200, 2048) -> latent_20220116_1200_encoder_1.pt
    encoder_2: shape=(1, 16200, 2048) -> latent_20220116_1200_encoder_2.pt
    perceiver_cross_attn: shape=(64800, 16, 3, 13) -> attn_20220116_1200_perceiver_cross_attn.pt
    encoder_0_attn: shape=(1800, 8, 144, 144) -> attn_20220116_1200_encoder_0_attn.pt
    encoder_1_attn: shape=(450, 16, 144, 144) -> attn_20220116_1200_encoder_1_attn.pt
    encoder_2_attn: shape=(128, 32, 144, 144) -> attn_20220116_1200_encoder_2_attn.pt
      ↑ Uploaded to S3: s3://ekasteleyn-aurora-predictions/aurora_hres_fp64_test/latent_20220116_1200_encoder_1.pt
      ↑ Uploaded to S3: s3://ekasteleyn-aurora-predictions/aurora_hres_fp64_test/latent_20220116_1200_encoder_0.pt
      ↑ Uploaded to S3: s3://ekasteleyn-aurora-predictions/aurora_hres_fp64_test/attn_20220116_1200_perceiver_cross_attn.pt
      ↑ Uploaded to S3: s3://ekasteleyn-aurora-predictions/aurora_hres_fp64_test/latent_20220116_1200_perceiver_0.pt
      ↑ Uploaded to S3: s3://ekasteleyn-aurora-predictions/aurora_hres_fp64_test/latent_20220116_1200_encoder_2.pt
    pred step 2 (+12h) -> aurora_pred_20220116_1200_step02_12h.nc
      ↑ Uploaded to S3: s3://ekasteleyn-aurora-predictions/aurora_hres_fp64_test/attn_20220116_1200_encoder_1_attn.pt
      ↑ Uploaded to S3: s3://ekasteleyn-aurora-predictions/aurora_hres_fp64_test/attn_20220116_1200_encoder_2_attn.pt
      ↑ Uploaded to S3: s3://ekasteleyn-aurora-predictions/aurora_hres_fp64_test/aurora_pred_20220116_1200_step01_06h.nc
      ↑ Uploaded to S3: s3://ekasteleyn-aurora-predictions/aurora_hres_fp64_test/attn_20220116_1200_encoder_0_attn.pt
    pred step 3 (+18h) -> aurora_pred_20220116_1200_step03_18h.nc
      ↑ Uploaded to S3: s3://ekasteleyn-aurora-predictions/aurora_hres_fp64_test/aurora_pred_20220116_1200_step02_12h.nc
    pred step 4 (+24h) -> aurora_pred_20220116_1200_step04_24h.nc
      ↑ Uploaded to S3: s3://ekasteleyn-aurora-predictions/aurora_hres_fp64_test/aurora_pred_20220116_1200_step03_18h.nc
    pred step 5 (+30h) -> aurora_pred_20220116_1200_step05_30h.nc
      ↑ Uploaded to S3: s3://ekasteleyn-aurora-predictions/aurora_hres_fp64_test/aurora_pred_20220116_1200_step04_24h.nc
    pred step 6 (+36h) -> aurora_pred_20220116_1200_step06_36h.nc
      ↑ Uploaded to S3: s3://ekasteleyn-aurora-predictions/aurora_hres_fp64_test/aurora_pred_20220116_1200_step05_30h.nc
    pred step 7 (+42h) -> aurora_pred_20220116_1200_step07_42h.nc
      ↑ Uploaded to S3: s3://ekasteleyn-aurora-predictions/aurora_hres_fp64_test/aurora_pred_20220116_1200_step06_36h.nc
    pred step 8 (+48h) -> aurora_pred_20220116_1200_step08_48h.nc
      ↑ Uploaded to S3: s3://ekasteleyn-aurora-predictions/aurora_hres_fp64_test/aurora_pred_20220116_1200_step07_42h.nc
    pred step 9 (+54h) -> aurora_pred_20220116_1200_step09_54h.nc
    pred step 10 (+60h) -> aurora_pred_20220116_1200_step10_60h.nc
      ↑ Uploaded to S3: s3://ekasteleyn-aurora-predictions/aurora_hres_fp64_test/aurora_pred_20220116_1200_step08_48h.nc
      ↑ Uploaded to S3: s3://ekasteleyn-aurora-predictions/aurora_hres_fp64_test/aurora_pred_20220116_1200_step09_54h.nc
    pred step 11 (+66h) -> aurora_pred_20220116_1200_step11_66h.nc
      ↑ Uploaded to S3: s3://ekasteleyn-aurora-predictions/aurora_hres_fp64_test/aurora_pred_20220116_1200_step10_60h.nc
    pred step 12 (+72h) -> aurora_pred_20220116_1200_step12_72h.nc
      ↑ Uploaded to S3: s3://ekasteleyn-aurora-predictions/aurora_hres_fp64_test/aurora_pred_20220116_1200_step11_66h.nc
    pred step 13 (+78h) -> aurora_pred_20220116_1200_step13_78h.nc
      ↑ Uploaded to S3: s3://ekasteleyn-aurora-predictions/aurora_hres_fp64_test/aurora_pred_20220116_1200_step12_72h.nc
    pred step 14 (+84h) -> aurora_pred_20220116_1200_step14_84h.nc
      ↑ Uploaded to S3: s3://ekasteleyn-aurora-predictions/aurora_hres_fp64_test/aurora_pred_20220116_1200_step13_78h.nc
    pred step 15 (+90h) -> aurora_pred_20220116_1200_step15_90h.nc
      ↑ Uploaded to S3: s3://ekasteleyn-aurora-predictions/aurora_hres_fp64_test/aurora_pred_20220116_1200_step14_84h.nc
    pred step 16 (+96h) -> aurora_pred_20220116_1200_step16_96h.nc
      ↑ Uploaded to S3: s3://ekasteleyn-aurora-predictions/aurora_hres_fp64_test/aurora_pred_20220116_1200_step15_90h.nc
    pred step 17 (+102h) -> aurora_pred_20220116_1200_step17_102h.nc
      ↑ Uploaded to S3: s3://ekasteleyn-aurora-predictions/aurora_hres_fp64_test/aurora_pred_20220116_1200_step16_96h.nc
      ↑ Uploaded to S3: s3://ekasteleyn-aurora-predictions/aurora_hres_fp64_test/aurora_pred_20220116_1200_step17_102h.nc
    pred step 18 (+108h) -> aurora_pred_20220116_1200_step18_108h.nc
    pred step 19 (+114h) -> aurora_pred_20220116_1200_step19_114h.nc
      ↑ Uploaded to S3: s3://ekasteleyn-aurora-predictions/aurora_hres_fp64_test/aurora_pred_20220116_1200_step18_108h.nc
    pred step 20 (+120h) -> aurora_pred_20220116_1200_step20_120h.nc
      ↑ Uploaded to S3: s3://ekasteleyn-aurora-predictions/aurora_hres_fp64_test/aurora_pred_20220116_1200_step19_114h.nc
    pred step 21 (+126h) -> aurora_pred_20220116_1200_step21_126h.nc
      ↑ Uploaded to S3: s3://ekasteleyn-aurora-predictions/aurora_hres_fp64_test/aurora_pred_20220116_1200_step20_120h.nc
    pred step 22 (+132h) -> aurora_pred_20220116_1200_step22_132h.nc
      ↑ Uploaded to S3: s3://ekasteleyn-aurora-predictions/aurora_hres_fp64_test/aurora_pred_20220116_1200_step21_126h.nc
    pred step 23 (+138h) -> aurora_pred_20220116_1200_step23_138h.nc
      ↑ Uploaded to S3: s3://ekasteleyn-aurora-predictions/aurora_hres_fp64_test/aurora_pred_20220116_1200_step22_132h.nc
    pred step 24 (+144h) -> aurora_pred_20220116_1200_step24_144h.nc
      ↑ Uploaded to S3: s3://ekasteleyn-aurora-predictions/aurora_hres_fp64_test/aurora_pred_20220116_1200_step23_138h.nc
    pred step 25 (+150h) -> aurora_pred_20220116_1200_step25_150h.nc
      ↑ Uploaded to S3: s3://ekasteleyn-aurora-predictions/aurora_hres_fp64_test/aurora_pred_20220116_1200_step24_144h.nc
    pred step 26 (+156h) -> aurora_pred_20220116_1200_step26_156h.nc
      ↑ Uploaded to S3: s3://ekasteleyn-aurora-predictions/aurora_hres_fp64_test/aurora_pred_20220116_1200_step25_150h.nc
    pred step 27 (+162h) -> aurora_pred_20220116_1200_step27_162h.nc
      ↑ Uploaded to S3: s3://ekasteleyn-aurora-predictions/aurora_hres_fp64_test/aurora_pred_20220116_1200_step26_156h.nc
    pred step 28 (+168h) -> aurora_pred_20220116_1200_step28_168h.nc
      ↑ Uploaded to S3: s3://ekasteleyn-aurora-predictions/aurora_hres_fp64_test/aurora_pred_20220116_1200_step27_162h.nc
    pred step 29 (+174h) -> aurora_pred_20220116_1200_step29_174h.nc
      ↑ Uploaded to S3: s3://ekasteleyn-aurora-predictions/aurora_hres_fp64_test/aurora_pred_20220116_1200_step28_168h.nc
    pred step 30 (+180h) -> aurora_pred_20220116_1200_step30_180h.nc
      ↑ Uploaded to S3: s3://ekasteleyn-aurora-predictions/aurora_hres_fp64_test/aurora_pred_20220116_1200_step29_174h.nc
    pred step 31 (+186h) -> aurora_pred_20220116_1200_step31_186h.nc
    pred step 32 (+192h) -> aurora_pred_20220116_1200_step32_192h.nc
      ↑ Uploaded to S3: s3://ekasteleyn-aurora-predictions/aurora_hres_fp64_test/aurora_pred_20220116_1200_step30_180h.nc
      ↑ Uploaded to S3: s3://ekasteleyn-aurora-predictions/aurora_hres_fp64_test/aurora_pred_20220116_1200_step31_186h.nc
    pred step 33 (+198h) -> aurora_pred_20220116_1200_step33_198h.nc
      ↑ Uploaded to S3: s3://ekasteleyn-aurora-predictions/aurora_hres_fp64_test/aurora_pred_20220116_1200_step32_192h.nc
    pred step 34 (+204h) -> aurora_pred_20220116_1200_step34_204h.nc
      ↑ Uploaded to S3: s3://ekasteleyn-aurora-predictions/aurora_hres_fp64_test/aurora_pred_20220116_1200_step33_198h.nc
    pred step 35 (+210h) -> aurora_pred_20220116_1200_step35_210h.nc
      ↑ Uploaded to S3: s3://ekasteleyn-aurora-predictions/aurora_hres_fp64_test/aurora_pred_20220116_1200_step34_204h.nc
    pred step 36 (+216h) -> aurora_pred_20220116_1200_step36_216h.nc
      ↑ Uploaded to S3: s3://ekasteleyn-aurora-predictions/aurora_hres_fp64_test/aurora_pred_20220116_1200_step35_210h.nc
    pred step 37 (+222h) -> aurora_pred_20220116_1200_step37_222h.nc
      ↑ Uploaded to S3: s3://ekasteleyn-aurora-predictions/aurora_hres_fp64_test/aurora_pred_20220116_1200_step36_216h.nc
    pred step 38 (+228h) -> aurora_pred_20220116_1200_step38_228h.nc
      ↑ Uploaded to S3: s3://ekasteleyn-aurora-predictions/aurora_hres_fp64_test/aurora_pred_20220116_1200_step37_222h.nc
    pred step 39 (+234h) -> aurora_pred_20220116_1200_step39_234h.nc
      ↑ Uploaded to S3: s3://ekasteleyn-aurora-predictions/aurora_hres_fp64_test/aurora_pred_20220116_1200_step38_228h.nc
    pred step 40 (+240h) -> aurora_pred_20220116_1200_step40_240h.nc
      ↑ Uploaded to S3: s3://ekasteleyn-aurora-predictions/aurora_hres_fp64_test/aurora_pred_20220116_1200_step39_234h.nc
      ↑ Uploaded to S3: s3://ekasteleyn-aurora-predictions/aurora_hres_fp64_test/aurora_pred_20220116_1200_step40_240h.nc
    ✓ Done in 192.2s

  Waiting for file saves to complete...

======================================================================
  COMPLETE
======================================================================
  Output saved to: /scratch-shared/ekasteleyn/aurora_h100_fp64
  Files: 16 .pt files, 160 .nc files
Done!
Output files:
total 88G
-rw-r-----. 1 ekasteleyn ekasteleyn 570M Mar 25 12:39 attn_20220115_1200_encoder_0_attn.pt
-rw-r-----. 1 ekasteleyn ekasteleyn 285M Mar 25 12:39 attn_20220115_1200_encoder_1_attn.pt
-rw-r-----. 1 ekasteleyn ekasteleyn 163M Mar 25 12:39 attn_20220115_1200_encoder_2_attn.pt
-rw-r-----. 1 ekasteleyn ekasteleyn  78M Mar 25 12:39 attn_20220115_1200_perceiver_cross_attn.pt
-rw-r-----. 1 ekasteleyn ekasteleyn 570M Mar 25 12:46 attn_20220116_1200_encoder_0_attn.pt
-rw-r-----. 1 ekasteleyn ekasteleyn 285M Mar 25 12:46 attn_20220116_1200_encoder_1_attn.pt
-rw-r-----. 1 ekasteleyn ekasteleyn 163M Mar 25 12:46 attn_20220116_1200_encoder_2_attn.pt
-rw-r-----. 1 ekasteleyn ekasteleyn  78M Mar 25 12:46 attn_20220116_1200_perceiver_cross_attn.pt
-rw-r-----. 1 ekasteleyn ekasteleyn 546M Mar 25 12:36 aurora_pred_20220115_0000_step01_06h.nc
-rw-r-----. 1 ekasteleyn ekasteleyn 546M Mar 25 12:36 aurora_pred_20220115_0000_step02_12h.nc
-rw-r-----. 1 ekasteleyn ekasteleyn 546M Mar 25 12:36 aurora_pred_20220115_0000_step03_18h.nc
-rw-r-----. 1 ekasteleyn ekasteleyn 546M Mar 25 12:36 aurora_pred_20220115_0000_step04_24h.nc
-rw-r-----. 1 ekasteleyn ekasteleyn 546M Mar 25 12:36 aurora_pred_20220115_0000_step05_30h.nc
-rw-r-----. 1 ekasteleyn ekasteleyn 546M Mar 25 12:37 aurora_pred_20220115_0000_step06_36h.nc
-rw-r-----. 1 ekasteleyn ekasteleyn 546M Mar 25 12:37 aurora_pred_20220115_0000_step07_42h.nc
-rw-r-----. 1 ekasteleyn ekasteleyn 546M Mar 25 12:37 aurora_pred_20220115_0000_step08_48h.nc
-rw-r-----. 1 ekasteleyn ekasteleyn 546M Mar 25 12:37 aurora_pred_20220115_0000_step09_54h.nc
-rw-r-----. 1 ekasteleyn ekasteleyn 546M Mar 25 12:37 aurora_pred_20220115_0000_step10_60h.nc
-rw-r-----. 1 ekasteleyn ekasteleyn 546M Mar 25 12:37 aurora_pred_20220115_0000_step11_66h.nc
-rw-r-----. 1 ekasteleyn ekasteleyn 546M Mar 25 12:37 aurora_pred_20220115_0000_step12_72h.nc
-rw-r-----. 1 ekasteleyn ekasteleyn 546M Mar 25 12:37 aurora_pred_20220115_0000_step13_78h.nc
-rw-r-----. 1 ekasteleyn ekasteleyn 546M Mar 25 12:37 aurora_pred_20220115_0000_step14_84h.nc
-rw-r-----. 1 ekasteleyn ekasteleyn 546M Mar 25 12:37 aurora_pred_20220115_0000_step15_90h.nc
-rw-r-----. 1 ekasteleyn ekasteleyn 546M Mar 25 12:37 aurora_pred_20220115_0000_step16_96h.nc
-rw-r-----. 1 ekasteleyn ekasteleyn 546M Mar 25 12:37 aurora_pred_20220115_0000_step17_102h.nc
-rw-r-----. 1 ekasteleyn ekasteleyn 546M Mar 25 12:37 aurora_pred_20220115_0000_step18_108h.nc
-rw-r-----. 1 ekasteleyn ekasteleyn 546M Mar 25 12:38 aurora_pred_20220115_0000_step19_114h.nc
-rw-r-----. 1 ekasteleyn ekasteleyn 546M Mar 25 12:38 aurora_pred_20220115_0000_step20_120h.nc
-rw-r-----. 1 ekasteleyn ekasteleyn 546M Mar 25 12:38 aurora_pred_20220115_0000_step21_126h.nc
-rw-r-----. 1 ekasteleyn ekasteleyn 546M Mar 25 12:38 aurora_pred_20220115_0000_step22_132h.nc
-rw-r-----. 1 ekasteleyn ekasteleyn 546M Mar 25 12:38 aurora_pred_20220115_0000_step23_138h.nc
-rw-r-----. 1 ekasteleyn ekasteleyn 546M Mar 25 12:38 aurora_pred_20220115_0000_step24_144h.nc
-rw-r-----. 1 ekasteleyn ekasteleyn 546M Mar 25 12:38 aurora_pred_20220115_0000_step25_150h.nc
-rw-r-----. 1 ekasteleyn ekasteleyn 546M Mar 25 12:38 aurora_pred_20220115_0000_step26_156h.nc
-rw-r-----. 1 ekasteleyn ekasteleyn 546M Mar 25 12:38 aurora_pred_20220115_0000_step27_162h.nc
-rw-r-----. 1 ekasteleyn ekasteleyn 546M Mar 25 12:38 aurora_pred_20220115_0000_step28_168h.nc
-rw-r-----. 1 ekasteleyn ekasteleyn 546M Mar 25 12:38 aurora_pred_20220115_0000_step29_174h.nc
-rw-r-----. 1 ekasteleyn ekasteleyn 546M Mar 25 12:38 aurora_pred_20220115_0000_step30_180h.nc
-rw-r-----. 1 ekasteleyn ekasteleyn 546M Mar 25 12:38 aurora_pred_20220115_0000_step31_186h.nc
-rw-r-----. 1 ekasteleyn ekasteleyn 546M Mar 25 12:39 aurora_pred_20220115_0000_step32_192h.nc
-rw-r-----. 1 ekasteleyn ekasteleyn 546M Mar 25 12:39 aurora_pred_20220115_0000_step33_198h.nc
-rw-r-----. 1 ekasteleyn ekasteleyn 546M Mar 25 12:39 aurora_pred_20220115_0000_step34_204h.nc
-rw-r-----. 1 ekasteleyn ekasteleyn 546M Mar 25 12:39 aurora_pred_20220115_0000_step35_210h.nc
-rw-r-----. 1 ekasteleyn ekasteleyn 546M Mar 25 12:39 aurora_pred_20220115_0000_step36_216h.nc
-rw-r-----. 1 ekasteleyn ekasteleyn 546M Mar 25 12:39 aurora_pred_20220115_0000_step37_222h.nc
-rw-r-----. 1 ekasteleyn ekasteleyn 546M Mar 25 12:39 aurora_pred_20220115_0000_step38_228h.nc
-rw-r-----. 1 ekasteleyn ekasteleyn 546M Mar 25 12:39 aurora_pred_20220115_0000_step39_234h.nc
-rw-r-----. 1 ekasteleyn ekasteleyn 546M Mar 25 12:39 aurora_pred_20220115_0000_step40_240h.nc
-rw-r-----. 1 ekasteleyn ekasteleyn 546M Mar 25 12:39 aurora_pred_20220115_1200_step01_06h.nc
-rw-r-----. 1 ekasteleyn ekasteleyn 546M Mar 25 12:39 aurora_pred_20220115_1200_step02_12h.nc
-rw-r-----. 1 ekasteleyn ekasteleyn 546M Mar 25 12:40 aurora_pred_20220115_1200_step03_18h.nc
-rw-r-----. 1 ekasteleyn ekasteleyn 546M Mar 25 12:40 aurora_pred_20220115_1200_step04_24h.nc
-rw-r-----. 1 ekasteleyn ekasteleyn 546M Mar 25 12:40 aurora_pred_20220115_1200_step05_30h.nc
-rw-r-----. 1 ekasteleyn ekasteleyn 546M Mar 25 12:40 aurora_pred_20220115_1200_step06_36h.nc
-rw-r-----. 1 ekasteleyn ekasteleyn 546M Mar 25 12:40 aurora_pred_20220115_1200_step07_42h.nc
-rw-r-----. 1 ekasteleyn ekasteleyn 546M Mar 25 12:40 aurora_pred_20220115_1200_step08_48h.nc
-rw-r-----. 1 ekasteleyn ekasteleyn 546M Mar 25 12:40 aurora_pred_20220115_1200_step09_54h.nc
-rw-r-----. 1 ekasteleyn ekasteleyn 546M Mar 25 12:40 aurora_pred_20220115_1200_step10_60h.nc
-rw-r-----. 1 ekasteleyn ekasteleyn 546M Mar 25 12:40 aurora_pred_20220115_1200_step11_66h.nc
-rw-r-----. 1 ekasteleyn ekasteleyn 546M Mar 25 12:40 aurora_pred_20220115_1200_step12_72h.nc
-rw-r-----. 1 ekasteleyn ekasteleyn 546M Mar 25 12:40 aurora_pred_20220115_1200_step13_78h.nc
-rw-r-----. 1 ekasteleyn ekasteleyn 546M Mar 25 12:40 aurora_pred_20220115_1200_step14_84h.nc
-rw-r-----. 1 ekasteleyn ekasteleyn 546M Mar 25 12:40 aurora_pred_20220115_1200_step15_90h.nc
-rw-r-----. 1 ekasteleyn ekasteleyn 546M Mar 25 12:41 aurora_pred_20220115_1200_step16_96h.nc
-rw-r-----. 1 ekasteleyn ekasteleyn 546M Mar 25 12:41 aurora_pred_20220115_1200_step17_102h.nc
-rw-r-----. 1 ekasteleyn ekasteleyn 546M Mar 25 12:41 aurora_pred_20220115_1200_step18_108h.nc
-rw-r-----. 1 ekasteleyn ekasteleyn 546M Mar 25 12:41 aurora_pred_20220115_1200_step19_114h.nc
-rw-r-----. 1 ekasteleyn ekasteleyn 546M Mar 25 12:41 aurora_pred_20220115_1200_step20_120h.nc
-rw-r-----. 1 ekasteleyn ekasteleyn 546M Mar 25 12:41 aurora_pred_20220115_1200_step21_126h.nc
-rw-r-----. 1 ekasteleyn ekasteleyn 546M Mar 25 12:41 aurora_pred_20220115_1200_step22_132h.nc
-rw-r-----. 1 ekasteleyn ekasteleyn 546M Mar 25 12:41 aurora_pred_20220115_1200_step23_138h.nc
-rw-r-----. 1 ekasteleyn ekasteleyn 546M Mar 25 12:41 aurora_pred_20220115_1200_step24_144h.nc
-rw-r-----. 1 ekasteleyn ekasteleyn 546M Mar 25 12:41 aurora_pred_20220115_1200_step25_150h.nc
-rw-r-----. 1 ekasteleyn ekasteleyn 546M Mar 25 12:41 aurora_pred_20220115_1200_step26_156h.nc
-rw-r-----. 1 ekasteleyn ekasteleyn 546M Mar 25 12:41 aurora_pred_20220115_1200_step27_162h.nc
-rw-r-----. 1 ekasteleyn ekasteleyn 546M Mar 25 12:41 aurora_pred_20220115_1200_step28_168h.nc
-rw-r-----. 1 ekasteleyn ekasteleyn 546M Mar 25 12:42 aurora_pred_20220115_1200_step29_174h.nc
-rw-r-----. 1 ekasteleyn ekasteleyn 546M Mar 25 12:42 aurora_pred_20220115_1200_step30_180h.nc
-rw-r-----. 1 ekasteleyn ekasteleyn 546M Mar 25 12:42 aurora_pred_20220115_1200_step31_186h.nc
-rw-r-----. 1 ekasteleyn ekasteleyn 546M Mar 25 12:42 aurora_pred_20220115_1200_step32_192h.nc
-rw-r-----. 1 ekasteleyn ekasteleyn 546M Mar 25 12:42 aurora_pred_20220115_1200_step33_198h.nc
-rw-r-----. 1 ekasteleyn ekasteleyn 546M Mar 25 12:42 aurora_pred_20220115_1200_step34_204h.nc
-rw-r-----. 1 ekasteleyn ekasteleyn 546M Mar 25 12:42 aurora_pred_20220115_1200_step35_210h.nc
-rw-r-----. 1 ekasteleyn ekasteleyn 546M Mar 25 12:42 aurora_pred_20220115_1200_step36_216h.nc
-rw-r-----. 1 ekasteleyn ekasteleyn 546M Mar 25 12:42 aurora_pred_20220115_1200_step37_222h.nc
-rw-r-----. 1 ekasteleyn ekasteleyn 546M Mar 25 12:42 aurora_pred_20220115_1200_step38_228h.nc
-rw-r-----. 1 ekasteleyn ekasteleyn 546M Mar 25 12:42 aurora_pred_20220115_1200_step39_234h.nc
-rw-r-----. 1 ekasteleyn ekasteleyn 546M Mar 25 12:42 aurora_pred_20220115_1200_step40_240h.nc
-rw-r-----. 1 ekasteleyn ekasteleyn 546M Mar 25 12:43 aurora_pred_20220116_0000_step01_06h.nc
-rw-r-----. 1 ekasteleyn ekasteleyn 546M Mar 25 12:43 aurora_pred_20220116_0000_step02_12h.nc
-rw-r-----. 1 ekasteleyn ekasteleyn 546M Mar 25 12:43 aurora_pred_20220116_0000_step03_18h.nc
-rw-r-----. 1 ekasteleyn ekasteleyn 546M Mar 25 12:43 aurora_pred_20220116_0000_step04_24h.nc
-rw-r-----. 1 ekasteleyn ekasteleyn 546M Mar 25 12:43 aurora_pred_20220116_0000_step05_30h.nc
-rw-r-----. 1 ekasteleyn ekasteleyn 546M Mar 25 12:43 aurora_pred_20220116_0000_step06_36h.nc
-rw-r-----. 1 ekasteleyn ekasteleyn 546M Mar 25 12:43 aurora_pred_20220116_0000_step07_42h.nc
-rw-r-----. 1 ekasteleyn ekasteleyn 546M Mar 25 12:43 aurora_pred_20220116_0000_step08_48h.nc
-rw-r-----. 1 ekasteleyn ekasteleyn 546M Mar 25 12:43 aurora_pred_20220116_0000_step09_54h.nc
-rw-r-----. 1 ekasteleyn ekasteleyn 546M Mar 25 12:43 aurora_pred_20220116_0000_step10_60h.nc
-rw-r-----. 1 ekasteleyn ekasteleyn 546M Mar 25 12:43 aurora_pred_20220116_0000_step11_66h.nc
-rw-r-----. 1 ekasteleyn ekasteleyn 546M Mar 25 12:43 aurora_pred_20220116_0000_step12_72h.nc
-rw-r-----. 1 ekasteleyn ekasteleyn 546M Mar 25 12:43 aurora_pred_20220116_0000_step13_78h.nc
-rw-r-----. 1 ekasteleyn ekasteleyn 546M Mar 25 12:44 aurora_pred_20220116_0000_step14_84h.nc
-rw-r-----. 1 ekasteleyn ekasteleyn 546M Mar 25 12:44 aurora_pred_20220116_0000_step15_90h.nc
-rw-r-----. 1 ekasteleyn ekasteleyn 546M Mar 25 12:44 aurora_pred_20220116_0000_step16_96h.nc
-rw-r-----. 1 ekasteleyn ekasteleyn 546M Mar 25 12:44 aurora_pred_20220116_0000_step17_102h.nc
-rw-r-----. 1 ekasteleyn ekasteleyn 546M Mar 25 12:44 aurora_pred_20220116_0000_step18_108h.nc
-rw-r-----. 1 ekasteleyn ekasteleyn 546M Mar 25 12:44 aurora_pred_20220116_0000_step19_114h.nc
-rw-r-----. 1 ekasteleyn ekasteleyn 546M Mar 25 12:44 aurora_pred_20220116_0000_step20_120h.nc
-rw-r-----. 1 ekasteleyn ekasteleyn 546M Mar 25 12:44 aurora_pred_20220116_0000_step21_126h.nc
-rw-r-----. 1 ekasteleyn ekasteleyn 546M Mar 25 12:44 aurora_pred_20220116_0000_step22_132h.nc
-rw-r-----. 1 ekasteleyn ekasteleyn 546M Mar 25 12:44 aurora_pred_20220116_0000_step23_138h.nc
-rw-r-----. 1 ekasteleyn ekasteleyn 546M Mar 25 12:44 aurora_pred_20220116_0000_step24_144h.nc
-rw-r-----. 1 ekasteleyn ekasteleyn 546M Mar 25 12:44 aurora_pred_20220116_0000_step25_150h.nc
-rw-r-----. 1 ekasteleyn ekasteleyn 546M Mar 25 12:45 aurora_pred_20220116_0000_step26_156h.nc
-rw-r-----. 1 ekasteleyn ekasteleyn 546M Mar 25 12:45 aurora_pred_20220116_0000_step27_162h.nc
-rw-r-----. 1 ekasteleyn ekasteleyn 546M Mar 25 12:45 aurora_pred_20220116_0000_step28_168h.nc
-rw-r-----. 1 ekasteleyn ekasteleyn 546M Mar 25 12:45 aurora_pred_20220116_0000_step29_174h.nc
-rw-r-----. 1 ekasteleyn ekasteleyn 546M Mar 25 12:45 aurora_pred_20220116_0000_step30_180h.nc
-rw-r-----. 1 ekasteleyn ekasteleyn 546M Mar 25 12:45 aurora_pred_20220116_0000_step31_186h.nc
-rw-r-----. 1 ekasteleyn ekasteleyn 546M Mar 25 12:45 aurora_pred_20220116_0000_step32_192h.nc
-rw-r-----. 1 ekasteleyn ekasteleyn 546M Mar 25 12:45 aurora_pred_20220116_0000_step33_198h.nc
-rw-r-----. 1 ekasteleyn ekasteleyn 546M Mar 25 12:45 aurora_pred_20220116_0000_step34_204h.nc
-rw-r-----. 1 ekasteleyn ekasteleyn 546M Mar 25 12:45 aurora_pred_20220116_0000_step35_210h.nc
-rw-r-----. 1 ekasteleyn ekasteleyn 546M Mar 25 12:45 aurora_pred_20220116_0000_step36_216h.nc
-rw-r-----. 1 ekasteleyn ekasteleyn 546M Mar 25 12:45 aurora_pred_20220116_0000_step37_222h.nc
-rw-r-----. 1 ekasteleyn ekasteleyn 546M Mar 25 12:45 aurora_pred_20220116_0000_step38_228h.nc
-rw-r-----. 1 ekasteleyn ekasteleyn 546M Mar 25 12:45 aurora_pred_20220116_0000_step39_234h.nc
-rw-r-----. 1 ekasteleyn ekasteleyn 546M Mar 25 12:46 aurora_pred_20220116_0000_step40_240h.nc
-rw-r-----. 1 ekasteleyn ekasteleyn 546M Mar 25 12:46 aurora_pred_20220116_1200_step01_06h.nc
-rw-r-----. 1 ekasteleyn ekasteleyn 546M Mar 25 12:46 aurora_pred_20220116_1200_step02_12h.nc
-rw-r-----. 1 ekasteleyn ekasteleyn 546M Mar 25 12:46 aurora_pred_20220116_1200_step03_18h.nc
-rw-r-----. 1 ekasteleyn ekasteleyn 546M Mar 25 12:46 aurora_pred_20220116_1200_step04_24h.nc
-rw-r-----. 1 ekasteleyn ekasteleyn 546M Mar 25 12:46 aurora_pred_20220116_1200_step05_30h.nc
-rw-r-----. 1 ekasteleyn ekasteleyn 546M Mar 25 12:46 aurora_pred_20220116_1200_step06_36h.nc
-rw-r-----. 1 ekasteleyn ekasteleyn 546M Mar 25 12:46 aurora_pred_20220116_1200_step07_42h.nc
-rw-r-----. 1 ekasteleyn ekasteleyn 546M Mar 25 12:46 aurora_pred_20220116_1200_step08_48h.nc
-rw-r-----. 1 ekasteleyn ekasteleyn 546M Mar 25 12:46 aurora_pred_20220116_1200_step09_54h.nc
-rw-r-----. 1 ekasteleyn ekasteleyn 546M Mar 25 12:46 aurora_pred_20220116_1200_step10_60h.nc
-rw-r-----. 1 ekasteleyn ekasteleyn 546M Mar 25 12:47 aurora_pred_20220116_1200_step11_66h.nc
-rw-r-----. 1 ekasteleyn ekasteleyn 546M Mar 25 12:47 aurora_pred_20220116_1200_step12_72h.nc
-rw-r-----. 1 ekasteleyn ekasteleyn 546M Mar 25 12:47 aurora_pred_20220116_1200_step13_78h.nc
-rw-r-----. 1 ekasteleyn ekasteleyn 546M Mar 25 12:47 aurora_pred_20220116_1200_step14_84h.nc
-rw-r-----. 1 ekasteleyn ekasteleyn 546M Mar 25 12:47 aurora_pred_20220116_1200_step15_90h.nc
-rw-r-----. 1 ekasteleyn ekasteleyn 546M Mar 25 12:47 aurora_pred_20220116_1200_step16_96h.nc
-rw-r-----. 1 ekasteleyn ekasteleyn 546M Mar 25 12:47 aurora_pred_20220116_1200_step17_102h.nc
-rw-r-----. 1 ekasteleyn ekasteleyn 546M Mar 25 12:47 aurora_pred_20220116_1200_step18_108h.nc
-rw-r-----. 1 ekasteleyn ekasteleyn 546M Mar 25 12:47 aurora_pred_20220116_1200_step19_114h.nc
-rw-r-----. 1 ekasteleyn ekasteleyn 546M Mar 25 12:47 aurora_pred_20220116_1200_step20_120h.nc
-rw-r-----. 1 ekasteleyn ekasteleyn 546M Mar 25 12:47 aurora_pred_20220116_1200_step21_126h.nc
-rw-r-----. 1 ekasteleyn ekasteleyn 546M Mar 25 12:47 aurora_pred_20220116_1200_step22_132h.nc
-rw-r-----. 1 ekasteleyn ekasteleyn 546M Mar 25 12:47 aurora_pred_20220116_1200_step23_138h.nc
-rw-r-----. 1 ekasteleyn ekasteleyn 546M Mar 25 12:48 aurora_pred_20220116_1200_step24_144h.nc
-rw-r-----. 1 ekasteleyn ekasteleyn 546M Mar 25 12:48 aurora_pred_20220116_1200_step25_150h.nc
-rw-r-----. 1 ekasteleyn ekasteleyn 546M Mar 25 12:48 aurora_pred_20220116_1200_step26_156h.nc
-rw-r-----. 1 ekasteleyn ekasteleyn 546M Mar 25 12:48 aurora_pred_20220116_1200_step27_162h.nc
-rw-r-----. 1 ekasteleyn ekasteleyn 546M Mar 25 12:48 aurora_pred_20220116_1200_step28_168h.nc
-rw-r-----. 1 ekasteleyn ekasteleyn 546M Mar 25 12:48 aurora_pred_20220116_1200_step29_174h.nc
-rw-r-----. 1 ekasteleyn ekasteleyn 546M Mar 25 12:48 aurora_pred_20220116_1200_step30_180h.nc
-rw-r-----. 1 ekasteleyn ekasteleyn 546M Mar 25 12:48 aurora_pred_20220116_1200_step31_186h.nc
-rw-r-----. 1 ekasteleyn ekasteleyn 546M Mar 25 12:48 aurora_pred_20220116_1200_step32_192h.nc
-rw-r-----. 1 ekasteleyn ekasteleyn 546M Mar 25 12:48 aurora_pred_20220116_1200_step33_198h.nc
-rw-r-----. 1 ekasteleyn ekasteleyn 546M Mar 25 12:48 aurora_pred_20220116_1200_step34_204h.nc
-rw-r-----. 1 ekasteleyn ekasteleyn 546M Mar 25 12:48 aurora_pred_20220116_1200_step35_210h.nc
-rw-r-----. 1 ekasteleyn ekasteleyn 546M Mar 25 12:48 aurora_pred_20220116_1200_step36_216h.nc
-rw-r-----. 1 ekasteleyn ekasteleyn 546M Mar 25 12:49 aurora_pred_20220116_1200_step37_222h.nc
-rw-r-----. 1 ekasteleyn ekasteleyn 546M Mar 25 12:49 aurora_pred_20220116_1200_step38_228h.nc
-rw-r-----. 1 ekasteleyn ekasteleyn 546M Mar 25 12:49 aurora_pred_20220116_1200_step39_234h.nc
-rw-r-----. 1 ekasteleyn ekasteleyn 546M Mar 25 12:49 aurora_pred_20220116_1200_step40_240h.nc
-rw-r-----. 1 ekasteleyn ekasteleyn  58K Mar 25 10:28 comparison_results.csv
-rw-r-----. 1 ekasteleyn ekasteleyn 127M Mar 25 12:39 latent_20220115_1200_encoder_0.pt
-rw-r-----. 1 ekasteleyn ekasteleyn  64M Mar 25 12:39 latent_20220115_1200_encoder_1.pt
-rw-r-----. 1 ekasteleyn ekasteleyn  64M Mar 25 12:39 latent_20220115_1200_encoder_2.pt
-rw-r-----. 1 ekasteleyn ekasteleyn 254M Mar 25 12:39 latent_20220115_1200_perceiver_0.pt
-rw-r-----. 1 ekasteleyn ekasteleyn 127M Mar 25 12:46 latent_20220116_1200_encoder_0.pt
-rw-r-----. 1 ekasteleyn ekasteleyn  64M Mar 25 12:46 latent_20220116_1200_encoder_1.pt
-rw-r-----. 1 ekasteleyn ekasteleyn  64M Mar 25 12:46 latent_20220116_1200_encoder_2.pt
-rw-r-----. 1 ekasteleyn ekasteleyn 254M Mar 25 12:46 latent_20220116_1200_perceiver_0.pt
