Starting H100 FP64 precision test...
Node: gcn120.local.snellius.surf.nl
GPU:
NVIDIA H100, 95830 MiB
Output directory: /scratch-shared/ekasteleyn/aurora_h100_fp64
/var/spool/slurm/slurmd/job21113732/slurm_script: line 30: 2957162 Segmentation fault      /home/ekasteleyn/aurora_thesis/aurora_env/bin/python /home/ekasteleyn/aurora_thesis/thesis/scripts/steering/extract_latents_hres.py --dates "2022-01-15" "2022-01-16" --init-hours 0 12 --num-steps 40 --fp64 --save-predictions --output-dir "$OUTPUT_DIR"
Done!
Output files:
total 43G
-rw-r-----. 1 ekasteleyn ekasteleyn 570M Mar 25 09:45 attn_20220115_1200_encoder_0_attn.pt
-rw-r-----. 1 ekasteleyn ekasteleyn 285M Mar 25 09:45 attn_20220115_1200_encoder_1_attn.pt
-rw-r-----. 1 ekasteleyn ekasteleyn 163M Mar 25 09:45 attn_20220115_1200_encoder_2_attn.pt
-rw-r-----. 1 ekasteleyn ekasteleyn  78M Mar 25 09:45 attn_20220115_1200_perceiver_cross_attn.pt
-rw-r-----. 1 ekasteleyn ekasteleyn 546M Mar 25 09:42 aurora_pred_20220115_0000_step01_06h.nc
-rw-r-----. 1 ekasteleyn ekasteleyn 546M Mar 25 09:42 aurora_pred_20220115_0000_step02_12h.nc
-rw-r-----. 1 ekasteleyn ekasteleyn 546M Mar 25 09:42 aurora_pred_20220115_0000_step03_18h.nc
-rw-r-----. 1 ekasteleyn ekasteleyn 546M Mar 25 09:42 aurora_pred_20220115_0000_step04_24h.nc
-rw-r-----. 1 ekasteleyn ekasteleyn 546M Mar 25 09:42 aurora_pred_20220115_0000_step05_30h.nc
-rw-r-----. 1 ekasteleyn ekasteleyn 546M Mar 25 09:42 aurora_pred_20220115_0000_step06_36h.nc
-rw-r-----. 1 ekasteleyn ekasteleyn 546M Mar 25 09:42 aurora_pred_20220115_0000_step07_42h.nc
-rw-r-----. 1 ekasteleyn ekasteleyn 546M Mar 25 09:42 aurora_pred_20220115_0000_step08_48h.nc
-rw-r-----. 1 ekasteleyn ekasteleyn 546M Mar 25 09:42 aurora_pred_20220115_0000_step09_54h.nc
-rw-r-----. 1 ekasteleyn ekasteleyn 546M Mar 25 09:42 aurora_pred_20220115_0000_step10_60h.nc
-rw-r-----. 1 ekasteleyn ekasteleyn 546M Mar 25 09:42 aurora_pred_20220115_0000_step11_66h.nc
-rw-r-----. 1 ekasteleyn ekasteleyn 546M Mar 25 09:42 aurora_pred_20220115_0000_step12_72h.nc
-rw-r-----. 1 ekasteleyn ekasteleyn 546M Mar 25 09:42 aurora_pred_20220115_0000_step13_78h.nc
-rw-r-----. 1 ekasteleyn ekasteleyn 546M Mar 25 09:43 aurora_pred_20220115_0000_step14_84h.nc
-rw-r-----. 1 ekasteleyn ekasteleyn 546M Mar 25 09:43 aurora_pred_20220115_0000_step15_90h.nc
-rw-r-----. 1 ekasteleyn ekasteleyn 546M Mar 25 09:43 aurora_pred_20220115_0000_step16_96h.nc
-rw-r-----. 1 ekasteleyn ekasteleyn 546M Mar 25 09:43 aurora_pred_20220115_0000_step17_102h.nc
-rw-r-----. 1 ekasteleyn ekasteleyn 546M Mar 25 09:43 aurora_pred_20220115_0000_step18_108h.nc
-rw-r-----. 1 ekasteleyn ekasteleyn 546M Mar 25 09:43 aurora_pred_20220115_0000_step19_114h.nc
-rw-r-----. 1 ekasteleyn ekasteleyn 546M Mar 25 09:43 aurora_pred_20220115_0000_step20_120h.nc
-rw-r-----. 1 ekasteleyn ekasteleyn 546M Mar 25 09:43 aurora_pred_20220115_0000_step21_126h.nc
-rw-r-----. 1 ekasteleyn ekasteleyn 546M Mar 25 09:43 aurora_pred_20220115_0000_step22_132h.nc
-rw-r-----. 1 ekasteleyn ekasteleyn 546M Mar 25 09:43 aurora_pred_20220115_0000_step23_138h.nc
-rw-r-----. 1 ekasteleyn ekasteleyn 546M Mar 25 09:43 aurora_pred_20220115_0000_step24_144h.nc
-rw-r-----. 1 ekasteleyn ekasteleyn 546M Mar 25 09:43 aurora_pred_20220115_0000_step25_150h.nc
-rw-r-----. 1 ekasteleyn ekasteleyn 546M Mar 25 09:43 aurora_pred_20220115_0000_step26_156h.nc
-rw-r-----. 1 ekasteleyn ekasteleyn 546M Mar 25 09:44 aurora_pred_20220115_0000_step27_162h.nc
-rw-r-----. 1 ekasteleyn ekasteleyn 546M Mar 25 09:44 aurora_pred_20220115_0000_step28_168h.nc
-rw-r-----. 1 ekasteleyn ekasteleyn 546M Mar 25 09:44 aurora_pred_20220115_0000_step29_174h.nc
-rw-r-----. 1 ekasteleyn ekasteleyn 546M Mar 25 09:44 aurora_pred_20220115_0000_step30_180h.nc
-rw-r-----. 1 ekasteleyn ekasteleyn 546M Mar 25 09:44 aurora_pred_20220115_0000_step31_186h.nc
-rw-r-----. 1 ekasteleyn ekasteleyn 546M Mar 25 09:44 aurora_pred_20220115_0000_step32_192h.nc
-rw-r-----. 1 ekasteleyn ekasteleyn 546M Mar 25 09:44 aurora_pred_20220115_0000_step33_198h.nc
-rw-r-----. 1 ekasteleyn ekasteleyn 546M Mar 25 09:44 aurora_pred_20220115_0000_step34_204h.nc
-rw-r-----. 1 ekasteleyn ekasteleyn 546M Mar 25 09:44 aurora_pred_20220115_0000_step35_210h.nc
-rw-r-----. 1 ekasteleyn ekasteleyn 546M Mar 25 09:44 aurora_pred_20220115_0000_step36_216h.nc
-rw-r-----. 1 ekasteleyn ekasteleyn 546M Mar 25 09:44 aurora_pred_20220115_0000_step37_222h.nc
-rw-r-----. 1 ekasteleyn ekasteleyn 546M Mar 25 09:44 aurora_pred_20220115_0000_step38_228h.nc
-rw-r-----. 1 ekasteleyn ekasteleyn 546M Mar 25 09:44 aurora_pred_20220115_0000_step39_234h.nc
-rw-r-----. 1 ekasteleyn ekasteleyn 546M Mar 25 09:45 aurora_pred_20220115_0000_step40_240h.nc
-rw-r-----. 1 ekasteleyn ekasteleyn 546M Mar 25 09:45 aurora_pred_20220115_1200_step01_06h.nc
-rw-r-----. 1 ekasteleyn ekasteleyn 546M Mar 25 09:45 aurora_pred_20220115_1200_step02_12h.nc
-rw-r-----. 1 ekasteleyn ekasteleyn 546M Mar 25 09:45 aurora_pred_20220115_1200_step03_18h.nc
-rw-r-----. 1 ekasteleyn ekasteleyn 546M Mar 25 09:45 aurora_pred_20220115_1200_step04_24h.nc
-rw-r-----. 1 ekasteleyn ekasteleyn 546M Mar 25 09:45 aurora_pred_20220115_1200_step05_30h.nc
-rw-r-----. 1 ekasteleyn ekasteleyn 546M Mar 25 09:45 aurora_pred_20220115_1200_step06_36h.nc
-rw-r-----. 1 ekasteleyn ekasteleyn 546M Mar 25 09:45 aurora_pred_20220115_1200_step07_42h.nc
-rw-r-----. 1 ekasteleyn ekasteleyn 546M Mar 25 09:45 aurora_pred_20220115_1200_step08_48h.nc
-rw-r-----. 1 ekasteleyn ekasteleyn 546M Mar 25 09:45 aurora_pred_20220115_1200_step09_54h.nc
-rw-r-----. 1 ekasteleyn ekasteleyn 546M Mar 25 09:45 aurora_pred_20220115_1200_step10_60h.nc
-rw-r-----. 1 ekasteleyn ekasteleyn 546M Mar 25 09:45 aurora_pred_20220115_1200_step11_66h.nc
-rw-r-----. 1 ekasteleyn ekasteleyn 546M Mar 25 09:46 aurora_pred_20220115_1200_step12_72h.nc
-rw-r-----. 1 ekasteleyn ekasteleyn 546M Mar 25 09:46 aurora_pred_20220115_1200_step13_78h.nc
-rw-r-----. 1 ekasteleyn ekasteleyn 546M Mar 25 09:46 aurora_pred_20220115_1200_step14_84h.nc
-rw-r-----. 1 ekasteleyn ekasteleyn 546M Mar 25 09:46 aurora_pred_20220115_1200_step15_90h.nc
-rw-r-----. 1 ekasteleyn ekasteleyn 546M Mar 25 09:46 aurora_pred_20220115_1200_step16_96h.nc
-rw-r-----. 1 ekasteleyn ekasteleyn 546M Mar 25 09:46 aurora_pred_20220115_1200_step17_102h.nc
-rw-r-----. 1 ekasteleyn ekasteleyn 546M Mar 25 09:46 aurora_pred_20220115_1200_step18_108h.nc
-rw-r-----. 1 ekasteleyn ekasteleyn 546M Mar 25 09:46 aurora_pred_20220115_1200_step19_114h.nc
-rw-r-----. 1 ekasteleyn ekasteleyn 546M Mar 25 09:46 aurora_pred_20220115_1200_step20_120h.nc
-rw-r-----. 1 ekasteleyn ekasteleyn 546M Mar 25 09:46 aurora_pred_20220115_1200_step21_126h.nc
-rw-r-----. 1 ekasteleyn ekasteleyn 546M Mar 25 09:46 aurora_pred_20220115_1200_step22_132h.nc
-rw-r-----. 1 ekasteleyn ekasteleyn 546M Mar 25 09:46 aurora_pred_20220115_1200_step23_138h.nc
-rw-r-----. 1 ekasteleyn ekasteleyn 546M Mar 25 09:46 aurora_pred_20220115_1200_step24_144h.nc
-rw-r-----. 1 ekasteleyn ekasteleyn 546M Mar 25 09:47 aurora_pred_20220115_1200_step25_150h.nc
-rw-r-----. 1 ekasteleyn ekasteleyn 546M Mar 25 09:47 aurora_pred_20220115_1200_step26_156h.nc
-rw-r-----. 1 ekasteleyn ekasteleyn 546M Mar 25 09:47 aurora_pred_20220115_1200_step27_162h.nc
-rw-r-----. 1 ekasteleyn ekasteleyn 546M Mar 25 09:47 aurora_pred_20220115_1200_step28_168h.nc
-rw-r-----. 1 ekasteleyn ekasteleyn 546M Mar 25 09:47 aurora_pred_20220115_1200_step29_174h.nc
-rw-r-----. 1 ekasteleyn ekasteleyn 546M Mar 25 09:47 aurora_pred_20220115_1200_step30_180h.nc
-rw-r-----. 1 ekasteleyn ekasteleyn 546M Mar 25 09:47 aurora_pred_20220115_1200_step31_186h.nc
-rw-r-----. 1 ekasteleyn ekasteleyn 546M Mar 25 09:47 aurora_pred_20220115_1200_step32_192h.nc
-rw-r-----. 1 ekasteleyn ekasteleyn 546M Mar 25 09:47 aurora_pred_20220115_1200_step33_198h.nc
-rw-r-----. 1 ekasteleyn ekasteleyn 546M Mar 25 09:47 aurora_pred_20220115_1200_step34_204h.nc
-rw-r-----. 1 ekasteleyn ekasteleyn 546M Mar 25 09:47 aurora_pred_20220115_1200_step35_210h.nc
-rw-r-----. 1 ekasteleyn ekasteleyn 546M Mar 25 09:47 aurora_pred_20220115_1200_step36_216h.nc
-rw-r-----. 1 ekasteleyn ekasteleyn 546M Mar 25 09:47 aurora_pred_20220115_1200_step37_222h.nc
-rw-r-----. 1 ekasteleyn ekasteleyn 546M Mar 25 09:48 aurora_pred_20220115_1200_step38_228h.nc
-rw-r-----. 1 ekasteleyn ekasteleyn  24M Mar 25 09:48 aurora_pred_20220115_1200_step39_234h.nc
-rw-r-----. 1 ekasteleyn ekasteleyn 127M Mar 25 09:45 latent_20220115_1200_encoder_0.pt
-rw-r-----. 1 ekasteleyn ekasteleyn  64M Mar 25 09:45 latent_20220115_1200_encoder_1.pt
-rw-r-----. 1 ekasteleyn ekasteleyn  64M Mar 25 09:45 latent_20220115_1200_encoder_2.pt
-rw-r-----. 1 ekasteleyn ekasteleyn 254M Mar 25 09:45 latent_20220115_1200_perceiver_0.pt
