========================================
  AURORA LATENT EXTRACTION - HRES T0
========================================
Job ID:       21091045
Date:         Tue Mar 24 09:26:35 CET 2026
Hostname:     gcn59.local.snellius.surf.nl
GPU:          0
========================================
Python: /home/ekasteleyn/aurora_thesis/aurora_env/bin/python
Python 3.11.3
  ✓ S3 Client initialized securely via .env
======================================================================
  AURORA LATENT EXTRACTION - IFS HRES T0
======================================================================
  Dates: 3 dates
  Rollout steps: 1
  Device: cuda
  Output: /scratch-node/ekasteleyn.21091045/aurora_hres_latents
  Cache: /home/ekasteleyn/downloads/hres_t0
  Target layers: [('perceiver', 0), ('encoder', 0), ('encoder', 1), ('encoder', 2)]
======================================================================

[1/4] Downloading static variables...

[2/4] Downloading HRES T0 data...
  2022-01-15
  2022-05-15
  2022-09-15

[3/4] Loading Aurora 0.25° Fine-Tuned model...
  ✓ Model loaded
  ✓ Hooks registered for 4 layers

[4/4] Extracting latents for 3 dates...

  [1/3] 2022-01-15
    Init time: 2022-01-15 12:00:00
    perceiver_0: shape=(1, 259200, 512) -> latent_2022-01-15_perceiver_0.pt
      ↑ Uploaded to S3: s3://ekasteleyn-aurora-predictions/aurora_hres_validation/latent_2022-01-15_perceiver_0.pt
    encoder_0: shape=(1, 64800, 1024) -> latent_2022-01-15_encoder_0.pt
      ↑ Uploaded to S3: s3://ekasteleyn-aurora-predictions/aurora_hres_validation/latent_2022-01-15_encoder_0.pt
    encoder_1: shape=(1, 16200, 2048) -> latent_2022-01-15_encoder_1.pt
      ↑ Uploaded to S3: s3://ekasteleyn-aurora-predictions/aurora_hres_validation/latent_2022-01-15_encoder_1.pt
    encoder_2: shape=(1, 16200, 2048) -> latent_2022-01-15_encoder_2.pt
      ↑ Uploaded to S3: s3://ekasteleyn-aurora-predictions/aurora_hres_validation/latent_2022-01-15_encoder_2.pt
    perceiver_cross_attn: shape=(64800, 16, 3, 13) -> attn_2022-01-15_perceiver_cross_attn.pt
      ↑ Uploaded to S3: s3://ekasteleyn-aurora-predictions/aurora_hres_validation/attn_2022-01-15_perceiver_cross_attn.pt
    encoder_0_attn: shape=(1800, 8, 144, 144) -> attn_2022-01-15_encoder_0_attn.pt
      ↑ Uploaded to S3: s3://ekasteleyn-aurora-predictions/aurora_hres_validation/attn_2022-01-15_encoder_0_attn.pt
    encoder_1_attn: shape=(450, 16, 144, 144) -> attn_2022-01-15_encoder_1_attn.pt
      ↑ Uploaded to S3: s3://ekasteleyn-aurora-predictions/aurora_hres_validation/attn_2022-01-15_encoder_1_attn.pt
    encoder_2_attn: shape=(128, 32, 144, 144) -> attn_2022-01-15_encoder_2_attn.pt
      ↑ Uploaded to S3: s3://ekasteleyn-aurora-predictions/aurora_hres_validation/attn_2022-01-15_encoder_2_attn.pt
    pred step 1 -> pred_2022-01-15_step01.pt
      ↑ Uploaded to S3: s3://ekasteleyn-aurora-predictions/aurora_hres_validation/pred_2022-01-15_step01.pt

  [2/3] 2022-05-15
    Init time: 2022-05-15 12:00:00
    perceiver_0: shape=(1, 259200, 512) -> latent_2022-05-15_perceiver_0.pt
      ↑ Uploaded to S3: s3://ekasteleyn-aurora-predictions/aurora_hres_validation/latent_2022-05-15_perceiver_0.pt
    encoder_0: shape=(1, 64800, 1024) -> latent_2022-05-15_encoder_0.pt
      ↑ Uploaded to S3: s3://ekasteleyn-aurora-predictions/aurora_hres_validation/latent_2022-05-15_encoder_0.pt
    encoder_1: shape=(1, 16200, 2048) -> latent_2022-05-15_encoder_1.pt
      ↑ Uploaded to S3: s3://ekasteleyn-aurora-predictions/aurora_hres_validation/latent_2022-05-15_encoder_1.pt
    encoder_2: shape=(1, 16200, 2048) -> latent_2022-05-15_encoder_2.pt
      ↑ Uploaded to S3: s3://ekasteleyn-aurora-predictions/aurora_hres_validation/latent_2022-05-15_encoder_2.pt
    perceiver_cross_attn: shape=(64800, 16, 3, 13) -> attn_2022-05-15_perceiver_cross_attn.pt
      ↑ Uploaded to S3: s3://ekasteleyn-aurora-predictions/aurora_hres_validation/attn_2022-05-15_perceiver_cross_attn.pt
    encoder_0_attn: shape=(1800, 8, 144, 144) -> attn_2022-05-15_encoder_0_attn.pt
      ↑ Uploaded to S3: s3://ekasteleyn-aurora-predictions/aurora_hres_validation/attn_2022-05-15_encoder_0_attn.pt
    encoder_1_attn: shape=(450, 16, 144, 144) -> attn_2022-05-15_encoder_1_attn.pt
      ↑ Uploaded to S3: s3://ekasteleyn-aurora-predictions/aurora_hres_validation/attn_2022-05-15_encoder_1_attn.pt
    encoder_2_attn: shape=(128, 32, 144, 144) -> attn_2022-05-15_encoder_2_attn.pt
      ↑ Uploaded to S3: s3://ekasteleyn-aurora-predictions/aurora_hres_validation/attn_2022-05-15_encoder_2_attn.pt
    pred step 1 -> pred_2022-05-15_step01.pt
      ↑ Uploaded to S3: s3://ekasteleyn-aurora-predictions/aurora_hres_validation/pred_2022-05-15_step01.pt

  [3/3] 2022-09-15
    Init time: 2022-09-15 12:00:00
    perceiver_0: shape=(1, 259200, 512) -> latent_2022-09-15_perceiver_0.pt
      ↑ Uploaded to S3: s3://ekasteleyn-aurora-predictions/aurora_hres_validation/latent_2022-09-15_perceiver_0.pt
    encoder_0: shape=(1, 64800, 1024) -> latent_2022-09-15_encoder_0.pt
      ↑ Uploaded to S3: s3://ekasteleyn-aurora-predictions/aurora_hres_validation/latent_2022-09-15_encoder_0.pt
    encoder_1: shape=(1, 16200, 2048) -> latent_2022-09-15_encoder_1.pt
      ↑ Uploaded to S3: s3://ekasteleyn-aurora-predictions/aurora_hres_validation/latent_2022-09-15_encoder_1.pt
    encoder_2: shape=(1, 16200, 2048) -> latent_2022-09-15_encoder_2.pt
      ↑ Uploaded to S3: s3://ekasteleyn-aurora-predictions/aurora_hres_validation/latent_2022-09-15_encoder_2.pt
    perceiver_cross_attn: shape=(64800, 16, 3, 13) -> attn_2022-09-15_perceiver_cross_attn.pt
      ↑ Uploaded to S3: s3://ekasteleyn-aurora-predictions/aurora_hres_validation/attn_2022-09-15_perceiver_cross_attn.pt
    encoder_0_attn: shape=(1800, 8, 144, 144) -> attn_2022-09-15_encoder_0_attn.pt
      ↑ Uploaded to S3: s3://ekasteleyn-aurora-predictions/aurora_hres_validation/attn_2022-09-15_encoder_0_attn.pt
    encoder_1_attn: shape=(450, 16, 144, 144) -> attn_2022-09-15_encoder_1_attn.pt
      ↑ Uploaded to S3: s3://ekasteleyn-aurora-predictions/aurora_hres_validation/attn_2022-09-15_encoder_1_attn.pt
    encoder_2_attn: shape=(128, 32, 144, 144) -> attn_2022-09-15_encoder_2_attn.pt
      ↑ Uploaded to S3: s3://ekasteleyn-aurora-predictions/aurora_hres_validation/attn_2022-09-15_encoder_2_attn.pt
    pred step 1 -> pred_2022-09-15_step01.pt
      ↑ Uploaded to S3: s3://ekasteleyn-aurora-predictions/aurora_hres_validation/pred_2022-09-15_step01.pt

======================================================================
  COMPLETE
======================================================================
  Latents saved to: /scratch-node/ekasteleyn.21091045/aurora_hres_latents
  Files: 27 .pt files

========================================
  COMPLETE: Tue Mar 24 09:29:17 CET 2026
========================================
