========================================
  AURORA LATENT EXTRACTION - HRES T0
========================================
Job ID:       21092270
Date:         Tue Mar 24 10:27:34 CET 2026
Hostname:     gcn46.local.snellius.surf.nl
GPU:          0
========================================
Python: /home/ekasteleyn/aurora_thesis/aurora_env/bin/python
Python 3.11.3
  ✓ S3 Client initialized securely via .env
======================================================================
  AURORA LATENT EXTRACTION - IFS HRES T0
======================================================================
  Dates: 3 dates
  Init hours: [0, 12]
  Latent extraction init: 12:00 UTC only
  Rollout steps: 40
  Device: cuda
  Output: /scratch-node/ekasteleyn.21092270/aurora_hres_latents
  Cache: /home/ekasteleyn/downloads/hres_t0
  Target layers: [('perceiver', 0), ('encoder', 0), ('encoder', 1), ('encoder', 2)]
======================================================================

[1/4] Downloading static variables...

[2/4] Downloading HRES T0 data...
  2022-01-14
  2022-01-15
  2022-05-14
  2022-05-15
  2022-09-14
  2022-09-15

[3/4] Loading Aurora 0.25° Fine-Tuned model...
  ✓ Model loaded

[4/4] Processing 6 runs (3 dates × 2 init times)...

  [10:28:53] [1/6] 2022-01-15 init 00:00 UTC [predictions only]
    Init time: 2022-01-15 00:00:00
    pred step 1 (+6h) -> aurora_pred_20220115_0000_step01_06h.nc
    pred step 2 (+12h) -> aurora_pred_20220115_0000_step02_12h.nc
    pred step 3 (+18h) -> aurora_pred_20220115_0000_step03_18h.nc
    pred step 4 (+24h) -> aurora_pred_20220115_0000_step04_24h.nc
    pred step 5 (+30h) -> aurora_pred_20220115_0000_step05_30h.nc
    pred step 6 (+36h) -> aurora_pred_20220115_0000_step06_36h.nc
    pred step 7 (+42h) -> aurora_pred_20220115_0000_step07_42h.nc
    pred step 8 (+48h) -> aurora_pred_20220115_0000_step08_48h.nc
    pred step 9 (+54h) -> aurora_pred_20220115_0000_step09_54h.nc
    pred step 10 (+60h) -> aurora_pred_20220115_0000_step10_60h.nc
    pred step 11 (+66h) -> aurora_pred_20220115_0000_step11_66h.nc
    pred step 12 (+72h) -> aurora_pred_20220115_0000_step12_72h.nc
    pred step 13 (+78h) -> aurora_pred_20220115_0000_step13_78h.nc
    pred step 14 (+84h) -> aurora_pred_20220115_0000_step14_84h.nc
    pred step 15 (+90h) -> aurora_pred_20220115_0000_step15_90h.nc
    pred step 16 (+96h) -> aurora_pred_20220115_0000_step16_96h.nc
    pred step 17 (+102h) -> aurora_pred_20220115_0000_step17_102h.nc
    pred step 18 (+108h) -> aurora_pred_20220115_0000_step18_108h.nc
    pred step 19 (+114h) -> aurora_pred_20220115_0000_step19_114h.nc
    pred step 20 (+120h) -> aurora_pred_20220115_0000_step20_120h.nc
    pred step 21 (+126h) -> aurora_pred_20220115_0000_step21_126h.nc
    pred step 22 (+132h) -> aurora_pred_20220115_0000_step22_132h.nc
    pred step 23 (+138h) -> aurora_pred_20220115_0000_step23_138h.nc
    pred step 24 (+144h) -> aurora_pred_20220115_0000_step24_144h.nc
    pred step 25 (+150h) -> aurora_pred_20220115_0000_step25_150h.nc
    pred step 26 (+156h) -> aurora_pred_20220115_0000_step26_156h.nc
    pred step 27 (+162h) -> aurora_pred_20220115_0000_step27_162h.nc
    pred step 28 (+168h) -> aurora_pred_20220115_0000_step28_168h.nc
    pred step 29 (+174h) -> aurora_pred_20220115_0000_step29_174h.nc
    pred step 30 (+180h) -> aurora_pred_20220115_0000_step30_180h.nc
    pred step 31 (+186h) -> aurora_pred_20220115_0000_step31_186h.nc
    pred step 32 (+192h) -> aurora_pred_20220115_0000_step32_192h.nc
    pred step 33 (+198h) -> aurora_pred_20220115_0000_step33_198h.nc
    pred step 34 (+204h) -> aurora_pred_20220115_0000_step34_204h.nc
    pred step 35 (+210h) -> aurora_pred_20220115_0000_step35_210h.nc
/var/spool/slurm/slurmd/job21092270/slurm_script: line 34: 171974 Segmentation fault      $PYTHON -u /home/ekasteleyn/aurora_thesis/thesis/scripts/steering/extract_latents_hres.py --num-steps 40 --init-hours 0 12 --latent-init-hour 12 --save-predictions

========================================
  COMPLETE: Tue Mar 24 10:30:11 CET 2026
========================================
