Starting H100 FP64 precision test...
Node: gcn98.local.snellius.surf.nl
GPU:
NVIDIA H100, 95830 MiB
Output directory: /scratch-shared/ekasteleyn/aurora_h100_fp64
Traceback (most recent call last):
  File "/home/ekasteleyn/aurora_thesis/thesis/scripts/steering/extract_latents_hres.py", line 648, in main
    surf_vars={
              ^
  File "/home/ekasteleyn/aurora_thesis/thesis/scripts/steering/extract_latents_hres.py", line 649, in <dictcomp>
    k: torch.cat([current_batch.surf_vars[k][:, 1:], v], dim=1)
       ^^^^^^^^^^^^^^^^^^^^^^^^^^^^^^^^^^^^^^^^^^^^^^^^^^^^^^^^
RuntimeError: Sizes of tensors must match except in dimension 1. Expected size 721 but got size 720 for tensor number 1 in the list.
Traceback (most recent call last):
  File "/home/ekasteleyn/aurora_thesis/thesis/scripts/steering/extract_latents_hres.py", line 582, in main
    batch = prepare_batch(date_str, download_path, init_hour=init_hour)
            ^^^^^^^^^^^^^^^^^^^^^^^^^^^^^^^^^^^^^^^^^^^^^^^^^^^^^^^^^^^
  File "/home/ekasteleyn/aurora_thesis/thesis/scripts/steering/extract_latents_hres.py", line 239, in prepare_batch
    "msl": _prepare(surf_vars_ds["mean_sea_level_pressure"].values),
                    ^^^^^^^^^^^^^^^^^^^^^^^^^^^^^^^^^^^^^^^^^^^^^^
  File "/home/ekasteleyn/aurora_thesis/aurora_env/lib/python3.11/site-packages/xarray/core/dataarray.py", line 798, in values
    return self.variable.values
           ^^^^^^^^^^^^^^^^^^^^
  File "/home/ekasteleyn/aurora_thesis/aurora_env/lib/python3.11/site-packages/xarray/core/variable.py", line 556, in values
    return _as_array_or_item(self._data)
           ^^^^^^^^^^^^^^^^^^^^^^^^^^^^^
  File "/home/ekasteleyn/aurora_thesis/aurora_env/lib/python3.11/site-packages/xarray/core/variable.py", line 336, in _as_array_or_item
    data = np.asarray(data)
           ^^^^^^^^^^^^^^^^
  File "/home/ekasteleyn/aurora_thesis/aurora_env/lib/python3.11/site-packages/xarray/core/indexing.py", line 577, in __array__
    return np.asarray(self.get_duck_array(), dtype=dtype, copy=copy)
                      ^^^^^^^^^^^^^^^^^^^^^
  File "/home/ekasteleyn/aurora_thesis/aurora_env/lib/python3.11/site-packages/xarray/core/indexing.py", line 943, in get_duck_array
    duck_array = self.array.get_duck_array()
                 ^^^^^^^^^^^^^^^^^^^^^^^^^^^
  File "/home/ekasteleyn/aurora_thesis/aurora_env/lib/python3.11/site-packages/xarray/core/indexing.py", line 897, in get_duck_array
    return self.array.get_duck_array()
           ^^^^^^^^^^^^^^^^^^^^^^^^^^^
  File "/home/ekasteleyn/aurora_thesis/aurora_env/lib/python3.11/site-packages/xarray/core/indexing.py", line 737, in get_duck_array
    array = self.array[self.key]
            ~~~~~~~~~~^^^^^^^^^^
  File "/home/ekasteleyn/aurora_thesis/aurora_env/lib/python3.11/site-packages/xarray/backends/netCDF4_.py", line 117, in __getitem__
    return indexing.explicit_indexing_adapter(
           ^^^^^^^^^^^^^^^^^^^^^^^^^^^^^^^^^^^
  File "/home/ekasteleyn/aurora_thesis/aurora_env/lib/python3.11/site-packages/xarray/core/indexing.py", line 1129, in explicit_indexing_adapter
    result = raw_indexing_method(raw_key.tuple)
             ^^^^^^^^^^^^^^^^^^^^^^^^^^^^^^^^^^
  File "/home/ekasteleyn/aurora_thesis/aurora_env/lib/python3.11/site-packages/xarray/backends/netCDF4_.py", line 130, in _getitem
    array = getitem(original_array, key)
            ^^^^^^^^^^^^^^^^^^^^^^^^^^^^
  File "src/netCDF4/_netCDF4.pyx", line 5094, in netCDF4._netCDF4.Variable.__getitem__
  File "src/netCDF4/_netCDF4.pyx", line 6064, in netCDF4._netCDF4.Variable._get
  File "src/netCDF4/_netCDF4.pyx", line 2160, in netCDF4._netCDF4._ensure_nc_success
RuntimeError: NetCDF: HDF error
Traceback (most recent call last):
  File "/home/ekasteleyn/aurora_thesis/thesis/scripts/steering/extract_latents_hres.py", line 648, in main
    surf_vars={
              ^
  File "/home/ekasteleyn/aurora_thesis/thesis/scripts/steering/extract_latents_hres.py", line 649, in <dictcomp>
    k: torch.cat([current_batch.surf_vars[k][:, 1:], v], dim=1)
       ^^^^^^^^^^^^^^^^^^^^^^^^^^^^^^^^^^^^^^^^^^^^^^^^^^^^^^^^
RuntimeError: Sizes of tensors must match except in dimension 1. Expected size 721 but got size 720 for tensor number 1 in the list.
/var/spool/slurm/slurmd/job21130973/slurm_script: line 30: 1588695 Segmentation fault      /home/ekasteleyn/aurora_thesis/aurora_env/bin/python /home/ekasteleyn/aurora_thesis/thesis/scripts/steering/extract_latents_hres.py --dates "2022-01-15" "2022-01-16" --init-hours 0 12 --num-steps 40 --fp64 --save-predictions --output-dir "$OUTPUT_DIR"
Done!
Output files:
total 65K
-rw-r-----. 1 ekasteleyn ekasteleyn   0 Mar 25 12:26 aurora_pred_20220115_0000_step01_06h.nc
-rw-r-----. 1 ekasteleyn ekasteleyn  48 Mar 25 12:26 aurora_pred_20220116_0000_step01_06h.nc
-rw-r-----. 1 ekasteleyn ekasteleyn 58K Mar 25 10:28 comparison_results.csv
