nohup: ignoring input
Downloaded 20160128...
Downloaded 20160129...
Downloaded 20160130...
Downloaded 20161220...
Downloaded 20161221...
Downloaded 20161222...
Downloaded 20161223...
Downloaded 20170225...
Downloaded 20170314...
Downloaded 20180425...
Downloaded 20180426...
Downloaded 20180501...
Downloaded 20190213...
Downloaded 20190219...
Downloaded 20190328...
Downloaded 20190329...
Downloaded 20191203...
Downloaded 20191231...
Downloaded 20200101...
Downloaded 20200102...
Downloaded 20200104...
Downloaded 20200105...
Downloaded 20200106...
Downloaded 20200107...
Downloaded 20200108...
Downloaded 20200111...
Downloaded 20200112...
Downloaded 20200113...
Downloaded 20200114...
Downloaded 20200115...
Downloaded 20200208...
Downloaded 20200209...
Downloaded 20200210...
Downloaded 20200211...
Downloaded 20200215...
Downloaded 20200216...
Downloaded 20200217...
Downloaded 20200218...
Downloaded 20200219...
Downloaded 20200220...
Downloaded 20200221...
Downloaded 20200222...
Downloaded 20200223...
Downloaded 20200224...
Downloaded 20200309...
Downloaded 20200310...
Downloaded 20200311...
Downloaded 20200312...
Downloaded 20200315...
Downloaded 20200316...
Downloaded 20200317...
Downloaded 20200322...
Downloaded 20200323...
Downloaded 20200324...
Downloaded 20200325...
Downloaded 20201104...
Downloaded 20201105...
Downloaded 20201113...
Downloaded 20201119...
Downloaded 20201120...
Downloaded 20201121...
Downloaded 20210310...
Downloaded 20210311...
Downloaded 20210312...
Downloaded 20210313...
Downloaded 20210321...
Downloaded 20210322...
Downloaded 20210323...
Downloaded 20210324...
Downloaded 20210325...
Downloaded 20210326...
Downloaded 20211206...
Downloaded 20220315...
Downloaded 20220510...
Downloaded 20220511...
Downloaded 20220512...
Downloaded 20220513...
Downloaded 20221007...
Downloaded 20221008...
Downloaded 20221010...
Downloaded 20221011...
Stacked shape: torch.Size([81, 1, 16200, 2048])
NaN count before mean: 99532800
NaN count after mean: 33177600
Saved clean mean_active_latent.pt!
