Traceback (most recent call last):
  File "/gpfs/home5/ekasteleyn/aurora_thesis/thesis/steering/scripts/attribution_patching/2_rollout_and_backprop.py", line 173, in <module>
    main()
  File "/gpfs/home5/ekasteleyn/aurora_thesis/thesis/steering/scripts/attribution_patching/2_rollout_and_backprop.py", line 120, in main
    prediction = model(current_batch)
                 ^^^^^^^^^^^^^^^^^^^^
  File "/home/ekasteleyn/aurora_thesis/aurora_env/lib/python3.11/site-packages/torch/nn/modules/module.py", line 1775, in _wrapped_call_impl
    return self._call_impl(*args, **kwargs)
           ^^^^^^^^^^^^^^^^^^^^^^^^^^^^^^^^
  File "/home/ekasteleyn/aurora_thesis/aurora_env/lib/python3.11/site-packages/torch/nn/modules/module.py", line 1786, in _call_impl
    return forward_call(*args, **kwargs)
           ^^^^^^^^^^^^^^^^^^^^^^^^^^^^^
  File "/home/ekasteleyn/aurora_thesis/aurora_env/lib/python3.11/site-packages/aurora/model/aurora.py", line 338, in forward
    x = self.backbone(
        ^^^^^^^^^^^^^^
  File "/home/ekasteleyn/aurora_thesis/aurora_env/lib/python3.11/site-packages/torch/nn/modules/module.py", line 1775, in _wrapped_call_impl
    return self._call_impl(*args, **kwargs)
           ^^^^^^^^^^^^^^^^^^^^^^^^^^^^^^^^
  File "/home/ekasteleyn/aurora_thesis/aurora_env/lib/python3.11/site-packages/torch/nn/modules/module.py", line 1786, in _call_impl
    return forward_call(*args, **kwargs)
           ^^^^^^^^^^^^^^^^^^^^^^^^^^^^^
  File "/home/ekasteleyn/aurora_thesis/aurora_env/lib/python3.11/site-packages/aurora/model/swin3d.py", line 918, in forward
    x, x_unscaled = layer(x, c, all_enc_res[i], rollout_step=rollout_step)
                    ^^^^^^^^^^^^^^^^^^^^^^^^^^^^^^^^^^^^^^^^^^^^^^^^^^^^^^
  File "/home/ekasteleyn/aurora_thesis/aurora_env/lib/python3.11/site-packages/torch/nn/modules/module.py", line 1775, in _wrapped_call_impl
    return self._call_impl(*args, **kwargs)
           ^^^^^^^^^^^^^^^^^^^^^^^^^^^^^^^^
  File "/home/ekasteleyn/aurora_thesis/aurora_env/lib/python3.11/site-packages/torch/nn/modules/module.py", line 1786, in _call_impl
    return forward_call(*args, **kwargs)
           ^^^^^^^^^^^^^^^^^^^^^^^^^^^^^
  File "/home/ekasteleyn/aurora_thesis/aurora_env/lib/python3.11/site-packages/aurora/model/swin3d.py", line 726, in forward
    x = blk(x, c, res, rollout_step)
        ^^^^^^^^^^^^^^^^^^^^^^^^^^^^
  File "/home/ekasteleyn/aurora_thesis/aurora_env/lib/python3.11/site-packages/torch/nn/modules/module.py", line 1775, in _wrapped_call_impl
    return self._call_impl(*args, **kwargs)
           ^^^^^^^^^^^^^^^^^^^^^^^^^^^^^^^^
  File "/home/ekasteleyn/aurora_thesis/aurora_env/lib/python3.11/site-packages/torch/nn/modules/module.py", line 1786, in _call_impl
    return forward_call(*args, **kwargs)
           ^^^^^^^^^^^^^^^^^^^^^^^^^^^^^
  File "/home/ekasteleyn/aurora_thesis/aurora_env/lib/python3.11/site-packages/aurora/model/swin3d.py", line 508, in forward
    x = x + self.drop_path(self.norm2(self.mlp(x), c))
                           ^^^^^^^^^^^^^^^^^^^^^^^^^^
  File "/home/ekasteleyn/aurora_thesis/aurora_env/lib/python3.11/site-packages/torch/nn/modules/module.py", line 1775, in _wrapped_call_impl
    return self._call_impl(*args, **kwargs)
           ^^^^^^^^^^^^^^^^^^^^^^^^^^^^^^^^
  File "/home/ekasteleyn/aurora_thesis/aurora_env/lib/python3.11/site-packages/torch/nn/modules/module.py", line 1786, in _call_impl
    return forward_call(*args, **kwargs)
           ^^^^^^^^^^^^^^^^^^^^^^^^^^^^^
  File "/home/ekasteleyn/aurora_thesis/aurora_env/lib/python3.11/site-packages/aurora/model/film.py", line 49, in forward
    return self.ln(x) * (self.scale_bias + scale) + shift
           ~~~~~~~~~~~^~~~~~~~~~~~~~~~~~~~~~~~~~~
torch.OutOfMemoryError: CUDA out of memory. Tried to allocate 508.00 MiB. GPU 0 has a total capacity of 39.49 GiB of which 61.25 MiB is free. Including non-PyTorch memory, this process has 39.42 GiB memory in use. Of the allocated memory 38.13 GiB is allocated by PyTorch, and 802.01 MiB is reserved by PyTorch but unallocated. If reserved but unallocated memory is large try setting PYTORCH_CUDA_ALLOC_CONF=expandable_segments:True to avoid fragmentation.  See documentation for Memory Management  (https://pytorch.org/docs/stable/notes/cuda.html#environment-variables)
