========================================
  HRES T0 DATA DOWNLOAD - FEB-DEC 2022
========================================
Job ID:       21384377
Date:         Tue Mar 31 10:00:55 CEST 2026
Node:         tcn332.local.snellius.surf.nl
========================================

============================================================
  HRES T0 DATA DOWNLOAD
============================================================
  Dates: 334
  Cache: /home/ekasteleyn/downloads/hres_t0
============================================================

[1/3] Total dates to download: 334

[2/3] Static variables...
  ✓ Static variables already cached

[3/3] HRES T0 data...
  Opening WeatherBench2 dataset...
  Downloading 2022-02-01 surface variables...
  Downloading 2022-02-01 atmospheric variables...
  ✓ 2022-02-01 downloaded
  Downloading 2022-02-02 surface variables...
  Downloading 2022-02-02 atmospheric variables...
  ✓ 2022-02-02 downloaded
  Downloading 2022-02-03 surface variables...
  Downloading 2022-02-03 atmospheric variables...
  ✓ 2022-02-03 downloaded
  Downloading 2022-02-04 surface variables...
  Downloading 2022-02-04 atmospheric variables...
  ✓ 2022-02-04 downloaded
  Downloading 2022-02-05 surface variables...
  Downloading 2022-02-05 atmospheric variables...
  ✓ 2022-02-05 downloaded
  Downloading 2022-02-06 surface variables...
  Downloading 2022-02-06 atmospheric variables...
  ✓ 2022-02-06 downloaded
  Downloading 2022-02-07 surface variables...
  Downloading 2022-02-07 atmospheric variables...
  ✓ 2022-02-07 downloaded
  Downloading 2022-02-08 surface variables...
  Downloading 2022-02-08 atmospheric variables...
  ✓ 2022-02-08 downloaded
  Downloading 2022-02-09 surface variables...
  Downloading 2022-02-09 atmospheric variables...
  ✓ 2022-02-09 downloaded
  Downloading 2022-02-10 surface variables...
  Downloading 2022-02-10 atmospheric variables...
  ✓ 2022-02-10 downloaded
  Downloading 2022-02-11 surface variables...
  Downloading 2022-02-11 atmospheric variables...
  ✓ 2022-02-11 downloaded
  Downloading 2022-02-12 surface variables...
  Downloading 2022-02-12 atmospheric variables...
  ✓ 2022-02-12 downloaded
  Downloading 2022-02-13 surface variables...
  Downloading 2022-02-13 atmospheric variables...
  ✓ 2022-02-13 downloaded
  Downloading 2022-02-14 surface variables...
  Downloading 2022-02-14 atmospheric variables...
  ✓ 2022-02-14 downloaded
  Downloading 2022-02-15 surface variables...
  Downloading 2022-02-15 atmospheric variables...
  ✓ 2022-02-15 downloaded
  Downloading 2022-02-16 surface variables...
  Downloading 2022-02-16 atmospheric variables...
  ✓ 2022-02-16 downloaded
  Downloading 2022-02-17 surface variables...
  Downloading 2022-02-17 atmospheric variables...
  ✓ 2022-02-17 downloaded
  Downloading 2022-02-18 surface variables...
  Downloading 2022-02-18 atmospheric variables...
  ✓ 2022-02-18 downloaded
  Downloading 2022-02-19 surface variables...
  Downloading 2022-02-19 atmospheric variables...
  ✓ 2022-02-19 downloaded
  Downloading 2022-02-20 surface variables...
  Downloading 2022-02-20 atmospheric variables...
  ✓ 2022-02-20 downloaded
  Downloading 2022-02-21 surface variables...
  Downloading 2022-02-21 atmospheric variables...
  ✓ 2022-02-21 downloaded
  Downloading 2022-02-22 surface variables...
  Downloading 2022-02-22 atmospheric variables...
  ✓ 2022-02-22 downloaded
  Downloading 2022-02-23 surface variables...
  Downloading 2022-02-23 atmospheric variables...
  ✓ 2022-02-23 downloaded
  Downloading 2022-02-24 surface variables...
  Downloading 2022-02-24 atmospheric variables...
  ✓ 2022-02-24 downloaded
  Downloading 2022-02-25 surface variables...
  Downloading 2022-02-25 atmospheric variables...
  ✓ 2022-02-25 downloaded
  Downloading 2022-02-26 surface variables...
  Downloading 2022-02-26 atmospheric variables...
  ✓ 2022-02-26 downloaded
  Downloading 2022-02-27 surface variables...
  Downloading 2022-02-27 atmospheric variables...
  ✓ 2022-02-27 downloaded
  Downloading 2022-02-28 surface variables...
  Downloading 2022-02-28 atmospheric variables...
  ✓ 2022-02-28 downloaded
  Downloading 2022-03-01 surface variables...
  Downloading 2022-03-01 atmospheric variables...
  ✓ 2022-03-01 downloaded
  Downloading 2022-03-02 surface variables...
  Downloading 2022-03-02 atmospheric variables...
  ✓ 2022-03-02 downloaded
  Downloading 2022-03-03 surface variables...
  Downloading 2022-03-03 atmospheric variables...
  ✓ 2022-03-03 downloaded
  Downloading 2022-03-04 surface variables...
  Downloading 2022-03-04 atmospheric variables...
  ✓ 2022-03-04 downloaded
  Downloading 2022-03-05 surface variables...
  Downloading 2022-03-05 atmospheric variables...
  ✓ 2022-03-05 downloaded
  Downloading 2022-03-06 surface variables...
  Downloading 2022-03-06 atmospheric variables...
  ✓ 2022-03-06 downloaded
  Downloading 2022-03-07 surface variables...
  Downloading 2022-03-07 atmospheric variables...
  ✓ 2022-03-07 downloaded
  Downloading 2022-03-08 surface variables...
  Downloading 2022-03-08 atmospheric variables...
  ✓ 2022-03-08 downloaded
  Downloading 2022-03-09 surface variables...
  Downloading 2022-03-09 atmospheric variables...
  ✓ 2022-03-09 downloaded
  Downloading 2022-03-10 surface variables...
  Downloading 2022-03-10 atmospheric variables...
  ✓ 2022-03-10 downloaded
  Downloading 2022-03-11 surface variables...
  Downloading 2022-03-11 atmospheric variables...
  ✓ 2022-03-11 downloaded
  Downloading 2022-03-12 surface variables...
  Downloading 2022-03-12 atmospheric variables...
  ✓ 2022-03-12 downloaded
  Downloading 2022-03-13 surface variables...
  Downloading 2022-03-13 atmospheric variables...
  ✓ 2022-03-13 downloaded
  Downloading 2022-03-14 surface variables...
  Downloading 2022-03-14 atmospheric variables...
  ✓ 2022-03-14 downloaded
  Downloading 2022-03-15 surface variables...
  Downloading 2022-03-15 atmospheric variables...
  ✓ 2022-03-15 downloaded
  Downloading 2022-03-16 surface variables...
  Downloading 2022-03-16 atmospheric variables...
  ✓ 2022-03-16 downloaded
  Downloading 2022-03-17 surface variables...
  Downloading 2022-03-17 atmospheric variables...
  ✓ 2022-03-17 downloaded
  Downloading 2022-03-18 surface variables...
  Downloading 2022-03-18 atmospheric variables...
  ✓ 2022-03-18 downloaded
  Downloading 2022-03-19 surface variables...
  Downloading 2022-03-19 atmospheric variables...
  ✓ 2022-03-19 downloaded
  Downloading 2022-03-20 surface variables...
  Downloading 2022-03-20 atmospheric variables...
  ✓ 2022-03-20 downloaded
  Downloading 2022-03-21 surface variables...
  Downloading 2022-03-21 atmospheric variables...
  ✓ 2022-03-21 downloaded
  Downloading 2022-03-22 surface variables...
  Downloading 2022-03-22 atmospheric variables...
  ✓ 2022-03-22 downloaded
  Downloading 2022-03-23 surface variables...
  Downloading 2022-03-23 atmospheric variables...
  ✓ 2022-03-23 downloaded
  Downloading 2022-03-24 surface variables...
  Downloading 2022-03-24 atmospheric variables...
  ✓ 2022-03-24 downloaded
  Downloading 2022-03-25 surface variables...
  Downloading 2022-03-25 atmospheric variables...
  ✓ 2022-03-25 downloaded
  Downloading 2022-03-26 surface variables...
  Downloading 2022-03-26 atmospheric variables...
  ✓ 2022-03-26 downloaded
  Downloading 2022-03-27 surface variables...
  Downloading 2022-03-27 atmospheric variables...
  ✓ 2022-03-27 downloaded
  Downloading 2022-03-28 surface variables...
  Downloading 2022-03-28 atmospheric variables...
  ✓ 2022-03-28 downloaded
  Downloading 2022-03-29 surface variables...
  Downloading 2022-03-29 atmospheric variables...
  ✓ 2022-03-29 downloaded
  Downloading 2022-03-30 surface variables...
  Downloading 2022-03-30 atmospheric variables...
  ✓ 2022-03-30 downloaded
  Downloading 2022-03-31 surface variables...
  Downloading 2022-03-31 atmospheric variables...
  ✓ 2022-03-31 downloaded
  Downloading 2022-04-01 surface variables...
  Downloading 2022-04-01 atmospheric variables...
  ✓ 2022-04-01 downloaded
  Downloading 2022-04-02 surface variables...
  Downloading 2022-04-02 atmospheric variables...
  ✓ 2022-04-02 downloaded
  Downloading 2022-04-03 surface variables...
  Downloading 2022-04-03 atmospheric variables...
  ✓ 2022-04-03 downloaded
  Downloading 2022-04-04 surface variables...
  Downloading 2022-04-04 atmospheric variables...
  ✓ 2022-04-04 downloaded
  Downloading 2022-04-05 surface variables...
  Downloading 2022-04-05 atmospheric variables...
  ✓ 2022-04-05 downloaded
  Downloading 2022-04-06 surface variables...
  Downloading 2022-04-06 atmospheric variables...
  ✓ 2022-04-06 downloaded
  Downloading 2022-04-07 surface variables...
  Downloading 2022-04-07 atmospheric variables...
  ✓ 2022-04-07 downloaded
  Downloading 2022-04-08 surface variables...
  Downloading 2022-04-08 atmospheric variables...
  ✓ 2022-04-08 downloaded
  Downloading 2022-04-09 surface variables...
  Downloading 2022-04-09 atmospheric variables...
  ✓ 2022-04-09 downloaded
  Downloading 2022-04-10 surface variables...
  Downloading 2022-04-10 atmospheric variables...
  ✓ 2022-04-10 downloaded
  Downloading 2022-04-11 surface variables...
  Downloading 2022-04-11 atmospheric variables...
  ✓ 2022-04-11 downloaded
  Downloading 2022-04-12 surface variables...
  Downloading 2022-04-12 atmospheric variables...
  ✓ 2022-04-12 downloaded
  Downloading 2022-04-13 surface variables...
  Downloading 2022-04-13 atmospheric variables...
  ✓ 2022-04-13 downloaded
  Downloading 2022-04-14 surface variables...
  Downloading 2022-04-14 atmospheric variables...
  ✓ 2022-04-14 downloaded
  Downloading 2022-04-15 surface variables...
  Downloading 2022-04-15 atmospheric variables...
  ✓ 2022-04-15 downloaded
  Downloading 2022-04-16 surface variables...
  Downloading 2022-04-16 atmospheric variables...
  ✓ 2022-04-16 downloaded
  Downloading 2022-04-17 surface variables...
  Downloading 2022-04-17 atmospheric variables...
  ✓ 2022-04-17 downloaded
  Downloading 2022-04-18 surface variables...
  Downloading 2022-04-18 atmospheric variables...
  ✓ 2022-04-18 downloaded
  Downloading 2022-04-19 surface variables...
  Downloading 2022-04-19 atmospheric variables...
  ✓ 2022-04-19 downloaded
  Downloading 2022-04-20 surface variables...
  Downloading 2022-04-20 atmospheric variables...
  ✓ 2022-04-20 downloaded
  Downloading 2022-04-21 surface variables...
  Downloading 2022-04-21 atmospheric variables...
  ✓ 2022-04-21 downloaded
  Downloading 2022-04-22 surface variables...
  Downloading 2022-04-22 atmospheric variables...
  ✓ 2022-04-22 downloaded
  Downloading 2022-04-23 surface variables...
  Downloading 2022-04-23 atmospheric variables...
  ✓ 2022-04-23 downloaded
  Downloading 2022-04-24 surface variables...
  Downloading 2022-04-24 atmospheric variables...
  ✓ 2022-04-24 downloaded
  Downloading 2022-04-25 surface variables...
  Downloading 2022-04-25 atmospheric variables...
  ✓ 2022-04-25 downloaded
  Downloading 2022-04-26 surface variables...
  Downloading 2022-04-26 atmospheric variables...
  ✓ 2022-04-26 downloaded
  Downloading 2022-04-27 surface variables...
  Downloading 2022-04-27 atmospheric variables...
  ✓ 2022-04-27 downloaded
  Downloading 2022-04-28 surface variables...
  Downloading 2022-04-28 atmospheric variables...
  ✓ 2022-04-28 downloaded
  Downloading 2022-04-29 surface variables...
  Downloading 2022-04-29 atmospheric variables...
  ✓ 2022-04-29 downloaded
  Downloading 2022-04-30 surface variables...
  Downloading 2022-04-30 atmospheric variables...
  ✓ 2022-04-30 downloaded
  Downloading 2022-05-01 surface variables...
  Downloading 2022-05-01 atmospheric variables...
  ✓ 2022-05-01 downloaded
  Downloading 2022-05-02 surface variables...
  Downloading 2022-05-02 atmospheric variables...
  ✓ 2022-05-02 downloaded
  Downloading 2022-05-03 surface variables...
  Downloading 2022-05-03 atmospheric variables...
  ✓ 2022-05-03 downloaded
  Downloading 2022-05-04 surface variables...
  Downloading 2022-05-04 atmospheric variables...
  ✓ 2022-05-04 downloaded
  Downloading 2022-05-05 surface variables...
  Downloading 2022-05-05 atmospheric variables...
  ✓ 2022-05-05 downloaded
  Downloading 2022-05-06 surface variables...
  Downloading 2022-05-06 atmospheric variables...
  ✓ 2022-05-06 downloaded
  Downloading 2022-05-07 surface variables...
  Downloading 2022-05-07 atmospheric variables...
  ✓ 2022-05-07 downloaded
  Downloading 2022-05-08 surface variables...
  Downloading 2022-05-08 atmospheric variables...
  ✓ 2022-05-08 downloaded
  Downloading 2022-05-09 surface variables...
  Downloading 2022-05-09 atmospheric variables...
  ✓ 2022-05-09 downloaded
  Downloading 2022-05-10 surface variables...
  Downloading 2022-05-10 atmospheric variables...
  ✓ 2022-05-10 downloaded
  Downloading 2022-05-11 surface variables...
  Downloading 2022-05-11 atmospheric variables...
  ✓ 2022-05-11 downloaded
  Downloading 2022-05-12 surface variables...
  Downloading 2022-05-12 atmospheric variables...
  ✓ 2022-05-12 downloaded
  Downloading 2022-05-13 surface variables...
  Downloading 2022-05-13 atmospheric variables...
  ✓ 2022-05-13 downloaded
  Downloading 2022-05-14 surface variables...
  Downloading 2022-05-14 atmospheric variables...
  ✓ 2022-05-14 downloaded
  ✓ 2022-05-15 already cached
  Downloading 2022-05-16 surface variables...
  Downloading 2022-05-16 atmospheric variables...
  ✓ 2022-05-16 downloaded
  Downloading 2022-05-17 surface variables...
  Downloading 2022-05-17 atmospheric variables...
  ✓ 2022-05-17 downloaded
  Downloading 2022-05-18 surface variables...
  Downloading 2022-05-18 atmospheric variables...
  ✓ 2022-05-18 downloaded
  Downloading 2022-05-19 surface variables...
  Downloading 2022-05-19 atmospheric variables...
  ✓ 2022-05-19 downloaded
  Downloading 2022-05-20 surface variables...
  Downloading 2022-05-20 atmospheric variables...
  ✓ 2022-05-20 downloaded
  Downloading 2022-05-21 surface variables...
  Downloading 2022-05-21 atmospheric variables...
  ✓ 2022-05-21 downloaded
  Downloading 2022-05-22 surface variables...
  Downloading 2022-05-22 atmospheric variables...
  ✓ 2022-05-22 downloaded
  Downloading 2022-05-23 surface variables...
  Downloading 2022-05-23 atmospheric variables...
  ✓ 2022-05-23 downloaded
  Downloading 2022-05-24 surface variables...
  Downloading 2022-05-24 atmospheric variables...
  ✓ 2022-05-24 downloaded
  Downloading 2022-05-25 surface variables...
  Downloading 2022-05-25 atmospheric variables...
  ✓ 2022-05-25 downloaded
  Downloading 2022-05-26 surface variables...
  Downloading 2022-05-26 atmospheric variables...
  ✓ 2022-05-26 downloaded
  Downloading 2022-05-27 surface variables...
  Downloading 2022-05-27 atmospheric variables...
  ✓ 2022-05-27 downloaded
  Downloading 2022-05-28 surface variables...
  Downloading 2022-05-28 atmospheric variables...
  ✓ 2022-05-28 downloaded
  Downloading 2022-05-29 surface variables...
  Downloading 2022-05-29 atmospheric variables...
  ✓ 2022-05-29 downloaded
  Downloading 2022-05-30 surface variables...
  Downloading 2022-05-30 atmospheric variables...
  ✓ 2022-05-30 downloaded
  Downloading 2022-05-31 surface variables...
  Downloading 2022-05-31 atmospheric variables...
  ✓ 2022-05-31 downloaded
  Downloading 2022-06-01 surface variables...
  Downloading 2022-06-01 atmospheric variables...
  ✓ 2022-06-01 downloaded
  Downloading 2022-06-02 surface variables...
  Downloading 2022-06-02 atmospheric variables...
  ✓ 2022-06-02 downloaded
  Downloading 2022-06-03 surface variables...
  Downloading 2022-06-03 atmospheric variables...
  ✓ 2022-06-03 downloaded
  Downloading 2022-06-04 surface variables...
  Downloading 2022-06-04 atmospheric variables...
  ✓ 2022-06-04 downloaded
  Downloading 2022-06-05 surface variables...
  Downloading 2022-06-05 atmospheric variables...

========================================
  COMPLETE: Tue Mar 31 10:25:11 CEST 2026
========================================
