========================================
  HRES T0 DATA DOWNLOAD - FEB-DEC 2022
========================================
Job ID:       21386436
Date:         Tue Mar 31 10:37:46 CEST 2026
Node:         tcn250.local.snellius.surf.nl
========================================

============================================================
  HRES T0 DATA DOWNLOAD
============================================================
  Dates: 210
  Cache: /home/ekasteleyn/downloads/hres_t0
============================================================

[1/3] Total dates to download: 210

[2/3] Static variables...
  Downloading static variables from HuggingFace...
  ✓ Static variables downloaded

[3/3] HRES T0 data...
  Opening WeatherBench2 dataset...
  Downloading 2022-06-05 surface variables...
  Downloading 2022-06-05 atmospheric variables...
  ✓ 2022-06-05 downloaded
  Downloading 2022-06-06 surface variables...
  Downloading 2022-06-06 atmospheric variables...
  ✓ 2022-06-06 downloaded
  Downloading 2022-06-07 surface variables...
  Downloading 2022-06-07 atmospheric variables...
  ✓ 2022-06-07 downloaded
  Downloading 2022-06-08 surface variables...
  Downloading 2022-06-08 atmospheric variables...
  ✓ 2022-06-08 downloaded
  Downloading 2022-06-09 surface variables...
  Downloading 2022-06-09 atmospheric variables...
  ✓ 2022-06-09 downloaded
  Downloading 2022-06-10 surface variables...
  Downloading 2022-06-10 atmospheric variables...
  ✓ 2022-06-10 downloaded
  Downloading 2022-06-11 surface variables...
  Downloading 2022-06-11 atmospheric variables...
  ✓ 2022-06-11 downloaded
  Downloading 2022-06-12 surface variables...
  Downloading 2022-06-12 atmospheric variables...
  ✓ 2022-06-12 downloaded
  Downloading 2022-06-13 surface variables...
  Downloading 2022-06-13 atmospheric variables...
  ✓ 2022-06-13 downloaded
  Downloading 2022-06-14 surface variables...
  Downloading 2022-06-14 atmospheric variables...
  ✓ 2022-06-14 downloaded
  Downloading 2022-06-15 surface variables...
  Downloading 2022-06-15 atmospheric variables...
  ✓ 2022-06-15 downloaded
  Downloading 2022-06-16 surface variables...
  Downloading 2022-06-16 atmospheric variables...
  ✓ 2022-06-16 downloaded
  Downloading 2022-06-17 surface variables...
  Downloading 2022-06-17 atmospheric variables...
  ✓ 2022-06-17 downloaded
  Downloading 2022-06-18 surface variables...
  Downloading 2022-06-18 atmospheric variables...
  ✓ 2022-06-18 downloaded
  Downloading 2022-06-19 surface variables...
  Downloading 2022-06-19 atmospheric variables...
  ✓ 2022-06-19 downloaded
  Downloading 2022-06-20 surface variables...
  Downloading 2022-06-20 atmospheric variables...
  ✓ 2022-06-20 downloaded
  Downloading 2022-06-21 surface variables...
  Downloading 2022-06-21 atmospheric variables...
  ✓ 2022-06-21 downloaded
  Downloading 2022-06-22 surface variables...
  Downloading 2022-06-22 atmospheric variables...
  ✓ 2022-06-22 downloaded
  Downloading 2022-06-23 surface variables...
  Downloading 2022-06-23 atmospheric variables...
  ✓ 2022-06-23 downloaded
  Downloading 2022-06-24 surface variables...
  Downloading 2022-06-24 atmospheric variables...
  ✓ 2022-06-24 downloaded
  Downloading 2022-06-25 surface variables...
  Downloading 2022-06-25 atmospheric variables...
  ✓ 2022-06-25 downloaded
  Downloading 2022-06-26 surface variables...
  Downloading 2022-06-26 atmospheric variables...
  ✓ 2022-06-26 downloaded
  Downloading 2022-06-27 surface variables...
  Downloading 2022-06-27 atmospheric variables...
  ✓ 2022-06-27 downloaded
  Downloading 2022-06-28 surface variables...
  Downloading 2022-06-28 atmospheric variables...
  ✓ 2022-06-28 downloaded
  Downloading 2022-06-29 surface variables...
  Downloading 2022-06-29 atmospheric variables...
  ✓ 2022-06-29 downloaded
  Downloading 2022-06-30 surface variables...
  Downloading 2022-06-30 atmospheric variables...
  ✓ 2022-06-30 downloaded
  Downloading 2022-07-01 surface variables...
  Downloading 2022-07-01 atmospheric variables...
  ✓ 2022-07-01 downloaded
  Downloading 2022-07-02 surface variables...
  Downloading 2022-07-02 atmospheric variables...
  ✓ 2022-07-02 downloaded
  Downloading 2022-07-03 surface variables...
  Downloading 2022-07-03 atmospheric variables...
  ✓ 2022-07-03 downloaded
  Downloading 2022-07-04 surface variables...
  Downloading 2022-07-04 atmospheric variables...
  ✓ 2022-07-04 downloaded
  Downloading 2022-07-05 surface variables...
  Downloading 2022-07-05 atmospheric variables...
  ✓ 2022-07-05 downloaded
  Downloading 2022-07-06 surface variables...
  Downloading 2022-07-06 atmospheric variables...
  ✓ 2022-07-06 downloaded
  Downloading 2022-07-07 surface variables...
  Downloading 2022-07-07 atmospheric variables...

========================================
  COMPLETE: Tue Mar 31 10:45:53 CEST 2026
========================================
