========================================
  HRES T0 DATA DOWNLOAD - TARGET DATES  
========================================
Job ID:       21854334
Date:         Tue Apr 14 11:25:45 CEST 2026
Node:         tcn298.local.snellius.surf.nl
========================================

============================================================
  HRES T0 DATA DOWNLOAD
============================================================
  Dates: 178
  Cache: /scratch-shared/ekasteleyn/downloads/hres_t0
============================================================

[1/3] Total dates to download: 178

[2/3] Static variables...
  ✓ Static variables already cached

[3/3] HRES T0 / ERA5 data...
  Opening WeatherBench2 datasets...
  Downloading 2016-01-13 surface variables (HRES)...
  Downloading 2016-01-13 atmospheric variables (HRES)...
  ✓ 2016-01-13 downloaded
  Downloading 2016-02-14 surface variables (HRES)...
  Downloading 2016-02-14 atmospheric variables (HRES)...
  ✓ 2016-02-14 downloaded
  Downloading 2016-02-22 surface variables (HRES)...
  Downloading 2016-02-22 atmospheric variables (HRES)...
  ✓ 2016-02-22 downloaded
  Downloading 2016-02-23 surface variables (HRES)...
  Downloading 2016-02-23 atmospheric variables (HRES)...
  ✓ 2016-02-23 downloaded
  Downloading 2016-02-24 surface variables (HRES)...
  Downloading 2016-02-24 atmospheric variables (HRES)...
  ✓ 2016-02-24 downloaded
  Downloading 2016-02-25 surface variables (HRES)...
  Downloading 2016-02-25 atmospheric variables (HRES)...
  ✓ 2016-02-25 downloaded
  Downloading 2016-02-26 surface variables (HRES)...
  Downloading 2016-02-26 atmospheric variables (HRES)...
  ✓ 2016-02-26 downloaded
  Downloading 2016-02-29 surface variables (HRES)...
  Downloading 2016-02-29 atmospheric variables (HRES)...
  ✓ 2016-02-29 downloaded
  Downloading 2016-03-31 surface variables (HRES)...
  Downloading 2016-03-31 atmospheric variables (HRES)...
  ✓ 2016-03-31 downloaded
  Downloading 2016-04-01 surface variables (HRES)...
  Downloading 2016-04-01 atmospheric variables (HRES)...
  ✓ 2016-04-01 downloaded
  ✓ 2016-04-02 already cached
  Downloading 2016-04-04 surface variables (HRES)...
  Downloading 2016-04-04 atmospheric variables (HRES)...
  ✓ 2016-04-04 downloaded
  Downloading 2016-04-14 surface variables (HRES)...
  Downloading 2016-04-14 atmospheric variables (HRES)...
  ✓ 2016-04-14 downloaded
  Downloading 2016-04-27 surface variables (HRES)...
  Downloading 2016-04-27 atmospheric variables (HRES)...
  ✓ 2016-04-27 downloaded
  Downloading 2016-04-28 surface variables (HRES)...
  Downloading 2016-04-28 atmospheric variables (HRES)...
  ✓ 2016-04-28 downloaded
  Downloading 2016-04-29 surface variables (HRES)...
  Downloading 2016-04-29 atmospheric variables (HRES)...
  ✓ 2016-04-29 downloaded
  Downloading 2016-05-01 surface variables (HRES)...
  Downloading 2016-05-01 atmospheric variables (HRES)...
  ✓ 2016-05-01 downloaded
  Downloading 2016-05-07 surface variables (HRES)...
  Downloading 2016-05-07 atmospheric variables (HRES)...
  ✓ 2016-05-07 downloaded
  Downloading 2016-05-09 surface variables (HRES)...
  Downloading 2016-05-09 atmospheric variables (HRES)...
  ✓ 2016-05-09 downloaded
  Downloading 2016-05-20 surface variables (HRES)...
  Downloading 2016-05-20 atmospheric variables (HRES)...
  ✓ 2016-05-20 downloaded
  Downloading 2016-07-11 surface variables (HRES)...
  Downloading 2016-07-11 atmospheric variables (HRES)...
  ✓ 2016-07-11 downloaded
  Downloading 2016-07-24 surface variables (HRES)...
  Downloading 2016-07-24 atmospheric variables (HRES)...
  ✓ 2016-07-24 downloaded
  Downloading 2016-07-25 surface variables (HRES)...
  Downloading 2016-07-25 atmospheric variables (HRES)...
  ✓ 2016-07-25 downloaded
  Downloading 2016-07-26 surface variables (HRES)...
  Downloading 2016-07-26 atmospheric variables (HRES)...
  ✓ 2016-07-26 downloaded
  Downloading 2016-09-26 surface variables (HRES)...
  Downloading 2016-09-26 atmospheric variables (HRES)...
  ✓ 2016-09-26 downloaded
  Downloading 2016-09-30 surface variables (HRES)...
  Downloading 2016-09-30 atmospheric variables (HRES)...
  ✓ 2016-09-30 downloaded
  Downloading 2016-10-17 surface variables (HRES)...
  Downloading 2016-10-17 atmospheric variables (HRES)...
  ✓ 2016-10-17 downloaded
  Downloading 2016-10-18 surface variables (HRES)...
  Downloading 2016-10-18 atmospheric variables (HRES)...
  ✓ 2016-10-18 downloaded
  Downloading 2016-11-23 surface variables (HRES)...
  Downloading 2016-11-23 atmospheric variables (HRES)...
  ✓ 2016-11-23 downloaded
  Downloading 2016-11-24 surface variables (HRES)...
  Downloading 2016-11-24 atmospheric variables (HRES)...
  ✓ 2016-11-24 downloaded
  Downloading 2016-11-25 surface variables (HRES)...
  Downloading 2016-11-25 atmospheric variables (HRES)...
  ✓ 2016-11-25 downloaded
  Downloading 2016-12-08 surface variables (HRES)...
  Downloading 2016-12-08 atmospheric variables (HRES)...
  ✓ 2016-12-08 downloaded
  Downloading 2016-12-09 surface variables (HRES)...
  Downloading 2016-12-09 atmospheric variables (HRES)...
  ✓ 2016-12-09 downloaded
  Downloading 2016-12-10 surface variables (HRES)...
  Downloading 2016-12-10 atmospheric variables (HRES)...
  ✓ 2016-12-10 downloaded
  Downloading 2016-12-11 surface variables (HRES)...
  Downloading 2016-12-11 atmospheric variables (HRES)...
  ✓ 2016-12-11 downloaded
  Downloading 2016-12-12 surface variables (HRES)...
  Downloading 2016-12-12 atmospheric variables (HRES)...
  ✓ 2016-12-12 downloaded
  Downloading 2017-01-29 surface variables (HRES)...
  Downloading 2017-01-29 atmospheric variables (HRES)...
  ✓ 2017-01-29 downloaded
  Downloading 2017-01-30 surface variables (HRES)...
  Downloading 2017-01-30 atmospheric variables (HRES)...
  ✓ 2017-01-30 downloaded
  Downloading 2017-01-31 surface variables (HRES)...
  Downloading 2017-01-31 atmospheric variables (HRES)...
  ✓ 2017-01-31 downloaded
  Downloading 2017-02-01 surface variables (HRES)...
  Downloading 2017-02-01 atmospheric variables (HRES)...
  ✓ 2017-02-01 downloaded
  Downloading 2017-02-07 surface variables (HRES)...
  Downloading 2017-02-07 atmospheric variables (HRES)...
  ✓ 2017-02-07 downloaded
  Downloading 2017-02-10 surface variables (HRES)...
  Downloading 2017-02-10 atmospheric variables (HRES)...
  ✓ 2017-02-10 downloaded
  ✓ 2017-02-11 already cached
  Downloading 2017-02-21 surface variables (HRES)...
  Downloading 2017-02-21 atmospheric variables (HRES)...
  ✓ 2017-02-21 downloaded
  ✓ 2017-02-24 already cached
  ✓ 2017-03-24 already cached
  Downloading 2017-04-19 surface variables (HRES)...
  Downloading 2017-04-19 atmospheric variables (HRES)...
  ✓ 2017-04-19 downloaded
  Downloading 2017-04-26 surface variables (HRES)...
  Downloading 2017-04-26 atmospheric variables (HRES)...
  ✓ 2017-04-26 downloaded
  Downloading 2017-04-27 surface variables (HRES)...
  Downloading 2017-04-27 atmospheric variables (HRES)...
  ✓ 2017-04-27 downloaded
  Downloading 2017-04-28 surface variables (HRES)...
  Downloading 2017-04-28 atmospheric variables (HRES)...
  ✓ 2017-04-28 downloaded
  Downloading 2017-06-10 surface variables (HRES)...
  Downloading 2017-06-10 atmospheric variables (HRES)...
  ✓ 2017-06-10 downloaded
  Downloading 2017-07-12 surface variables (HRES)...
  Downloading 2017-07-12 atmospheric variables (HRES)...
  ✓ 2017-07-12 downloaded
  Downloading 2017-07-13 surface variables (HRES)...
  Downloading 2017-07-13 atmospheric variables (HRES)...
  ✓ 2017-07-13 downloaded
  Downloading 2017-07-20 surface variables (HRES)...
  Downloading 2017-07-20 atmospheric variables (HRES)...
  ✓ 2017-07-20 downloaded
  ✓ 2017-07-28 already cached
  Downloading 2017-08-07 surface variables (HRES)...
  Downloading 2017-08-07 atmospheric variables (HRES)...
  ✓ 2017-08-07 downloaded
  Downloading 2017-08-08 surface variables (HRES)...
  Downloading 2017-08-08 atmospheric variables (HRES)...
  ✓ 2017-08-08 downloaded
  Downloading 2017-08-09 surface variables (HRES)...
  Downloading 2017-08-09 atmospheric variables (HRES)...
  ✓ 2017-08-09 downloaded
  Downloading 2017-08-10 surface variables (HRES)...
  Downloading 2017-08-10 atmospheric variables (HRES)...
  ✓ 2017-08-10 downloaded
  Downloading 2017-08-11 surface variables (HRES)...
  Downloading 2017-08-11 atmospheric variables (HRES)...
  ✓ 2017-08-11 downloaded
  ✓ 2017-08-16 already cached
  ✓ 2017-09-07 already cached
  Downloading 2017-09-11 surface variables (HRES)...
  Downloading 2017-09-11 atmospheric variables (HRES)...
  ✓ 2017-09-11 downloaded
  Downloading 2017-09-14 surface variables (HRES)...
  Downloading 2017-09-14 atmospheric variables (HRES)...
  ✓ 2017-09-14 downloaded
  ✓ 2017-10-01 already cached
  Downloading 2017-10-05 surface variables (HRES)...
  Downloading 2017-10-05 atmospheric variables (HRES)...
  ✓ 2017-10-05 downloaded
  Downloading 2017-10-08 surface variables (HRES)...
  Downloading 2017-10-08 atmospheric variables (HRES)...
  ✓ 2017-10-08 downloaded
  ✓ 2017-10-13 already cached
  Downloading 2017-10-31 surface variables (HRES)...
  Downloading 2017-10-31 atmospheric variables (HRES)...
  ✓ 2017-10-31 downloaded
  ✓ 2017-11-01 already cached
  Downloading 2017-11-18 surface variables (HRES)...
  Downloading 2017-11-18 atmospheric variables (HRES)...
  ✓ 2017-11-18 downloaded
  Downloading 2017-12-14 surface variables (HRES)...
  Downloading 2017-12-14 atmospheric variables (HRES)...
  ✓ 2017-12-14 downloaded
  ✓ 2018-01-12 already cached
  Downloading 2018-03-11 surface variables (HRES)...
  Downloading 2018-03-11 atmospheric variables (HRES)...
  ✓ 2018-03-11 downloaded
  Downloading 2018-03-12 surface variables (HRES)...
  Downloading 2018-03-12 atmospheric variables (HRES)...
  ✓ 2018-03-12 downloaded
  Downloading 2018-03-16 surface variables (HRES)...
  Downloading 2018-03-16 atmospheric variables (HRES)...
  ✓ 2018-03-16 downloaded
  Downloading 2018-03-17 surface variables (HRES)...
  Downloading 2018-03-17 atmospheric variables (HRES)...
  ✓ 2018-03-17 downloaded
  Downloading 2018-03-18 surface variables (HRES)...
  Downloading 2018-03-18 atmospheric variables (HRES)...
  ✓ 2018-03-18 downloaded
  Downloading 2018-03-19 surface variables (HRES)...
  Downloading 2018-03-19 atmospheric variables (HRES)...
  ✓ 2018-03-19 downloaded
  Downloading 2018-03-24 surface variables (HRES)...
  Downloading 2018-03-24 atmospheric variables (HRES)...
  ✓ 2018-03-24 downloaded
  Downloading 2018-03-26 surface variables (HRES)...
  Downloading 2018-03-26 atmospheric variables (HRES)...
  ✓ 2018-03-26 downloaded
  Downloading 2018-05-24 surface variables (HRES)...
  Downloading 2018-05-24 atmospheric variables (HRES)...
  ✓ 2018-05-24 downloaded
  Downloading 2018-05-26 surface variables (HRES)...
  Downloading 2018-05-26 atmospheric variables (HRES)...
  ✓ 2018-05-26 downloaded
  Downloading 2018-06-02 surface variables (HRES)...
  Downloading 2018-06-02 atmospheric variables (HRES)...
  ✓ 2018-06-02 downloaded
  Downloading 2018-06-16 surface variables (HRES)...
  Downloading 2018-06-16 atmospheric variables (HRES)...
  ✓ 2018-06-16 downloaded
  ✓ 2018-07-01 already cached
  Downloading 2018-07-03 surface variables (HRES)...
  Downloading 2018-07-03 atmospheric variables (HRES)...
  ✓ 2018-07-03 downloaded
  Downloading 2018-07-04 surface variables (HRES)...
  Downloading 2018-07-04 atmospheric variables (HRES)...
  ✓ 2018-07-04 downloaded
  Downloading 2018-07-25 surface variables (HRES)...
  Downloading 2018-07-25 atmospheric variables (HRES)...
  ✓ 2018-07-25 downloaded
  Downloading 2018-08-20 surface variables (HRES)...
  Downloading 2018-08-20 atmospheric variables (HRES)...
  ✓ 2018-08-20 downloaded
  Downloading 2018-08-21 surface variables (HRES)...
  Downloading 2018-08-21 atmospheric variables (HRES)...
  ✓ 2018-08-21 downloaded
  Downloading 2018-08-22 surface variables (HRES)...
  Downloading 2018-08-22 atmospheric variables (HRES)...
  ✓ 2018-08-22 downloaded
  Downloading 2018-08-23 surface variables (HRES)...
  Downloading 2018-08-23 atmospheric variables (HRES)...
  ✓ 2018-08-23 downloaded
  Downloading 2018-08-24 surface variables (HRES)...
  Downloading 2018-08-24 atmospheric variables (HRES)...
  ✓ 2018-08-24 downloaded
  Downloading 2018-08-25 surface variables (HRES)...
  Downloading 2018-08-25 atmospheric variables (HRES)...
  ✓ 2018-08-25 downloaded
  ✓ 2018-09-13 already cached
  ✓ 2018-09-24 already cached
  Downloading 2018-10-12 surface variables (HRES)...
  Downloading 2018-10-12 atmospheric variables (HRES)...
  ✓ 2018-10-12 downloaded
  ✓ 2018-10-21 already cached
  Downloading 2018-11-02 surface variables (HRES)...
  Downloading 2018-11-02 atmospheric variables (HRES)...
  ✓ 2018-11-02 downloaded
  ✓ 2018-11-07 already cached
  Downloading 2018-12-03 surface variables (HRES)...
  Downloading 2018-12-03 atmospheric variables (HRES)...
  ✓ 2018-12-03 downloaded
  ✓ 2018-12-04 already cached
  Downloading 2018-12-19 surface variables (HRES)...
  Downloading 2018-12-19 atmospheric variables (HRES)...
  ✓ 2018-12-19 downloaded
  Downloading 2018-12-20 surface variables (HRES)...
  Downloading 2018-12-20 atmospheric variables (HRES)...
  ✓ 2018-12-20 downloaded
  Downloading 2018-12-21 surface variables (HRES)...
  Downloading 2018-12-21 atmospheric variables (HRES)...
  ✓ 2018-12-21 downloaded
  Downloading 2018-12-22 surface variables (HRES)...
  Downloading 2018-12-22 atmospheric variables (HRES)...
  ✓ 2018-12-22 downloaded
  Downloading 2019-01-09 surface variables (HRES)...
  Downloading 2019-01-09 atmospheric variables (HRES)...
  ✓ 2019-01-09 downloaded
  Downloading 2019-01-10 surface variables (HRES)...
  Downloading 2019-01-10 atmospheric variables (HRES)...
  ✓ 2019-01-10 downloaded
  Downloading 2019-01-23 surface variables (HRES)...
  Downloading 2019-01-23 atmospheric variables (HRES)...
  ✓ 2019-01-23 downloaded
  Downloading 2019-03-06 surface variables (HRES)...
  Downloading 2019-03-06 atmospheric variables (HRES)...
  ✓ 2019-03-06 downloaded
  Downloading 2019-04-09 surface variables (HRES)...
  Downloading 2019-04-09 atmospheric variables (HRES)...
  ✓ 2019-04-09 downloaded
  Downloading 2019-04-10 surface variables (HRES)...
  Downloading 2019-04-10 atmospheric variables (HRES)...
  ✓ 2019-04-10 downloaded
  Downloading 2019-04-14 surface variables (HRES)...
  Downloading 2019-04-14 atmospheric variables (HRES)...
  ✓ 2019-04-14 downloaded
  Downloading 2019-04-19 surface variables (HRES)...
  Downloading 2019-04-19 atmospheric variables (HRES)...
  ✓ 2019-04-19 downloaded
  Downloading 2019-04-20 surface variables (HRES)...
  Downloading 2019-04-20 atmospheric variables (HRES)...
  ✓ 2019-04-20 downloaded
  Downloading 2019-04-27 surface variables (HRES)...
  Downloading 2019-04-27 atmospheric variables (HRES)...
  ✓ 2019-04-27 downloaded
  Downloading 2019-07-06 surface variables (HRES)...
  Downloading 2019-07-06 atmospheric variables (HRES)...
  ✓ 2019-07-06 downloaded
  Downloading 2019-07-24 surface variables (HRES)...
  Downloading 2019-07-24 atmospheric variables (HRES)...
  ✓ 2019-07-24 downloaded
  Downloading 2019-07-25 surface variables (HRES)...
  Downloading 2019-07-25 atmospheric variables (HRES)...
  ✓ 2019-07-25 downloaded
  Downloading 2019-07-26 surface variables (HRES)...
  Downloading 2019-07-26 atmospheric variables (HRES)...
  ✓ 2019-07-26 downloaded
  Downloading 2019-08-01 surface variables (HRES)...
  Downloading 2019-08-01 atmospheric variables (HRES)...
  ✓ 2019-08-01 downloaded
  Downloading 2019-08-19 surface variables (HRES)...
  Downloading 2019-08-19 atmospheric variables (HRES)...
  ✓ 2019-08-19 downloaded
  Downloading 2019-08-25 surface variables (HRES)...
  Downloading 2019-08-25 atmospheric variables (HRES)...
  ✓ 2019-08-25 downloaded
  Downloading 2019-09-11 surface variables (HRES)...
  Downloading 2019-09-11 atmospheric variables (HRES)...
  ✓ 2019-09-11 downloaded
  Downloading 2019-10-02 surface variables (HRES)...
  Downloading 2019-10-02 atmospheric variables (HRES)...
  ✓ 2019-10-02 downloaded
  Downloading 2019-10-08 surface variables (HRES)...
  Downloading 2019-10-08 atmospheric variables (HRES)...
  ✓ 2019-10-08 downloaded
  Downloading 2019-10-13 surface variables (HRES)...
  Downloading 2019-10-13 atmospheric variables (HRES)...
  ✓ 2019-10-13 downloaded
  Downloading 2019-10-14 surface variables (HRES)...
  Downloading 2019-10-14 atmospheric variables (HRES)...
  ✓ 2019-10-14 downloaded
  Downloading 2019-12-23 surface variables (HRES)...
  Downloading 2019-12-23 atmospheric variables (HRES)...
  ✓ 2019-12-23 downloaded
  Downloading 2019-12-24 surface variables (HRES)...
  Downloading 2019-12-24 atmospheric variables (HRES)...
  ✓ 2019-12-24 downloaded
  Downloading 2019-12-28 surface variables (HRES)...
  Downloading 2019-12-28 atmospheric variables (HRES)...
  ✓ 2019-12-28 downloaded
  Downloading 2020-04-06 surface variables (HRES)...
  Downloading 2020-04-06 atmospheric variables (HRES)...
  ✓ 2020-04-06 downloaded
  Downloading 2020-04-07 surface variables (HRES)...
  Downloading 2020-04-07 atmospheric variables (HRES)...
  ✓ 2020-04-07 downloaded
  Downloading 2020-04-12 surface variables (HRES)...
  Downloading 2020-04-12 atmospheric variables (HRES)...
  ✓ 2020-04-12 downloaded
  Downloading 2020-04-14 surface variables (HRES)...
  Downloading 2020-04-14 atmospheric variables (HRES)...
  ✓ 2020-04-14 downloaded
  Downloading 2020-05-08 surface variables (HRES)...
  Downloading 2020-05-08 atmospheric variables (HRES)...
  ✓ 2020-05-08 downloaded
  Downloading 2020-05-14 surface variables (HRES)...
  Downloading 2020-05-14 atmospheric variables (HRES)...
  ✓ 2020-05-14 downloaded
  Downloading 2020-07-18 surface variables (HRES)...
  Downloading 2020-07-18 atmospheric variables (HRES)...
  ✓ 2020-07-18 downloaded
  ✓ 2020-07-21 already cached
  Downloading 2020-07-26 surface variables (HRES)...
  Downloading 2020-07-26 atmospheric variables (HRES)...
  ✓ 2020-07-26 downloaded
  ✓ 2020-08-08 already cached
  Downloading 2020-08-23 surface variables (HRES)...
  Downloading 2020-08-23 atmospheric variables (HRES)...
  ✓ 2020-08-23 downloaded
  Downloading 2020-09-01 surface variables (HRES)...
  Downloading 2020-09-01 atmospheric variables (HRES)...
  ✓ 2020-09-01 downloaded
  Downloading 2020-09-06 surface variables (HRES)...
  Downloading 2020-09-06 atmospheric variables (HRES)...
  ✓ 2020-09-06 downloaded
  Downloading 2020-09-19 surface variables (HRES)...
  Downloading 2020-09-19 atmospheric variables (HRES)...
  ✓ 2020-09-19 downloaded
  ✓ 2020-09-20 already cached
  Downloading 2020-09-25 surface variables (HRES)...
  Downloading 2020-09-25 atmospheric variables (HRES)...
  ✓ 2020-09-25 downloaded
  Downloading 2020-10-25 surface variables (HRES)...
  Downloading 2020-10-25 atmospheric variables (HRES)...
  ✓ 2020-10-25 downloaded
  ✓ 2020-10-26 already cached
  Downloading 2021-01-17 surface variables (HRES)...
  Downloading 2021-01-17 atmospheric variables (HRES)...
  ✓ 2021-01-17 downloaded
  Downloading 2021-01-21 surface variables (HRES)...
  Downloading 2021-01-21 atmospheric variables (HRES)...
  ✓ 2021-01-21 downloaded
  Downloading 2021-01-22 surface variables (HRES)...
  Downloading 2021-01-22 atmospheric variables (HRES)...
  ✓ 2021-01-22 downloaded
  Downloading 2021-01-28 surface variables (HRES)...
  Downloading 2021-01-28 atmospheric variables (HRES)...
  ✓ 2021-01-28 downloaded
  Downloading 2021-01-29 surface variables (HRES)...
  Downloading 2021-01-29 atmospheric variables (HRES)...
  ✓ 2021-01-29 downloaded
  ✓ 2021-02-19 already cached
  Downloading 2021-03-03 surface variables (HRES)...
  Downloading 2021-03-03 atmospheric variables (HRES)...
  ✓ 2021-03-03 downloaded
  Downloading 2021-04-24 surface variables (HRES)...
  Downloading 2021-04-24 atmospheric variables (HRES)...
  ✓ 2021-04-24 downloaded
  Downloading 2021-05-20 surface variables (HRES)...
  Downloading 2021-05-20 atmospheric variables (HRES)...
  ✓ 2021-05-20 downloaded
  Downloading 2021-05-21 surface variables (HRES)...
  Downloading 2021-05-21 atmospheric variables (HRES)...
  ✓ 2021-05-21 downloaded
  Downloading 2021-06-03 surface variables (HRES)...
  Downloading 2021-06-03 atmospheric variables (HRES)...
  ✓ 2021-06-03 downloaded
  Downloading 2021-06-05 surface variables (HRES)...
  Downloading 2021-06-05 atmospheric variables (HRES)...
  ✓ 2021-06-05 downloaded
  Downloading 2021-06-27 surface variables (HRES)...
  Downloading 2021-06-27 atmospheric variables (HRES)...
  ✓ 2021-06-27 downloaded
  Downloading 2021-06-28 surface variables (HRES)...
  Downloading 2021-06-28 atmospheric variables (HRES)...
  ✓ 2021-06-28 downloaded
  Downloading 2021-07-07 surface variables (HRES)...
  Downloading 2021-07-07 atmospheric variables (HRES)...
  ✓ 2021-07-07 downloaded
  Downloading 2021-07-19 surface variables (HRES)...
  Downloading 2021-07-19 atmospheric variables (HRES)...
  ✓ 2021-07-19 downloaded
  Downloading 2021-07-22 surface variables (HRES)...
  Downloading 2021-07-22 atmospheric variables (HRES)...
  ✓ 2021-07-22 downloaded
  Downloading 2021-07-31 surface variables (HRES)...
  Downloading 2021-07-31 atmospheric variables (HRES)...
  ✓ 2021-07-31 downloaded
  Downloading 2021-08-04 surface variables (HRES)...
  Downloading 2021-08-04 atmospheric variables (HRES)...
  ✓ 2021-08-04 downloaded
  Downloading 2021-08-05 surface variables (HRES)...
  Downloading 2021-08-05 atmospheric variables (HRES)...
  ✓ 2021-08-05 downloaded
  Downloading 2021-08-22 surface variables (HRES)...
  Downloading 2021-08-22 atmospheric variables (HRES)...
  ✓ 2021-08-22 downloaded
  Downloading 2021-08-25 surface variables (HRES)...
  Downloading 2021-08-25 atmospheric variables (HRES)...
  ✓ 2021-08-25 downloaded
  Downloading 2021-08-30 surface variables (HRES)...
  Downloading 2021-08-30 atmospheric variables (HRES)...
  ✓ 2021-08-30 downloaded
  Downloading 2021-08-31 surface variables (HRES)...
  Downloading 2021-08-31 atmospheric variables (HRES)...
  ✓ 2021-08-31 downloaded
  Downloading 2021-09-17 surface variables (HRES)...
  Downloading 2021-09-17 atmospheric variables (HRES)...
  ✓ 2021-09-17 downloaded
  ✓ 2021-09-18 already cached
  Downloading 2021-10-14 surface variables (HRES)...
  Downloading 2021-10-14 atmospheric variables (HRES)...
  ✓ 2021-10-14 downloaded
  ✓ 2021-10-16 already cached

============================================================
  DOWNLOAD COMPLETE
============================================================
  Files cached at: /scratch-shared/ekasteleyn/downloads/hres_t0
  Total size: 1685.16 GB

========================================
  COMPLETE: Tue Apr 14 11:58:21 CEST 2026
========================================
