========================================
  HRES T0 DATA DOWNLOAD - AO DATES  
========================================
Job ID:       21725887
Date:         Fri Apr 10 11:26:31 CEST 2026
Node:         tcn494.local.snellius.surf.nl
========================================

============================================================
  HRES T0 DATA DOWNLOAD
============================================================
  Dates: 163
  Cache: /scratch-shared/ekasteleyn/downloads/hres_t0
============================================================

[1/3] Total dates to download: 285

[2/3] Static variables...
  ✓ Static variables already cached

[3/3] HRES T0 / ERA5 data...
  Opening WeatherBench2 datasets...
  Downloading 2016-01-22 surface variables (HRES)...
  Downloading 2016-01-22 atmospheric variables (HRES)...
  ✓ 2016-01-22 downloaded
  Downloading 2016-01-23 surface variables (HRES)...
  Downloading 2016-01-23 atmospheric variables (HRES)...
  ✓ 2016-01-23 downloaded
  Downloading 2016-01-24 surface variables (HRES)...
  Downloading 2016-01-24 atmospheric variables (HRES)...
  ✓ 2016-01-24 downloaded
  Downloading 2016-01-25 surface variables (HRES)...
  Downloading 2016-01-25 atmospheric variables (HRES)...
  ✓ 2016-01-25 downloaded
  Downloading 2016-02-03 surface variables (HRES)...
  Downloading 2016-02-03 atmospheric variables (HRES)...
  ✓ 2016-02-03 downloaded
  Downloading 2016-02-04 surface variables (HRES)...
  Downloading 2016-02-04 atmospheric variables (HRES)...
  ✓ 2016-02-04 downloaded
  Downloading 2016-03-15 surface variables (HRES)...
  Downloading 2016-03-15 atmospheric variables (HRES)...
  ✓ 2016-03-15 downloaded
  Downloading 2016-03-16 surface variables (HRES)...
  Downloading 2016-03-16 atmospheric variables (HRES)...
  ✓ 2016-03-16 downloaded
  Downloading 2016-03-19 surface variables (HRES)...
  Downloading 2016-03-19 atmospheric variables (HRES)...
  ✓ 2016-03-19 downloaded
  Downloading 2016-03-20 surface variables (HRES)...
  Downloading 2016-03-20 atmospheric variables (HRES)...
  ✓ 2016-03-20 downloaded
  Downloading 2016-03-21 surface variables (HRES)...
  Downloading 2016-03-21 atmospheric variables (HRES)...
  ✓ 2016-03-21 downloaded
  Downloading 2016-03-22 surface variables (HRES)...
  Downloading 2016-03-22 atmospheric variables (HRES)...
  ✓ 2016-03-22 downloaded
  Downloading 2016-04-02 surface variables (HRES)...
  Downloading 2016-04-02 atmospheric variables (HRES)...
  ✓ 2016-04-02 downloaded
  Downloading 2016-04-03 surface variables (HRES)...
  Downloading 2016-04-03 atmospheric variables (HRES)...
  ✓ 2016-04-03 downloaded
  Downloading 2016-04-06 surface variables (HRES)...
  Downloading 2016-04-06 atmospheric variables (HRES)...
  ✓ 2016-04-06 downloaded
  Downloading 2016-04-07 surface variables (HRES)...
  Downloading 2016-04-07 atmospheric variables (HRES)...
  ✓ 2016-04-07 downloaded
  Downloading 2016-04-08 surface variables (HRES)...
  Downloading 2016-04-08 atmospheric variables (HRES)...
  ✓ 2016-04-08 downloaded
  Downloading 2016-04-15 surface variables (HRES)...
  Downloading 2016-04-15 atmospheric variables (HRES)...
  ✓ 2016-04-15 downloaded
  Downloading 2016-04-16 surface variables (HRES)...
  Downloading 2016-04-16 atmospheric variables (HRES)...
  ✓ 2016-04-16 downloaded
  Downloading 2016-04-17 surface variables (HRES)...
  Downloading 2016-04-17 atmospheric variables (HRES)...
  ✓ 2016-04-17 downloaded
  Downloading 2016-04-18 surface variables (HRES)...
  Downloading 2016-04-18 atmospheric variables (HRES)...
  ✓ 2016-04-18 downloaded
  Downloading 2016-05-03 surface variables (HRES)...
  Downloading 2016-05-03 atmospheric variables (HRES)...
  ✓ 2016-05-03 downloaded
  Downloading 2016-05-04 surface variables (HRES)...
  Downloading 2016-05-04 atmospheric variables (HRES)...
  ✓ 2016-05-04 downloaded
  Downloading 2016-05-13 surface variables (HRES)...
  Downloading 2016-05-13 atmospheric variables (HRES)...
  ✓ 2016-05-13 downloaded
  Downloading 2016-05-14 surface variables (HRES)...
  Downloading 2016-05-14 atmospheric variables (HRES)...
  ✓ 2016-05-14 downloaded
  Downloading 2016-05-23 surface variables (HRES)...
  Downloading 2016-05-23 atmospheric variables (HRES)...
  ✓ 2016-05-23 downloaded
  Downloading 2016-05-24 surface variables (HRES)...
  Downloading 2016-05-24 atmospheric variables (HRES)...
  ✓ 2016-05-24 downloaded
  Downloading 2016-05-25 surface variables (HRES)...
  Downloading 2016-05-25 atmospheric variables (HRES)...
  ✓ 2016-05-25 downloaded
  Downloading 2016-05-26 surface variables (HRES)...
  Downloading 2016-05-26 atmospheric variables (HRES)...
  ✓ 2016-05-26 downloaded
  Downloading 2016-06-08 surface variables (HRES)...
  Downloading 2016-06-08 atmospheric variables (HRES)...
  ✓ 2016-06-08 downloaded
  Downloading 2016-06-09 surface variables (HRES)...
  Downloading 2016-06-09 atmospheric variables (HRES)...
  ✓ 2016-06-09 downloaded
  Downloading 2016-06-13 surface variables (HRES)...
  Downloading 2016-06-13 atmospheric variables (HRES)...
  ✓ 2016-06-13 downloaded
  Downloading 2016-06-14 surface variables (HRES)...
  Downloading 2016-06-14 atmospheric variables (HRES)...
  ✓ 2016-06-14 downloaded
  Downloading 2016-07-06 surface variables (HRES)...
  Downloading 2016-07-06 atmospheric variables (HRES)...
  ✓ 2016-07-06 downloaded
  Downloading 2016-07-07 surface variables (HRES)...
  Downloading 2016-07-07 atmospheric variables (HRES)...
  ✓ 2016-07-07 downloaded
  Downloading 2016-07-12 surface variables (HRES)...
  Downloading 2016-07-12 atmospheric variables (HRES)...
  ✓ 2016-07-12 downloaded
  Downloading 2016-07-13 surface variables (HRES)...
  Downloading 2016-07-13 atmospheric variables (HRES)...
  ✓ 2016-07-13 downloaded
  Downloading 2016-07-20 surface variables (HRES)...
  Downloading 2016-07-20 atmospheric variables (HRES)...
  ✓ 2016-07-20 downloaded
  Downloading 2016-07-21 surface variables (HRES)...
  Downloading 2016-07-21 atmospheric variables (HRES)...
  ✓ 2016-07-21 downloaded
  Downloading 2016-07-22 surface variables (HRES)...
  Downloading 2016-07-22 atmospheric variables (HRES)...
  ✓ 2016-07-22 downloaded
  Downloading 2016-07-23 surface variables (HRES)...
  Downloading 2016-07-23 atmospheric variables (HRES)...
  ✓ 2016-07-23 downloaded
  Downloading 2016-07-29 surface variables (HRES)...
  Downloading 2016-07-29 atmospheric variables (HRES)...
  ✓ 2016-07-29 downloaded
  Downloading 2016-07-30 surface variables (HRES)...
  Downloading 2016-07-30 atmospheric variables (HRES)...
  ✓ 2016-07-30 downloaded
  Downloading 2016-08-05 surface variables (HRES)...
  Downloading 2016-08-05 atmospheric variables (HRES)...
  ✓ 2016-08-05 downloaded
  Downloading 2016-08-06 surface variables (HRES)...
  Downloading 2016-08-06 atmospheric variables (HRES)...
  ✓ 2016-08-06 downloaded
  Downloading 2016-08-07 surface variables (HRES)...
  Downloading 2016-08-07 atmospheric variables (HRES)...
  ✓ 2016-08-07 downloaded
  Downloading 2016-08-08 surface variables (HRES)...
  Downloading 2016-08-08 atmospheric variables (HRES)...
  ✓ 2016-08-08 downloaded
  Downloading 2016-08-17 surface variables (HRES)...
  Downloading 2016-08-17 atmospheric variables (HRES)...
  ✓ 2016-08-17 downloaded
  Downloading 2016-08-18 surface variables (HRES)...
  Downloading 2016-08-18 atmospheric variables (HRES)...
  ✓ 2016-08-18 downloaded
  Downloading 2016-08-22 surface variables (HRES)...
  Downloading 2016-08-22 atmospheric variables (HRES)...
  ✓ 2016-08-22 downloaded
  Downloading 2016-08-23 surface variables (HRES)...
  Downloading 2016-08-23 atmospheric variables (HRES)...
  ✓ 2016-08-23 downloaded
  Downloading 2016-08-24 surface variables (HRES)...
  Downloading 2016-08-24 atmospheric variables (HRES)...
  ✓ 2016-08-24 downloaded
  Downloading 2016-09-03 surface variables (HRES)...
  Downloading 2016-09-03 atmospheric variables (HRES)...
  ✓ 2016-09-03 downloaded
  Downloading 2016-09-04 surface variables (HRES)...
  Downloading 2016-09-04 atmospheric variables (HRES)...
  ✓ 2016-09-04 downloaded
  Downloading 2016-09-11 surface variables (HRES)...
  Downloading 2016-09-11 atmospheric variables (HRES)...
  ✓ 2016-09-11 downloaded
  Downloading 2016-09-12 surface variables (HRES)...
  Downloading 2016-09-12 atmospheric variables (HRES)...
  ✓ 2016-09-12 downloaded
  Downloading 2016-09-20 surface variables (HRES)...
  Downloading 2016-09-20 atmospheric variables (HRES)...
  ✓ 2016-09-20 downloaded
  Downloading 2016-09-21 surface variables (HRES)...
  Downloading 2016-09-21 atmospheric variables (HRES)...
  ✓ 2016-09-21 downloaded
  Downloading 2016-09-22 surface variables (HRES)...
  Downloading 2016-09-22 atmospheric variables (HRES)...
  ✓ 2016-09-22 downloaded
  Downloading 2016-11-08 surface variables (HRES)...
  Downloading 2016-11-08 atmospheric variables (HRES)...
  ✓ 2016-11-08 downloaded
  Downloading 2016-11-09 surface variables (HRES)...
  Downloading 2016-11-09 atmospheric variables (HRES)...
  ✓ 2016-11-09 downloaded
  Downloading 2016-12-02 surface variables (HRES)...
  Downloading 2016-12-02 atmospheric variables (HRES)...
  ✓ 2016-12-02 downloaded
  Downloading 2016-12-03 surface variables (HRES)...
  Downloading 2016-12-03 atmospheric variables (HRES)...
  ✓ 2016-12-03 downloaded
  Downloading 2016-12-04 surface variables (HRES)...
  Downloading 2016-12-04 atmospheric variables (HRES)...
  ✓ 2016-12-04 downloaded
  Downloading 2016-12-05 surface variables (HRES)...
  Downloading 2016-12-05 atmospheric variables (HRES)...
  ✓ 2016-12-05 downloaded
  Downloading 2016-12-06 surface variables (HRES)...
  Downloading 2016-12-06 atmospheric variables (HRES)...
  ✓ 2016-12-06 downloaded
  Downloading 2017-03-03 surface variables (HRES)...
  Downloading 2017-03-03 atmospheric variables (HRES)...
  ✓ 2017-03-03 downloaded
  Downloading 2017-03-04 surface variables (HRES)...
  Downloading 2017-03-04 atmospheric variables (HRES)...
  ✓ 2017-03-04 downloaded
  Downloading 2017-04-05 surface variables (HRES)...
  Downloading 2017-04-05 atmospheric variables (HRES)...
  ✓ 2017-04-05 downloaded
  Downloading 2017-04-06 surface variables (HRES)...
  Downloading 2017-04-06 atmospheric variables (HRES)...
  ✓ 2017-04-06 downloaded
  Downloading 2017-04-12 surface variables (HRES)...
  Downloading 2017-04-12 atmospheric variables (HRES)...
  ✓ 2017-04-12 downloaded
  Downloading 2017-04-13 surface variables (HRES)...
  Downloading 2017-04-13 atmospheric variables (HRES)...
  ✓ 2017-04-13 downloaded
  Downloading 2017-05-18 surface variables (HRES)...
  Downloading 2017-05-18 atmospheric variables (HRES)...
  ✓ 2017-05-18 downloaded
  Downloading 2017-05-19 surface variables (HRES)...
  Downloading 2017-05-19 atmospheric variables (HRES)...
  ✓ 2017-05-19 downloaded
  Downloading 2017-05-25 surface variables (HRES)...
  Downloading 2017-05-25 atmospheric variables (HRES)...
  ✓ 2017-05-25 downloaded
  Downloading 2017-05-26 surface variables (HRES)...
  Downloading 2017-05-26 atmospheric variables (HRES)...
  ✓ 2017-05-26 downloaded
  Downloading 2017-05-31 surface variables (HRES)...
  Downloading 2017-05-31 atmospheric variables (HRES)...
  ✓ 2017-05-31 downloaded
  Downloading 2017-06-01 surface variables (HRES)...
  Downloading 2017-06-01 atmospheric variables (HRES)...
  ✓ 2017-06-01 downloaded
  Downloading 2017-06-29 surface variables (HRES)...
  Downloading 2017-06-29 atmospheric variables (HRES)...
  ✓ 2017-06-29 downloaded
  Downloading 2017-06-30 surface variables (HRES)...
  Downloading 2017-06-30 atmospheric variables (HRES)...
  ✓ 2017-06-30 downloaded
  Downloading 2017-07-23 surface variables (HRES)...
  Downloading 2017-07-23 atmospheric variables (HRES)...
  ✓ 2017-07-23 downloaded
  Downloading 2017-07-24 surface variables (HRES)...
  Downloading 2017-07-24 atmospheric variables (HRES)...
  ✓ 2017-07-24 downloaded
  Downloading 2017-07-28 surface variables (HRES)...
  Downloading 2017-07-28 atmospheric variables (HRES)...
  ✓ 2017-07-28 downloaded
  Downloading 2017-07-29 surface variables (HRES)...
  Downloading 2017-07-29 atmospheric variables (HRES)...
  ✓ 2017-07-29 downloaded
  Downloading 2017-08-05 surface variables (HRES)...
  Downloading 2017-08-05 atmospheric variables (HRES)...
  ✓ 2017-08-05 downloaded
  Downloading 2017-08-06 surface variables (HRES)...
  Downloading 2017-08-06 atmospheric variables (HRES)...
  ✓ 2017-08-06 downloaded
  Downloading 2017-08-16 surface variables (HRES)...
  Downloading 2017-08-16 atmospheric variables (HRES)...
  ✓ 2017-08-16 downloaded
  Downloading 2017-08-17 surface variables (HRES)...
  Downloading 2017-08-17 atmospheric variables (HRES)...
  ✓ 2017-08-17 downloaded
  Downloading 2017-08-18 surface variables (HRES)...
  Downloading 2017-08-18 atmospheric variables (HRES)...
  ✓ 2017-08-18 downloaded
  Downloading 2017-08-19 surface variables (HRES)...
  Downloading 2017-08-19 atmospheric variables (HRES)...
  ✓ 2017-08-19 downloaded
  Downloading 2017-08-20 surface variables (HRES)...
  Downloading 2017-08-20 atmospheric variables (HRES)...
  ✓ 2017-08-20 downloaded
  Downloading 2017-09-02 surface variables (HRES)...
  Downloading 2017-09-02 atmospheric variables (HRES)...
  ✓ 2017-09-02 downloaded
  Downloading 2017-09-03 surface variables (HRES)...
  Downloading 2017-09-03 atmospheric variables (HRES)...
  ✓ 2017-09-03 downloaded
  ✓ 2017-09-08 already cached
  Downloading 2017-09-09 surface variables (HRES)...
  Downloading 2017-09-09 atmospheric variables (HRES)...
  ✓ 2017-09-09 downloaded
  Downloading 2017-09-17 surface variables (HRES)...
  Downloading 2017-09-17 atmospheric variables (HRES)...
  ✓ 2017-09-17 downloaded
  Downloading 2017-09-18 surface variables (HRES)...
  Downloading 2017-09-18 atmospheric variables (HRES)...
  ✓ 2017-09-18 downloaded
  ✓ 2017-10-21 already cached
  Downloading 2017-10-22 surface variables (HRES)...
  Downloading 2017-10-22 atmospheric variables (HRES)...
  ✓ 2017-10-22 downloaded
  Downloading 2017-10-23 surface variables (HRES)...
  Downloading 2017-10-23 atmospheric variables (HRES)...
  ✓ 2017-10-23 downloaded
  Downloading 2017-10-24 surface variables (HRES)...
  Downloading 2017-10-24 atmospheric variables (HRES)...
  ✓ 2017-10-24 downloaded
  Downloading 2017-10-29 surface variables (HRES)...
  Downloading 2017-10-29 atmospheric variables (HRES)...
  ✓ 2017-10-29 downloaded
  Downloading 2017-10-30 surface variables (HRES)...
  Downloading 2017-10-30 atmospheric variables (HRES)...
  ✓ 2017-10-30 downloaded
  Downloading 2017-11-11 surface variables (HRES)...
  Downloading 2017-11-11 atmospheric variables (HRES)...
  ✓ 2017-11-11 downloaded
  Downloading 2017-11-12 surface variables (HRES)...
  Downloading 2017-11-12 atmospheric variables (HRES)...
  ✓ 2017-11-12 downloaded
  ✓ 2017-11-13 already cached
  ✓ 2017-11-15 already cached
  Downloading 2017-11-16 surface variables (HRES)...
  Downloading 2017-11-16 atmospheric variables (HRES)...
  ✓ 2017-11-16 downloaded
  Downloading 2017-11-23 surface variables (HRES)...
  Downloading 2017-11-23 atmospheric variables (HRES)...
  ✓ 2017-11-23 downloaded
  Downloading 2017-11-24 surface variables (HRES)...
  Downloading 2017-11-24 atmospheric variables (HRES)...
  ✓ 2017-11-24 downloaded
  Downloading 2018-01-12 surface variables (HRES)...
  Downloading 2018-01-12 atmospheric variables (HRES)...
  ✓ 2018-01-12 downloaded
  Downloading 2018-01-13 surface variables (HRES)...
  Downloading 2018-01-13 atmospheric variables (HRES)...
  ✓ 2018-01-13 downloaded
  Downloading 2018-04-07 surface variables (HRES)...
  Downloading 2018-04-07 atmospheric variables (HRES)...
  ✓ 2018-04-07 downloaded
  Downloading 2018-04-08 surface variables (HRES)...
  Downloading 2018-04-08 atmospheric variables (HRES)...
  ✓ 2018-04-08 downloaded
  Downloading 2018-04-09 surface variables (HRES)...
  Downloading 2018-04-09 atmospheric variables (HRES)...
  ✓ 2018-04-09 downloaded
  Downloading 2018-04-10 surface variables (HRES)...
  Downloading 2018-04-10 atmospheric variables (HRES)...
  ✓ 2018-04-10 downloaded
  Downloading 2018-04-11 surface variables (HRES)...
  Downloading 2018-04-11 atmospheric variables (HRES)...
  ✓ 2018-04-11 downloaded
  Downloading 2018-04-12 surface variables (HRES)...
  Downloading 2018-04-12 atmospheric variables (HRES)...
  ✓ 2018-04-12 downloaded
  Downloading 2018-04-13 surface variables (HRES)...
  Downloading 2018-04-13 atmospheric variables (HRES)...
  ✓ 2018-04-13 downloaded
  Downloading 2018-06-11 surface variables (HRES)...
  Downloading 2018-06-11 atmospheric variables (HRES)...
  ✓ 2018-06-11 downloaded
  ✓ 2018-06-12 already cached
  Downloading 2018-07-01 surface variables (HRES)...
  Downloading 2018-07-01 atmospheric variables (HRES)...
  ✓ 2018-07-01 downloaded
  Downloading 2018-07-02 surface variables (HRES)...
  Downloading 2018-07-02 atmospheric variables (HRES)...
  ✓ 2018-07-02 downloaded
  Downloading 2018-08-04 surface variables (HRES)...
  Downloading 2018-08-04 atmospheric variables (HRES)...
  ✓ 2018-08-04 downloaded
  Downloading 2018-08-05 surface variables (HRES)...
  Downloading 2018-08-05 atmospheric variables (HRES)...
  ✓ 2018-08-05 downloaded
  Downloading 2018-09-03 surface variables (HRES)...
  Downloading 2018-09-03 atmospheric variables (HRES)...
  ✓ 2018-09-03 downloaded
  Downloading 2018-09-04 surface variables (HRES)...
  Downloading 2018-09-04 atmospheric variables (HRES)...
  ✓ 2018-09-04 downloaded
  Downloading 2018-09-08 surface variables (HRES)...
  Downloading 2018-09-08 atmospheric variables (HRES)...
  ✓ 2018-09-08 downloaded
  Downloading 2018-09-09 surface variables (HRES)...
  Downloading 2018-09-09 atmospheric variables (HRES)...
  ✓ 2018-09-09 downloaded
  Downloading 2018-09-13 surface variables (HRES)...
  Downloading 2018-09-13 atmospheric variables (HRES)...
  ✓ 2018-09-13 downloaded
  Downloading 2018-09-14 surface variables (HRES)...
  Downloading 2018-09-14 atmospheric variables (HRES)...
  ✓ 2018-09-14 downloaded
  ✓ 2018-09-15 already cached
  Downloading 2018-09-16 surface variables (HRES)...
  Downloading 2018-09-16 atmospheric variables (HRES)...
  ✓ 2018-09-16 downloaded
  Downloading 2018-09-17 surface variables (HRES)...
  Downloading 2018-09-17 atmospheric variables (HRES)...
  ✓ 2018-09-17 downloaded
  Downloading 2018-09-18 surface variables (HRES)...
  Downloading 2018-09-18 atmospheric variables (HRES)...
  ✓ 2018-09-18 downloaded
  Downloading 2018-09-28 surface variables (HRES)...
  Downloading 2018-09-28 atmospheric variables (HRES)...
  ✓ 2018-09-28 downloaded
  Downloading 2018-09-29 surface variables (HRES)...
  Downloading 2018-09-29 atmospheric variables (HRES)...
  ✓ 2018-09-29 downloaded
  Downloading 2018-10-01 surface variables (HRES)...
  Downloading 2018-10-01 atmospheric variables (HRES)...
  ✓ 2018-10-01 downloaded
  Downloading 2018-10-02 surface variables (HRES)...
  Downloading 2018-10-02 atmospheric variables (HRES)...
  ✓ 2018-10-02 downloaded
  Downloading 2018-10-10 surface variables (HRES)...
  Downloading 2018-10-10 atmospheric variables (HRES)...
  ✓ 2018-10-10 downloaded
  Downloading 2018-10-11 surface variables (HRES)...
  Downloading 2018-10-11 atmospheric variables (HRES)...
  ✓ 2018-10-11 downloaded
  Downloading 2019-01-04 surface variables (HRES)...
  Downloading 2019-01-04 atmospheric variables (HRES)...
  ✓ 2019-01-04 downloaded
  Downloading 2019-01-05 surface variables (HRES)...
  Downloading 2019-01-05 atmospheric variables (HRES)...
  ✓ 2019-01-05 downloaded
  Downloading 2019-01-06 surface variables (HRES)...
  Downloading 2019-01-06 atmospheric variables (HRES)...
  ✓ 2019-01-06 downloaded
  Downloading 2019-01-07 surface variables (HRES)...
  Downloading 2019-01-07 atmospheric variables (HRES)...
  ✓ 2019-01-07 downloaded
  Downloading 2019-01-19 surface variables (HRES)...
  Downloading 2019-01-19 atmospheric variables (HRES)...
  ✓ 2019-01-19 downloaded
  Downloading 2019-01-20 surface variables (HRES)...
  Downloading 2019-01-20 atmospheric variables (HRES)...
  ✓ 2019-01-20 downloaded
  Downloading 2019-04-02 surface variables (HRES)...
  Downloading 2019-04-02 atmospheric variables (HRES)...
  ✓ 2019-04-02 downloaded
  Downloading 2019-04-03 surface variables (HRES)...
  Downloading 2019-04-03 atmospheric variables (HRES)...
  ✓ 2019-04-03 downloaded
  Downloading 2019-04-12 surface variables (HRES)...
  Downloading 2019-04-12 atmospheric variables (HRES)...
  ✓ 2019-04-12 downloaded
  Downloading 2019-04-13 surface variables (HRES)...
  Downloading 2019-04-13 atmospheric variables (HRES)...
  ✓ 2019-04-13 downloaded
  Downloading 2019-04-29 surface variables (HRES)...
  Downloading 2019-04-29 atmospheric variables (HRES)...
  ✓ 2019-04-29 downloaded
  Downloading 2019-04-30 surface variables (HRES)...
  Downloading 2019-04-30 atmospheric variables (HRES)...
  ✓ 2019-04-30 downloaded
  Downloading 2019-05-01 surface variables (HRES)...
  Downloading 2019-05-01 atmospheric variables (HRES)...
  ✓ 2019-05-01 downloaded
  Downloading 2019-05-23 surface variables (HRES)...
  Downloading 2019-05-23 atmospheric variables (HRES)...
  ✓ 2019-05-23 downloaded
  Downloading 2019-05-24 surface variables (HRES)...
  Downloading 2019-05-24 atmospheric variables (HRES)...
  ✓ 2019-05-24 downloaded
  Downloading 2019-05-25 surface variables (HRES)...
  Downloading 2019-05-25 atmospheric variables (HRES)...
  ✓ 2019-05-25 downloaded
  Downloading 2019-06-16 surface variables (HRES)...
  Downloading 2019-06-16 atmospheric variables (HRES)...
  ✓ 2019-06-16 downloaded
  Downloading 2019-06-17 surface variables (HRES)...
  Downloading 2019-06-17 atmospheric variables (HRES)...
  ✓ 2019-06-17 downloaded
  Downloading 2019-06-30 surface variables (HRES)...
  Downloading 2019-06-30 atmospheric variables (HRES)...
  ✓ 2019-06-30 downloaded
  Downloading 2019-07-01 surface variables (HRES)...
  Downloading 2019-07-01 atmospheric variables (HRES)...
  ✓ 2019-07-01 downloaded
  Downloading 2019-07-17 surface variables (HRES)...
  Downloading 2019-07-17 atmospheric variables (HRES)...
  ✓ 2019-07-17 downloaded
  Downloading 2019-07-18 surface variables (HRES)...
  Downloading 2019-07-18 atmospheric variables (HRES)...
  ✓ 2019-07-18 downloaded
  Downloading 2019-07-19 surface variables (HRES)...
  Downloading 2019-07-19 atmospheric variables (HRES)...
  ✓ 2019-07-19 downloaded
  Downloading 2019-07-20 surface variables (HRES)...
  Downloading 2019-07-20 atmospheric variables (HRES)...
  ✓ 2019-07-20 downloaded
  Downloading 2019-07-21 surface variables (HRES)...
  Downloading 2019-07-21 atmospheric variables (HRES)...
  ✓ 2019-07-21 downloaded
  Downloading 2019-08-23 surface variables (HRES)...
  Downloading 2019-08-23 atmospheric variables (HRES)...
  ✓ 2019-08-23 downloaded
  Downloading 2019-08-24 surface variables (HRES)...
  Downloading 2019-08-24 atmospheric variables (HRES)...
  ✓ 2019-08-24 downloaded
  Downloading 2019-08-31 surface variables (HRES)...
  Downloading 2019-08-31 atmospheric variables (HRES)...
  ✓ 2019-08-31 downloaded
  Downloading 2019-09-01 surface variables (HRES)...
  Downloading 2019-09-01 atmospheric variables (HRES)...
  ✓ 2019-09-01 downloaded
  Downloading 2019-09-08 surface variables (HRES)...
  Downloading 2019-09-08 atmospheric variables (HRES)...
  ✓ 2019-09-08 downloaded
  Downloading 2019-09-09 surface variables (HRES)...
  Downloading 2019-09-09 atmospheric variables (HRES)...
  ✓ 2019-09-09 downloaded
  ✓ 2019-09-26 already cached
  Downloading 2019-09-27 surface variables (HRES)...
  Downloading 2019-09-27 atmospheric variables (HRES)...
  ✓ 2019-09-27 downloaded
  Downloading 2019-10-23 surface variables (HRES)...
  Downloading 2019-10-23 atmospheric variables (HRES)...
  ✓ 2019-10-23 downloaded
  Downloading 2019-10-24 surface variables (HRES)...
  Downloading 2019-10-24 atmospheric variables (HRES)...
  ✓ 2019-10-24 downloaded
  ✓ 2020-01-28 already cached
  Downloading 2020-01-29 surface variables (HRES)...
  Downloading 2020-01-29 atmospheric variables (HRES)...
  ✓ 2020-01-29 downloaded
  ✓ 2020-03-28 already cached
  Downloading 2020-03-29 surface variables (HRES)...
  Downloading 2020-03-29 atmospheric variables (HRES)...
  ✓ 2020-03-29 downloaded
  Downloading 2020-05-05 surface variables (HRES)...
  Downloading 2020-05-05 atmospheric variables (HRES)...
  ✓ 2020-05-05 downloaded
  ✓ 2020-05-06 already cached
  Downloading 2020-05-11 surface variables (HRES)...
  Downloading 2020-05-11 atmospheric variables (HRES)...
  ✓ 2020-05-11 downloaded
  Downloading 2020-05-12 surface variables (HRES)...
  Downloading 2020-05-12 atmospheric variables (HRES)...
  ✓ 2020-05-12 downloaded
  Downloading 2020-05-20 surface variables (HRES)...
  Downloading 2020-05-20 atmospheric variables (HRES)...
  ✓ 2020-05-20 downloaded
  Downloading 2020-05-21 surface variables (HRES)...
  Downloading 2020-05-21 atmospheric variables (HRES)...
  ✓ 2020-05-21 downloaded
  Downloading 2020-06-05 surface variables (HRES)...
  Downloading 2020-06-05 atmospheric variables (HRES)...
  ✓ 2020-06-05 downloaded
  Downloading 2020-06-06 surface variables (HRES)...
  Downloading 2020-06-06 atmospheric variables (HRES)...
  ✓ 2020-06-06 downloaded
  Downloading 2020-06-08 surface variables (HRES)...
  Downloading 2020-06-08 atmospheric variables (HRES)...
  ✓ 2020-06-08 downloaded
  Downloading 2020-06-09 surface variables (HRES)...
  Downloading 2020-06-09 atmospheric variables (HRES)...
  ✓ 2020-06-09 downloaded
  Downloading 2020-06-12 surface variables (HRES)...
  Downloading 2020-06-12 atmospheric variables (HRES)...
  ✓ 2020-06-12 downloaded
  Downloading 2020-06-13 surface variables (HRES)...
  Downloading 2020-06-13 atmospheric variables (HRES)...
  ✓ 2020-06-13 downloaded
  Downloading 2020-06-19 surface variables (HRES)...
  Downloading 2020-06-19 atmospheric variables (HRES)...
  ✓ 2020-06-19 downloaded
  Downloading 2020-06-20 surface variables (HRES)...
  Downloading 2020-06-20 atmospheric variables (HRES)...
  ✓ 2020-06-20 downloaded
  Downloading 2020-06-21 surface variables (HRES)...
  Downloading 2020-06-21 atmospheric variables (HRES)...
  ✓ 2020-06-21 downloaded
  Downloading 2020-06-22 surface variables (HRES)...
  Downloading 2020-06-22 atmospheric variables (HRES)...
  ✓ 2020-06-22 downloaded
  Downloading 2020-06-23 surface variables (HRES)...
  Downloading 2020-06-23 atmospheric variables (HRES)...
  ✓ 2020-06-23 downloaded
  Downloading 2020-06-24 surface variables (HRES)...
  Downloading 2020-06-24 atmospheric variables (HRES)...
  ✓ 2020-06-24 downloaded
  Downloading 2020-06-25 surface variables (HRES)...
  Downloading 2020-06-25 atmospheric variables (HRES)...
  ✓ 2020-06-25 downloaded
  Downloading 2020-07-03 surface variables (HRES)...
  Downloading 2020-07-03 atmospheric variables (HRES)...
  ✓ 2020-07-03 downloaded
  Downloading 2020-07-04 surface variables (HRES)...
  Downloading 2020-07-04 atmospheric variables (HRES)...
  ✓ 2020-07-04 downloaded
  Downloading 2020-07-05 surface variables (HRES)...
  Downloading 2020-07-05 atmospheric variables (HRES)...
  ✓ 2020-07-05 downloaded
  Downloading 2020-07-06 surface variables (HRES)...
  Downloading 2020-07-06 atmospheric variables (HRES)...
  ✓ 2020-07-06 downloaded
  Downloading 2020-07-07 surface variables (HRES)...
  Downloading 2020-07-07 atmospheric variables (HRES)...
  ✓ 2020-07-07 downloaded
  ✓ 2020-07-15 already cached
  Downloading 2020-07-16 surface variables (HRES)...
  Downloading 2020-07-16 atmospheric variables (HRES)...
  ✓ 2020-07-16 downloaded
  Downloading 2020-07-21 surface variables (HRES)...
  Downloading 2020-07-21 atmospheric variables (HRES)...
  ✓ 2020-07-21 downloaded
  Downloading 2020-07-22 surface variables (HRES)...
  Downloading 2020-07-22 atmospheric variables (HRES)...
  ✓ 2020-07-22 downloaded
  Downloading 2020-08-02 surface variables (HRES)...
  Downloading 2020-08-02 atmospheric variables (HRES)...
  ✓ 2020-08-02 downloaded
  Downloading 2020-08-03 surface variables (HRES)...
  Downloading 2020-08-03 atmospheric variables (HRES)...
  ✓ 2020-08-03 downloaded
  Downloading 2020-08-08 surface variables (HRES)...
  Downloading 2020-08-08 atmospheric variables (HRES)...
  ✓ 2020-08-08 downloaded
  Downloading 2020-08-09 surface variables (HRES)...
  Downloading 2020-08-09 atmospheric variables (HRES)...
  ✓ 2020-08-09 downloaded
  Downloading 2020-08-13 surface variables (HRES)...
  Downloading 2020-08-13 atmospheric variables (HRES)...
  ✓ 2020-08-13 downloaded
  Downloading 2020-08-14 surface variables (HRES)...
  Downloading 2020-08-14 atmospheric variables (HRES)...
  ✓ 2020-08-14 downloaded
  Downloading 2020-08-21 surface variables (HRES)...
  Downloading 2020-08-21 atmospheric variables (HRES)...
  ✓ 2020-08-21 downloaded
  Downloading 2020-08-22 surface variables (HRES)...
  Downloading 2020-08-22 atmospheric variables (HRES)...
  ✓ 2020-08-22 downloaded
  Downloading 2020-08-25 surface variables (HRES)...
  Downloading 2020-08-25 atmospheric variables (HRES)...
  ✓ 2020-08-25 downloaded
  Downloading 2020-08-26 surface variables (HRES)...
  Downloading 2020-08-26 atmospheric variables (HRES)...
  ✓ 2020-08-26 downloaded
  Downloading 2020-08-30 surface variables (HRES)...
  Downloading 2020-08-30 atmospheric variables (HRES)...
  ✓ 2020-08-30 downloaded
  Downloading 2020-08-31 surface variables (HRES)...
  Downloading 2020-08-31 atmospheric variables (HRES)...
  ✓ 2020-08-31 downloaded
  Downloading 2020-09-02 surface variables (HRES)...
  Downloading 2020-09-02 atmospheric variables (HRES)...
  ✓ 2020-09-02 downloaded
  Downloading 2020-09-03 surface variables (HRES)...
  Downloading 2020-09-03 atmospheric variables (HRES)...
  ✓ 2020-09-03 downloaded
  Downloading 2020-09-04 surface variables (HRES)...
  Downloading 2020-09-04 atmospheric variables (HRES)...
  ✓ 2020-09-04 downloaded
  ✓ 2020-09-15 already cached
  Downloading 2020-09-16 surface variables (HRES)...
  Downloading 2020-09-16 atmospheric variables (HRES)...
  ✓ 2020-09-16 downloaded
  Downloading 2020-09-26 surface variables (HRES)...
  Downloading 2020-09-26 atmospheric variables (HRES)...
  ✓ 2020-09-26 downloaded
  Downloading 2020-09-27 surface variables (HRES)...
  Downloading 2020-09-27 atmospheric variables (HRES)...
  ✓ 2020-09-27 downloaded
  Downloading 2020-10-10 surface variables (HRES)...
  Downloading 2020-10-10 atmospheric variables (HRES)...
  ✓ 2020-10-10 downloaded
  Downloading 2020-10-11 surface variables (HRES)...
  Downloading 2020-10-11 atmospheric variables (HRES)...
  ✓ 2020-10-11 downloaded
  Downloading 2020-10-12 surface variables (HRES)...
  Downloading 2020-10-12 atmospheric variables (HRES)...
  ✓ 2020-10-12 downloaded
  Downloading 2020-10-13 surface variables (HRES)...
  Downloading 2020-10-13 atmospheric variables (HRES)...
  ✓ 2020-10-13 downloaded
  Downloading 2020-10-20 surface variables (HRES)...
  Downloading 2020-10-20 atmospheric variables (HRES)...
  ✓ 2020-10-20 downloaded
  Downloading 2020-10-21 surface variables (HRES)...
  Downloading 2020-10-21 atmospheric variables (HRES)...
  ✓ 2020-10-21 downloaded
  Downloading 2020-11-28 surface variables (HRES)...
  Downloading 2020-11-28 atmospheric variables (HRES)...
  ✓ 2020-11-28 downloaded
  ✓ 2020-11-29 already cached
  Downloading 2021-03-17 surface variables (HRES)...
  Downloading 2021-03-17 atmospheric variables (HRES)...
  ✓ 2021-03-17 downloaded
  Downloading 2021-03-18 surface variables (HRES)...
  Downloading 2021-03-18 atmospheric variables (HRES)...
  ✓ 2021-03-18 downloaded
  Downloading 2021-04-05 surface variables (HRES)...
  Downloading 2021-04-05 atmospheric variables (HRES)...
  ✓ 2021-04-05 downloaded
  Downloading 2021-04-06 surface variables (HRES)...
  Downloading 2021-04-06 atmospheric variables (HRES)...
  ✓ 2021-04-06 downloaded
  Downloading 2021-04-08 surface variables (HRES)...
  Downloading 2021-04-08 atmospheric variables (HRES)...
  ✓ 2021-04-08 downloaded
  Downloading 2021-04-09 surface variables (HRES)...
  Downloading 2021-04-09 atmospheric variables (HRES)...
  ✓ 2021-04-09 downloaded
  Downloading 2021-04-10 surface variables (HRES)...
  Downloading 2021-04-10 atmospheric variables (HRES)...
  ✓ 2021-04-10 downloaded
  Downloading 2021-04-17 surface variables (HRES)...
  Downloading 2021-04-17 atmospheric variables (HRES)...
  ✓ 2021-04-17 downloaded
  Downloading 2021-04-18 surface variables (HRES)...
  Downloading 2021-04-18 atmospheric variables (HRES)...
  ✓ 2021-04-18 downloaded
  Downloading 2021-04-19 surface variables (HRES)...
  Downloading 2021-04-19 atmospheric variables (HRES)...
  ✓ 2021-04-19 downloaded
  Downloading 2021-04-20 surface variables (HRES)...
  Downloading 2021-04-20 atmospheric variables (HRES)...
  ✓ 2021-04-20 downloaded
  Downloading 2021-04-21 surface variables (HRES)...
  Downloading 2021-04-21 atmospheric variables (HRES)...
  ✓ 2021-04-21 downloaded
  Downloading 2021-05-11 surface variables (HRES)...
  Downloading 2021-05-11 atmospheric variables (HRES)...
  ✓ 2021-05-11 downloaded
  Downloading 2021-05-12 surface variables (HRES)...
  Downloading 2021-05-12 atmospheric variables (HRES)...
  ✓ 2021-05-12 downloaded
  ✓ 2021-05-15 already cached
  Downloading 2021-05-16 surface variables (HRES)...
  Downloading 2021-05-16 atmospheric variables (HRES)...
  ✓ 2021-05-16 downloaded
  Downloading 2021-05-17 surface variables (HRES)...
  Downloading 2021-05-17 atmospheric variables (HRES)...
  ✓ 2021-05-17 downloaded
  Downloading 2021-05-24 surface variables (HRES)...
  Downloading 2021-05-24 atmospheric variables (HRES)...
  ✓ 2021-05-24 downloaded
  Downloading 2021-05-25 surface variables (HRES)...
  Downloading 2021-05-25 atmospheric variables (HRES)...
  ✓ 2021-05-25 downloaded
  Downloading 2021-05-26 surface variables (HRES)...
  Downloading 2021-05-26 atmospheric variables (HRES)...
  ✓ 2021-05-26 downloaded
  Downloading 2021-05-27 surface variables (HRES)...
  Downloading 2021-05-27 atmospheric variables (HRES)...
  ✓ 2021-05-27 downloaded
  Downloading 2021-05-28 surface variables (HRES)...
  Downloading 2021-05-28 atmospheric variables (HRES)...
  ✓ 2021-05-28 downloaded
  Downloading 2021-05-29 surface variables (HRES)...
  Downloading 2021-05-29 atmospheric variables (HRES)...
  ✓ 2021-05-29 downloaded
  Downloading 2021-06-18 surface variables (HRES)...
  Downloading 2021-06-18 atmospheric variables (HRES)...
  ✓ 2021-06-18 downloaded
  Downloading 2021-06-19 surface variables (HRES)...
  Downloading 2021-06-19 atmospheric variables (HRES)...
  ✓ 2021-06-19 downloaded
  Downloading 2021-06-20 surface variables (HRES)...
  Downloading 2021-06-20 atmospheric variables (HRES)...
  ✓ 2021-06-20 downloaded
  Downloading 2021-06-21 surface variables (HRES)...
  Downloading 2021-06-21 atmospheric variables (HRES)...
  ✓ 2021-06-21 downloaded
  Downloading 2021-06-22 surface variables (HRES)...
  Downloading 2021-06-22 atmospheric variables (HRES)...
  ✓ 2021-06-22 downloaded
  Downloading 2021-07-02 surface variables (HRES)...
  Downloading 2021-07-02 atmospheric variables (HRES)...
  ✓ 2021-07-02 downloaded
  Downloading 2021-07-03 surface variables (HRES)...
  Downloading 2021-07-03 atmospheric variables (HRES)...
  ✓ 2021-07-03 downloaded
  Downloading 2021-08-01 surface variables (HRES)...
  Downloading 2021-08-01 atmospheric variables (HRES)...
  ✓ 2021-08-01 downloaded
  Downloading 2021-08-02 surface variables (HRES)...
  Downloading 2021-08-02 atmospheric variables (HRES)...
  ✓ 2021-08-02 downloaded
  Downloading 2021-08-03 surface variables (HRES)...
  Downloading 2021-08-03 atmospheric variables (HRES)...
  ✓ 2021-08-03 downloaded
  Downloading 2021-08-08 surface variables (HRES)...
  Downloading 2021-08-08 atmospheric variables (HRES)...
  ✓ 2021-08-08 downloaded
  Downloading 2021-08-09 surface variables (HRES)...
  Downloading 2021-08-09 atmospheric variables (HRES)...
  ✓ 2021-08-09 downloaded
  Downloading 2021-08-11 surface variables (HRES)...
  Downloading 2021-08-11 atmospheric variables (HRES)...
  ✓ 2021-08-11 downloaded
  Downloading 2021-08-12 surface variables (HRES)...
  Downloading 2021-08-12 atmospheric variables (HRES)...
  ✓ 2021-08-12 downloaded
  Downloading 2021-09-04 surface variables (HRES)...
  Downloading 2021-09-04 atmospheric variables (HRES)...
  ✓ 2021-09-04 downloaded
  Downloading 2021-09-05 surface variables (HRES)...
  Downloading 2021-09-05 atmospheric variables (HRES)...
  ✓ 2021-09-05 downloaded
  Downloading 2021-09-06 surface variables (HRES)...
  Downloading 2021-09-06 atmospheric variables (HRES)...
  ✓ 2021-09-06 downloaded
  Downloading 2021-09-07 surface variables (HRES)...
  Downloading 2021-09-07 atmospheric variables (HRES)...
  ✓ 2021-09-07 downloaded
  Downloading 2021-09-18 surface variables (HRES)...
  Downloading 2021-09-18 atmospheric variables (HRES)...
  ✓ 2021-09-18 downloaded
  Downloading 2021-09-19 surface variables (HRES)...
  Downloading 2021-09-19 atmospheric variables (HRES)...
  ✓ 2021-09-19 downloaded
  Downloading 2021-09-20 surface variables (HRES)...
  Downloading 2021-09-20 atmospheric variables (HRES)...
  ✓ 2021-09-20 downloaded
  Downloading 2021-09-24 surface variables (HRES)...
  Downloading 2021-09-24 atmospheric variables (HRES)...
  ✓ 2021-09-24 downloaded
  Downloading 2021-09-25 surface variables (HRES)...
  Downloading 2021-09-25 atmospheric variables (HRES)...
  ✓ 2021-09-25 downloaded
  Downloading 2021-10-08 surface variables (HRES)...
  Downloading 2021-10-08 atmospheric variables (HRES)...
  ✓ 2021-10-08 downloaded
  Downloading 2021-10-09 surface variables (HRES)...
  Downloading 2021-10-09 atmospheric variables (HRES)...
  ✓ 2021-10-09 downloaded
  Downloading 2021-11-10 surface variables (HRES)...
  Downloading 2021-11-10 atmospheric variables (HRES)...
  ✓ 2021-11-10 downloaded
  Downloading 2021-11-11 surface variables (HRES)...
  Downloading 2021-11-11 atmospheric variables (HRES)...
  ✓ 2021-11-11 downloaded

============================================================
  DOWNLOAD COMPLETE
============================================================
  Files cached at: /scratch-shared/ekasteleyn/downloads/hres_t0
  Total size: 1302.24 GB

========================================
  COMPLETE: Fri Apr 10 12:37:53 CEST 2026
========================================
