========================================
  HRES T0 DATA DOWNLOAD - FEB-DEC 2022
========================================
Job ID:       21386852
Date:         Tue Mar 31 10:57:04 CEST 2026
Node:         tcn311.local.snellius.surf.nl
========================================

============================================================
  HRES T0 DATA DOWNLOAD
============================================================
  Dates: 209
  Cache: /scratch-shared/ekasteleyn/downloads/hres_t0
============================================================

[1/3] Total dates to download: 209

[2/3] Static variables...
  Downloading static variables from HuggingFace...
  ✓ Static variables downloaded

[3/3] HRES T0 data...
  Opening WeatherBench2 dataset...
  Downloading 2022-06-06 surface variables...
  Downloading 2022-06-06 atmospheric variables...
  ✓ 2022-06-06 downloaded
  Downloading 2022-06-07 surface variables...
  Downloading 2022-06-07 atmospheric variables...
  ✓ 2022-06-07 downloaded
  Downloading 2022-06-08 surface variables...
  Downloading 2022-06-08 atmospheric variables...
  ✓ 2022-06-08 downloaded
  Downloading 2022-06-09 surface variables...
  Downloading 2022-06-09 atmospheric variables...
  ✓ 2022-06-09 downloaded
  Downloading 2022-06-10 surface variables...
  Downloading 2022-06-10 atmospheric variables...
  ✓ 2022-06-10 downloaded
  Downloading 2022-06-11 surface variables...
  Downloading 2022-06-11 atmospheric variables...
  ✓ 2022-06-11 downloaded
  Downloading 2022-06-12 surface variables...
  Downloading 2022-06-12 atmospheric variables...
  ✓ 2022-06-12 downloaded
  Downloading 2022-06-13 surface variables...
  Downloading 2022-06-13 atmospheric variables...
  ✓ 2022-06-13 downloaded
  Downloading 2022-06-14 surface variables...
  Downloading 2022-06-14 atmospheric variables...
  ✓ 2022-06-14 downloaded
  Downloading 2022-06-15 surface variables...
  Downloading 2022-06-15 atmospheric variables...
  ✓ 2022-06-15 downloaded
  Downloading 2022-06-16 surface variables...
  Downloading 2022-06-16 atmospheric variables...
  ✓ 2022-06-16 downloaded
  Downloading 2022-06-17 surface variables...
  Downloading 2022-06-17 atmospheric variables...
  ✓ 2022-06-17 downloaded
  Downloading 2022-06-18 surface variables...
  Downloading 2022-06-18 atmospheric variables...
  ✓ 2022-06-18 downloaded
  Downloading 2022-06-19 surface variables...
  Downloading 2022-06-19 atmospheric variables...
  ✓ 2022-06-19 downloaded
  Downloading 2022-06-20 surface variables...
  Downloading 2022-06-20 atmospheric variables...
  ✓ 2022-06-20 downloaded
  Downloading 2022-06-21 surface variables...
  Downloading 2022-06-21 atmospheric variables...
  ✓ 2022-06-21 downloaded
  Downloading 2022-06-22 surface variables...
  Downloading 2022-06-22 atmospheric variables...
  ✓ 2022-06-22 downloaded
  Downloading 2022-06-23 surface variables...
  Downloading 2022-06-23 atmospheric variables...
  ✓ 2022-06-23 downloaded
  Downloading 2022-06-24 surface variables...
  Downloading 2022-06-24 atmospheric variables...
  ✓ 2022-06-24 downloaded
  Downloading 2022-06-25 surface variables...
  Downloading 2022-06-25 atmospheric variables...
  ✓ 2022-06-25 downloaded
  Downloading 2022-06-26 surface variables...
  Downloading 2022-06-26 atmospheric variables...
  ✓ 2022-06-26 downloaded
  Downloading 2022-06-27 surface variables...
  Downloading 2022-06-27 atmospheric variables...
  ✓ 2022-06-27 downloaded
  Downloading 2022-06-28 surface variables...
  Downloading 2022-06-28 atmospheric variables...
  ✓ 2022-06-28 downloaded
  Downloading 2022-06-29 surface variables...
  Downloading 2022-06-29 atmospheric variables...
  ✓ 2022-06-29 downloaded
  Downloading 2022-06-30 surface variables...
  Downloading 2022-06-30 atmospheric variables...
  ✓ 2022-06-30 downloaded
  Downloading 2022-07-01 surface variables...
  Downloading 2022-07-01 atmospheric variables...
  ✓ 2022-07-01 downloaded
  Downloading 2022-07-02 surface variables...
  Downloading 2022-07-02 atmospheric variables...
  ✓ 2022-07-02 downloaded
  Downloading 2022-07-03 surface variables...
  Downloading 2022-07-03 atmospheric variables...
  ✓ 2022-07-03 downloaded
  Downloading 2022-07-04 surface variables...
  Downloading 2022-07-04 atmospheric variables...
  ✓ 2022-07-04 downloaded
  Downloading 2022-07-05 surface variables...
  Downloading 2022-07-05 atmospheric variables...
  ✓ 2022-07-05 downloaded
  Downloading 2022-07-06 surface variables...
  Downloading 2022-07-06 atmospheric variables...
  ✓ 2022-07-06 downloaded
  Downloading 2022-07-07 surface variables...
  Downloading 2022-07-07 atmospheric variables...
  ✓ 2022-07-07 downloaded
  Downloading 2022-07-08 surface variables...
  Downloading 2022-07-08 atmospheric variables...
  ✓ 2022-07-08 downloaded
  Downloading 2022-07-09 surface variables...
  Downloading 2022-07-09 atmospheric variables...
  ✓ 2022-07-09 downloaded
  Downloading 2022-07-10 surface variables...
  Downloading 2022-07-10 atmospheric variables...
  ✓ 2022-07-10 downloaded
  Downloading 2022-07-11 surface variables...
  Downloading 2022-07-11 atmospheric variables...
  ✓ 2022-07-11 downloaded
  Downloading 2022-07-12 surface variables...
  Downloading 2022-07-12 atmospheric variables...
  ✓ 2022-07-12 downloaded
  Downloading 2022-07-13 surface variables...
  Downloading 2022-07-13 atmospheric variables...
  ✓ 2022-07-13 downloaded
  Downloading 2022-07-14 surface variables...
  Downloading 2022-07-14 atmospheric variables...
  ✓ 2022-07-14 downloaded
  Downloading 2022-07-15 surface variables...
  Downloading 2022-07-15 atmospheric variables...
  ✓ 2022-07-15 downloaded
  Downloading 2022-07-16 surface variables...
  Downloading 2022-07-16 atmospheric variables...
  ✓ 2022-07-16 downloaded
  Downloading 2022-07-17 surface variables...
  Downloading 2022-07-17 atmospheric variables...
  ✓ 2022-07-17 downloaded
  Downloading 2022-07-18 surface variables...
  Downloading 2022-07-18 atmospheric variables...
  ✓ 2022-07-18 downloaded
  Downloading 2022-07-19 surface variables...
  Downloading 2022-07-19 atmospheric variables...
  ✓ 2022-07-19 downloaded
  Downloading 2022-07-20 surface variables...
  Downloading 2022-07-20 atmospheric variables...
  ✓ 2022-07-20 downloaded
  Downloading 2022-07-21 surface variables...
  Downloading 2022-07-21 atmospheric variables...
  ✓ 2022-07-21 downloaded
  Downloading 2022-07-22 surface variables...
  Downloading 2022-07-22 atmospheric variables...
  ✓ 2022-07-22 downloaded
  Downloading 2022-07-23 surface variables...
  Downloading 2022-07-23 atmospheric variables...
  ✓ 2022-07-23 downloaded
  Downloading 2022-07-24 surface variables...
  Downloading 2022-07-24 atmospheric variables...
  ✓ 2022-07-24 downloaded
  Downloading 2022-07-25 surface variables...
  Downloading 2022-07-25 atmospheric variables...
  ✓ 2022-07-25 downloaded
  Downloading 2022-07-26 surface variables...
  Downloading 2022-07-26 atmospheric variables...
  ✓ 2022-07-26 downloaded
  Downloading 2022-07-27 surface variables...
  Downloading 2022-07-27 atmospheric variables...
  ✓ 2022-07-27 downloaded
  Downloading 2022-07-28 surface variables...
  Downloading 2022-07-28 atmospheric variables...
  ✓ 2022-07-28 downloaded
  Downloading 2022-07-29 surface variables...
  Downloading 2022-07-29 atmospheric variables...
  ✓ 2022-07-29 downloaded
  Downloading 2022-07-30 surface variables...
  Downloading 2022-07-30 atmospheric variables...
  ✓ 2022-07-30 downloaded
  Downloading 2022-07-31 surface variables...
  Downloading 2022-07-31 atmospheric variables...
  ✓ 2022-07-31 downloaded
  Downloading 2022-08-01 surface variables...
  Downloading 2022-08-01 atmospheric variables...
  ✓ 2022-08-01 downloaded
  Downloading 2022-08-02 surface variables...
  Downloading 2022-08-02 atmospheric variables...
  ✓ 2022-08-02 downloaded
  Downloading 2022-08-03 surface variables...
  Downloading 2022-08-03 atmospheric variables...
  ✓ 2022-08-03 downloaded
  Downloading 2022-08-04 surface variables...
  Downloading 2022-08-04 atmospheric variables...
  ✓ 2022-08-04 downloaded
  Downloading 2022-08-05 surface variables...
  Downloading 2022-08-05 atmospheric variables...
  ✓ 2022-08-05 downloaded
  Downloading 2022-08-06 surface variables...
  Downloading 2022-08-06 atmospheric variables...
  ✓ 2022-08-06 downloaded
  Downloading 2022-08-07 surface variables...
  Downloading 2022-08-07 atmospheric variables...
  ✓ 2022-08-07 downloaded
  Downloading 2022-08-08 surface variables...
  Downloading 2022-08-08 atmospheric variables...
  ✓ 2022-08-08 downloaded
  Downloading 2022-08-09 surface variables...
  Downloading 2022-08-09 atmospheric variables...
  ✓ 2022-08-09 downloaded
  Downloading 2022-08-10 surface variables...
  Downloading 2022-08-10 atmospheric variables...
  ✓ 2022-08-10 downloaded
  Downloading 2022-08-11 surface variables...
  Downloading 2022-08-11 atmospheric variables...
  ✓ 2022-08-11 downloaded
  Downloading 2022-08-12 surface variables...
  Downloading 2022-08-12 atmospheric variables...
  ✓ 2022-08-12 downloaded
  Downloading 2022-08-13 surface variables...
  Downloading 2022-08-13 atmospheric variables...
  ✓ 2022-08-13 downloaded
  Downloading 2022-08-14 surface variables...
  Downloading 2022-08-14 atmospheric variables...
  ✓ 2022-08-14 downloaded
  Downloading 2022-08-15 surface variables...
  Downloading 2022-08-15 atmospheric variables...
  ✓ 2022-08-15 downloaded
  Downloading 2022-08-16 surface variables...
  Downloading 2022-08-16 atmospheric variables...
  ✓ 2022-08-16 downloaded
  Downloading 2022-08-17 surface variables...
  Downloading 2022-08-17 atmospheric variables...
  ✓ 2022-08-17 downloaded
  Downloading 2022-08-18 surface variables...
  Downloading 2022-08-18 atmospheric variables...
  ✓ 2022-08-18 downloaded
  Downloading 2022-08-19 surface variables...
  Downloading 2022-08-19 atmospheric variables...
  ✓ 2022-08-19 downloaded
  Downloading 2022-08-20 surface variables...
  Downloading 2022-08-20 atmospheric variables...
  ✓ 2022-08-20 downloaded
  Downloading 2022-08-21 surface variables...
  Downloading 2022-08-21 atmospheric variables...
  ✓ 2022-08-21 downloaded
  Downloading 2022-08-22 surface variables...
  Downloading 2022-08-22 atmospheric variables...
  ✓ 2022-08-22 downloaded
  Downloading 2022-08-23 surface variables...
  Downloading 2022-08-23 atmospheric variables...
  ✓ 2022-08-23 downloaded
  Downloading 2022-08-24 surface variables...
  Downloading 2022-08-24 atmospheric variables...
  ✓ 2022-08-24 downloaded
  Downloading 2022-08-25 surface variables...
  Downloading 2022-08-25 atmospheric variables...
  ✓ 2022-08-25 downloaded
  Downloading 2022-08-26 surface variables...
  Downloading 2022-08-26 atmospheric variables...
  ✓ 2022-08-26 downloaded
  Downloading 2022-08-27 surface variables...
  Downloading 2022-08-27 atmospheric variables...
  ✓ 2022-08-27 downloaded
  Downloading 2022-08-28 surface variables...
  Downloading 2022-08-28 atmospheric variables...
  ✓ 2022-08-28 downloaded
  Downloading 2022-08-29 surface variables...
  Downloading 2022-08-29 atmospheric variables...
  ✓ 2022-08-29 downloaded
  Downloading 2022-08-30 surface variables...
  Downloading 2022-08-30 atmospheric variables...
  ✓ 2022-08-30 downloaded
  Downloading 2022-08-31 surface variables...
  Downloading 2022-08-31 atmospheric variables...
  ✓ 2022-08-31 downloaded
  Downloading 2022-09-01 surface variables...
  Downloading 2022-09-01 atmospheric variables...
  ✓ 2022-09-01 downloaded
  Downloading 2022-09-02 surface variables...
  Downloading 2022-09-02 atmospheric variables...
  ✓ 2022-09-02 downloaded
  Downloading 2022-09-03 surface variables...
  Downloading 2022-09-03 atmospheric variables...
  ✓ 2022-09-03 downloaded
  Downloading 2022-09-04 surface variables...
  Downloading 2022-09-04 atmospheric variables...
  ✓ 2022-09-04 downloaded
  Downloading 2022-09-05 surface variables...
  Downloading 2022-09-05 atmospheric variables...
  ✓ 2022-09-05 downloaded
  Downloading 2022-09-06 surface variables...
  Downloading 2022-09-06 atmospheric variables...
  ✓ 2022-09-06 downloaded
  Downloading 2022-09-07 surface variables...
  Downloading 2022-09-07 atmospheric variables...
  ✓ 2022-09-07 downloaded
  Downloading 2022-09-08 surface variables...
  Downloading 2022-09-08 atmospheric variables...
  ✓ 2022-09-08 downloaded
  Downloading 2022-09-09 surface variables...
  Downloading 2022-09-09 atmospheric variables...
  ✓ 2022-09-09 downloaded
  Downloading 2022-09-10 surface variables...
  Downloading 2022-09-10 atmospheric variables...
  ✓ 2022-09-10 downloaded
  Downloading 2022-09-11 surface variables...
  Downloading 2022-09-11 atmospheric variables...
  ✓ 2022-09-11 downloaded
  Downloading 2022-09-12 surface variables...
  Downloading 2022-09-12 atmospheric variables...
  ✓ 2022-09-12 downloaded
  Downloading 2022-09-13 surface variables...
  Downloading 2022-09-13 atmospheric variables...
  ✓ 2022-09-13 downloaded
  Downloading 2022-09-14 surface variables...
  Downloading 2022-09-14 atmospheric variables...
  ✓ 2022-09-14 downloaded
  Downloading 2022-09-15 surface variables...
  Downloading 2022-09-15 atmospheric variables...
  ✓ 2022-09-15 downloaded
  Downloading 2022-09-16 surface variables...
  Downloading 2022-09-16 atmospheric variables...
  ✓ 2022-09-16 downloaded
  Downloading 2022-09-17 surface variables...
  Downloading 2022-09-17 atmospheric variables...
  ✓ 2022-09-17 downloaded
  Downloading 2022-09-18 surface variables...
  Downloading 2022-09-18 atmospheric variables...
  ✓ 2022-09-18 downloaded
  Downloading 2022-09-19 surface variables...
  Downloading 2022-09-19 atmospheric variables...
  ✓ 2022-09-19 downloaded
  Downloading 2022-09-20 surface variables...
  Downloading 2022-09-20 atmospheric variables...
  ✓ 2022-09-20 downloaded
  Downloading 2022-09-21 surface variables...
  Downloading 2022-09-21 atmospheric variables...
  ✓ 2022-09-21 downloaded
  Downloading 2022-09-22 surface variables...
  Downloading 2022-09-22 atmospheric variables...
  ✓ 2022-09-22 downloaded
  Downloading 2022-09-23 surface variables...
  Downloading 2022-09-23 atmospheric variables...
  ✓ 2022-09-23 downloaded
  Downloading 2022-09-24 surface variables...
  Downloading 2022-09-24 atmospheric variables...
  ✓ 2022-09-24 downloaded
  Downloading 2022-09-25 surface variables...
  Downloading 2022-09-25 atmospheric variables...
  ✓ 2022-09-25 downloaded
  Downloading 2022-09-26 surface variables...
  Downloading 2022-09-26 atmospheric variables...
  ✓ 2022-09-26 downloaded
  Downloading 2022-09-27 surface variables...
  Downloading 2022-09-27 atmospheric variables...
  ✓ 2022-09-27 downloaded
  Downloading 2022-09-28 surface variables...
  Downloading 2022-09-28 atmospheric variables...
  ✓ 2022-09-28 downloaded
  Downloading 2022-09-29 surface variables...
  Downloading 2022-09-29 atmospheric variables...
  ✓ 2022-09-29 downloaded
  Downloading 2022-09-30 surface variables...
  Downloading 2022-09-30 atmospheric variables...
  ✓ 2022-09-30 downloaded
  Downloading 2022-10-01 surface variables...
  Downloading 2022-10-01 atmospheric variables...
  ✓ 2022-10-01 downloaded
  Downloading 2022-10-02 surface variables...
  Downloading 2022-10-02 atmospheric variables...
  ✓ 2022-10-02 downloaded
  Downloading 2022-10-03 surface variables...
  Downloading 2022-10-03 atmospheric variables...
  ✓ 2022-10-03 downloaded
  Downloading 2022-10-04 surface variables...
  Downloading 2022-10-04 atmospheric variables...
  ✓ 2022-10-04 downloaded
  Downloading 2022-10-05 surface variables...
  Downloading 2022-10-05 atmospheric variables...
  ✓ 2022-10-05 downloaded
  Downloading 2022-10-06 surface variables...
  Downloading 2022-10-06 atmospheric variables...
  ✓ 2022-10-06 downloaded
  Downloading 2022-10-07 surface variables...
  Downloading 2022-10-07 atmospheric variables...
  ✓ 2022-10-07 downloaded
  Downloading 2022-10-08 surface variables...
  Downloading 2022-10-08 atmospheric variables...
  ✓ 2022-10-08 downloaded
  Downloading 2022-10-09 surface variables...
  Downloading 2022-10-09 atmospheric variables...
  ✓ 2022-10-09 downloaded
  Downloading 2022-10-10 surface variables...
  Downloading 2022-10-10 atmospheric variables...
  ✓ 2022-10-10 downloaded
  Downloading 2022-10-11 surface variables...
  Downloading 2022-10-11 atmospheric variables...
  ✓ 2022-10-11 downloaded
  Downloading 2022-10-12 surface variables...
  Downloading 2022-10-12 atmospheric variables...
  ✓ 2022-10-12 downloaded
  Downloading 2022-10-13 surface variables...
  Downloading 2022-10-13 atmospheric variables...
  ✓ 2022-10-13 downloaded
  Downloading 2022-10-14 surface variables...
  Downloading 2022-10-14 atmospheric variables...
  ✓ 2022-10-14 downloaded
  Downloading 2022-10-15 surface variables...
  Downloading 2022-10-15 atmospheric variables...
  ✓ 2022-10-15 downloaded
  Downloading 2022-10-16 surface variables...
  Downloading 2022-10-16 atmospheric variables...
  ✓ 2022-10-16 downloaded
  Downloading 2022-10-17 surface variables...
  Downloading 2022-10-17 atmospheric variables...
  ✓ 2022-10-17 downloaded
  Downloading 2022-10-18 surface variables...
  Downloading 2022-10-18 atmospheric variables...
  ✓ 2022-10-18 downloaded
  Downloading 2022-10-19 surface variables...
  Downloading 2022-10-19 atmospheric variables...
  ✓ 2022-10-19 downloaded
  Downloading 2022-10-20 surface variables...
  Downloading 2022-10-20 atmospheric variables...
  ✓ 2022-10-20 downloaded
  Downloading 2022-10-21 surface variables...
  Downloading 2022-10-21 atmospheric variables...
  ✓ 2022-10-21 downloaded
  Downloading 2022-10-22 surface variables...
  Downloading 2022-10-22 atmospheric variables...
  ✓ 2022-10-22 downloaded
  Downloading 2022-10-23 surface variables...
  Downloading 2022-10-23 atmospheric variables...
  ✓ 2022-10-23 downloaded
  Downloading 2022-10-24 surface variables...
  Downloading 2022-10-24 atmospheric variables...
  ✓ 2022-10-24 downloaded
  Downloading 2022-10-25 surface variables...
  Downloading 2022-10-25 atmospheric variables...
  ✓ 2022-10-25 downloaded
  Downloading 2022-10-26 surface variables...
  Downloading 2022-10-26 atmospheric variables...
  ✓ 2022-10-26 downloaded
  Downloading 2022-10-27 surface variables...
  Downloading 2022-10-27 atmospheric variables...
  ✓ 2022-10-27 downloaded
  Downloading 2022-10-28 surface variables...
  Downloading 2022-10-28 atmospheric variables...
  ✓ 2022-10-28 downloaded
  Downloading 2022-10-29 surface variables...
  Downloading 2022-10-29 atmospheric variables...
  ✓ 2022-10-29 downloaded
  Downloading 2022-10-30 surface variables...
  Downloading 2022-10-30 atmospheric variables...
  ✓ 2022-10-30 downloaded
  Downloading 2022-10-31 surface variables...
  Downloading 2022-10-31 atmospheric variables...
  ✓ 2022-10-31 downloaded
  Downloading 2022-11-01 surface variables...
  Downloading 2022-11-01 atmospheric variables...
  ✓ 2022-11-01 downloaded
  Downloading 2022-11-02 surface variables...
  Downloading 2022-11-02 atmospheric variables...
  ✓ 2022-11-02 downloaded
  Downloading 2022-11-03 surface variables...
  Downloading 2022-11-03 atmospheric variables...
  ✓ 2022-11-03 downloaded
  Downloading 2022-11-04 surface variables...
  Downloading 2022-11-04 atmospheric variables...
  ✓ 2022-11-04 downloaded
  Downloading 2022-11-05 surface variables...
  Downloading 2022-11-05 atmospheric variables...
  ✓ 2022-11-05 downloaded
  Downloading 2022-11-06 surface variables...
  Downloading 2022-11-06 atmospheric variables...
  ✓ 2022-11-06 downloaded
  Downloading 2022-11-07 surface variables...
  Downloading 2022-11-07 atmospheric variables...
  ✓ 2022-11-07 downloaded
  Downloading 2022-11-08 surface variables...
  Downloading 2022-11-08 atmospheric variables...
  ✓ 2022-11-08 downloaded
  Downloading 2022-11-09 surface variables...
  Downloading 2022-11-09 atmospheric variables...
  ✓ 2022-11-09 downloaded
  Downloading 2022-11-10 surface variables...
  Downloading 2022-11-10 atmospheric variables...
  ✓ 2022-11-10 downloaded
  Downloading 2022-11-11 surface variables...
  Downloading 2022-11-11 atmospheric variables...
  ✓ 2022-11-11 downloaded
  Downloading 2022-11-12 surface variables...
  Downloading 2022-11-12 atmospheric variables...
  ✓ 2022-11-12 downloaded
  Downloading 2022-11-13 surface variables...
  Downloading 2022-11-13 atmospheric variables...
  ✓ 2022-11-13 downloaded
  Downloading 2022-11-14 surface variables...
  Downloading 2022-11-14 atmospheric variables...
  ✓ 2022-11-14 downloaded
  Downloading 2022-11-15 surface variables...
  Downloading 2022-11-15 atmospheric variables...
  ✓ 2022-11-15 downloaded
  Downloading 2022-11-16 surface variables...
  Downloading 2022-11-16 atmospheric variables...
  ✓ 2022-11-16 downloaded
  Downloading 2022-11-17 surface variables...
  Downloading 2022-11-17 atmospheric variables...
  ✓ 2022-11-17 downloaded
  Downloading 2022-11-18 surface variables...
  Downloading 2022-11-18 atmospheric variables...
  ✓ 2022-11-18 downloaded
  Downloading 2022-11-19 surface variables...
  Downloading 2022-11-19 atmospheric variables...
  ✓ 2022-11-19 downloaded
  Downloading 2022-11-20 surface variables...
  Downloading 2022-11-20 atmospheric variables...
  ✓ 2022-11-20 downloaded
  Downloading 2022-11-21 surface variables...
  Downloading 2022-11-21 atmospheric variables...
  ✓ 2022-11-21 downloaded
  Downloading 2022-11-22 surface variables...
  Downloading 2022-11-22 atmospheric variables...
  ✓ 2022-11-22 downloaded
  Downloading 2022-11-23 surface variables...
  Downloading 2022-11-23 atmospheric variables...
  ✓ 2022-11-23 downloaded
  Downloading 2022-11-24 surface variables...
  Downloading 2022-11-24 atmospheric variables...
  ✓ 2022-11-24 downloaded
  Downloading 2022-11-25 surface variables...
  Downloading 2022-11-25 atmospheric variables...
  ✓ 2022-11-25 downloaded
  Downloading 2022-11-26 surface variables...
  Downloading 2022-11-26 atmospheric variables...
  ✓ 2022-11-26 downloaded
  Downloading 2022-11-27 surface variables...
  Downloading 2022-11-27 atmospheric variables...
  ✓ 2022-11-27 downloaded
  Downloading 2022-11-28 surface variables...
  Downloading 2022-11-28 atmospheric variables...
  ✓ 2022-11-28 downloaded
  Downloading 2022-11-29 surface variables...
  Downloading 2022-11-29 atmospheric variables...
  ✓ 2022-11-29 downloaded
  Downloading 2022-11-30 surface variables...
  Downloading 2022-11-30 atmospheric variables...
  ✓ 2022-11-30 downloaded
  Downloading 2022-12-01 surface variables...
  Downloading 2022-12-01 atmospheric variables...
  ✓ 2022-12-01 downloaded
  Downloading 2022-12-02 surface variables...
  Downloading 2022-12-02 atmospheric variables...
  ✓ 2022-12-02 downloaded
  Downloading 2022-12-03 surface variables...
  Downloading 2022-12-03 atmospheric variables...
  ✓ 2022-12-03 downloaded
  Downloading 2022-12-04 surface variables...
  Downloading 2022-12-04 atmospheric variables...
  ✓ 2022-12-04 downloaded
  Downloading 2022-12-05 surface variables...
  Downloading 2022-12-05 atmospheric variables...
  ✓ 2022-12-05 downloaded
  Downloading 2022-12-06 surface variables...
  Downloading 2022-12-06 atmospheric variables...
  ✓ 2022-12-06 downloaded
  Downloading 2022-12-07 surface variables...
  Downloading 2022-12-07 atmospheric variables...
  ✓ 2022-12-07 downloaded
  Downloading 2022-12-08 surface variables...
  Downloading 2022-12-08 atmospheric variables...
  ✓ 2022-12-08 downloaded
  Downloading 2022-12-09 surface variables...
  Downloading 2022-12-09 atmospheric variables...
  ✓ 2022-12-09 downloaded
  Downloading 2022-12-10 surface variables...
  Downloading 2022-12-10 atmospheric variables...
  ✓ 2022-12-10 downloaded
  Downloading 2022-12-11 surface variables...
  Downloading 2022-12-11 atmospheric variables...
  ✓ 2022-12-11 downloaded
  Downloading 2022-12-12 surface variables...
  Downloading 2022-12-12 atmospheric variables...
  ✓ 2022-12-12 downloaded
  Downloading 2022-12-13 surface variables...
  Downloading 2022-12-13 atmospheric variables...
  ✓ 2022-12-13 downloaded
  Downloading 2022-12-14 surface variables...
  Downloading 2022-12-14 atmospheric variables...
  ✓ 2022-12-14 downloaded
  Downloading 2022-12-15 surface variables...
  Downloading 2022-12-15 atmospheric variables...
  ✓ 2022-12-15 downloaded
  Downloading 2022-12-16 surface variables...
  Downloading 2022-12-16 atmospheric variables...
  ✓ 2022-12-16 downloaded
  Downloading 2022-12-17 surface variables...
  Downloading 2022-12-17 atmospheric variables...
  ✓ 2022-12-17 downloaded
  Downloading 2022-12-18 surface variables...
  Downloading 2022-12-18 atmospheric variables...
  ✓ 2022-12-18 downloaded
  Downloading 2022-12-19 surface variables...
  Downloading 2022-12-19 atmospheric variables...
  ✓ 2022-12-19 downloaded
  Downloading 2022-12-20 surface variables...
  Downloading 2022-12-20 atmospheric variables...
  ✓ 2022-12-20 downloaded
  Downloading 2022-12-21 surface variables...
  Downloading 2022-12-21 atmospheric variables...
  ✓ 2022-12-21 downloaded
  Downloading 2022-12-22 surface variables...
  Downloading 2022-12-22 atmospheric variables...
  ✓ 2022-12-22 downloaded
  Downloading 2022-12-23 surface variables...
  Downloading 2022-12-23 atmospheric variables...
  ✓ 2022-12-23 downloaded
  Downloading 2022-12-24 surface variables...
  Downloading 2022-12-24 atmospheric variables...
  ✓ 2022-12-24 downloaded
  Downloading 2022-12-25 surface variables...
  Downloading 2022-12-25 atmospheric variables...
  ✓ 2022-12-25 downloaded
  Downloading 2022-12-26 surface variables...
  Downloading 2022-12-26 atmospheric variables...
  ✓ 2022-12-26 downloaded
  Downloading 2022-12-27 surface variables...
  Downloading 2022-12-27 atmospheric variables...
  ✓ 2022-12-27 downloaded
  Downloading 2022-12-28 surface variables...
  Downloading 2022-12-28 atmospheric variables...
  ✓ 2022-12-28 downloaded
  Downloading 2022-12-29 surface variables...
  Downloading 2022-12-29 atmospheric variables...
  ✓ 2022-12-29 downloaded
  Downloading 2022-12-30 surface variables...
  Downloading 2022-12-30 atmospheric variables...
  ✓ 2022-12-30 downloaded
  Downloading 2022-12-31 surface variables...
  Downloading 2022-12-31 atmospheric variables...
  ✓ 2022-12-31 downloaded

============================================================
  DOWNLOAD COMPLETE
============================================================
  Files cached at: /scratch-shared/ekasteleyn/downloads/hres_t0
  Total size: 363.17 GB

========================================
  COMPLETE: Tue Mar 31 11:43:36 CEST 2026
========================================
