
[notice] A new release of pip is available: 26.0.1 -> 26.1.1
[notice] To update, run: /home/ekasteleyn/aurora_thesis/aurora_env/bin/python -m pip install --upgrade pip
2026-05-22 10:00:05,864 - INFO - Loading Zarr store from gs://weatherbench2/datasets/era5/1959-2023_01_10-wb13-6h-1440x721_with_derived_variables.zarr
2026-05-22 10:00:35,792 - INFO - Slicing tropical domain...
2026-05-22 10:01:00,936 - INFO - Calculating anomalies...
2026-05-22 10:03:34,710 - INFO - Meridional averaging...
2026-05-22 10:03:36,686 - INFO - Normalizing by global standard deviations...
2026-05-22 10:03:38,688 - INFO - Concatenating into combined vector...
/home/ekasteleyn/aurora_thesis/aurora_env/lib/python3.11/site-packages/dask/array/numpy_compat.py:61: RuntimeWarning: invalid value encountered in divide
  x = np.divide(x1, x2, out)
2026-05-22 14:47:12,126 - INFO - Running EOF solver...
2026-05-22 14:47:57,049 - INFO - Saving results...
Traceback (most recent call last):
  File "/home/ekasteleyn/aurora_thesis/thesis/steering/scripts/oscillation_calculator/generate_mjo_eof.py", line 148, in <module>
    generate_mjo_eofs(args.input, args.output_dir)
  File "/home/ekasteleyn/aurora_thesis/thesis/steering/scripts/oscillation_calculator/generate_mjo_eof.py", line 130, in generate_mjo_eofs
    out_ds = xr.Dataset({
             ^^^^^^^^^^^^
  File "/home/ekasteleyn/aurora_thesis/aurora_env/lib/python3.11/site-packages/xarray/core/dataset.py", line 394, in __init__
    variables, coord_names, dims, indexes, _ = merge_data_and_coords(
                                               ^^^^^^^^^^^^^^^^^^^^^^
  File "/home/ekasteleyn/aurora_thesis/aurora_env/lib/python3.11/site-packages/xarray/structure/merge.py", line 1232, in merge_data_and_coords
    return merge_core(
           ^^^^^^^^^^^
  File "/home/ekasteleyn/aurora_thesis/aurora_env/lib/python3.11/site-packages/xarray/structure/merge.py", line 764, in merge_core
    variables, out_indexes = merge_collected(
                             ^^^^^^^^^^^^^^^^
  File "/home/ekasteleyn/aurora_thesis/aurora_env/lib/python3.11/site-packages/xarray/structure/merge.py", line 316, in merge_collected
    equals_this_var, merged_vars[name] = unique_variable(
                                         ^^^^^^^^^^^^^^^^
  File "/home/ekasteleyn/aurora_thesis/aurora_env/lib/python3.11/site-packages/xarray/structure/merge.py", line 169, in unique_variable
    raise MergeError(
xarray.structure.merge.MergeError: conflicting values for variable 'mode' on objects to be combined. You can skip this check by specifying compat='override'.
