
[notice] A new release of pip is available: 26.0.1 -> 26.1.1
[notice] To update, run: /home/ekasteleyn/aurora_thesis/aurora_env/bin/python -m pip install --upgrade pip
2026-06-02 11:16:34,669 - INFO - Loading Zarr store from gs://weatherbench2/datasets/era5/1959-2023_01_10-wb13-6h-1440x721_with_derived_variables.zarr
2026-06-02 11:17:05,903 - INFO - Calculating velocity potential globally in chunks and reducing...
2026-06-02 11:20:50,332 - INFO - Completed chunk starting at 1200/93544
2026-06-02 11:21:16,533 - INFO - Completed chunk starting at 0/93544
2026-06-02 11:21:19,252 - INFO - Completed chunk starting at 1080/93544
2026-06-02 11:21:21,242 - INFO - Completed chunk starting at 1440/93544
2026-06-02 11:21:22,773 - INFO - Completed chunk starting at 600/93544
2026-06-02 11:21:27,313 - INFO - Completed chunk starting at 480/93544
2026-06-02 11:21:27,398 - INFO - Completed chunk starting at 840/93544
2026-06-02 11:21:27,599 - INFO - Completed chunk starting at 1800/93544
2026-06-02 11:21:27,806 - INFO - Completed chunk starting at 1320/93544
2026-06-02 11:21:28,806 - INFO - Completed chunk starting at 1560/93544
2026-06-02 11:21:29,146 - INFO - Completed chunk starting at 120/93544
2026-06-02 11:21:29,285 - INFO - Completed chunk starting at 960/93544
2026-06-02 11:21:29,544 - INFO - Completed chunk starting at 1680/93544
2026-06-02 11:21:29,600 - INFO - Completed chunk starting at 360/93544
2026-06-02 11:21:29,869 - INFO - Completed chunk starting at 240/93544
2026-06-02 11:21:29,975 - INFO - Completed chunk starting at 720/93544
2026-06-02 11:23:31,205 - INFO - Completed chunk starting at 1920/93544
2026-06-02 11:24:05,394 - INFO - Completed chunk starting at 2040/93544
2026-06-02 11:24:07,936 - INFO - Completed chunk starting at 2160/93544
2026-06-02 11:24:09,088 - INFO - Completed chunk starting at 2280/93544
2026-06-02 11:24:11,788 - INFO - Completed chunk starting at 2400/93544
2026-06-02 11:24:19,073 - INFO - Completed chunk starting at 2760/93544
2026-06-02 11:24:22,968 - INFO - Completed chunk starting at 2520/93544
2026-06-02 11:24:22,989 - INFO - Completed chunk starting at 3240/93544
2026-06-02 11:24:23,436 - INFO - Completed chunk starting at 3720/93544
2026-06-02 11:24:23,894 - INFO - Completed chunk starting at 2880/93544
2026-06-02 11:24:24,277 - INFO - Completed chunk starting at 2640/93544
2026-06-02 11:24:25,863 - INFO - Completed chunk starting at 3360/93544
2026-06-02 11:24:26,801 - INFO - Completed chunk starting at 3000/93544
2026-06-02 11:24:27,520 - INFO - Completed chunk starting at 3120/93544
2026-06-02 11:24:30,843 - INFO - Completed chunk starting at 3480/93544
2026-06-02 11:24:34,505 - INFO - Completed chunk starting at 3600/93544
2026-06-02 11:25:53,581 - INFO - Completed chunk starting at 3840/93544
2026-06-02 11:26:25,516 - INFO - Completed chunk starting at 3960/93544
2026-06-02 11:26:29,707 - INFO - Completed chunk starting at 4080/93544
2026-06-02 11:26:32,879 - INFO - Completed chunk starting at 4200/93544
2026-06-02 11:26:32,957 - INFO - Completed chunk starting at 4320/93544
2026-06-02 11:26:40,643 - INFO - Completed chunk starting at 4440/93544
2026-06-02 11:26:49,211 - INFO - Completed chunk starting at 4680/93544
2026-06-02 11:26:49,352 - INFO - Completed chunk starting at 4560/93544
2026-06-02 11:26:49,383 - INFO - Completed chunk starting at 4920/93544
2026-06-02 11:26:54,264 - INFO - Completed chunk starting at 5280/93544
2026-06-02 11:26:54,473 - INFO - Completed chunk starting at 4800/93544
2026-06-02 11:26:55,035 - INFO - Completed chunk starting at 5040/93544
2026-06-02 11:26:55,517 - INFO - Completed chunk starting at 5160/93544
2026-06-02 11:26:56,142 - INFO - Completed chunk starting at 5400/93544
2026-06-02 11:26:59,508 - INFO - Completed chunk starting at 5640/93544
2026-06-02 11:27:00,121 - INFO - Completed chunk starting at 5520/93544
2026-06-02 11:28:09,007 - INFO - Completed chunk starting at 5760/93544
2026-06-02 11:28:45,556 - INFO - Completed chunk starting at 5880/93544
2026-06-02 11:28:50,928 - INFO - Completed chunk starting at 6000/93544
2026-06-02 11:28:54,493 - INFO - Completed chunk starting at 6120/93544
2026-06-02 11:28:54,831 - INFO - Completed chunk starting at 6240/93544
2026-06-02 11:29:10,430 - INFO - Completed chunk starting at 6480/93544
2026-06-02 11:29:13,759 - INFO - Completed chunk starting at 6720/93544
2026-06-02 11:29:17,193 - INFO - Completed chunk starting at 6600/93544
2026-06-02 11:29:20,887 - INFO - Completed chunk starting at 6840/93544
2026-06-02 11:29:22,353 - INFO - Completed chunk starting at 7200/93544
2026-06-02 11:29:23,124 - INFO - Completed chunk starting at 7080/93544
2026-06-02 11:29:23,451 - INFO - Completed chunk starting at 6960/93544
2026-06-02 11:29:23,644 - INFO - Completed chunk starting at 6360/93544
2026-06-02 11:29:25,652 - INFO - Completed chunk starting at 7320/93544
2026-06-02 11:29:27,835 - INFO - Completed chunk starting at 7560/93544
2026-06-02 11:29:28,071 - INFO - Completed chunk starting at 7440/93544
2026-06-02 11:30:27,678 - INFO - Completed chunk starting at 7680/93544
2026-06-02 11:31:04,077 - INFO - Completed chunk starting at 7800/93544
2026-06-02 11:31:09,276 - INFO - Completed chunk starting at 7920/93544
2026-06-02 11:31:12,645 - INFO - Completed chunk starting at 8040/93544
2026-06-02 11:31:13,329 - INFO - Completed chunk starting at 8160/93544
2026-06-02 11:31:26,416 - INFO - Completed chunk starting at 8280/93544
2026-06-02 11:31:34,371 - INFO - Completed chunk starting at 8400/93544
2026-06-02 11:31:37,147 - INFO - Completed chunk starting at 8520/93544
2026-06-02 11:31:42,413 - INFO - Completed chunk starting at 8640/93544
2026-06-02 11:31:42,885 - INFO - Completed chunk starting at 9000/93544
2026-06-02 11:31:45,676 - INFO - Completed chunk starting at 9120/93544
2026-06-02 11:31:46,080 - INFO - Completed chunk starting at 8880/93544
2026-06-02 11:31:46,323 - INFO - Completed chunk starting at 8760/93544
2026-06-02 11:31:52,388 - INFO - Completed chunk starting at 9240/93544
2026-06-02 11:31:56,071 - INFO - Completed chunk starting at 9480/93544
2026-06-02 11:31:56,897 - INFO - Completed chunk starting at 9360/93544
2026-06-02 11:32:43,060 - INFO - Completed chunk starting at 9600/93544
2026-06-02 11:34:35,572 - INFO - Completed chunk starting at 9960/93544
2026-06-02 11:34:35,721 - INFO - Completed chunk starting at 9720/93544
2026-06-02 11:34:37,291 - INFO - Completed chunk starting at 9840/93544
2026-06-02 11:34:37,480 - INFO - Completed chunk starting at 10200/93544
2026-06-02 11:34:37,609 - INFO - Completed chunk starting at 10320/93544
2026-06-02 11:34:37,653 - INFO - Completed chunk starting at 10080/93544
2026-06-02 11:34:46,144 - INFO - Completed chunk starting at 10440/93544
2026-06-02 11:34:50,905 - INFO - Completed chunk starting at 10800/93544
2026-06-02 11:34:50,926 - INFO - Completed chunk starting at 10560/93544
2026-06-02 11:34:52,532 - INFO - Completed chunk starting at 11160/93544
2026-06-02 11:34:53,019 - INFO - Completed chunk starting at 10920/93544
2026-06-02 11:34:53,058 - INFO - Completed chunk starting at 11400/93544
2026-06-02 11:34:53,102 - INFO - Completed chunk starting at 10680/93544
2026-06-02 11:34:53,201 - INFO - Completed chunk starting at 11040/93544
2026-06-02 11:35:07,128 - INFO - Completed chunk starting at 11280/93544
2026-06-02 11:36:09,405 - INFO - Completed chunk starting at 11520/93544
2026-06-02 11:37:00,825 - INFO - Completed chunk starting at 11640/93544
2026-06-02 11:37:07,307 - INFO - Completed chunk starting at 11760/93544
2026-06-02 11:37:07,321 - INFO - Completed chunk starting at 12240/93544
2026-06-02 11:37:07,350 - INFO - Completed chunk starting at 11880/93544
2026-06-02 11:37:07,490 - INFO - Completed chunk starting at 12000/93544
2026-06-02 11:37:08,699 - INFO - Completed chunk starting at 12120/93544
2026-06-02 11:37:16,497 - INFO - Completed chunk starting at 12360/93544
2026-06-02 11:37:21,851 - INFO - Completed chunk starting at 12480/93544
2026-06-02 11:37:22,532 - INFO - Completed chunk starting at 12600/93544
2026-06-02 11:37:28,673 - INFO - Completed chunk starting at 12720/93544
2026-06-02 11:37:29,116 - INFO - Completed chunk starting at 13200/93544
2026-06-02 11:37:29,667 - INFO - Completed chunk starting at 13080/93544
2026-06-02 11:37:32,972 - INFO - Completed chunk starting at 12960/93544
2026-06-02 11:37:36,716 - INFO - Completed chunk starting at 12840/93544
2026-06-02 11:37:46,572 - INFO - Completed chunk starting at 13320/93544
2026-06-02 11:38:27,808 - INFO - Completed chunk starting at 13440/93544
2026-06-02 11:39:31,275 - INFO - Completed chunk starting at 13560/93544
2026-06-02 11:39:36,240 - INFO - Completed chunk starting at 14040/93544
2026-06-02 11:39:37,386 - INFO - Completed chunk starting at 13800/93544
2026-06-02 11:39:37,447 - INFO - Completed chunk starting at 14160/93544
2026-06-02 11:39:37,845 - INFO - Completed chunk starting at 13680/93544
2026-06-02 11:39:37,877 - INFO - Completed chunk starting at 13920/93544
2026-06-02 11:39:38,160 - INFO - Completed chunk starting at 14280/93544
2026-06-02 11:39:46,750 - INFO - Completed chunk starting at 14520/93544
2026-06-02 11:39:48,677 - INFO - Completed chunk starting at 14400/93544
2026-06-02 11:40:29,661 - INFO - Completed chunk starting at 14880/93544
2026-06-02 11:40:30,860 - INFO - Completed chunk starting at 14640/93544
2026-06-02 11:40:30,908 - INFO - Completed chunk starting at 14760/93544
2026-06-02 11:40:33,637 - INFO - Completed chunk starting at 15000/93544
2026-06-02 11:40:36,147 - INFO - Completed chunk starting at 15120/93544
2026-06-02 11:40:39,045 - INFO - Completed chunk starting at 15240/93544
2026-06-02 11:40:54,751 - INFO - Completed chunk starting at 15360/93544
2026-06-02 11:41:45,475 - INFO - Completed chunk starting at 15480/93544
2026-06-02 11:41:51,072 - INFO - Completed chunk starting at 15720/93544
2026-06-02 11:41:52,685 - INFO - Completed chunk starting at 15840/93544
2026-06-02 11:41:52,887 - INFO - Completed chunk starting at 15600/93544
2026-06-02 11:41:53,323 - INFO - Completed chunk starting at 16080/93544
2026-06-02 11:41:53,325 - INFO - Completed chunk starting at 15960/93544
2026-06-02 11:41:53,713 - INFO - Completed chunk starting at 16200/93544
2026-06-02 11:42:04,328 - INFO - Completed chunk starting at 16320/93544
2026-06-02 11:42:06,887 - INFO - Completed chunk starting at 16440/93544
2026-06-02 11:42:43,022 - INFO - Completed chunk starting at 16560/93544
2026-06-02 11:42:47,828 - INFO - Completed chunk starting at 16800/93544
2026-06-02 11:42:56,612 - INFO - Completed chunk starting at 16680/93544
2026-06-02 11:43:01,719 - INFO - Completed chunk starting at 16920/93544
2026-06-02 11:43:06,266 - INFO - Completed chunk starting at 17040/93544
2026-06-02 11:43:08,127 - INFO - Completed chunk starting at 17160/93544
2026-06-02 11:43:14,832 - INFO - Completed chunk starting at 17280/93544
2026-06-02 11:44:04,263 - INFO - Completed chunk starting at 17400/93544
2026-06-02 11:44:14,292 - INFO - Completed chunk starting at 17520/93544
2026-06-02 11:44:21,321 - INFO - Completed chunk starting at 17760/93544
2026-06-02 11:44:21,347 - INFO - Completed chunk starting at 17640/93544
2026-06-02 11:44:24,220 - INFO - Completed chunk starting at 17880/93544
2026-06-02 11:44:24,871 - INFO - Completed chunk starting at 18000/93544
2026-06-02 11:44:25,203 - INFO - Completed chunk starting at 18120/93544
2026-06-02 11:44:28,542 - INFO - Completed chunk starting at 18240/93544
2026-06-02 11:44:34,751 - INFO - Completed chunk starting at 18360/93544
2026-06-02 11:44:54,573 - INFO - Completed chunk starting at 18480/93544
2026-06-02 11:45:01,220 - INFO - Completed chunk starting at 18600/93544
2026-06-02 11:45:10,572 - INFO - Completed chunk starting at 18720/93544
2026-06-02 11:45:18,830 - INFO - Completed chunk starting at 18840/93544
2026-06-02 11:45:26,135 - INFO - Completed chunk starting at 18960/93544
2026-06-02 11:45:28,915 - INFO - Completed chunk starting at 19080/93544
2026-06-02 11:45:30,831 - INFO - Completed chunk starting at 19200/93544
2026-06-02 11:46:16,040 - INFO - Completed chunk starting at 19320/93544
2026-06-02 11:46:44,328 - INFO - Completed chunk starting at 19440/93544
2026-06-02 11:46:44,524 - INFO - Completed chunk starting at 19560/93544
2026-06-02 11:46:45,136 - INFO - Completed chunk starting at 19680/93544
2026-06-02 11:46:45,429 - INFO - Completed chunk starting at 19800/93544
2026-06-02 11:46:49,685 - INFO - Completed chunk starting at 20040/93544
2026-06-02 11:46:50,340 - INFO - Completed chunk starting at 19920/93544
2026-06-02 11:46:51,377 - INFO - Completed chunk starting at 20280/93544
2026-06-02 11:46:51,533 - INFO - Completed chunk starting at 20160/93544
2026-06-02 11:47:12,090 - INFO - Completed chunk starting at 20400/93544
2026-06-02 11:47:15,555 - INFO - Completed chunk starting at 20520/93544
2026-06-02 11:47:26,627 - INFO - Completed chunk starting at 20640/93544
2026-06-02 11:47:37,359 - INFO - Completed chunk starting at 20760/93544
2026-06-02 11:47:53,985 - INFO - Completed chunk starting at 20880/93544
2026-06-02 11:47:54,323 - INFO - Completed chunk starting at 21000/93544
2026-06-02 11:47:54,407 - INFO - Completed chunk starting at 21120/93544
2026-06-02 11:48:27,253 - INFO - Completed chunk starting at 21240/93544
2026-06-02 11:49:03,261 - INFO - Completed chunk starting at 21600/93544
2026-06-02 11:49:04,342 - INFO - Completed chunk starting at 21720/93544
2026-06-02 11:49:04,636 - INFO - Completed chunk starting at 21360/93544
2026-06-02 11:49:04,935 - INFO - Completed chunk starting at 21480/93544
2026-06-02 11:49:07,640 - INFO - Completed chunk starting at 21840/93544
2026-06-02 11:49:09,579 - INFO - Completed chunk starting at 21960/93544
2026-06-02 11:49:10,286 - INFO - Completed chunk starting at 22080/93544
2026-06-02 11:49:11,611 - INFO - Completed chunk starting at 22200/93544
2026-06-02 11:49:27,834 - INFO - Completed chunk starting at 22320/93544
2026-06-02 11:49:33,177 - INFO - Completed chunk starting at 22440/93544
2026-06-02 11:49:41,943 - INFO - Completed chunk starting at 22560/93544
2026-06-02 11:49:53,702 - INFO - Completed chunk starting at 22680/93544
2026-06-02 11:50:10,057 - INFO - Completed chunk starting at 22920/93544
2026-06-02 11:50:12,801 - INFO - Completed chunk starting at 22800/93544
2026-06-02 11:50:14,030 - INFO - Completed chunk starting at 23040/93544
2026-06-02 11:50:44,851 - INFO - Completed chunk starting at 23160/93544
2026-06-02 11:51:22,120 - INFO - Completed chunk starting at 23520/93544
2026-06-02 11:51:22,848 - INFO - Completed chunk starting at 23400/93544
2026-06-02 11:51:23,241 - INFO - Completed chunk starting at 23280/93544
2026-06-02 11:51:23,558 - INFO - Completed chunk starting at 23640/93544
2026-06-02 11:51:24,633 - INFO - Completed chunk starting at 23760/93544
2026-06-02 11:51:26,704 - INFO - Completed chunk starting at 24000/93544
2026-06-02 11:51:27,185 - INFO - Completed chunk starting at 24120/93544
2026-06-02 11:51:29,819 - INFO - Completed chunk starting at 23880/93544
2026-06-02 11:51:51,526 - INFO - Completed chunk starting at 24240/93544
2026-06-02 11:51:56,001 - INFO - Completed chunk starting at 24360/93544
2026-06-02 11:52:02,395 - INFO - Completed chunk starting at 24480/93544
2026-06-02 11:52:11,105 - INFO - Completed chunk starting at 24600/93544
2026-06-02 11:52:25,964 - INFO - Completed chunk starting at 24720/93544
2026-06-02 11:52:30,704 - INFO - Completed chunk starting at 24840/93544
2026-06-02 11:52:31,224 - INFO - Completed chunk starting at 24960/93544
2026-06-02 11:53:02,961 - INFO - Completed chunk starting at 25080/93544
2026-06-02 11:53:52,338 - INFO - Completed chunk starting at 25200/93544
2026-06-02 11:53:55,314 - INFO - Completed chunk starting at 25560/93544
2026-06-02 11:53:55,745 - INFO - Completed chunk starting at 25440/93544
2026-06-02 11:53:55,804 - INFO - Completed chunk starting at 25320/93544
2026-06-02 11:53:56,065 - INFO - Completed chunk starting at 25680/93544
2026-06-02 11:53:56,703 - INFO - Completed chunk starting at 25800/93544
2026-06-02 11:53:58,174 - INFO - Completed chunk starting at 26040/93544
2026-06-02 11:53:58,200 - INFO - Completed chunk starting at 25920/93544
2026-06-02 11:54:17,461 - INFO - Completed chunk starting at 26160/93544
2026-06-02 11:54:20,907 - INFO - Completed chunk starting at 26280/93544
2026-06-02 11:54:24,661 - INFO - Completed chunk starting at 26400/93544
2026-06-02 11:54:32,260 - INFO - Completed chunk starting at 26520/93544
2026-06-02 11:54:42,534 - INFO - Completed chunk starting at 26640/93544
2026-06-02 11:54:56,314 - INFO - Completed chunk starting at 26880/93544
2026-06-02 11:55:12,313 - INFO - Completed chunk starting at 26760/93544
2026-06-02 11:55:27,734 - INFO - Completed chunk starting at 27000/93544
2026-06-02 11:56:09,869 - INFO - Completed chunk starting at 27120/93544
2026-06-02 11:56:16,409 - INFO - Completed chunk starting at 27240/93544
2026-06-02 11:56:19,606 - INFO - Completed chunk starting at 27480/93544
2026-06-02 11:56:21,175 - INFO - Completed chunk starting at 27360/93544
2026-06-02 11:56:24,985 - INFO - Completed chunk starting at 27960/93544
2026-06-02 11:56:27,493 - INFO - Completed chunk starting at 27840/93544
2026-06-02 11:56:28,202 - INFO - Completed chunk starting at 27600/93544
2026-06-02 11:56:28,314 - INFO - Completed chunk starting at 27720/93544
2026-06-02 11:56:40,344 - INFO - Completed chunk starting at 28080/93544
2026-06-02 11:56:41,670 - INFO - Completed chunk starting at 28200/93544
2026-06-02 11:56:45,041 - INFO - Completed chunk starting at 28320/93544
2026-06-02 11:56:56,099 - INFO - Completed chunk starting at 28440/93544
2026-06-02 11:56:57,359 - INFO - Completed chunk starting at 28560/93544
2026-06-02 11:57:13,295 - INFO - Completed chunk starting at 28680/93544
2026-06-02 11:57:33,551 - INFO - Completed chunk starting at 28800/93544
2026-06-02 11:57:56,398 - INFO - Completed chunk starting at 28920/93544
2026-06-02 11:58:28,705 - INFO - Completed chunk starting at 29040/93544
2026-06-02 11:58:37,833 - INFO - Completed chunk starting at 29400/93544
2026-06-02 11:58:37,883 - INFO - Completed chunk starting at 29280/93544
2026-06-02 11:58:37,998 - INFO - Completed chunk starting at 29160/93544
2026-06-02 11:58:47,833 - INFO - Completed chunk starting at 29520/93544
2026-06-02 11:58:49,178 - INFO - Completed chunk starting at 29880/93544
2026-06-02 11:58:52,323 - INFO - Completed chunk starting at 29760/93544
2026-06-02 11:58:52,324 - INFO - Completed chunk starting at 29640/93544
2026-06-02 11:59:03,062 - INFO - Completed chunk starting at 30000/93544
2026-06-02 11:59:05,700 - INFO - Completed chunk starting at 30120/93544
2026-06-02 11:59:14,086 - INFO - Completed chunk starting at 30240/93544
2026-06-02 11:59:23,055 - INFO - Completed chunk starting at 30480/93544
2026-06-02 11:59:25,411 - INFO - Completed chunk starting at 30360/93544
2026-06-02 11:59:56,697 - INFO - Completed chunk starting at 30600/93544
2026-06-02 11:59:59,282 - INFO - Completed chunk starting at 30720/93544
2026-06-02 12:00:18,520 - INFO - Completed chunk starting at 30840/93544
2026-06-02 12:00:42,171 - INFO - Completed chunk starting at 30960/93544
2026-06-02 12:00:50,886 - INFO - Completed chunk starting at 31320/93544
2026-06-02 12:00:51,822 - INFO - Completed chunk starting at 31200/93544
2026-06-02 12:00:53,148 - INFO - Completed chunk starting at 31080/93544
2026-06-02 12:01:00,595 - INFO - Completed chunk starting at 31560/93544
2026-06-02 12:01:03,629 - INFO - Completed chunk starting at 31440/93544
2026-06-02 12:01:07,299 - INFO - Completed chunk starting at 31800/93544
2026-06-02 12:01:07,421 - INFO - Completed chunk starting at 31680/93544
2026-06-02 12:01:18,689 - INFO - Completed chunk starting at 31920/93544
2026-06-02 12:01:28,014 - INFO - Completed chunk starting at 32160/93544
2026-06-02 12:01:28,034 - INFO - Completed chunk starting at 32040/93544
2026-06-02 12:01:39,976 - INFO - Completed chunk starting at 32280/93544
2026-06-02 12:01:44,571 - INFO - Completed chunk starting at 32400/93544
2026-06-02 12:02:18,092 - INFO - Completed chunk starting at 32520/93544
2026-06-02 12:02:27,258 - INFO - Completed chunk starting at 32640/93544
2026-06-02 12:02:38,203 - INFO - Completed chunk starting at 32760/93544
2026-06-02 12:03:03,073 - INFO - Completed chunk starting at 32880/93544
2026-06-02 12:03:07,749 - INFO - Completed chunk starting at 33000/93544
2026-06-02 12:03:13,244 - INFO - Completed chunk starting at 33240/93544
2026-06-02 12:03:14,532 - INFO - Completed chunk starting at 33120/93544
2026-06-02 12:03:17,740 - INFO - Completed chunk starting at 33360/93544
2026-06-02 12:03:18,043 - INFO - Completed chunk starting at 33480/93544
2026-06-02 12:03:21,506 - INFO - Completed chunk starting at 33720/93544
2026-06-02 12:03:26,046 - INFO - Completed chunk starting at 33600/93544
2026-06-02 12:03:41,740 - INFO - Completed chunk starting at 33840/93544
2026-06-02 12:03:52,070 - INFO - Completed chunk starting at 33960/93544
2026-06-02 12:03:54,546 - INFO - Completed chunk starting at 34080/93544
2026-06-02 12:04:01,557 - INFO - Completed chunk starting at 34200/93544
2026-06-02 12:04:08,182 - INFO - Completed chunk starting at 34320/93544
2026-06-02 12:04:33,724 - INFO - Completed chunk starting at 34440/93544
2026-06-02 12:04:42,334 - INFO - Completed chunk starting at 34560/93544
2026-06-02 12:04:49,201 - INFO - Completed chunk starting at 34680/93544
2026-06-02 12:05:16,874 - INFO - Completed chunk starting at 34800/93544
2026-06-02 12:05:22,388 - INFO - Completed chunk starting at 34920/93544
2026-06-02 12:05:27,204 - INFO - Completed chunk starting at 35040/93544
2026-06-02 12:05:30,538 - INFO - Completed chunk starting at 35160/93544
2026-06-02 12:05:36,658 - INFO - Completed chunk starting at 35280/93544
2026-06-02 12:05:38,641 - INFO - Completed chunk starting at 35400/93544
2026-06-02 12:05:42,007 - INFO - Completed chunk starting at 35520/93544
2026-06-02 12:05:43,735 - INFO - Completed chunk starting at 35640/93544
2026-06-02 12:05:56,111 - INFO - Completed chunk starting at 35760/93544
2026-06-02 12:06:07,990 - INFO - Completed chunk starting at 35880/93544
2026-06-02 12:06:10,407 - INFO - Completed chunk starting at 36000/93544
2026-06-02 12:06:18,958 - INFO - Completed chunk starting at 36120/93544
2026-06-02 12:06:24,713 - INFO - Completed chunk starting at 36240/93544
2026-06-02 12:06:48,381 - INFO - Completed chunk starting at 36360/93544
2026-06-02 12:06:58,453 - INFO - Completed chunk starting at 36480/93544
2026-06-02 12:07:04,147 - INFO - Completed chunk starting at 36600/93544
2026-06-02 12:07:27,365 - INFO - Completed chunk starting at 36720/93544
2026-06-02 12:07:33,901 - INFO - Completed chunk starting at 36840/93544
2026-06-02 12:07:38,901 - INFO - Completed chunk starting at 36960/93544
2026-06-02 12:07:45,497 - INFO - Completed chunk starting at 37080/93544
2026-06-02 12:07:51,734 - INFO - Completed chunk starting at 37200/93544
2026-06-02 12:07:54,098 - INFO - Completed chunk starting at 37320/93544
2026-06-02 12:07:56,197 - INFO - Completed chunk starting at 37440/93544
2026-06-02 12:08:01,400 - INFO - Completed chunk starting at 37560/93544
2026-06-02 12:08:16,970 - INFO - Completed chunk starting at 37680/93544
2026-06-02 12:08:29,621 - INFO - Completed chunk starting at 37800/93544
2026-06-02 12:08:32,552 - INFO - Completed chunk starting at 37920/93544
2026-06-02 12:08:36,165 - INFO - Completed chunk starting at 38040/93544
2026-06-02 12:08:42,858 - INFO - Completed chunk starting at 38160/93544
2026-06-02 12:09:03,852 - INFO - Completed chunk starting at 38280/93544
2026-06-02 12:09:15,955 - INFO - Completed chunk starting at 38400/93544
2026-06-02 12:09:20,029 - INFO - Completed chunk starting at 38520/93544
2026-06-02 12:09:39,225 - INFO - Completed chunk starting at 38640/93544
2026-06-02 12:09:46,712 - INFO - Completed chunk starting at 38760/93544
2026-06-02 12:09:56,918 - INFO - Completed chunk starting at 38880/93544
2026-06-02 12:09:59,294 - INFO - Completed chunk starting at 39000/93544
2026-06-02 12:10:04,464 - INFO - Completed chunk starting at 39120/93544
2026-06-02 12:10:08,676 - INFO - Completed chunk starting at 39240/93544
2026-06-02 12:10:11,910 - INFO - Completed chunk starting at 39360/93544
2026-06-02 12:10:16,540 - INFO - Completed chunk starting at 39480/93544
2026-06-02 12:10:31,248 - INFO - Completed chunk starting at 39600/93544
2026-06-02 12:10:43,413 - INFO - Completed chunk starting at 39720/93544
2026-06-02 12:10:50,144 - INFO - Completed chunk starting at 39840/93544
2026-06-02 12:10:55,400 - INFO - Completed chunk starting at 39960/93544
2026-06-02 12:10:58,689 - INFO - Completed chunk starting at 40080/93544
2026-06-02 12:11:18,132 - INFO - Completed chunk starting at 40200/93544
2026-06-02 12:11:30,129 - INFO - Completed chunk starting at 40320/93544
2026-06-02 12:11:35,913 - INFO - Completed chunk starting at 40440/93544
2026-06-02 12:11:51,129 - INFO - Completed chunk starting at 40560/93544
2026-06-02 12:11:57,155 - INFO - Completed chunk starting at 40680/93544
2026-06-02 12:12:13,070 - INFO - Completed chunk starting at 40800/93544
2026-06-02 12:12:16,352 - INFO - Completed chunk starting at 40920/93544
2026-06-02 12:12:22,057 - INFO - Completed chunk starting at 41040/93544
2026-06-02 12:12:23,926 - INFO - Completed chunk starting at 41160/93544
2026-06-02 12:12:26,147 - INFO - Completed chunk starting at 41280/93544
2026-06-02 12:12:30,084 - INFO - Completed chunk starting at 41400/93544
2026-06-02 12:12:49,937 - INFO - Completed chunk starting at 41520/93544
2026-06-02 12:13:04,467 - INFO - Completed chunk starting at 41640/93544
2026-06-02 12:13:05,771 - INFO - Completed chunk starting at 41760/93544
2026-06-02 12:13:10,952 - INFO - Completed chunk starting at 41880/93544
2026-06-02 12:13:14,152 - INFO - Completed chunk starting at 42000/93544
2026-06-02 12:13:29,843 - INFO - Completed chunk starting at 42120/93544
2026-06-02 12:13:49,399 - INFO - Completed chunk starting at 42240/93544
2026-06-02 12:13:52,346 - INFO - Completed chunk starting at 42360/93544
2026-06-02 12:14:02,774 - INFO - Completed chunk starting at 42480/93544
2026-06-02 12:14:08,221 - INFO - Completed chunk starting at 42600/93544
2026-06-02 12:14:22,648 - INFO - Completed chunk starting at 42720/93544
2026-06-02 12:14:26,094 - INFO - Completed chunk starting at 42840/93544
2026-06-02 12:14:31,926 - INFO - Completed chunk starting at 42960/93544
2026-06-02 12:14:38,550 - INFO - Completed chunk starting at 43080/93544
2026-06-02 12:14:38,777 - INFO - Completed chunk starting at 43200/93544
2026-06-02 12:14:45,705 - INFO - Completed chunk starting at 43320/93544
2026-06-02 12:15:00,758 - INFO - Completed chunk starting at 43440/93544
2026-06-02 12:15:22,861 - INFO - Completed chunk starting at 43560/93544
2026-06-02 12:15:25,488 - INFO - Completed chunk starting at 43680/93544
2026-06-02 12:15:27,440 - INFO - Completed chunk starting at 43800/93544
2026-06-02 12:15:34,299 - INFO - Completed chunk starting at 43920/93544
2026-06-02 12:15:42,207 - INFO - Completed chunk starting at 44040/93544
2026-06-02 12:16:07,670 - INFO - Completed chunk starting at 44160/93544
2026-06-02 12:16:08,841 - INFO - Completed chunk starting at 44280/93544
2026-06-02 12:16:16,611 - INFO - Completed chunk starting at 44400/93544
2026-06-02 12:16:20,007 - INFO - Completed chunk starting at 44520/93544
2026-06-02 12:16:35,974 - INFO - Completed chunk starting at 44640/93544
2026-06-02 12:16:39,460 - INFO - Completed chunk starting at 44760/93544
2026-06-02 12:16:45,037 - INFO - Completed chunk starting at 44880/93544
2026-06-02 12:16:53,098 - INFO - Completed chunk starting at 45000/93544
2026-06-02 12:16:53,670 - INFO - Completed chunk starting at 45120/93544
2026-06-02 12:17:02,835 - INFO - Completed chunk starting at 45240/93544
2026-06-02 12:17:12,930 - INFO - Completed chunk starting at 45360/93544
2026-06-02 12:17:36,230 - INFO - Completed chunk starting at 45480/93544
2026-06-02 12:17:37,776 - INFO - Completed chunk starting at 45600/93544
2026-06-02 12:17:40,914 - INFO - Completed chunk starting at 45720/93544
2026-06-02 12:17:48,029 - INFO - Completed chunk starting at 45840/93544
2026-06-02 12:17:52,457 - INFO - Completed chunk starting at 45960/93544
2026-06-02 12:18:21,035 - INFO - Completed chunk starting at 46080/93544
2026-06-02 12:18:22,416 - INFO - Completed chunk starting at 46200/93544
2026-06-02 12:18:25,632 - INFO - Completed chunk starting at 46320/93544
2026-06-02 12:18:28,944 - INFO - Completed chunk starting at 46440/93544
2026-06-02 12:18:46,207 - INFO - Completed chunk starting at 46560/93544
2026-06-02 12:18:50,061 - INFO - Completed chunk starting at 46680/93544
2026-06-02 12:18:59,819 - INFO - Completed chunk starting at 46800/93544
2026-06-02 12:19:04,311 - INFO - Completed chunk starting at 47040/93544
2026-06-02 12:19:06,407 - INFO - Completed chunk starting at 46920/93544
2026-06-02 12:19:13,154 - INFO - Completed chunk starting at 47160/93544
2026-06-02 12:19:23,665 - INFO - Completed chunk starting at 47280/93544
2026-06-02 12:19:47,659 - INFO - Completed chunk starting at 47400/93544
2026-06-02 12:19:50,931 - INFO - Completed chunk starting at 47520/93544
2026-06-02 12:19:53,805 - INFO - Completed chunk starting at 47640/93544
2026-06-02 12:20:00,705 - INFO - Completed chunk starting at 47760/93544
2026-06-02 12:20:04,341 - INFO - Completed chunk starting at 47880/93544
2026-06-02 12:20:32,889 - INFO - Completed chunk starting at 48000/93544
2026-06-02 12:20:34,604 - INFO - Completed chunk starting at 48120/93544
2026-06-02 12:20:36,044 - INFO - Completed chunk starting at 48240/93544
2026-06-02 12:20:39,268 - INFO - Completed chunk starting at 48360/93544
2026-06-02 12:20:55,702 - INFO - Completed chunk starting at 48480/93544
2026-06-02 12:21:01,132 - INFO - Completed chunk starting at 48600/93544
2026-06-02 12:21:16,710 - INFO - Completed chunk starting at 48720/93544
2026-06-02 12:21:19,759 - INFO - Completed chunk starting at 48840/93544
2026-06-02 12:21:21,364 - INFO - Completed chunk starting at 48960/93544
2026-06-02 12:21:27,101 - INFO - Completed chunk starting at 49080/93544
2026-06-02 12:21:37,332 - INFO - Completed chunk starting at 49200/93544
2026-06-02 12:21:59,068 - INFO - Completed chunk starting at 49320/93544
2026-06-02 12:22:01,424 - INFO - Completed chunk starting at 49440/93544
2026-06-02 12:22:03,231 - INFO - Completed chunk starting at 49560/93544
2026-06-02 12:22:10,257 - INFO - Completed chunk starting at 49680/93544
2026-06-02 12:22:16,540 - INFO - Completed chunk starting at 49800/93544
2026-06-02 12:22:42,362 - INFO - Completed chunk starting at 49920/93544
2026-06-02 12:22:45,224 - INFO - Completed chunk starting at 50040/93544
2026-06-02 12:22:46,226 - INFO - Completed chunk starting at 50160/93544
2026-06-02 12:22:48,427 - INFO - Completed chunk starting at 50280/93544
2026-06-02 12:23:06,520 - INFO - Completed chunk starting at 50400/93544
2026-06-02 12:23:10,414 - INFO - Completed chunk starting at 50520/93544
2026-06-02 12:23:29,368 - INFO - Completed chunk starting at 50760/93544
2026-06-02 12:23:29,629 - INFO - Completed chunk starting at 50880/93544
2026-06-02 12:23:35,459 - INFO - Completed chunk starting at 51000/93544
2026-06-02 12:23:41,853 - INFO - Completed chunk starting at 50640/93544
2026-06-02 12:23:46,403 - INFO - Completed chunk starting at 51120/93544
2026-06-02 12:24:11,388 - INFO - Completed chunk starting at 51360/93544
2026-06-02 12:24:12,876 - INFO - Completed chunk starting at 51480/93544
2026-06-02 12:24:15,357 - INFO - Completed chunk starting at 51240/93544
2026-06-02 12:24:21,571 - INFO - Completed chunk starting at 51600/93544
2026-06-02 12:24:26,233 - INFO - Completed chunk starting at 51720/93544
2026-06-02 12:24:51,292 - INFO - Completed chunk starting at 51840/93544
2026-06-02 12:24:54,746 - INFO - Completed chunk starting at 51960/93544
2026-06-02 12:24:55,101 - INFO - Completed chunk starting at 52080/93544
2026-06-02 12:24:57,652 - INFO - Completed chunk starting at 52200/93544
2026-06-02 12:25:16,429 - INFO - Completed chunk starting at 52320/93544
2026-06-02 12:25:23,466 - INFO - Completed chunk starting at 52440/93544
2026-06-02 12:25:37,926 - INFO - Completed chunk starting at 52680/93544
2026-06-02 12:25:39,778 - INFO - Completed chunk starting at 52560/93544
2026-06-02 12:25:45,312 - INFO - Completed chunk starting at 52800/93544
2026-06-02 12:25:52,179 - INFO - Completed chunk starting at 52920/93544
2026-06-02 12:25:56,453 - INFO - Completed chunk starting at 53040/93544
2026-06-02 12:26:23,130 - INFO - Completed chunk starting at 53160/93544
2026-06-02 12:26:24,864 - INFO - Completed chunk starting at 53280/93544
2026-06-02 12:26:25,371 - INFO - Completed chunk starting at 53400/93544
2026-06-02 12:26:32,995 - INFO - Completed chunk starting at 53520/93544
2026-06-02 12:26:35,814 - INFO - Completed chunk starting at 53640/93544
2026-06-02 12:27:00,868 - INFO - Completed chunk starting at 53760/93544
2026-06-02 12:27:04,281 - INFO - Completed chunk starting at 54000/93544
2026-06-02 12:27:05,570 - INFO - Completed chunk starting at 53880/93544
2026-06-02 12:27:09,097 - INFO - Completed chunk starting at 54120/93544
2026-06-02 12:27:25,991 - INFO - Completed chunk starting at 54240/93544
2026-06-02 12:27:33,022 - INFO - Completed chunk starting at 54360/93544
2026-06-02 12:27:47,315 - INFO - Completed chunk starting at 54480/93544
2026-06-02 12:27:49,184 - INFO - Completed chunk starting at 54600/93544
2026-06-02 12:27:55,420 - INFO - Completed chunk starting at 54720/93544
2026-06-02 12:28:04,484 - INFO - Completed chunk starting at 54840/93544
2026-06-02 12:28:05,500 - INFO - Completed chunk starting at 54960/93544
2026-06-02 12:28:30,762 - INFO - Completed chunk starting at 55080/93544
2026-06-02 12:28:35,153 - INFO - Completed chunk starting at 55200/93544
2026-06-02 12:28:36,480 - INFO - Completed chunk starting at 55320/93544
2026-06-02 12:28:43,898 - INFO - Completed chunk starting at 55440/93544
2026-06-02 12:28:46,959 - INFO - Completed chunk starting at 55560/93544
2026-06-02 12:29:10,249 - INFO - Completed chunk starting at 55680/93544
2026-06-02 12:29:15,510 - INFO - Completed chunk starting at 55920/93544
2026-06-02 12:29:16,403 - INFO - Completed chunk starting at 55800/93544
2026-06-02 12:29:17,528 - INFO - Completed chunk starting at 56040/93544
2026-06-02 12:29:35,329 - INFO - Completed chunk starting at 56160/93544
2026-06-02 12:29:44,956 - INFO - Completed chunk starting at 56280/93544
2026-06-02 12:29:57,516 - INFO - Completed chunk starting at 56520/93544
2026-06-02 12:29:57,975 - INFO - Completed chunk starting at 56400/93544
2026-06-02 12:30:04,250 - INFO - Completed chunk starting at 56640/93544
2026-06-02 12:30:13,608 - INFO - Completed chunk starting at 56760/93544
2026-06-02 12:30:14,417 - INFO - Completed chunk starting at 56880/93544
2026-06-02 12:30:40,624 - INFO - Completed chunk starting at 57000/93544
2026-06-02 12:30:47,762 - INFO - Completed chunk starting at 57120/93544
2026-06-02 12:30:47,806 - INFO - Completed chunk starting at 57240/93544
2026-06-02 12:30:55,338 - INFO - Completed chunk starting at 57360/93544
2026-06-02 12:30:57,049 - INFO - Completed chunk starting at 57480/93544
2026-06-02 12:31:19,263 - INFO - Completed chunk starting at 57600/93544
2026-06-02 12:31:26,270 - INFO - Completed chunk starting at 57840/93544
2026-06-02 12:31:26,334 - INFO - Completed chunk starting at 57720/93544
2026-06-02 12:31:27,154 - INFO - Completed chunk starting at 57960/93544
2026-06-02 12:31:44,212 - INFO - Completed chunk starting at 58080/93544
2026-06-02 12:31:53,713 - INFO - Completed chunk starting at 58200/93544
2026-06-02 12:32:06,715 - INFO - Completed chunk starting at 58320/93544
2026-06-02 12:32:12,744 - INFO - Completed chunk starting at 58440/93544
2026-06-02 12:32:15,251 - INFO - Completed chunk starting at 58560/93544
2026-06-02 12:32:24,351 - INFO - Completed chunk starting at 58680/93544
2026-06-02 12:32:25,232 - INFO - Completed chunk starting at 58800/93544
2026-06-02 12:32:50,538 - INFO - Completed chunk starting at 58920/93544
2026-06-02 12:32:57,495 - INFO - Completed chunk starting at 59160/93544
2026-06-02 12:32:57,671 - INFO - Completed chunk starting at 59040/93544
2026-06-02 12:33:04,901 - INFO - Completed chunk starting at 59280/93544
2026-06-02 12:33:08,152 - INFO - Completed chunk starting at 59400/93544
2026-06-02 12:33:28,453 - INFO - Completed chunk starting at 59520/93544
2026-06-02 12:33:35,403 - INFO - Completed chunk starting at 59760/93544
2026-06-02 12:33:36,406 - INFO - Completed chunk starting at 59880/93544
2026-06-02 12:33:38,404 - INFO - Completed chunk starting at 59640/93544
2026-06-02 12:33:54,279 - INFO - Completed chunk starting at 60000/93544
2026-06-02 12:34:02,619 - INFO - Completed chunk starting at 60120/93544
2026-06-02 12:34:16,669 - INFO - Completed chunk starting at 60240/93544
2026-06-02 12:34:24,434 - INFO - Completed chunk starting at 60480/93544
2026-06-02 12:34:24,537 - INFO - Completed chunk starting at 60360/93544
2026-06-02 12:34:33,110 - INFO - Completed chunk starting at 60600/93544
2026-06-02 12:34:34,401 - INFO - Completed chunk starting at 60720/93544
2026-06-02 12:35:00,119 - INFO - Completed chunk starting at 60840/93544
2026-06-02 12:35:06,014 - INFO - Completed chunk starting at 60960/93544
2026-06-02 12:35:07,277 - INFO - Completed chunk starting at 61080/93544
2026-06-02 12:35:14,582 - INFO - Completed chunk starting at 61200/93544
2026-06-02 12:35:18,996 - INFO - Completed chunk starting at 61320/93544
2026-06-02 12:35:37,903 - INFO - Completed chunk starting at 61440/93544
2026-06-02 12:35:44,015 - INFO - Completed chunk starting at 61680/93544
2026-06-02 12:35:45,121 - INFO - Completed chunk starting at 61560/93544
2026-06-02 12:35:48,450 - INFO - Completed chunk starting at 61800/93544
2026-06-02 12:36:05,079 - INFO - Completed chunk starting at 61920/93544
2026-06-02 12:36:13,982 - INFO - Completed chunk starting at 62040/93544
2026-06-02 12:36:25,482 - INFO - Completed chunk starting at 62160/93544
2026-06-02 12:36:32,537 - INFO - Completed chunk starting at 62280/93544
2026-06-02 12:36:35,054 - INFO - Completed chunk starting at 62400/93544
2026-06-02 12:36:43,476 - INFO - Completed chunk starting at 62520/93544
2026-06-02 12:36:44,651 - INFO - Completed chunk starting at 62640/93544
2026-06-02 12:37:11,749 - INFO - Completed chunk starting at 62760/93544
2026-06-02 12:37:13,847 - INFO - Completed chunk starting at 62880/93544
2026-06-02 12:37:16,536 - INFO - Completed chunk starting at 63000/93544
2026-06-02 12:37:26,716 - INFO - Completed chunk starting at 63120/93544
2026-06-02 12:37:29,738 - INFO - Completed chunk starting at 63240/93544
2026-06-02 12:37:47,437 - INFO - Completed chunk starting at 63360/93544
2026-06-02 12:37:54,637 - INFO - Completed chunk starting at 63480/93544
2026-06-02 12:37:55,902 - INFO - Completed chunk starting at 63600/93544
2026-06-02 12:37:57,775 - INFO - Completed chunk starting at 63720/93544
2026-06-02 12:38:15,074 - INFO - Completed chunk starting at 63840/93544
2026-06-02 12:38:21,629 - INFO - Completed chunk starting at 63960/93544
2026-06-02 12:38:33,583 - INFO - Completed chunk starting at 64080/93544
2026-06-02 12:38:41,463 - INFO - Completed chunk starting at 64200/93544
2026-06-02 12:38:44,925 - INFO - Completed chunk starting at 64320/93544
2026-06-02 12:38:51,296 - INFO - Completed chunk starting at 64440/93544
2026-06-02 12:38:52,655 - INFO - Completed chunk starting at 64560/93544
2026-06-02 12:39:22,782 - INFO - Completed chunk starting at 64800/93544
2026-06-02 12:39:23,645 - INFO - Completed chunk starting at 64680/93544
2026-06-02 12:39:25,365 - INFO - Completed chunk starting at 64920/93544
2026-06-02 12:39:36,574 - INFO - Completed chunk starting at 65040/93544
2026-06-02 12:39:39,191 - INFO - Completed chunk starting at 65160/93544
2026-06-02 12:39:56,369 - INFO - Completed chunk starting at 65280/93544
2026-06-02 12:40:03,068 - INFO - Completed chunk starting at 65400/93544
2026-06-02 12:40:03,475 - INFO - Completed chunk starting at 65520/93544
2026-06-02 12:40:05,883 - INFO - Completed chunk starting at 65640/93544
2026-06-02 12:40:23,339 - INFO - Completed chunk starting at 65760/93544
2026-06-02 12:40:29,055 - INFO - Completed chunk starting at 65880/93544
2026-06-02 12:40:41,583 - INFO - Completed chunk starting at 66000/93544
2026-06-02 12:40:49,660 - INFO - Completed chunk starting at 66120/93544
2026-06-02 12:40:55,101 - INFO - Completed chunk starting at 66240/93544
2026-06-02 12:40:59,919 - INFO - Completed chunk starting at 66360/93544
2026-06-02 12:41:01,378 - INFO - Completed chunk starting at 66480/93544
2026-06-02 12:41:33,764 - INFO - Completed chunk starting at 66600/93544
2026-06-02 12:41:34,693 - INFO - Completed chunk starting at 66720/93544
2026-06-02 12:41:34,914 - INFO - Completed chunk starting at 66840/93544
2026-06-02 12:41:44,514 - INFO - Completed chunk starting at 66960/93544
2026-06-02 12:41:47,512 - INFO - Completed chunk starting at 67080/93544
2026-06-02 12:42:04,829 - INFO - Completed chunk starting at 67200/93544
2026-06-02 12:42:15,194 - INFO - Completed chunk starting at 67560/93544
2026-06-02 12:42:16,399 - INFO - Completed chunk starting at 67320/93544
2026-06-02 12:42:16,615 - INFO - Completed chunk starting at 67440/93544
2026-06-02 12:42:31,748 - INFO - Completed chunk starting at 67680/93544
2026-06-02 12:42:39,525 - INFO - Completed chunk starting at 67800/93544
2026-06-02 12:42:50,056 - INFO - Completed chunk starting at 67920/93544
2026-06-02 12:42:58,782 - INFO - Completed chunk starting at 68040/93544
2026-06-02 12:43:02,116 - INFO - Completed chunk starting at 68160/93544
2026-06-02 12:43:08,601 - INFO - Completed chunk starting at 68280/93544
2026-06-02 12:43:09,485 - INFO - Completed chunk starting at 68400/93544
2026-06-02 12:43:43,493 - INFO - Completed chunk starting at 68520/93544
2026-06-02 12:43:44,463 - INFO - Completed chunk starting at 68640/93544
2026-06-02 12:43:44,833 - INFO - Completed chunk starting at 68760/93544
2026-06-02 12:43:54,997 - INFO - Completed chunk starting at 69000/93544
2026-06-02 12:44:11,812 - INFO - Completed chunk starting at 68880/93544
2026-06-02 12:44:13,725 - INFO - Completed chunk starting at 69120/93544
2026-06-02 12:44:21,457 - INFO - Completed chunk starting at 69240/93544
2026-06-02 12:44:23,782 - INFO - Completed chunk starting at 69480/93544
2026-06-02 12:44:26,507 - INFO - Completed chunk starting at 69360/93544
2026-06-02 12:44:41,809 - INFO - Completed chunk starting at 69600/93544
2026-06-02 12:44:49,216 - INFO - Completed chunk starting at 69720/93544
2026-06-02 12:45:03,897 - INFO - Completed chunk starting at 69840/93544
2026-06-02 12:45:07,799 - INFO - Completed chunk starting at 69960/93544
2026-06-02 12:45:12,274 - INFO - Completed chunk starting at 70080/93544
2026-06-02 12:45:18,374 - INFO - Completed chunk starting at 70320/93544
2026-06-02 12:45:19,386 - INFO - Completed chunk starting at 70200/93544
2026-06-02 12:45:53,326 - INFO - Completed chunk starting at 70440/93544
2026-06-02 12:45:55,008 - INFO - Completed chunk starting at 70680/93544
2026-06-02 12:45:55,278 - INFO - Completed chunk starting at 70560/93544
2026-06-02 12:46:06,271 - INFO - Completed chunk starting at 70800/93544
2026-06-02 12:46:22,503 - INFO - Completed chunk starting at 70920/93544
2026-06-02 12:46:23,662 - INFO - Completed chunk starting at 71040/93544
2026-06-02 12:46:32,477 - INFO - Completed chunk starting at 71160/93544
2026-06-02 12:46:35,933 - INFO - Completed chunk starting at 71400/93544
2026-06-02 12:46:35,985 - INFO - Completed chunk starting at 71280/93544
2026-06-02 12:46:51,651 - INFO - Completed chunk starting at 71520/93544
2026-06-02 12:46:59,136 - INFO - Completed chunk starting at 71640/93544
2026-06-02 12:47:14,763 - INFO - Completed chunk starting at 71760/93544
2026-06-02 12:47:15,876 - INFO - Completed chunk starting at 71880/93544
2026-06-02 12:47:21,692 - INFO - Completed chunk starting at 72000/93544
2026-06-02 12:47:27,728 - INFO - Completed chunk starting at 72240/93544
2026-06-02 12:47:30,724 - INFO - Completed chunk starting at 72120/93544
2026-06-02 12:48:03,147 - INFO - Completed chunk starting at 72360/93544
2026-06-02 12:48:04,284 - INFO - Completed chunk starting at 72600/93544
2026-06-02 12:48:05,579 - INFO - Completed chunk starting at 72480/93544
2026-06-02 12:48:15,710 - INFO - Completed chunk starting at 72720/93544
2026-06-02 12:48:32,798 - INFO - Completed chunk starting at 72960/93544
2026-06-02 12:48:33,218 - INFO - Completed chunk starting at 72840/93544
2026-06-02 12:48:41,011 - INFO - Completed chunk starting at 73080/93544
2026-06-02 12:48:44,775 - INFO - Completed chunk starting at 73320/93544
2026-06-02 12:48:45,548 - INFO - Completed chunk starting at 73200/93544
2026-06-02 12:49:01,960 - INFO - Completed chunk starting at 73440/93544
2026-06-02 12:49:09,995 - INFO - Completed chunk starting at 73560/93544
2026-06-02 12:49:25,524 - INFO - Completed chunk starting at 73680/93544
2026-06-02 12:49:25,787 - INFO - Completed chunk starting at 73800/93544
2026-06-02 12:49:31,529 - INFO - Completed chunk starting at 73920/93544
2026-06-02 12:49:39,344 - INFO - Completed chunk starting at 74160/93544
2026-06-02 12:49:49,130 - INFO - Completed chunk starting at 74040/93544
2026-06-02 12:50:11,450 - INFO - Completed chunk starting at 74280/93544
2026-06-02 12:50:13,824 - INFO - Completed chunk starting at 74400/93544
2026-06-02 12:50:14,877 - INFO - Completed chunk starting at 74520/93544
2026-06-02 12:50:24,098 - INFO - Completed chunk starting at 74640/93544
2026-06-02 12:50:42,429 - INFO - Completed chunk starting at 74880/93544
2026-06-02 12:50:42,672 - INFO - Completed chunk starting at 74760/93544
2026-06-02 12:50:50,149 - INFO - Completed chunk starting at 75000/93544
2026-06-02 12:50:54,447 - INFO - Completed chunk starting at 75240/93544
2026-06-02 12:50:55,129 - INFO - Completed chunk starting at 75120/93544
2026-06-02 12:51:09,601 - INFO - Completed chunk starting at 75360/93544
2026-06-02 12:51:19,579 - INFO - Completed chunk starting at 75480/93544
2026-06-02 12:51:34,229 - INFO - Completed chunk starting at 75600/93544
2026-06-02 12:51:36,002 - INFO - Completed chunk starting at 75720/93544
2026-06-02 12:51:39,252 - INFO - Completed chunk starting at 75840/93544
2026-06-02 12:51:49,542 - INFO - Completed chunk starting at 75960/93544
2026-06-02 12:52:00,496 - INFO - Completed chunk starting at 76080/93544
2026-06-02 12:52:22,776 - INFO - Completed chunk starting at 76320/93544
2026-06-02 12:52:23,378 - INFO - Completed chunk starting at 76200/93544
2026-06-02 12:52:24,257 - INFO - Completed chunk starting at 76440/93544
2026-06-02 12:52:33,432 - INFO - Completed chunk starting at 76560/93544
2026-06-02 12:52:53,525 - INFO - Completed chunk starting at 76800/93544
2026-06-02 12:52:53,851 - INFO - Completed chunk starting at 76680/93544
2026-06-02 12:53:01,863 - INFO - Completed chunk starting at 76920/93544
2026-06-02 12:53:04,588 - INFO - Completed chunk starting at 77040/93544
2026-06-02 12:53:07,599 - INFO - Completed chunk starting at 77160/93544
2026-06-02 12:53:20,243 - INFO - Completed chunk starting at 77280/93544
2026-06-02 12:53:29,278 - INFO - Completed chunk starting at 77400/93544
2026-06-02 12:53:44,278 - INFO - Completed chunk starting at 77520/93544
2026-06-02 12:53:45,044 - INFO - Completed chunk starting at 77640/93544
2026-06-02 12:53:48,374 - INFO - Completed chunk starting at 77760/93544
2026-06-02 12:53:59,531 - INFO - Completed chunk starting at 77880/93544
2026-06-02 12:54:09,244 - INFO - Completed chunk starting at 78000/93544
2026-06-02 12:54:31,837 - INFO - Completed chunk starting at 78120/93544
2026-06-02 12:54:32,847 - INFO - Completed chunk starting at 78240/93544
2026-06-02 12:54:34,168 - INFO - Completed chunk starting at 78360/93544
2026-06-02 12:54:42,690 - INFO - Completed chunk starting at 78480/93544
2026-06-02 12:55:03,407 - INFO - Completed chunk starting at 78720/93544
2026-06-02 12:55:03,427 - INFO - Completed chunk starting at 78600/93544
2026-06-02 12:55:12,340 - INFO - Completed chunk starting at 78840/93544
2026-06-02 12:55:13,355 - INFO - Completed chunk starting at 78960/93544
2026-06-02 12:55:18,591 - INFO - Completed chunk starting at 79080/93544
2026-06-02 12:55:29,699 - INFO - Completed chunk starting at 79200/93544
2026-06-02 12:55:40,897 - INFO - Completed chunk starting at 79320/93544
2026-06-02 12:55:55,294 - INFO - Completed chunk starting at 79440/93544
2026-06-02 12:55:55,465 - INFO - Completed chunk starting at 79560/93544
2026-06-02 12:55:58,656 - INFO - Completed chunk starting at 79680/93544
2026-06-02 12:56:08,823 - INFO - Completed chunk starting at 79800/93544
2026-06-02 12:56:21,091 - INFO - Completed chunk starting at 79920/93544
2026-06-02 12:56:41,823 - INFO - Completed chunk starting at 80040/93544
2026-06-02 12:56:43,166 - INFO - Completed chunk starting at 80160/93544
2026-06-02 12:56:43,565 - INFO - Completed chunk starting at 80280/93544
2026-06-02 12:56:51,919 - INFO - Completed chunk starting at 80400/93544
2026-06-02 12:57:12,499 - INFO - Completed chunk starting at 80640/93544
2026-06-02 12:57:13,369 - INFO - Completed chunk starting at 80520/93544
2026-06-02 12:57:21,937 - INFO - Completed chunk starting at 80760/93544
2026-06-02 12:57:22,360 - INFO - Completed chunk starting at 80880/93544
2026-06-02 12:57:28,491 - INFO - Completed chunk starting at 81000/93544
2026-06-02 12:57:40,510 - INFO - Completed chunk starting at 81120/93544
2026-06-02 12:57:49,646 - INFO - Completed chunk starting at 81240/93544
2026-06-02 12:58:05,852 - INFO - Completed chunk starting at 81360/93544
2026-06-02 12:58:05,921 - INFO - Completed chunk starting at 81480/93544
2026-06-02 12:58:07,655 - INFO - Completed chunk starting at 81600/93544
2026-06-02 12:58:19,778 - INFO - Completed chunk starting at 81720/93544
2026-06-02 12:58:28,995 - INFO - Completed chunk starting at 81840/93544
2026-06-02 12:58:51,696 - INFO - Completed chunk starting at 81960/93544
2026-06-02 12:58:52,153 - INFO - Completed chunk starting at 82080/93544
2026-06-02 12:58:54,204 - INFO - Completed chunk starting at 82200/93544
2026-06-02 12:59:01,164 - INFO - Completed chunk starting at 82320/93544
2026-06-02 12:59:23,218 - INFO - Completed chunk starting at 82560/93544
2026-06-02 12:59:23,349 - INFO - Completed chunk starting at 82440/93544
2026-06-02 12:59:30,467 - INFO - Completed chunk starting at 82800/93544
2026-06-02 12:59:31,840 - INFO - Completed chunk starting at 82680/93544
2026-06-02 12:59:40,184 - INFO - Completed chunk starting at 82920/93544
2026-06-02 12:59:59,088 - INFO - Completed chunk starting at 83160/93544
2026-06-02 13:00:02,570 - INFO - Completed chunk starting at 83040/93544
2026-06-02 13:00:15,934 - INFO - Completed chunk starting at 83400/93544
2026-06-02 13:00:16,058 - INFO - Completed chunk starting at 83280/93544
2026-06-02 13:00:17,171 - INFO - Completed chunk starting at 83520/93544
2026-06-02 13:00:28,989 - INFO - Completed chunk starting at 83640/93544
2026-06-02 13:00:52,425 - INFO - Completed chunk starting at 83760/93544
2026-06-02 13:01:03,134 - INFO - Completed chunk starting at 84000/93544
2026-06-02 13:01:03,291 - INFO - Completed chunk starting at 84120/93544
2026-06-02 13:01:03,834 - INFO - Completed chunk starting at 83880/93544
2026-06-02 13:01:08,674 - INFO - Completed chunk starting at 84240/93544
2026-06-02 13:01:32,637 - INFO - Completed chunk starting at 84360/93544
2026-06-02 13:01:34,600 - INFO - Completed chunk starting at 84480/93544
2026-06-02 13:01:38,622 - INFO - Completed chunk starting at 84600/93544
2026-06-02 13:01:44,826 - INFO - Completed chunk starting at 84720/93544
2026-06-02 13:01:50,047 - INFO - Completed chunk starting at 84840/93544
2026-06-02 13:02:10,904 - INFO - Completed chunk starting at 84960/93544
2026-06-02 13:02:14,255 - INFO - Completed chunk starting at 85080/93544
2026-06-02 13:02:23,677 - INFO - Completed chunk starting at 85320/93544
2026-06-02 13:02:25,020 - INFO - Completed chunk starting at 85200/93544
2026-06-02 13:02:28,770 - INFO - Completed chunk starting at 85440/93544
2026-06-02 13:02:39,976 - INFO - Completed chunk starting at 85560/93544
2026-06-02 13:03:01,829 - INFO - Completed chunk starting at 85680/93544
2026-06-02 13:03:13,405 - INFO - Completed chunk starting at 86040/93544
2026-06-02 13:03:13,952 - INFO - Completed chunk starting at 85920/93544
2026-06-02 13:03:14,836 - INFO - Completed chunk starting at 85800/93544
2026-06-02 13:03:21,392 - INFO - Completed chunk starting at 86160/93544
2026-06-02 13:03:41,042 - INFO - Completed chunk starting at 86280/93544
2026-06-02 13:03:44,878 - INFO - Completed chunk starting at 86400/93544
2026-06-02 13:03:52,285 - INFO - Completed chunk starting at 86520/93544
2026-06-02 13:03:55,865 - INFO - Completed chunk starting at 86640/93544
2026-06-02 13:04:02,193 - INFO - Completed chunk starting at 86760/93544
2026-06-02 13:04:21,176 - INFO - Completed chunk starting at 86880/93544
2026-06-02 13:04:24,105 - INFO - Completed chunk starting at 87000/93544
2026-06-02 13:04:33,781 - INFO - Completed chunk starting at 87120/93544
2026-06-02 13:04:36,475 - INFO - Completed chunk starting at 87240/93544
2026-06-02 13:04:38,033 - INFO - Completed chunk starting at 87360/93544
2026-06-02 13:04:48,854 - INFO - Completed chunk starting at 87480/93544
2026-06-02 13:05:10,419 - INFO - Completed chunk starting at 87600/93544
2026-06-02 13:05:23,373 - INFO - Completed chunk starting at 87720/93544
2026-06-02 13:05:24,402 - INFO - Completed chunk starting at 87840/93544
2026-06-02 13:05:24,772 - INFO - Completed chunk starting at 87960/93544
2026-06-02 13:05:31,186 - INFO - Completed chunk starting at 88080/93544
2026-06-02 13:05:49,446 - INFO - Completed chunk starting at 88200/93544
2026-06-02 13:05:53,965 - INFO - Completed chunk starting at 88320/93544
2026-06-02 13:06:01,206 - INFO - Completed chunk starting at 88440/93544
2026-06-02 13:06:05,574 - INFO - Completed chunk starting at 88560/93544
2026-06-02 13:06:12,853 - INFO - Completed chunk starting at 88680/93544
2026-06-02 13:06:31,956 - INFO - Completed chunk starting at 88800/93544
2026-06-02 13:06:34,094 - INFO - Completed chunk starting at 88920/93544
2026-06-02 13:06:45,944 - INFO - Completed chunk starting at 89160/93544
2026-06-02 13:06:46,027 - INFO - Completed chunk starting at 89040/93544
2026-06-02 13:06:46,797 - INFO - Completed chunk starting at 89280/93544
2026-06-02 13:07:00,108 - INFO - Completed chunk starting at 89400/93544
2026-06-02 13:07:19,037 - INFO - Completed chunk starting at 89520/93544
2026-06-02 13:07:31,866 - INFO - Completed chunk starting at 89640/93544
2026-06-02 13:07:34,271 - INFO - Completed chunk starting at 89760/93544
2026-06-02 13:07:35,726 - INFO - Completed chunk starting at 89880/93544
2026-06-02 13:07:39,685 - INFO - Completed chunk starting at 90000/93544
2026-06-02 13:07:58,708 - INFO - Completed chunk starting at 90120/93544
2026-06-02 13:08:02,810 - INFO - Completed chunk starting at 90240/93544
2026-06-02 13:08:09,858 - INFO - Completed chunk starting at 90360/93544
2026-06-02 13:08:13,097 - INFO - Completed chunk starting at 90480/93544
2026-06-02 13:08:20,518 - INFO - Completed chunk starting at 90600/93544
2026-06-02 13:08:42,644 - INFO - Completed chunk starting at 90720/93544
2026-06-02 13:08:43,833 - INFO - Completed chunk starting at 90840/93544
2026-06-02 13:08:54,157 - INFO - Completed chunk starting at 91080/93544
2026-06-02 13:08:55,502 - INFO - Completed chunk starting at 91200/93544
2026-06-02 13:08:56,125 - INFO - Completed chunk starting at 90960/93544
2026-06-02 13:09:09,079 - INFO - Completed chunk starting at 91320/93544
2026-06-02 13:09:28,066 - INFO - Completed chunk starting at 91440/93544
2026-06-02 13:09:40,767 - INFO - Completed chunk starting at 91560/93544
2026-06-02 13:09:43,811 - INFO - Completed chunk starting at 91680/93544
2026-06-02 13:09:44,245 - INFO - Completed chunk starting at 91800/93544
2026-06-02 13:09:47,544 - INFO - Completed chunk starting at 91920/93544
2026-06-02 13:10:05,041 - INFO - Completed chunk starting at 92040/93544
2026-06-02 13:10:10,866 - INFO - Completed chunk starting at 92160/93544
2026-06-02 13:10:18,774 - INFO - Completed chunk starting at 92280/93544
2026-06-02 13:10:18,827 - INFO - Completed chunk starting at 92400/93544
2026-06-02 13:10:25,682 - INFO - Completed chunk starting at 92520/93544
2026-06-02 13:10:46,817 - INFO - Completed chunk starting at 92640/93544
2026-06-02 13:10:47,942 - INFO - Completed chunk starting at 92760/93544
2026-06-02 13:10:49,845 - INFO - Completed chunk starting at 93480/93544
2026-06-02 13:10:58,304 - INFO - Completed chunk starting at 92880/93544
2026-06-02 13:10:58,915 - INFO - Completed chunk starting at 93000/93544
2026-06-02 13:10:59,819 - INFO - Completed chunk starting at 93120/93544
2026-06-02 13:11:12,370 - INFO - Completed chunk starting at 93240/93544
2026-06-02 13:11:27,370 - INFO - Completed chunk starting at 93360/93544
2026-06-02 13:11:28,620 - INFO - Extracting U850 and U200 and reducing...
[2026-06-02T15:35:16.595] error: *** JOB 23374588 ON tcn505 CANCELLED AT 2026-06-02T15:35:16 DUE to SIGNAL Terminated ***
