
[notice] A new release of pip is available: 26.0.1 -> 26.1.1
[notice] To update, run: /home/ekasteleyn/aurora_thesis/aurora_env/bin/python -m pip install --upgrade pip
2026-05-29 13:26:48,145 - INFO - Loading Zarr store from gs://weatherbench2/datasets/era5/1959-2023_01_10-wb13-6h-1440x721_with_derived_variables.zarr
2026-05-29 13:27:19,082 - INFO - Calculating velocity potential globally in chunks and reducing...
Traceback (most recent call last):
  File "/home/ekasteleyn/aurora_thesis/thesis/steering/scripts/oscillation_calculator/generate_mjo_eof.py", line 165, in <module>
    generate_mjo_eofs(args.input, args.output_dir)
  File "/home/ekasteleyn/aurora_thesis/thesis/steering/scripts/oscillation_calculator/generate_mjo_eof.py", line 88, in generate_mjo_eofs
    vp_chunk = w.velocitypotential()
               ^^^^^^^^^^^^^^^^^^^^^
  File "/home/ekasteleyn/aurora_thesis/aurora_env/lib/python3.11/site-packages/windspharm/xarray.py", line 483, in velocitypotential
    vp = self._api.velocitypotential(truncation=truncation)
         ^^^^^^^^^^^^^^^^^^^^^^^^^^^^^^^^^^^^^^^^^^^^^^^^^^
  File "/home/ekasteleyn/aurora_thesis/aurora_env/lib/python3.11/site-packages/windspharm/standard.py", line 435, in velocitypotential
    psigrid, chigrid = self.sfvp(truncation=truncation)
                       ^^^^^^^^^^^^^^^^^^^^^^^^^^^^^^^^
  File "/home/ekasteleyn/aurora_thesis/aurora_env/lib/python3.11/site-packages/windspharm/standard.py", line 369, in sfvp
    psigrid, chigrid = self.s.getpsichi(self.u, self.v, ntrunc=truncation)
                       ^^^^^^^^^^^^^^^^^^^^^^^^^^^^^^^^^^^^^^^^^^^^^^^^^^^
  File "/home/ekasteleyn/aurora_thesis/aurora_env/lib/python3.11/site-packages/spharm/spharm.py", line 819, in getpsichi
    vrtspec, divspec = self.getvrtdivspec(ugrid, vgrid, ntrunc)
                       ^^^^^^^^^^^^^^^^^^^^^^^^^^^^^^^^^^^^^^^^
  File "/home/ekasteleyn/aurora_thesis/aurora_env/lib/python3.11/site-packages/spharm/spharm.py", line 620, in getvrtdivspec
    br,bi,cr,ci,ierror = _spherepack.vhaes(v,w,self.wvhaes,lwork)
                         ^^^^^^^^^^^^^^^^^^^^^^^^^^^^^^^^^^^^^^^^
OverflowError: Python int too large to convert to C int
