
[notice] A new release of pip is available: 26.0.1 -> 26.1.1
[notice] To update, run: /home/ekasteleyn/aurora_thesis/aurora_env/bin/python -m pip install --upgrade pip
2026-05-22 09:54:09,100 - INFO - Loading Zarr store from gs://weatherbench2/datasets/era5/1959-2023_01_10-wb13-6h-1440x721_with_derived_variables.zarr
2026-05-22 09:54:39,518 - INFO - Slicing tropical domain...
2026-05-22 09:55:04,572 - INFO - Calculating anomalies...
2026-05-22 09:57:37,948 - INFO - Meridional averaging...
2026-05-22 09:57:39,907 - INFO - Normalizing by global standard deviations...
2026-05-22 09:57:41,910 - INFO - Concatenating into combined vector...
Traceback (most recent call last):
  File "/home/ekasteleyn/aurora_thesis/thesis/steering/scripts/oscillation_calculator/generate_mjo_eof.py", line 148, in <module>
    generate_mjo_eofs(args.input, args.output_dir)
  File "/home/ekasteleyn/aurora_thesis/thesis/steering/scripts/oscillation_calculator/generate_mjo_eof.py", line 113, in generate_mjo_eofs
    combined = xr.concat([olr_c, u850_c, u200_c], dim='combined_lon')
               ^^^^^^^^^^^^^^^^^^^^^^^^^^^^^^^^^^^^^^^^^^^^^^^^^^^^^^
  File "/home/ekasteleyn/aurora_thesis/aurora_env/lib/python3.11/site-packages/xarray/structure/concat.py", line 311, in concat
    return _dataarray_concat(
           ^^^^^^^^^^^^^^^^^^
  File "/home/ekasteleyn/aurora_thesis/aurora_env/lib/python3.11/site-packages/xarray/structure/concat.py", line 907, in _dataarray_concat
    ds = _dataset_concat(
         ^^^^^^^^^^^^^^^^
  File "/home/ekasteleyn/aurora_thesis/aurora_env/lib/python3.11/site-packages/xarray/structure/concat.py", line 698, in _dataset_concat
    merged_vars, merged_indexes = merge_collected(
                                  ^^^^^^^^^^^^^^^^
  File "/home/ekasteleyn/aurora_thesis/aurora_env/lib/python3.11/site-packages/xarray/structure/merge.py", line 316, in merge_collected
    equals_this_var, merged_vars[name] = unique_variable(
                                         ^^^^^^^^^^^^^^^^
  File "/home/ekasteleyn/aurora_thesis/aurora_env/lib/python3.11/site-packages/xarray/structure/merge.py", line 169, in unique_variable
    raise MergeError(
xarray.structure.merge.MergeError: conflicting values for variable 'level' on objects to be combined. You can skip this check by specifying compat='override'.
