========================================
  AURORA HRES LATENT EXTRACTION - JAN 2022
========================================
Job ID:       21359311
Date:         Mon Mar 30 13:40:25 CEST 2026
Node:         gcn71.local.snellius.surf.nl
GPU:
NVIDIA A100-SXM4-40GB, 40960 MiB
========================================

  ✓ S3 Client initialized securely via .env
======================================================================
  AURORA LATENT EXTRACTION - IFS HRES T0
======================================================================
  Dates: 31 dates
  Init hours: [12]
  Latent extraction init: 12:00 UTC only
  Rollout steps: 40
  Device: cuda
  Output: /scratch-local/ekasteleyn.21359311/aurora_hres_latents
  Cache: /home/ekasteleyn/downloads/hres_t0
  Target layers: [('perceiver', 0), ('encoder', 0), ('encoder', 1), ('encoder', 2)]
======================================================================

[1/4] Downloading static variables...

[2/4] Downloading HRES T0 data...
  2022-01-01
  2022-01-02
  2022-01-03
  2022-01-04
  2022-01-05
  2022-01-06
  2022-01-07
  2022-01-08
  2022-01-09
  2022-01-10
  2022-01-11
  2022-01-12
  2022-01-13
  2022-01-14
  2022-01-15
  2022-01-16
  2022-01-17
  2022-01-18
  2022-01-19
  2022-01-20
  2022-01-21
  2022-01-22
  2022-01-23
  2022-01-24
  2022-01-25
  2022-01-26
  2022-01-27
  2022-01-28
  2022-01-29
  2022-01-30
  2022-01-31

[3/4] Loading Aurora 0.25° Fine-Tuned model...
  ✓ Model loaded

[4/4] Processing 31 runs (31 dates × 1 init times)...

  [13:41:51] [1/31] 2022-01-01 init 12:00 UTC [+latents]
    Init time: 2022-01-01 12:00:00
    pred step 1 (+6h) -> aurora_pred_20220101_1200_step01_006h.nc
    perceiver_0: shape=(1, 259200, 512) -> latent_20220101_1200_perceiver_0.pt
    encoder_0: shape=(1, 64800, 1024) -> latent_20220101_1200_encoder_0.pt
    encoder_1: shape=(1, 16200, 2048) -> latent_20220101_1200_encoder_1.pt
    encoder_2: shape=(1, 16200, 2048) -> latent_20220101_1200_encoder_2.pt
    perceiver_cross_attn: shape=(64800, 16, 3, 13) -> attn_20220101_1200_perceiver_cross_attn.pt
    encoder_0_attn: shape=(1800, 8, 144, 144) -> attn_20220101_1200_encoder_0_attn.pt
    encoder_1_attn: shape=(450, 16, 144, 144) -> attn_20220101_1200_encoder_1_attn.pt
    encoder_2_attn: shape=(128, 32, 144, 144) -> attn_20220101_1200_encoder_2_attn.pt
      ↑ Uploaded to S3: s3://ekasteleyn-aurora-predictions/aurora_hres_validation/latent_20220101_1200_encoder_1.pt
      ↑ Uploaded to S3: s3://ekasteleyn-aurora-predictions/aurora_hres_validation/latent_20220101_1200_encoder_0.pt
      ↑ Uploaded to S3: s3://ekasteleyn-aurora-predictions/aurora_hres_validation/latent_20220101_1200_perceiver_0.pt
      ↑ Uploaded to S3: s3://ekasteleyn-aurora-predictions/aurora_hres_validation/attn_20220101_1200_perceiver_cross_attn.pt
      ↑ Uploaded to S3: s3://ekasteleyn-aurora-predictions/aurora_hres_validation/aurora_pred_20220101_1200_step01_006h.nc
      ↑ Uploaded to S3: s3://ekasteleyn-aurora-predictions/aurora_hres_validation/attn_20220101_1200_encoder_1_attn.pt
    pred step 2 (+12h) -> aurora_pred_20220101_1200_step02_012h.nc
      ↑ Uploaded to S3: s3://ekasteleyn-aurora-predictions/aurora_hres_validation/latent_20220101_1200_encoder_2.pt
      ↑ Uploaded to S3: s3://ekasteleyn-aurora-predictions/aurora_hres_validation/attn_20220101_1200_encoder_2_attn.pt
      ↑ Uploaded to S3: s3://ekasteleyn-aurora-predictions/aurora_hres_validation/attn_20220101_1200_encoder_0_attn.pt
      ↑ Uploaded to S3: s3://ekasteleyn-aurora-predictions/aurora_hres_validation/aurora_pred_20220101_1200_step02_012h.nc
    pred step 3 (+18h) -> aurora_pred_20220101_1200_step03_018h.nc
      ↑ Uploaded to S3: s3://ekasteleyn-aurora-predictions/aurora_hres_validation/aurora_pred_20220101_1200_step03_018h.nc
    pred step 4 (+24h) -> aurora_pred_20220101_1200_step04_024h.nc
      ↑ Uploaded to S3: s3://ekasteleyn-aurora-predictions/aurora_hres_validation/aurora_pred_20220101_1200_step04_024h.nc
    pred step 5 (+30h) -> aurora_pred_20220101_1200_step05_030h.nc
      ↑ Uploaded to S3: s3://ekasteleyn-aurora-predictions/aurora_hres_validation/aurora_pred_20220101_1200_step05_030h.nc
    pred step 6 (+36h) -> aurora_pred_20220101_1200_step06_036h.nc
      ↑ Uploaded to S3: s3://ekasteleyn-aurora-predictions/aurora_hres_validation/aurora_pred_20220101_1200_step06_036h.nc
    pred step 7 (+42h) -> aurora_pred_20220101_1200_step07_042h.nc
      ↑ Uploaded to S3: s3://ekasteleyn-aurora-predictions/aurora_hres_validation/aurora_pred_20220101_1200_step07_042h.nc
    pred step 8 (+48h) -> aurora_pred_20220101_1200_step08_048h.nc
      ↑ Uploaded to S3: s3://ekasteleyn-aurora-predictions/aurora_hres_validation/aurora_pred_20220101_1200_step08_048h.nc
    pred step 9 (+54h) -> aurora_pred_20220101_1200_step09_054h.nc
      ↑ Uploaded to S3: s3://ekasteleyn-aurora-predictions/aurora_hres_validation/aurora_pred_20220101_1200_step09_054h.nc
    pred step 10 (+60h) -> aurora_pred_20220101_1200_step10_060h.nc
      ↑ Uploaded to S3: s3://ekasteleyn-aurora-predictions/aurora_hres_validation/aurora_pred_20220101_1200_step10_060h.nc
    pred step 11 (+66h) -> aurora_pred_20220101_1200_step11_066h.nc
      ↑ Uploaded to S3: s3://ekasteleyn-aurora-predictions/aurora_hres_validation/aurora_pred_20220101_1200_step11_066h.nc
    pred step 12 (+72h) -> aurora_pred_20220101_1200_step12_072h.nc
      ↑ Uploaded to S3: s3://ekasteleyn-aurora-predictions/aurora_hres_validation/aurora_pred_20220101_1200_step12_072h.nc
    pred step 13 (+78h) -> aurora_pred_20220101_1200_step13_078h.nc
      ↑ Uploaded to S3: s3://ekasteleyn-aurora-predictions/aurora_hres_validation/aurora_pred_20220101_1200_step13_078h.nc
    pred step 14 (+84h) -> aurora_pred_20220101_1200_step14_084h.nc
      ↑ Uploaded to S3: s3://ekasteleyn-aurora-predictions/aurora_hres_validation/aurora_pred_20220101_1200_step14_084h.nc
    pred step 15 (+90h) -> aurora_pred_20220101_1200_step15_090h.nc
      ↑ Uploaded to S3: s3://ekasteleyn-aurora-predictions/aurora_hres_validation/aurora_pred_20220101_1200_step15_090h.nc
    pred step 16 (+96h) -> aurora_pred_20220101_1200_step16_096h.nc
      ↑ Uploaded to S3: s3://ekasteleyn-aurora-predictions/aurora_hres_validation/aurora_pred_20220101_1200_step16_096h.nc
    pred step 17 (+102h) -> aurora_pred_20220101_1200_step17_102h.nc
      ↑ Uploaded to S3: s3://ekasteleyn-aurora-predictions/aurora_hres_validation/aurora_pred_20220101_1200_step17_102h.nc
