Running extract and mask latents for AO 81...
Running forward passes for 81 Active dates...
  [1/81] Processing 2016-01-28...
    ✓ Latent captured, shape: torch.Size([1, 16200, 2048])
  [2/81] Processing 2016-01-29...
    ✓ Latent captured, shape: torch.Size([1, 16200, 2048])
  [3/81] Processing 2016-01-30...
    ✓ Latent captured, shape: torch.Size([1, 16200, 2048])
  [4/81] Processing 2016-12-20...
    ✓ Latent captured, shape: torch.Size([1, 16200, 2048])
  [5/81] Processing 2016-12-21...
    ✓ Latent captured, shape: torch.Size([1, 16200, 2048])
  [6/81] Processing 2016-12-22...
    ✓ Latent captured, shape: torch.Size([1, 16200, 2048])
  [7/81] Processing 2016-12-23...
    ✓ Latent captured, shape: torch.Size([1, 16200, 2048])
  [8/81] Processing 2017-02-25...
    ✓ Latent captured, shape: torch.Size([1, 16200, 2048])
  [9/81] Processing 2017-03-14...
    ✓ Latent captured, shape: torch.Size([1, 16200, 2048])
  [10/81] Processing 2018-04-25...
    ✓ Latent captured, shape: torch.Size([1, 16200, 2048])
  [11/81] Processing 2018-04-26...
    ✓ Latent captured, shape: torch.Size([1, 16200, 2048])
  [12/81] Processing 2018-05-01...
    ✓ Latent captured, shape: torch.Size([1, 16200, 2048])
  [13/81] Processing 2019-02-13...
    ✓ Latent captured, shape: torch.Size([1, 16200, 2048])
  [14/81] Processing 2019-02-19...
    ✓ Latent captured, shape: torch.Size([1, 16200, 2048])
  [15/81] Processing 2019-03-28...
    ✓ Latent captured, shape: torch.Size([1, 16200, 2048])
  [16/81] Processing 2019-03-29...
    ✓ Latent captured, shape: torch.Size([1, 16200, 2048])
  [17/81] Processing 2019-12-03...
    ✓ Latent captured, shape: torch.Size([1, 16200, 2048])
  [18/81] Processing 2019-12-31...
    ✓ Latent captured, shape: torch.Size([1, 16200, 2048])
  [19/81] Processing 2020-01-01...
    ✓ Latent captured, shape: torch.Size([1, 16200, 2048])
  [20/81] Processing 2020-01-02...
    ✓ Latent captured, shape: torch.Size([1, 16200, 2048])
  [21/81] Processing 2020-01-04...
    ✓ Latent captured, shape: torch.Size([1, 16200, 2048])
  [22/81] Processing 2020-01-05...
    ✓ Latent captured, shape: torch.Size([1, 16200, 2048])
  [23/81] Processing 2020-01-06...
    ✓ Latent captured, shape: torch.Size([1, 16200, 2048])
  [24/81] Processing 2020-01-07...
    ✓ Latent captured, shape: torch.Size([1, 16200, 2048])
  [25/81] Processing 2020-01-08...
    ✓ Latent captured, shape: torch.Size([1, 16200, 2048])
  [26/81] Processing 2020-01-11...
    ✓ Latent captured, shape: torch.Size([1, 16200, 2048])
  [27/81] Processing 2020-01-12...
    ✓ Latent captured, shape: torch.Size([1, 16200, 2048])
  [28/81] Processing 2020-01-13...
    ✓ Latent captured, shape: torch.Size([1, 16200, 2048])
  [29/81] Processing 2020-01-14...
    ✓ Latent captured, shape: torch.Size([1, 16200, 2048])
  [30/81] Processing 2020-01-15...
    ✓ Latent captured, shape: torch.Size([1, 16200, 2048])
  [31/81] Processing 2020-02-08...
    ✓ Latent captured, shape: torch.Size([1, 16200, 2048])
  [32/81] Processing 2020-02-09...
    ✓ Latent captured, shape: torch.Size([1, 16200, 2048])
  [33/81] Processing 2020-02-10...
    ✓ Latent captured, shape: torch.Size([1, 16200, 2048])
  [34/81] Processing 2020-02-11...
    ✓ Latent captured, shape: torch.Size([1, 16200, 2048])
  [35/81] Processing 2020-02-15...
    ✓ Latent captured, shape: torch.Size([1, 16200, 2048])
  [36/81] Processing 2020-02-16...
    ✓ Latent captured, shape: torch.Size([1, 16200, 2048])
  [37/81] Processing 2020-02-17...
    ✓ Latent captured, shape: torch.Size([1, 16200, 2048])
  [38/81] Processing 2020-02-18...
    ✓ Latent captured, shape: torch.Size([1, 16200, 2048])
  [39/81] Processing 2020-02-19...
    ✓ Latent captured, shape: torch.Size([1, 16200, 2048])
  [40/81] Processing 2020-02-20...
    ✓ Latent captured, shape: torch.Size([1, 16200, 2048])
  [41/81] Processing 2020-02-21...
    ✓ Latent captured, shape: torch.Size([1, 16200, 2048])
  [42/81] Processing 2020-02-22...
    ✓ Latent captured, shape: torch.Size([1, 16200, 2048])
  [43/81] Processing 2020-02-23...
    ✓ Latent captured, shape: torch.Size([1, 16200, 2048])
  [44/81] Processing 2020-02-24...
    ✓ Latent captured, shape: torch.Size([1, 16200, 2048])
  [45/81] Processing 2020-03-09...
    ✓ Latent captured, shape: torch.Size([1, 16200, 2048])
  [46/81] Processing 2020-03-10...
    ✓ Latent captured, shape: torch.Size([1, 16200, 2048])
  [47/81] Processing 2020-03-11...
    ✓ Latent captured, shape: torch.Size([1, 16200, 2048])
  [48/81] Processing 2020-03-12...
    ✓ Latent captured, shape: torch.Size([1, 16200, 2048])
  [49/81] Processing 2020-03-15...
    ✓ Latent captured, shape: torch.Size([1, 16200, 2048])
  [50/81] Processing 2020-03-16...
    ✓ Latent captured, shape: torch.Size([1, 16200, 2048])
  [51/81] Processing 2020-03-17...
    ✓ Latent captured, shape: torch.Size([1, 16200, 2048])
  [52/81] Processing 2020-03-22...
    ✓ Latent captured, shape: torch.Size([1, 16200, 2048])
  [53/81] Processing 2020-03-23...
    ✓ Latent captured, shape: torch.Size([1, 16200, 2048])
  [54/81] Processing 2020-03-24...
    ✓ Latent captured, shape: torch.Size([1, 16200, 2048])
  [55/81] Processing 2020-03-25...
    ✓ Latent captured, shape: torch.Size([1, 16200, 2048])
  [56/81] Processing 2020-11-04...
    ✓ Latent captured, shape: torch.Size([1, 16200, 2048])
  [57/81] Processing 2020-11-05...
    ✓ Latent captured, shape: torch.Size([1, 16200, 2048])
  [58/81] Processing 2020-11-13...
    ✓ Latent captured, shape: torch.Size([1, 16200, 2048])
  [59/81] Processing 2020-11-19...
    ✓ Latent captured, shape: torch.Size([1, 16200, 2048])
  [60/81] Processing 2020-11-20...
    ✓ Latent captured, shape: torch.Size([1, 16200, 2048])
  [61/81] Processing 2020-11-21...
    ✓ Latent captured, shape: torch.Size([1, 16200, 2048])
  [62/81] Processing 2021-03-10...
    ✓ Latent captured, shape: torch.Size([1, 16200, 2048])
  [63/81] Processing 2021-03-11...
    ✓ Latent captured, shape: torch.Size([1, 16200, 2048])
  [64/81] Processing 2021-03-12...
    ✓ Latent captured, shape: torch.Size([1, 16200, 2048])
  [65/81] Processing 2021-03-13...
    ✓ Latent captured, shape: torch.Size([1, 16200, 2048])
  [66/81] Processing 2021-03-21...
    ✓ Latent captured, shape: torch.Size([1, 16200, 2048])
  [67/81] Processing 2021-03-22...
    ✓ Latent captured, shape: torch.Size([1, 16200, 2048])
  [68/81] Processing 2021-03-23...
    ✓ Latent captured, shape: torch.Size([1, 16200, 2048])
  [69/81] Processing 2021-03-24...
    ✓ Latent captured, shape: torch.Size([1, 16200, 2048])
  [70/81] Processing 2021-03-25...
    ✓ Latent captured, shape: torch.Size([1, 16200, 2048])
  [71/81] Processing 2021-03-26...
    ✓ Latent captured, shape: torch.Size([1, 16200, 2048])
  [72/81] Processing 2021-12-06...
    ✓ Latent captured, shape: torch.Size([1, 16200, 2048])
  [73/81] Processing 2022-03-15...
    ✓ Latent captured, shape: torch.Size([1, 16200, 2048])
  [74/81] Processing 2022-05-10...
    ✓ Latent captured, shape: torch.Size([1, 16200, 2048])
  [75/81] Processing 2022-05-11...
    ✓ Latent captured, shape: torch.Size([1, 16200, 2048])
  [76/81] Processing 2022-05-12...
    ✓ Latent captured, shape: torch.Size([1, 16200, 2048])
  [77/81] Processing 2022-05-13...
    ✓ Latent captured, shape: torch.Size([1, 16200, 2048])
  [78/81] Processing 2022-10-07...
    ✓ Latent captured, shape: torch.Size([1, 16200, 2048])
  [79/81] Processing 2022-10-08...
    ✓ Latent captured, shape: torch.Size([1, 16200, 2048])
  [80/81] Processing 2022-10-10...
    ✓ Latent captured, shape: torch.Size([1, 16200, 2048])
  [81/81] Processing 2022-10-11...
    ✓ Latent captured, shape: torch.Size([1, 16200, 2048])
Running forward passes for 81 Neutral dates...
  [1/81] Processing 2017-03-08...
    ✓ Latent captured, shape: torch.Size([1, 16200, 2048])
  [2/81] Processing 2020-03-28...
    ✓ Latent captured, shape: torch.Size([1, 16200, 2048])
  [3/81] Processing 2017-03-09...
    ✓ Latent captured, shape: torch.Size([1, 16200, 2048])
  [4/81] Processing 2016-03-20...
    ✓ Latent captured, shape: torch.Size([1, 16200, 2048])
  [5/81] Processing 2018-03-30...
    ✓ Latent captured, shape: torch.Size([1, 16200, 2048])
  [6/81] Processing 2021-03-18...
    ✓ Latent captured, shape: torch.Size([1, 16200, 2048])
  [7/81] Processing 2016-03-16...
    ✓ Latent captured, shape: torch.Size([1, 16200, 2048])
  [8/81] Processing 2022-03-21...
    ✓ Latent captured, shape: torch.Size([1, 16200, 2048])
  [9/81] Processing 2020-03-29...
    ✓ Latent captured, shape: torch.Size([1, 16200, 2048])
  [10/81] Processing 2017-03-04...
    ✓ Latent captured, shape: torch.Size([1, 16200, 2048])
  [11/81] Processing 2022-03-10...
    ✓ Latent captured, shape: torch.Size([1, 16200, 2048])
  [12/81] Processing 2022-03-03...
    ✓ Latent captured, shape: torch.Size([1, 16200, 2048])
  [13/81] Processing 2016-03-22...
    ✓ Latent captured, shape: torch.Size([1, 16200, 2048])
  [14/81] Processing 2022-03-13...
    ✓ Latent captured, shape: torch.Size([1, 16200, 2048])
  [15/81] Processing 2017-03-28...
    ✓ Latent captured, shape: torch.Size([1, 16200, 2048])
  [16/81] Processing 2021-03-16...
    ✓ Latent captured, shape: torch.Size([1, 16200, 2048])
  [17/81] Processing 2018-03-29...
    ✓ Latent captured, shape: torch.Size([1, 16200, 2048])
  [18/81] Processing 2022-03-23...
    ✓ Latent captured, shape: torch.Size([1, 16200, 2048])
  [19/81] Processing 2022-03-04...
    ✓ Latent captured, shape: torch.Size([1, 16200, 2048])
  [20/81] Processing 2018-03-31...
    ✓ Latent captured, shape: torch.Size([1, 16200, 2048])
  [21/81] Processing 2018-03-19...
    ✓ Latent captured, shape: torch.Size([1, 16200, 2048])
  [22/81] Processing 2017-03-10...
    ✓ Latent captured, shape: torch.Size([1, 16200, 2048])
  [23/81] Processing 2022-03-08...
    ✓ Latent captured, shape: torch.Size([1, 16200, 2048])
  [24/81] Processing 2016-03-01...
    ✓ Latent captured, shape: torch.Size([1, 16200, 2048])
  [25/81] Processing 2021-03-02...
    ✓ Latent captured, shape: torch.Size([1, 16200, 2048])
  [26/81] Processing 2017-02-16...
    ✓ Latent captured, shape: torch.Size([1, 16200, 2048])
  [27/81] Processing 2021-02-15...
    ✓ Latent captured, shape: torch.Size([1, 16200, 2048])
  [28/81] Processing 2018-02-20...
    ✓ Latent captured, shape: torch.Size([1, 16200, 2048])
  [29/81] Processing 2017-02-04...
    ✓ Latent captured, shape: torch.Size([1, 16200, 2048])
  [30/81] Processing 2016-02-04...
    ✓ Latent captured, shape: torch.Size([1, 16200, 2048])
  [31/81] Processing 2018-02-24...
    ✓ Latent captured, shape: torch.Size([1, 16200, 2048])
  [32/81] Processing 2018-02-06...
    ✓ Latent captured, shape: torch.Size([1, 16200, 2048])
  [33/81] Processing 2016-02-03...
    ✓ Latent captured, shape: torch.Size([1, 16200, 2048])
  [34/81] Processing 2016-02-09...
    ✓ Latent captured, shape: torch.Size([1, 16200, 2048])
  [35/81] Processing 2018-02-21...
    ✓ Latent captured, shape: torch.Size([1, 16200, 2048])
  [36/81] Processing 2018-02-17...
    ✓ Latent captured, shape: torch.Size([1, 16200, 2048])
  [37/81] Processing 2016-02-29...
    ✓ Latent captured, shape: torch.Size([1, 16200, 2048])
  [38/81] Processing 2021-02-20...
    ✓ Latent captured, shape: torch.Size([1, 16200, 2048])
  [39/81] Processing 2018-02-23...
    ✓ Latent captured, shape: torch.Size([1, 16200, 2048])
  [40/81] Processing 2018-02-19...
    ✓ Latent captured, shape: torch.Size([1, 16200, 2048])
  [41/81] Processing 2019-02-08...
    ✓ Latent captured, shape: torch.Size([1, 16200, 2048])
  [42/81] Processing 2016-02-22...
    ✓ Latent captured, shape: torch.Size([1, 16200, 2048])
  [43/81] Processing 2019-01-17...
    ✓ Latent captured, shape: torch.Size([1, 16200, 2048])
  [44/81] Processing 2018-01-25...
    ✓ Latent captured, shape: torch.Size([1, 16200, 2048])
  [45/81] Processing 2022-01-31...
    ✓ Latent captured, shape: torch.Size([1, 16200, 2048])
  [46/81] Processing 2016-01-25...
    ✓ Latent captured, shape: torch.Size([1, 16200, 2048])
  [47/81] Processing 2018-01-18...
    ✓ Latent captured, shape: torch.Size([1, 16200, 2048])
  [48/81] Processing 2017-01-02...
    ✓ Latent captured, shape: torch.Size([1, 16200, 2048])
  [49/81] Processing 2017-01-16...
    ✓ Latent captured, shape: torch.Size([1, 16200, 2048])
  [50/81] Processing 2017-01-13...
    ✓ Latent captured, shape: torch.Size([1, 16200, 2048])
  [51/81] Processing 2020-01-28...
    ✓ Latent captured, shape: torch.Size([1, 16200, 2048])
  [52/81] Processing 2020-01-29...
    ✓ Latent captured, shape: torch.Size([1, 16200, 2048])
  [53/81] Processing 2016-01-23...
    ✓ Latent captured, shape: torch.Size([1, 16200, 2048])
  [54/81] Processing 2019-01-20...
    ✓ Latent captured, shape: torch.Size([1, 16200, 2048])
  [55/81] Processing 2019-01-07...
    ✓ Latent captured, shape: torch.Size([1, 16200, 2048])
  [56/81] Processing 2022-01-10...
    ✓ Latent captured, shape: torch.Size([1, 16200, 2048])
  [57/81] Processing 2018-01-13...
    ✓ Latent captured, shape: torch.Size([1, 16200, 2048])
  [58/81] Processing 2020-12-02...
    ✓ Latent captured, shape: torch.Size([1, 16200, 2048])
  [59/81] Processing 2018-12-25...
    ✓ Latent captured, shape: torch.Size([1, 16200, 2048])
  [60/81] Processing 2016-12-06...
    ✓ Latent captured, shape: torch.Size([1, 16200, 2048])
  [61/81] Processing 2019-12-22...
    ✓ Latent captured, shape: torch.Size([1, 16200, 2048])
  [62/81] Processing 2018-12-05...
    ✓ Latent captured, shape: torch.Size([1, 16200, 2048])
  [63/81] Processing 2018-12-24...
    ✓ Latent captured, shape: torch.Size([1, 16200, 2048])
  [64/81] Processing 2017-12-27...
    ✓ Latent captured, shape: torch.Size([1, 16200, 2048])
  [65/81] Processing 2017-11-14...
    ✓ Latent captured, shape: torch.Size([1, 16200, 2048])
  [66/81] Processing 2016-11-09...
    ✓ Latent captured, shape: torch.Size([1, 16200, 2048])
  [67/81] Processing 2021-11-13...
    ✓ Latent captured, shape: torch.Size([1, 16200, 2048])
  [68/81] Processing 2017-11-26...
    ✓ Latent captured, shape: torch.Size([1, 16200, 2048])
  [69/81] Processing 2020-11-30...
    ✓ Latent captured, shape: torch.Size([1, 16200, 2048])
  [70/81] Processing 2018-11-08...
    ✓ Latent captured, shape: torch.Size([1, 16200, 2048])
  [71/81] Processing 2016-05-04...
    ✓ Latent captured, shape: torch.Size([1, 16200, 2048])
  [72/81] Processing 2020-05-12...
    ✓ Latent captured, shape: torch.Size([1, 16200, 2048])
  [73/81] Processing 2016-05-26...
    ✓ Latent captured, shape: torch.Size([1, 16200, 2048])
  [74/81] Processing 2016-05-24...
    ✓ Latent captured, shape: torch.Size([1, 16200, 2048])
  [75/81] Processing 2020-05-06...
    ✓ Latent captured, shape: torch.Size([1, 16200, 2048])
  [76/81] Processing 2017-10-30...
    ✓ Latent captured, shape: torch.Size([1, 16200, 2048])
  [77/81] Processing 2019-10-24...
    ✓ Latent captured, shape: torch.Size([1, 16200, 2048])
  [78/81] Processing 2021-10-09...
    ✓ Latent captured, shape: torch.Size([1, 16200, 2048])
  [79/81] Processing 2017-10-23...
    ✓ Latent captured, shape: torch.Size([1, 16200, 2048])
  [80/81] Processing 2017-04-13...
    ✓ Latent captured, shape: torch.Size([1, 16200, 2048])
  [81/81] Processing 2016-04-08...
    ✓ Latent captured, shape: torch.Size([1, 16200, 2048])
Calculating delta_v...
Applying geographic mask dynamically based on sequence length...
Dynamic grid shape calculated: Lat=90, Lon=180
Saving tensors to disk...
Done!
COMPLETE: Tue May 26 10:23:31 CEST 2026
