2026-05-28 14:30:15,595 - INFO - Loading Zarr store from gs://weatherbench2/datasets/era5-hourly-climatology/1990-2017_6h_1440x721.zarr
/home/ekasteleyn/.local/lib/python3.9/site-packages/google/auth/__init__.py:54: FutureWarning: You are using a Python version 3.9 past its end of life. Google will update google-auth with critical bug fixes on a best-effort basis, but not with any other fixes or features. Please upgrade your Python version, and then update google-auth.
  warnings.warn(eol_message.format("3.9"), FutureWarning)
/home/ekasteleyn/.local/lib/python3.9/site-packages/google/oauth2/__init__.py:40: FutureWarning: You are using a Python version 3.9 past its end of life. Google will update google-auth with critical bug fixes on a best-effort basis, but not with any other fixes or features. Please upgrade your Python version, and then update google-auth.
  warnings.warn(eol_message.format("3.9"), FutureWarning)
2026-05-28 14:30:43,043 - INFO - Processing NAO...
2026-05-28 14:30:43,066 - INFO -   Resampling NAO to monthly means...
Traceback (most recent call last):
  File "/home/ekasteleyn/.local/lib/python3.9/site-packages/xarray/core/dataset.py", line 1477, in _construct_dataarray
    variable = self._variables[name]
KeyError: 'time'

During handling of the above exception, another exception occurred:

Traceback (most recent call last):
  File "/home/ekasteleyn/.local/lib/python3.9/site-packages/xarray/core/dataset.py", line 1576, in __getitem__
    return self._construct_dataarray(key)
  File "/home/ekasteleyn/.local/lib/python3.9/site-packages/xarray/core/dataset.py", line 1479, in _construct_dataarray
    _, name, variable = _get_virtual_variable(self._variables, name, self.sizes)
  File "/home/ekasteleyn/.local/lib/python3.9/site-packages/xarray/core/dataset.py", line 213, in _get_virtual_variable
    raise KeyError(key)
KeyError: 'time'

The above exception was the direct cause of the following exception:

Traceback (most recent call last):
  File "/gpfs/home5/ekasteleyn/aurora_thesis/thesis/steering/scripts/oscillation_calculator/generate_eof.py", line 140, in <module>
    generate_eofs(args.input, args.output_dir)
  File "/gpfs/home5/ekasteleyn/aurora_thesis/thesis/steering/scripts/oscillation_calculator/generate_eof.py", line 92, in generate_eofs
    ds_monthly = ds_sliced.resample(time='1MS').mean()
  File "/home/ekasteleyn/.local/lib/python3.9/site-packages/xarray/util/deprecation_helpers.py", line 115, in inner
    return func(*args, **kwargs)
  File "/home/ekasteleyn/.local/lib/python3.9/site-packages/xarray/core/dataset.py", line 10737, in resample
    return self._resample(
  File "/home/ekasteleyn/.local/lib/python3.9/site-packages/xarray/core/common.py", line 1060, in _resample
    dim_coord = self[dim]
  File "/home/ekasteleyn/.local/lib/python3.9/site-packages/xarray/core/dataset.py", line 1578, in __getitem__
    raise KeyError(
KeyError: "No variable named 'time'. Variables on the dataset include ['10m_u_component_of_wind', '10m_v_component_of_wind', '10m_wind_speed', '2m_dewpoint_temperature', '2m_temperature', ..., 'volumetric_soil_water_layer_3', 'volumetric_soil_water_layer_4', 'vorticity', 'wind_speed', 'lon']"
