2026-06-04 16:34:01,836 - INFO - Loading Zarr store from gs://weatherbench2/datasets/era5_daily/1959-2023_01_10-full_37-1h-0p25deg-chunk-1-s2s.zarr
2026-06-04 16:34:31,249 - INFO - Slicing time (1990-2019)...
2026-06-04 16:34:36,109 - INFO - Calculating velocity potential globally in chunks and reducing...
2026-06-04 16:36:57,320 - INFO - Completed chunk starting at 300/10957
2026-06-04 16:37:01,494 - INFO - Completed chunk starting at 450/10957
2026-06-04 16:37:01,998 - INFO - Completed chunk starting at 210/10957
2026-06-04 16:37:03,113 - INFO - Completed chunk starting at 240/10957
2026-06-04 16:37:03,260 - INFO - Completed chunk starting at 420/10957
2026-06-04 16:37:03,583 - INFO - Completed chunk starting at 330/10957
2026-06-04 16:37:03,596 - INFO - Completed chunk starting at 90/10957
2026-06-04 16:37:03,680 - INFO - Completed chunk starting at 150/10957
2026-06-04 16:37:03,734 - INFO - Completed chunk starting at 390/10957
2026-06-04 16:37:04,576 - INFO - Completed chunk starting at 30/10957
2026-06-04 16:37:04,857 - INFO - Completed chunk starting at 0/10957
2026-06-04 16:37:04,906 - INFO - Completed chunk starting at 120/10957
2026-06-04 16:37:05,064 - INFO - Completed chunk starting at 360/10957
2026-06-04 16:37:05,332 - INFO - Completed chunk starting at 180/10957
2026-06-04 16:37:05,564 - INFO - Completed chunk starting at 60/10957
2026-06-04 16:37:06,171 - INFO - Completed chunk starting at 270/10957
2026-06-04 16:39:17,657 - INFO - Completed chunk starting at 480/10957
2026-06-04 16:39:22,961 - INFO - Completed chunk starting at 540/10957
2026-06-04 16:39:22,986 - INFO - Completed chunk starting at 690/10957
2026-06-04 16:39:24,830 - INFO - Completed chunk starting at 750/10957
2026-06-04 16:39:24,849 - INFO - Completed chunk starting at 720/10957
2026-06-04 16:39:27,921 - INFO - Completed chunk starting at 780/10957
2026-06-04 16:39:29,016 - INFO - Completed chunk starting at 510/10957
2026-06-04 16:39:29,270 - INFO - Completed chunk starting at 630/10957
2026-06-04 16:39:29,512 - INFO - Completed chunk starting at 600/10957
2026-06-04 16:39:29,796 - INFO - Completed chunk starting at 660/10957
2026-06-04 16:39:29,872 - INFO - Completed chunk starting at 570/10957
2026-06-04 16:39:42,274 - INFO - Completed chunk starting at 900/10957
2026-06-04 16:39:43,180 - INFO - Completed chunk starting at 840/10957
2026-06-04 16:39:44,737 - INFO - Completed chunk starting at 870/10957
2026-06-04 16:39:50,112 - INFO - Completed chunk starting at 930/10957
2026-06-04 16:39:55,813 - INFO - Completed chunk starting at 810/10957
2026-06-04 16:41:25,883 - INFO - Completed chunk starting at 960/10957
2026-06-04 16:41:26,426 - INFO - Completed chunk starting at 1050/10957
2026-06-04 16:41:26,583 - INFO - Completed chunk starting at 1020/10957
2026-06-04 16:41:28,841 - INFO - Completed chunk starting at 990/10957
2026-06-04 16:41:30,875 - INFO - Completed chunk starting at 1080/10957
2026-06-04 16:41:36,795 - INFO - Completed chunk starting at 1110/10957
2026-06-04 16:41:41,162 - INFO - Completed chunk starting at 1140/10957
2026-06-04 16:41:45,499 - INFO - Completed chunk starting at 1200/10957
2026-06-04 16:41:47,390 - INFO - Completed chunk starting at 1230/10957
2026-06-04 16:41:50,327 - INFO - Completed chunk starting at 1170/10957
2026-06-04 16:41:54,727 - INFO - Completed chunk starting at 1320/10957
2026-06-04 16:41:58,110 - INFO - Completed chunk starting at 1350/10957
2026-06-04 16:42:00,962 - INFO - Completed chunk starting at 1290/10957
2026-06-04 16:42:01,239 - INFO - Completed chunk starting at 1260/10957
2026-06-04 16:42:01,421 - INFO - Completed chunk starting at 1410/10957
2026-06-04 16:42:06,158 - INFO - Completed chunk starting at 1380/10957
2026-06-04 16:43:12,949 - INFO - Completed chunk starting at 1440/10957
2026-06-04 16:43:13,829 - INFO - Completed chunk starting at 1500/10957
2026-06-04 16:43:21,405 - INFO - Completed chunk starting at 1470/10957
2026-06-04 16:43:24,401 - INFO - Completed chunk starting at 1560/10957
2026-06-04 16:43:25,114 - INFO - Completed chunk starting at 1530/10957
2026-06-04 16:43:34,385 - INFO - Completed chunk starting at 1590/10957
2026-06-04 16:43:35,341 - INFO - Completed chunk starting at 1620/10957
2026-06-04 16:43:43,439 - INFO - Completed chunk starting at 1650/10957
2026-06-04 16:43:49,687 - INFO - Completed chunk starting at 1770/10957
2026-06-04 16:43:50,647 - INFO - Completed chunk starting at 1710/10957
2026-06-04 16:43:51,835 - INFO - Completed chunk starting at 1800/10957
2026-06-04 16:43:54,069 - INFO - Completed chunk starting at 1740/10957
2026-06-04 16:43:55,123 - INFO - Completed chunk starting at 1680/10957
2026-06-04 16:43:56,915 - INFO - Completed chunk starting at 1860/10957
2026-06-04 16:44:13,916 - INFO - Completed chunk starting at 1830/10957
2026-06-04 16:44:28,043 - INFO - Completed chunk starting at 1890/10957
2026-06-04 16:45:03,073 - INFO - Completed chunk starting at 1920/10957
2026-06-04 16:45:03,247 - INFO - Completed chunk starting at 1950/10957
2026-06-04 16:45:13,488 - INFO - Completed chunk starting at 2010/10957
2026-06-04 16:45:13,613 - INFO - Completed chunk starting at 1980/10957
2026-06-04 16:45:16,234 - INFO - Completed chunk starting at 2040/10957
2026-06-04 16:45:21,169 - INFO - Completed chunk starting at 2070/10957
2026-06-04 16:45:22,557 - INFO - Completed chunk starting at 2100/10957
2026-06-04 16:45:42,929 - INFO - Completed chunk starting at 2190/10957
2026-06-04 16:45:43,409 - INFO - Completed chunk starting at 2280/10957
2026-06-04 16:45:44,123 - INFO - Completed chunk starting at 2130/10957
2026-06-04 16:45:44,730 - INFO - Completed chunk starting at 2220/10957
2026-06-04 16:45:47,263 - INFO - Completed chunk starting at 2160/10957
2026-06-04 16:45:48,171 - INFO - Completed chunk starting at 2250/10957
2026-06-04 16:45:57,470 - INFO - Completed chunk starting at 2310/10957
2026-06-04 16:46:05,766 - INFO - Completed chunk starting at 2340/10957
2026-06-04 16:46:35,459 - INFO - Completed chunk starting at 2370/10957
2026-06-04 16:46:51,289 - INFO - Completed chunk starting at 2430/10957
2026-06-04 16:46:55,119 - INFO - Completed chunk starting at 2400/10957
2026-06-04 16:46:58,338 - INFO - Completed chunk starting at 2460/10957
2026-06-04 16:47:04,174 - INFO - Completed chunk starting at 2550/10957
2026-06-04 16:47:05,881 - INFO - Completed chunk starting at 2580/10957
2026-06-04 16:47:06,957 - INFO - Completed chunk starting at 2520/10957
2026-06-04 16:47:08,263 - INFO - Completed chunk starting at 2490/10957
2026-06-04 16:47:39,955 - INFO - Completed chunk starting at 2700/10957
2026-06-04 16:47:40,243 - INFO - Completed chunk starting at 2730/10957
2026-06-04 16:47:41,572 - INFO - Completed chunk starting at 2610/10957
2026-06-04 16:47:42,296 - INFO - Completed chunk starting at 2790/10957
2026-06-04 16:47:43,865 - INFO - Completed chunk starting at 2670/10957
2026-06-04 16:47:44,759 - INFO - Completed chunk starting at 2640/10957
2026-06-04 16:47:45,311 - INFO - Completed chunk starting at 2760/10957
2026-06-04 16:47:50,775 - INFO - Completed chunk starting at 2820/10957
2026-06-04 16:48:24,912 - INFO - Completed chunk starting at 2850/10957
2026-06-04 16:48:36,910 - INFO - Completed chunk starting at 2910/10957
2026-06-04 16:48:40,013 - INFO - Completed chunk starting at 2880/10957
2026-06-04 16:48:41,158 - INFO - Completed chunk starting at 2940/10957
2026-06-04 16:48:46,675 - INFO - Completed chunk starting at 2970/10957
2026-06-04 16:48:49,241 - INFO - Completed chunk starting at 3060/10957
2026-06-04 16:48:49,282 - INFO - Completed chunk starting at 3000/10957
2026-06-04 16:48:49,918 - INFO - Completed chunk starting at 3030/10957
2026-06-04 16:49:18,893 - INFO - Completed chunk starting at 3120/10957
2026-06-04 16:49:21,720 - INFO - Completed chunk starting at 3150/10957
2026-06-04 16:49:21,796 - INFO - Completed chunk starting at 3180/10957
2026-06-04 16:49:22,516 - INFO - Completed chunk starting at 3210/10957
2026-06-04 16:49:22,897 - INFO - Completed chunk starting at 3240/10957
2026-06-04 16:49:23,931 - INFO - Completed chunk starting at 3270/10957
2026-06-04 16:49:24,594 - INFO - Completed chunk starting at 3300/10957
2026-06-04 16:49:26,276 - INFO - Completed chunk starting at 3090/10957
2026-06-04 16:50:02,656 - INFO - Completed chunk starting at 3330/10957
2026-06-04 16:50:17,049 - INFO - Completed chunk starting at 3390/10957
2026-06-04 16:50:18,014 - INFO - Completed chunk starting at 3420/10957
2026-06-04 16:50:21,089 - INFO - Completed chunk starting at 3360/10957
2026-06-04 16:50:24,703 - INFO - Completed chunk starting at 3450/10957
2026-06-04 16:50:31,039 - INFO - Completed chunk starting at 3480/10957
2026-06-04 16:50:33,143 - INFO - Completed chunk starting at 3540/10957
2026-06-04 16:51:11,292 - INFO - Completed chunk starting at 3600/10957
2026-06-04 16:51:12,866 - INFO - Completed chunk starting at 3570/10957
2026-06-04 16:51:13,747 - INFO - Completed chunk starting at 3720/10957
2026-06-04 16:51:13,947 - INFO - Completed chunk starting at 3630/10957
2026-06-04 16:51:14,573 - INFO - Completed chunk starting at 3780/10957
2026-06-04 16:51:16,242 - INFO - Completed chunk starting at 3690/10957
2026-06-04 16:51:21,900 - INFO - Completed chunk starting at 3750/10957
2026-06-04 16:51:25,609 - INFO - Completed chunk starting at 3660/10957
2026-06-04 16:51:26,824 - INFO - Completed chunk starting at 3510/10957
2026-06-04 16:51:55,361 - INFO - Completed chunk starting at 3810/10957
2026-06-04 16:52:05,515 - INFO - Completed chunk starting at 3930/10957
2026-06-04 16:52:06,287 - INFO - Completed chunk starting at 3900/10957
2026-06-04 16:52:12,871 - INFO - Completed chunk starting at 3870/10957
2026-06-04 16:52:13,382 - INFO - Completed chunk starting at 3840/10957
2026-06-04 16:52:24,598 - INFO - Completed chunk starting at 3960/10957
2026-06-04 16:52:25,587 - INFO - Completed chunk starting at 3990/10957
2026-06-04 16:52:54,333 - INFO - Completed chunk starting at 4110/10957
2026-06-04 16:52:55,951 - INFO - Completed chunk starting at 4020/10957
2026-06-04 16:52:56,275 - INFO - Completed chunk starting at 4140/10957
2026-06-04 16:52:56,602 - INFO - Completed chunk starting at 4050/10957
2026-06-04 16:53:00,520 - INFO - Completed chunk starting at 4170/10957
2026-06-04 16:53:02,479 - INFO - Completed chunk starting at 4080/10957
2026-06-04 16:53:12,660 - INFO - Completed chunk starting at 4260/10957
2026-06-04 16:53:13,170 - INFO - Completed chunk starting at 4230/10957
2026-06-04 16:53:34,896 - INFO - Completed chunk starting at 4290/10957
2026-06-04 16:53:44,092 - INFO - Completed chunk starting at 4320/10957
2026-06-04 16:53:57,171 - INFO - Completed chunk starting at 4350/10957
2026-06-04 16:53:57,261 - INFO - Completed chunk starting at 4380/10957
2026-06-04 16:53:59,938 - INFO - Completed chunk starting at 4410/10957
2026-06-04 16:54:11,546 - INFO - Completed chunk starting at 4440/10957
2026-06-04 16:54:17,750 - INFO - Completed chunk starting at 4470/10957
2026-06-04 16:54:38,206 - INFO - Completed chunk starting at 4590/10957
2026-06-04 16:54:38,747 - INFO - Completed chunk starting at 4620/10957
2026-06-04 16:54:40,637 - INFO - Completed chunk starting at 4500/10957
2026-06-04 16:54:44,014 - INFO - Completed chunk starting at 4200/10957
2026-06-04 16:54:44,352 - INFO - Completed chunk starting at 4650/10957
2026-06-04 16:54:50,382 - INFO - Completed chunk starting at 4530/10957
2026-06-04 16:54:56,682 - INFO - Completed chunk starting at 4680/10957
2026-06-04 16:54:58,090 - INFO - Completed chunk starting at 4560/10957
2026-06-04 16:55:00,879 - INFO - Completed chunk starting at 4710/10957
2026-06-04 16:55:21,832 - INFO - Completed chunk starting at 4770/10957
2026-06-04 16:55:35,680 - INFO - Completed chunk starting at 4740/10957
2026-06-04 16:55:46,943 - INFO - Completed chunk starting at 4800/10957
2026-06-04 16:55:50,754 - INFO - Completed chunk starting at 4830/10957
2026-06-04 16:55:54,077 - INFO - Completed chunk starting at 4860/10957
2026-06-04 16:55:56,720 - INFO - Completed chunk starting at 4890/10957
2026-06-04 16:56:10,062 - INFO - Completed chunk starting at 4920/10957
2026-06-04 16:56:25,224 - INFO - Completed chunk starting at 4980/10957
2026-06-04 16:56:27,927 - INFO - Completed chunk starting at 4950/10957
2026-06-04 16:56:31,920 - INFO - Completed chunk starting at 5040/10957
2026-06-04 16:56:32,885 - INFO - Completed chunk starting at 5010/10957
2026-06-04 16:56:35,150 - INFO - Completed chunk starting at 5100/10957
2026-06-04 16:56:37,393 - INFO - Completed chunk starting at 5070/10957
2026-06-04 16:56:54,180 - INFO - Completed chunk starting at 5130/10957
2026-06-04 16:56:54,184 - INFO - Completed chunk starting at 5190/10957
2026-06-04 16:56:55,378 - INFO - Completed chunk starting at 5160/10957
2026-06-04 16:57:18,837 - INFO - Completed chunk starting at 5220/10957
2026-06-04 16:57:33,209 - INFO - Completed chunk starting at 5310/10957
2026-06-04 16:57:34,170 - INFO - Completed chunk starting at 5250/10957
2026-06-04 16:57:38,581 - INFO - Completed chunk starting at 5280/10957
2026-06-04 16:57:43,745 - INFO - Completed chunk starting at 5340/10957
2026-06-04 16:57:45,573 - INFO - Completed chunk starting at 5370/10957
2026-06-04 16:58:10,331 - INFO - Completed chunk starting at 5460/10957
2026-06-04 16:58:10,436 - INFO - Completed chunk starting at 5400/10957
2026-06-04 16:58:17,383 - INFO - Completed chunk starting at 5430/10957
2026-06-04 16:58:24,925 - INFO - Completed chunk starting at 5520/10957
2026-06-04 16:58:25,030 - INFO - Completed chunk starting at 5490/10957
2026-06-04 16:58:28,355 - INFO - Completed chunk starting at 5580/10957
2026-06-04 16:58:45,483 - INFO - Completed chunk starting at 5670/10957
2026-06-04 16:58:45,515 - INFO - Completed chunk starting at 5610/10957
2026-06-04 16:58:49,942 - INFO - Completed chunk starting at 5640/10957
2026-06-04 16:58:54,445 - INFO - Completed chunk starting at 5550/10957
2026-06-04 16:59:02,837 - INFO - Completed chunk starting at 5700/10957
2026-06-04 16:59:12,705 - INFO - Completed chunk starting at 5730/10957
2026-06-04 16:59:15,938 - INFO - Completed chunk starting at 5760/10957
2026-06-04 16:59:20,527 - INFO - Completed chunk starting at 5790/10957
2026-06-04 16:59:23,437 - INFO - Completed chunk starting at 5820/10957
2026-06-04 16:59:26,076 - INFO - Completed chunk starting at 5850/10957
2026-06-04 16:59:41,827 - INFO - Completed chunk starting at 5910/10957
2026-06-04 16:59:43,597 - INFO - Completed chunk starting at 5880/10957
2026-06-04 16:59:51,043 - INFO - Completed chunk starting at 5940/10957
2026-06-04 17:00:04,149 - INFO - Completed chunk starting at 5970/10957
2026-06-04 17:00:04,351 - INFO - Completed chunk starting at 6000/10957
2026-06-04 17:00:11,938 - INFO - Completed chunk starting at 6030/10957
2026-06-04 17:00:23,327 - INFO - Completed chunk starting at 6120/10957
2026-06-04 17:00:29,705 - INFO - Completed chunk starting at 6090/10957
2026-06-04 17:00:32,225 - INFO - Completed chunk starting at 6150/10957
2026-06-04 17:00:34,572 - INFO - Completed chunk starting at 6060/10957
2026-06-04 17:00:41,576 - INFO - Completed chunk starting at 6180/10957
2026-06-04 17:00:52,663 - INFO - Completed chunk starting at 6210/10957
2026-06-04 17:00:55,235 - INFO - Completed chunk starting at 6240/10957
2026-06-04 17:01:09,432 - INFO - Completed chunk starting at 6270/10957
2026-06-04 17:01:10,551 - INFO - Completed chunk starting at 6330/10957
2026-06-04 17:01:15,747 - INFO - Completed chunk starting at 6300/10957
2026-06-04 17:01:22,328 - INFO - Completed chunk starting at 6390/10957
2026-06-04 17:01:25,529 - INFO - Completed chunk starting at 6360/10957
2026-06-04 17:01:36,858 - INFO - Completed chunk starting at 6420/10957
2026-06-04 17:01:48,480 - INFO - Completed chunk starting at 6450/10957
2026-06-04 17:01:50,684 - INFO - Completed chunk starting at 6480/10957
2026-06-04 17:01:54,462 - INFO - Completed chunk starting at 6510/10957
2026-06-04 17:02:04,430 - INFO - Completed chunk starting at 6540/10957
2026-06-04 17:02:18,579 - INFO - Completed chunk starting at 6570/10957
2026-06-04 17:02:18,770 - INFO - Completed chunk starting at 6630/10957
2026-06-04 17:02:22,844 - INFO - Completed chunk starting at 6600/10957
2026-06-04 17:02:24,915 - INFO - Completed chunk starting at 6660/10957
2026-06-04 17:02:35,903 - INFO - Completed chunk starting at 6690/10957
2026-06-04 17:02:36,236 - INFO - Completed chunk starting at 6720/10957
2026-06-04 17:02:48,340 - INFO - Completed chunk starting at 6750/10957
2026-06-04 17:02:52,622 - INFO - Completed chunk starting at 6810/10957
2026-06-04 17:02:53,860 - INFO - Completed chunk starting at 6780/10957
2026-06-04 17:02:57,520 - INFO - Completed chunk starting at 6840/10957
2026-06-04 17:03:02,075 - INFO - Completed chunk starting at 6870/10957
2026-06-04 17:03:14,778 - INFO - Completed chunk starting at 6900/10957
2026-06-04 17:03:24,894 - INFO - Completed chunk starting at 6930/10957
2026-06-04 17:03:26,124 - INFO - Completed chunk starting at 6960/10957
2026-06-04 17:03:40,024 - INFO - Completed chunk starting at 6990/10957
2026-06-04 17:03:45,581 - INFO - Completed chunk starting at 7020/10957
2026-06-04 17:03:56,119 - INFO - Completed chunk starting at 7050/10957
2026-06-04 17:04:01,709 - INFO - Completed chunk starting at 7140/10957
2026-06-04 17:04:02,359 - INFO - Completed chunk starting at 7080/10957
2026-06-04 17:04:05,993 - INFO - Completed chunk starting at 7110/10957
2026-06-04 17:04:10,346 - INFO - Completed chunk starting at 7170/10957
2026-06-04 17:04:19,918 - INFO - Completed chunk starting at 7200/10957
2026-06-04 17:04:21,190 - INFO - Completed chunk starting at 7230/10957
2026-06-04 17:04:28,828 - INFO - Completed chunk starting at 7260/10957
2026-06-04 17:04:34,784 - INFO - Completed chunk starting at 7290/10957
2026-06-04 17:04:35,144 - INFO - Completed chunk starting at 7320/10957
2026-06-04 17:04:41,160 - INFO - Completed chunk starting at 7350/10957
2026-06-04 17:05:05,898 - INFO - Completed chunk starting at 7380/10957
2026-06-04 17:05:08,925 - INFO - Completed chunk starting at 7410/10957
2026-06-04 17:05:11,735 - INFO - Completed chunk starting at 7440/10957
2026-06-04 17:05:23,533 - INFO - Completed chunk starting at 7500/10957
2026-06-04 17:05:27,129 - INFO - Completed chunk starting at 7470/10957
2026-06-04 17:05:41,012 - INFO - Completed chunk starting at 7620/10957
2026-06-04 17:05:42,693 - INFO - Completed chunk starting at 7560/10957
2026-06-04 17:05:42,721 - INFO - Completed chunk starting at 7530/10957
2026-06-04 17:05:43,688 - INFO - Completed chunk starting at 7590/10957
2026-06-04 17:05:44,330 - INFO - Completed chunk starting at 7650/10957
2026-06-04 17:05:56,646 - INFO - Completed chunk starting at 7710/10957
2026-06-04 17:05:56,822 - INFO - Completed chunk starting at 7680/10957
2026-06-04 17:06:01,956 - INFO - Completed chunk starting at 7740/10957
2026-06-04 17:06:12,441 - INFO - Completed chunk starting at 7770/10957
2026-06-04 17:06:15,419 - INFO - Completed chunk starting at 7800/10957
2026-06-04 17:06:21,615 - INFO - Completed chunk starting at 7830/10957
2026-06-04 17:06:40,377 - INFO - Completed chunk starting at 7860/10957
2026-06-04 17:06:45,924 - INFO - Completed chunk starting at 7890/10957
2026-06-04 17:06:47,687 - INFO - Completed chunk starting at 7920/10957
2026-06-04 17:07:03,077 - INFO - Completed chunk starting at 7950/10957
2026-06-04 17:07:08,842 - INFO - Completed chunk starting at 7980/10957
2026-06-04 17:07:20,497 - INFO - Completed chunk starting at 8070/10957
2026-06-04 17:07:21,346 - INFO - Completed chunk starting at 8100/10957
2026-06-04 17:07:21,631 - INFO - Completed chunk starting at 8040/10957
2026-06-04 17:07:21,662 - INFO - Completed chunk starting at 8010/10957
2026-06-04 17:07:25,988 - INFO - Completed chunk starting at 8130/10957
2026-06-04 17:07:30,834 - INFO - Completed chunk starting at 8160/10957
2026-06-04 17:07:38,704 - INFO - Completed chunk starting at 8190/10957
2026-06-04 17:07:38,767 - INFO - Completed chunk starting at 8220/10957
2026-06-04 17:07:49,258 - INFO - Completed chunk starting at 8280/10957
2026-06-04 17:07:49,278 - INFO - Completed chunk starting at 8250/10957
2026-06-04 17:08:00,085 - INFO - Completed chunk starting at 8310/10957
2026-06-04 17:08:17,385 - INFO - Completed chunk starting at 8340/10957
2026-06-04 17:08:19,429 - INFO - Completed chunk starting at 8370/10957
2026-06-04 17:08:24,039 - INFO - Completed chunk starting at 8400/10957
2026-06-04 17:08:36,632 - INFO - Completed chunk starting at 8430/10957
2026-06-04 17:08:44,567 - INFO - Completed chunk starting at 8460/10957
2026-06-04 17:08:50,781 - INFO - Completed chunk starting at 8490/10957
2026-06-04 17:08:54,777 - INFO - Completed chunk starting at 8580/10957
2026-06-04 17:08:56,544 - INFO - Completed chunk starting at 8520/10957
2026-06-04 17:08:58,063 - INFO - Completed chunk starting at 8610/10957
2026-06-04 17:08:59,905 - INFO - Completed chunk starting at 8550/10957
2026-06-04 17:09:02,557 - INFO - Completed chunk starting at 8640/10957
2026-06-04 17:09:11,727 - INFO - Completed chunk starting at 8700/10957
2026-06-04 17:09:18,403 - INFO - Completed chunk starting at 8670/10957
2026-06-04 17:09:21,561 - INFO - Completed chunk starting at 8730/10957
2026-06-04 17:09:22,485 - INFO - Completed chunk starting at 8760/10957
2026-06-04 17:09:31,900 - INFO - Completed chunk starting at 8790/10957
2026-06-04 17:09:52,270 - INFO - Completed chunk starting at 8820/10957
2026-06-04 17:09:55,010 - INFO - Completed chunk starting at 8880/10957
2026-06-04 17:09:55,947 - INFO - Completed chunk starting at 8850/10957
2026-06-04 17:10:07,972 - INFO - Completed chunk starting at 8910/10957
2026-06-04 17:10:19,792 - INFO - Completed chunk starting at 8940/10957
2026-06-04 17:10:23,037 - INFO - Completed chunk starting at 8970/10957
2026-06-04 17:10:28,761 - INFO - Completed chunk starting at 9000/10957
2026-06-04 17:10:30,592 - INFO - Completed chunk starting at 9030/10957
2026-06-04 17:10:32,071 - INFO - Completed chunk starting at 9090/10957
2026-06-04 17:10:33,110 - INFO - Completed chunk starting at 9060/10957
2026-06-04 17:10:33,821 - INFO - Completed chunk starting at 9120/10957
2026-06-04 17:10:45,473 - INFO - Completed chunk starting at 9150/10957
2026-06-04 17:10:52,866 - INFO - Completed chunk starting at 9180/10957
2026-06-04 17:10:54,786 - INFO - Completed chunk starting at 9210/10957
2026-06-04 17:10:58,180 - INFO - Completed chunk starting at 9240/10957
2026-06-04 17:11:01,806 - INFO - Completed chunk starting at 9270/10957
2026-06-04 17:11:21,990 - INFO - Completed chunk starting at 9330/10957
2026-06-04 17:11:23,525 - INFO - Completed chunk starting at 9300/10957
2026-06-04 17:11:25,919 - INFO - Completed chunk starting at 9360/10957
2026-06-04 17:11:38,647 - INFO - Completed chunk starting at 9390/10957
2026-06-04 17:11:50,494 - INFO - Completed chunk starting at 9450/10957
2026-06-04 17:11:51,199 - INFO - Completed chunk starting at 9420/10957
2026-06-04 17:11:59,679 - INFO - Completed chunk starting at 9480/10957
2026-06-04 17:12:06,084 - INFO - Completed chunk starting at 9600/10957
2026-06-04 17:12:06,506 - INFO - Completed chunk starting at 9540/10957
2026-06-04 17:12:07,759 - INFO - Completed chunk starting at 9510/10957
2026-06-04 17:12:07,835 - INFO - Completed chunk starting at 9570/10957
2026-06-04 17:12:19,322 - INFO - Completed chunk starting at 9630/10957
2026-06-04 17:12:27,231 - INFO - Completed chunk starting at 9690/10957
2026-06-04 17:12:29,330 - INFO - Completed chunk starting at 9660/10957
2026-06-04 17:12:33,861 - INFO - Completed chunk starting at 9720/10957
2026-06-04 17:12:35,572 - INFO - Completed chunk starting at 9750/10957
2026-06-04 17:12:54,982 - INFO - Completed chunk starting at 9780/10957
2026-06-04 17:12:57,447 - INFO - Completed chunk starting at 9840/10957
2026-06-04 17:13:00,813 - INFO - Completed chunk starting at 9810/10957
2026-06-04 17:13:14,071 - INFO - Completed chunk starting at 9870/10957
2026-06-04 17:13:24,801 - INFO - Completed chunk starting at 9900/10957
2026-06-04 17:13:29,702 - INFO - Completed chunk starting at 9960/10957
2026-06-04 17:13:30,223 - INFO - Completed chunk starting at 9930/10957
2026-06-04 17:13:39,979 - INFO - Completed chunk starting at 10020/10957
2026-06-04 17:13:40,436 - INFO - Completed chunk starting at 9990/10957
2026-06-04 17:13:42,130 - INFO - Completed chunk starting at 10080/10957
2026-06-04 17:13:44,480 - INFO - Completed chunk starting at 10050/10957
2026-06-04 17:13:52,732 - INFO - Completed chunk starting at 10110/10957
2026-06-04 17:13:59,079 - INFO - Completed chunk starting at 10140/10957
2026-06-04 17:13:59,466 - INFO - Completed chunk starting at 10170/10957
2026-06-04 17:14:06,887 - INFO - Completed chunk starting at 10200/10957
2026-06-04 17:14:10,267 - INFO - Completed chunk starting at 10230/10957
2026-06-04 17:14:24,563 - INFO - Completed chunk starting at 10260/10957
2026-06-04 17:14:29,652 - INFO - Completed chunk starting at 10320/10957
2026-06-04 17:14:30,808 - INFO - Completed chunk starting at 10290/10957
2026-06-04 17:14:44,989 - INFO - Completed chunk starting at 10350/10957
2026-06-04 17:14:58,339 - INFO - Completed chunk starting at 10380/10957
2026-06-04 17:15:01,113 - INFO - Completed chunk starting at 10410/10957
2026-06-04 17:15:04,554 - INFO - Completed chunk starting at 10440/10957
2026-06-04 17:15:11,479 - INFO - Completed chunk starting at 10470/10957
2026-06-04 17:15:16,808 - INFO - Completed chunk starting at 10500/10957
2026-06-04 17:15:18,882 - INFO - Completed chunk starting at 10530/10957
2026-06-04 17:15:22,092 - INFO - Completed chunk starting at 10560/10957
2026-06-04 17:15:24,883 - INFO - Completed chunk starting at 10590/10957
2026-06-04 17:15:29,419 - INFO - Completed chunk starting at 10620/10957
2026-06-04 17:15:36,549 - INFO - Completed chunk starting at 10680/10957
2026-06-04 17:15:37,527 - INFO - Completed chunk starting at 10650/10957
2026-06-04 17:15:39,962 - INFO - Completed chunk starting at 10710/10957
2026-06-04 17:15:49,215 - INFO - Completed chunk starting at 10740/10957
2026-06-04 17:15:50,939 - INFO - Completed chunk starting at 10950/10957
2026-06-04 17:15:53,222 - INFO - Completed chunk starting at 10770/10957
2026-06-04 17:15:53,449 - INFO - Completed chunk starting at 10800/10957
2026-06-04 17:16:49,567 - INFO - Completed chunk starting at 10830/10957
2026-06-04 17:17:40,392 - INFO - Completed chunk starting at 10860/10957
2026-06-04 17:17:48,012 - INFO - Completed chunk starting at 10920/10957
2026-06-04 17:19:09,562 - INFO - Completed chunk starting at 10890/10957
2026-06-04 17:19:10,906 - INFO - Calculating anomalies...
2026-06-04 17:19:11,570 - INFO - Normalizing by global standard deviations...
2026-06-04 17:19:11,815 - INFO - Concatenating into combined vector...
2026-06-04 17:19:11,859 - INFO - Running EOF solver...
2026-06-04 17:19:39,648 - INFO - Saving results...
2026-06-04 17:19:39,711 - INFO - Saved MJO EOFs to ../../data/mjo/mjo_loading_pattern.nc
