Prefetching HRES T0 Data for Spatio-Temporal Causal Tracing...
Downloading static variables...
Found 162 unique dates in the CSV.

[1/162] Processing 2020-03-10...

[2/162] Processing 2021-03-22...

[3/162] Processing 2022-05-10...
    Downloading surface variables...
    Downloading atmospheric variables...

[4/162] Processing 2021-03-18...
    Downloading surface variables...
    Downloading atmospheric variables...

[5/162] Processing 2017-03-14...
    Downloading surface variables...
    Downloading atmospheric variables...

[6/162] Processing 2017-03-28...
    Downloading surface variables...
    Downloading atmospheric variables...

[7/162] Processing 2016-02-04...

[8/162] Processing 2020-01-07...

[9/162] Processing 2016-02-03...

[10/162] Processing 2019-01-17...
    Downloading surface variables...
    Downloading atmospheric variables...

[11/162] Processing 2019-03-28...
    Downloading surface variables...
    Downloading atmospheric variables...

[12/162] Processing 2020-12-02...
    Downloading surface variables...
    Downloading atmospheric variables...

[13/162] Processing 2016-05-04...
    Downloading surface variables...
    Downloading atmospheric variables...

[14/162] Processing 2021-03-11...

[15/162] Processing 2020-01-08...

[16/162] Processing 2020-01-11...
    Downloading surface variables...
    Downloading atmospheric variables...

[17/162] Processing 2020-02-15...

[18/162] Processing 2020-11-05...

[19/162] Processing 2018-03-29...
    Downloading surface variables...
    Downloading atmospheric variables...

[20/162] Processing 2019-10-24...
    Downloading surface variables...
    Downloading atmospheric variables...

[21/162] Processing 2017-12-27...
    Downloading surface variables...
    Downloading atmospheric variables...

[22/162] Processing 2018-05-01...
    Downloading surface variables...
    Downloading atmospheric variables...

[23/162] Processing 2021-03-26...

[24/162] Processing 2018-02-19...
    Downloading surface variables...
    Downloading atmospheric variables...

[25/162] Processing 2016-02-29...
    Downloading surface variables...
    Downloading atmospheric variables...

[26/162] Processing 2021-03-13...

[27/162] Processing 2017-01-02...
    Downloading surface variables...
    Downloading atmospheric variables...

[28/162] Processing 2016-12-06...
    Downloading surface variables...
    Downloading atmospheric variables...

[29/162] Processing 2019-02-19...
    Downloading surface variables...
    Downloading atmospheric variables...

[30/162] Processing 2021-03-12...

[31/162] Processing 2022-10-10...
    Downloading surface variables...
    Downloading atmospheric variables...

[32/162] Processing 2021-03-25...

[33/162] Processing 2016-01-25...
    Downloading surface variables...
    Downloading atmospheric variables...

[34/162] Processing 2020-02-22...

[35/162] Processing 2022-03-15...
    Downloading surface variables...
    Downloading atmospheric variables...

[36/162] Processing 2017-04-13...
    Downloading surface variables...
    Downloading atmospheric variables...

[37/162] Processing 2020-02-18...

[38/162] Processing 2020-05-06...
    Downloading surface variables...
    Downloading atmospheric variables...

[39/162] Processing 2020-02-23...

[40/162] Processing 2019-02-13...
    Downloading surface variables...
    Downloading atmospheric variables...

[41/162] Processing 2017-03-08...

[42/162] Processing 2020-11-19...
    Downloading surface variables...
    Downloading atmospheric variables...

[43/162] Processing 2021-10-09...
    Downloading surface variables...
    Downloading atmospheric variables...

[44/162] Processing 2018-02-06...
    Downloading surface variables...
    Downloading atmospheric variables...

[45/162] Processing 2020-02-10...

[46/162] Processing 2020-02-16...

[47/162] Processing 2019-03-29...

[48/162] Processing 2018-11-08...
    Downloading surface variables...
    Downloading atmospheric variables...

[49/162] Processing 2020-11-30...
    Downloading surface variables...
    Downloading atmospheric variables...

[50/162] Processing 2016-12-21...

[51/162] Processing 2017-02-04...

[52/162] Processing 2020-01-05...

[53/162] Processing 2020-03-25...

[54/162] Processing 2020-01-01...

[55/162] Processing 2020-05-12...
    Downloading surface variables...
    Downloading atmospheric variables...

[56/162] Processing 2020-03-15...

[57/162] Processing 2022-10-07...
    Downloading surface variables...
    Downloading atmospheric variables...

[58/162] Processing 2018-03-31...

[59/162] Processing 2018-03-30...

[60/162] Processing 2016-01-23...
    Downloading surface variables...
    Downloading atmospheric variables...

[61/162] Processing 2016-01-28...

[62/162] Processing 2020-11-20...

[63/162] Processing 2020-01-28...
    Downloading surface variables...
    Downloading atmospheric variables...

[64/162] Processing 2017-03-09...

[65/162] Processing 2018-12-24...
    Downloading surface variables...
    Downloading atmospheric variables...

[66/162] Processing 2016-01-30...

[67/162] Processing 2017-11-26...
    Downloading surface variables...
    Downloading atmospheric variables...

[68/162] Processing 2020-02-21...

[69/162] Processing 2017-01-16...
    Downloading surface variables...
    Downloading atmospheric variables...

[70/162] Processing 2018-01-18...
    Downloading surface variables...
    Downloading atmospheric variables...

[71/162] Processing 2018-12-25...

[72/162] Processing 2020-01-15...

[73/162] Processing 2020-03-16...

[74/162] Processing 2020-01-12...

[75/162] Processing 2016-05-24...
    Downloading surface variables...
    Downloading atmospheric variables...

[76/162] Processing 2020-02-17...

[77/162] Processing 2019-12-03...
    Downloading surface variables...
    Downloading atmospheric variables...

[78/162] Processing 2020-03-22...
    Downloading surface variables...
    Downloading atmospheric variables...

[79/162] Processing 2020-02-19...

[80/162] Processing 2022-03-10...
    Downloading surface variables...
    Downloading atmospheric variables...

[81/162] Processing 2018-02-24...

[82/162] Processing 2019-01-20...
    Downloading surface variables...
    Downloading atmospheric variables...

[83/162] Processing 2021-03-24...

[84/162] Processing 2019-12-31...
    Downloading surface variables...
    Downloading atmospheric variables...

[85/162] Processing 2017-01-13...
    Downloading surface variables...
    Downloading atmospheric variables...

[86/162] Processing 2020-03-17...

[87/162] Processing 2018-02-20...

[88/162] Processing 2022-05-13...

[89/162] Processing 2021-03-02...
    Downloading surface variables...
    Downloading atmospheric variables...

[90/162] Processing 2020-11-04...
    Downloading surface variables...
    Downloading atmospheric variables...

[91/162] Processing 2022-03-23...
    Downloading surface variables...
    Downloading atmospheric variables...

[92/162] Processing 2016-02-22...
    Downloading surface variables...
    Downloading atmospheric variables...

[93/162] Processing 2018-04-25...
    Downloading surface variables...
    Downloading atmospheric variables...

[94/162] Processing 2016-03-20...

[95/162] Processing 2020-02-08...

[96/162] Processing 2018-02-17...
    Downloading surface variables...
    Downloading atmospheric variables...

[97/162] Processing 2016-12-22...

[98/162] Processing 2021-12-06...
    Downloading surface variables...
    Downloading atmospheric variables...

[99/162] Processing 2020-03-28...

[100/162] Processing 2022-10-08...

[101/162] Processing 2016-03-16...
    Downloading surface variables...
    Downloading atmospheric variables...

[102/162] Processing 2018-12-05...
    Downloading surface variables...
    Downloading atmospheric variables...

[103/162] Processing 2016-03-01...

[104/162] Processing 2020-01-14...

[105/162] Processing 2016-03-22...
    Downloading surface variables...
    Downloading atmospheric variables...

[106/162] Processing 2017-03-04...
    Downloading surface variables...
    Downloading atmospheric variables...

[107/162] Processing 2018-02-21...

[108/162] Processing 2020-02-11...

[109/162] Processing 2022-10-11...

[110/162] Processing 2020-02-09...

[111/162] Processing 2022-03-04...

[112/162] Processing 2019-02-08...
    Downloading surface variables...
    Downloading atmospheric variables...

[113/162] Processing 2017-02-25...
    Downloading surface variables...
    Downloading atmospheric variables...

[114/162] Processing 2017-10-23...
    Downloading surface variables...
    Downloading atmospheric variables...

[115/162] Processing 2021-03-16...

[116/162] Processing 2022-01-31...
    Downloading surface variables...
    Downloading atmospheric variables...

[117/162] Processing 2016-05-26...
    Downloading surface variables...
    Downloading atmospheric variables...

[118/162] Processing 2016-04-08...
    Downloading surface variables...
    Downloading atmospheric variables...

[119/162] Processing 2020-03-29...

[120/162] Processing 2020-03-12...

[121/162] Processing 2017-02-16...
    Downloading surface variables...
    Downloading atmospheric variables...

[122/162] Processing 2018-01-25...
    Downloading surface variables...
    Downloading atmospheric variables...

[123/162] Processing 2020-03-24...

[124/162] Processing 2018-01-13...
    Downloading surface variables...
    Downloading atmospheric variables...

[125/162] Processing 2020-02-20...

[126/162] Processing 2017-10-30...
    Downloading surface variables...
    Downloading atmospheric variables...

[127/162] Processing 2017-11-14...
    Downloading surface variables...
    Downloading atmospheric variables...

[128/162] Processing 2020-01-29...

[129/162] Processing 2022-03-13...
    Downloading surface variables...
    Downloading atmospheric variables...

[130/162] Processing 2021-02-15...
    Downloading surface variables...
    Downloading atmospheric variables...

[131/162] Processing 2016-11-09...
    Downloading surface variables...
    Downloading atmospheric variables...

[132/162] Processing 2020-01-02...

[133/162] Processing 2020-11-21...

[134/162] Processing 2020-03-09...
    Downloading surface variables...
    Downloading atmospheric variables...

[135/162] Processing 2020-01-13...

[136/162] Processing 2018-04-26...

[137/162] Processing 2021-03-21...
    Downloading surface variables...
    Downloading atmospheric variables...

[138/162] Processing 2020-11-13...
    Downloading surface variables...
    Downloading atmospheric variables...

[139/162] Processing 2022-03-08...
    Downloading surface variables...
    Downloading atmospheric variables...

[140/162] Processing 2019-01-07...
    Downloading surface variables...
    Downloading atmospheric variables...

[141/162] Processing 2019-12-22...
    Downloading surface variables...
    Downloading atmospheric variables...

[142/162] Processing 2021-03-10...
    Downloading surface variables...
    Downloading atmospheric variables...

[143/162] Processing 2020-03-23...

[144/162] Processing 2021-11-13...
    Downloading surface variables...
    Downloading atmospheric variables...

[145/162] Processing 2016-12-20...
    Downloading surface variables...
    Downloading atmospheric variables...

[146/162] Processing 2022-03-03...
    Downloading surface variables...
    Downloading atmospheric variables...

[147/162] Processing 2016-02-09...
    Downloading surface variables...
    Downloading atmospheric variables...

[148/162] Processing 2018-03-19...
    Downloading surface variables...
    Downloading atmospheric variables...

[149/162] Processing 2016-01-29...

[150/162] Processing 2022-01-10...
    Downloading surface variables...
    Downloading atmospheric variables...

[151/162] Processing 2020-01-06...

[152/162] Processing 2018-02-23...
    Downloading surface variables...
    Downloading atmospheric variables...

[153/162] Processing 2020-01-04...

[154/162] Processing 2016-12-23...

[155/162] Processing 2020-03-11...

[156/162] Processing 2021-02-20...
    Downloading surface variables...
    Downloading atmospheric variables...

[157/162] Processing 2020-02-24...

[158/162] Processing 2022-05-11...

[159/162] Processing 2022-03-21...
    Downloading surface variables...
    Downloading atmospheric variables...

[160/162] Processing 2022-05-12...

[161/162] Processing 2017-03-10...

[162/162] Processing 2021-03-23...

All data prefetched successfully!
COMPLETE: Tue May 26 15:01:40 CEST 2026
