Traceback (most recent call last):
  File "/home/ekasteleyn/aurora_thesis/aurora_env/lib/python3.11/site-packages/xarray/backends/file_manager.py", line 219, in _acquire_with_cache_info
    file = self._cache[self._key]
           ~~~~~~~~~~~^^^^^^^^^^^
  File "/home/ekasteleyn/aurora_thesis/aurora_env/lib/python3.11/site-packages/xarray/backends/lru_cache.py", line 56, in __getitem__
    value = self._cache[key]
            ~~~~~~~~~~~^^^^^
KeyError: [<class 'netCDF4._netCDF4.Dataset'>, ('/scratch-shared/ekasteleyn/downloads/hres_t0/2020-02-14-surface-level.nc',), 'r', (('clobber', True), ('diskless', False), ('format', 'NETCDF4'), ('persist', False)), 'cf7567ef-e861-4ffc-b8da-86852b513e8d']

During handling of the above exception, another exception occurred:

Traceback (most recent call last):
  File "/gpfs/home5/ekasteleyn/aurora_thesis/thesis/steering/scripts/activation_patching/1_extract_mean_active_patch.py", line 233, in <module>
    main()
  File "/gpfs/home5/ekasteleyn/aurora_thesis/thesis/steering/scripts/activation_patching/1_extract_mean_active_patch.py", line 212, in main
    active_latents_list = process_dates(
                          ^^^^^^^^^^^^^^
  File "/gpfs/home5/ekasteleyn/aurora_thesis/thesis/steering/scripts/activation_patching/1_extract_mean_active_patch.py", line 126, in process_dates
    batch = prepare_batch(day, download_path, init_hour=0, static_vars_ds=static_vars_ds)
            ^^^^^^^^^^^^^^^^^^^^^^^^^^^^^^^^^^^^^^^^^^^^^^^^^^^^^^^^^^^^^^^^^^^^^^^^^^^^^
  File "/home/ekasteleyn/aurora_thesis/thesis/steering/scripts/data_loader/extract_latents_hres.py", line 202, in prepare_batch
    prev_surf_ds = xr.open_dataset(download_path / f"{prev_day}-surface-level.nc", engine="netcdf4")
                   ^^^^^^^^^^^^^^^^^^^^^^^^^^^^^^^^^^^^^^^^^^^^^^^^^^^^^^^^^^^^^^^^^^^^^^^^^^^^^^^^^
  File "/home/ekasteleyn/aurora_thesis/aurora_env/lib/python3.11/site-packages/xarray/backends/api.py", line 606, in open_dataset
    backend_ds = backend.open_dataset(
                 ^^^^^^^^^^^^^^^^^^^^^
  File "/home/ekasteleyn/aurora_thesis/aurora_env/lib/python3.11/site-packages/xarray/backends/netCDF4_.py", line 758, in open_dataset
    store = NetCDF4DataStore.open(
            ^^^^^^^^^^^^^^^^^^^^^^
  File "/home/ekasteleyn/aurora_thesis/aurora_env/lib/python3.11/site-packages/xarray/backends/netCDF4_.py", line 525, in open
    return cls(manager, group=group, mode=mode, lock=lock, autoclose=autoclose)
           ^^^^^^^^^^^^^^^^^^^^^^^^^^^^^^^^^^^^^^^^^^^^^^^^^^^^^^^^^^^^^^^^^^^^
  File "/home/ekasteleyn/aurora_thesis/aurora_env/lib/python3.11/site-packages/xarray/backends/netCDF4_.py", line 429, in __init__
    self.format = self.ds.data_model
                  ^^^^^^^
  File "/home/ekasteleyn/aurora_thesis/aurora_env/lib/python3.11/site-packages/xarray/backends/netCDF4_.py", line 534, in ds
    return self._acquire()
           ^^^^^^^^^^^^^^^
  File "/home/ekasteleyn/aurora_thesis/aurora_env/lib/python3.11/site-packages/xarray/backends/netCDF4_.py", line 528, in _acquire
    with self._manager.acquire_context(needs_lock) as root:
  File "/sw/arch/RHEL8/EB_production/2023/software/Python/3.11.3-GCCcore-12.3.0/lib/python3.11/contextlib.py", line 137, in __enter__
    return next(self.gen)
           ^^^^^^^^^^^^^^
  File "/home/ekasteleyn/aurora_thesis/aurora_env/lib/python3.11/site-packages/xarray/backends/file_manager.py", line 207, in acquire_context
    file, cached = self._acquire_with_cache_info(needs_lock)
                   ^^^^^^^^^^^^^^^^^^^^^^^^^^^^^^^^^^^^^^^^^
  File "/home/ekasteleyn/aurora_thesis/aurora_env/lib/python3.11/site-packages/xarray/backends/file_manager.py", line 225, in _acquire_with_cache_info
    file = self._opener(*self._args, **kwargs)
           ^^^^^^^^^^^^^^^^^^^^^^^^^^^^^^^^^^^
  File "src/netCDF4/_netCDF4.pyx", line 2517, in netCDF4._netCDF4.Dataset.__init__
  File "src/netCDF4/_netCDF4.pyx", line 2154, in netCDF4._netCDF4._ensure_nc_success
FileNotFoundError: [Errno 2] No such file or directory: '/scratch-shared/ekasteleyn/downloads/hres_t0/2020-02-14-surface-level.nc'
[W526 14:11:12.353033250 AllocatorConfig.cpp:28] Warning: PYTORCH_CUDA_ALLOC_CONF is deprecated, use PYTORCH_ALLOC_CONF instead (function operator())
