Running active latent extraction for Causal Tracing...
Running extraction for 81 Active dates...
At least one latent is missing from S3. Initializing Aurora model locally...
  [1/81] Processing 2016-01-28...
    Latent not on S3. Running local inference pass...
    ✓ Latent captured, shape: torch.Size([1, 16200, 2048])
  [2/81] Processing 2016-01-29...
    Latent not on S3. Running local inference pass...
    ✓ Latent captured, shape: torch.Size([1, 16200, 2048])
  [3/81] Processing 2016-01-30...
    Latent not on S3. Running local inference pass...
    ✓ Latent captured, shape: torch.Size([1, 16200, 2048])
  [4/81] Processing 2016-12-20...
    Latent not on S3. Running local inference pass...
    ✓ Latent captured, shape: torch.Size([1, 16200, 2048])
  [5/81] Processing 2016-12-21...
    Latent not on S3. Running local inference pass...
    ✓ Latent captured, shape: torch.Size([1, 16200, 2048])
  [6/81] Processing 2016-12-22...
    Latent not on S3. Running local inference pass...
    ✓ Latent captured, shape: torch.Size([1, 16200, 2048])
  [7/81] Processing 2016-12-23...
    Latent not on S3. Running local inference pass...
    ✓ Latent captured, shape: torch.Size([1, 16200, 2048])
  [8/81] Processing 2017-02-25...
    Latent not on S3. Running local inference pass...
    ✓ Latent captured, shape: torch.Size([1, 16200, 2048])
  [9/81] Processing 2017-03-14...
    Latent not on S3. Running local inference pass...
    ✓ Latent captured, shape: torch.Size([1, 16200, 2048])
  [10/81] Processing 2018-04-25...
    Latent not on S3. Running local inference pass...
    ✓ Latent captured, shape: torch.Size([1, 16200, 2048])
  [11/81] Processing 2018-04-26...
    Latent not on S3. Running local inference pass...
    ✓ Latent captured, shape: torch.Size([1, 16200, 2048])
  [12/81] Processing 2018-05-01...
    Latent not on S3. Running local inference pass...
    ✓ Latent captured, shape: torch.Size([1, 16200, 2048])
  [13/81] Processing 2019-02-13...
    Latent not on S3. Running local inference pass...
    ✓ Latent captured, shape: torch.Size([1, 16200, 2048])
  [14/81] Processing 2019-02-19...
    Latent not on S3. Running local inference pass...
    ✓ Latent captured, shape: torch.Size([1, 16200, 2048])
  [15/81] Processing 2019-03-28...
    Latent not on S3. Running local inference pass...
    ✓ Latent captured, shape: torch.Size([1, 16200, 2048])
  [16/81] Processing 2019-03-29...
    Latent not on S3. Running local inference pass...
    ✓ Latent captured, shape: torch.Size([1, 16200, 2048])
  [17/81] Processing 2019-12-03...
    Latent not on S3. Running local inference pass...
    ✓ Latent captured, shape: torch.Size([1, 16200, 2048])
  [18/81] Processing 2019-12-31...
    Latent not on S3. Running local inference pass...
    ✓ Latent captured, shape: torch.Size([1, 16200, 2048])
  [19/81] Processing 2020-01-01...
    Latent not on S3. Running local inference pass...
    ✓ Latent captured, shape: torch.Size([1, 16200, 2048])
  [20/81] Processing 2020-01-02...
    Latent not on S3. Running local inference pass...
    ✓ Latent captured, shape: torch.Size([1, 16200, 2048])
  [21/81] Processing 2020-01-04...
    Latent not on S3. Running local inference pass...
    ✓ Latent captured, shape: torch.Size([1, 16200, 2048])
  [22/81] Processing 2020-01-05...
    Latent not on S3. Running local inference pass...
    ✓ Latent captured, shape: torch.Size([1, 16200, 2048])
  [23/81] Processing 2020-01-06...
    Latent not on S3. Running local inference pass...
    ✓ Latent captured, shape: torch.Size([1, 16200, 2048])
  [24/81] Processing 2020-01-07...
    Latent not on S3. Running local inference pass...
    ✓ Latent captured, shape: torch.Size([1, 16200, 2048])
  [25/81] Processing 2020-01-08...
    Latent not on S3. Running local inference pass...
    ✓ Latent captured, shape: torch.Size([1, 16200, 2048])
  [26/81] Processing 2020-01-11...
    Latent not on S3. Running local inference pass...
    ✓ Latent captured, shape: torch.Size([1, 16200, 2048])
  [27/81] Processing 2020-01-12...
    Latent not on S3. Running local inference pass...
    ✓ Latent captured, shape: torch.Size([1, 16200, 2048])
  [28/81] Processing 2020-01-13...
    Latent not on S3. Running local inference pass...
    ✓ Latent captured, shape: torch.Size([1, 16200, 2048])
  [29/81] Processing 2020-01-14...
    Latent not on S3. Running local inference pass...
    ✓ Latent captured, shape: torch.Size([1, 16200, 2048])
  [30/81] Processing 2020-01-15...
    Latent not on S3. Running local inference pass...
    ✓ Latent captured, shape: torch.Size([1, 16200, 2048])
  [31/81] Processing 2020-02-08...
    Latent not on S3. Running local inference pass...
    ✓ Latent captured, shape: torch.Size([1, 16200, 2048])
  [32/81] Processing 2020-02-09...
    Latent not on S3. Running local inference pass...
    WARNING: Latent contains 33177600 NaNs and 0 Infs! Skipping 2020-02-09.
  [33/81] Processing 2020-02-10...
    Latent not on S3. Running local inference pass...
    ✓ Latent captured, shape: torch.Size([1, 16200, 2048])
  [34/81] Processing 2020-02-11...
    Latent not on S3. Running local inference pass...
    ✓ Latent captured, shape: torch.Size([1, 16200, 2048])
  [35/81] Processing 2020-02-15...
    Latent not on S3. Running local inference pass...
    ✓ Latent captured, shape: torch.Size([1, 16200, 2048])
  [36/81] Processing 2020-02-16...
    Latent not on S3. Running local inference pass...
    ✓ Latent captured, shape: torch.Size([1, 16200, 2048])
  [37/81] Processing 2020-02-17...
    Latent not on S3. Running local inference pass...
    ✓ Latent captured, shape: torch.Size([1, 16200, 2048])
  [38/81] Processing 2020-02-18...
    Latent not on S3. Running local inference pass...
    ✓ Latent captured, shape: torch.Size([1, 16200, 2048])
  [39/81] Processing 2020-02-19...
    Latent not on S3. Running local inference pass...
    ✓ Latent captured, shape: torch.Size([1, 16200, 2048])
  [40/81] Processing 2020-02-20...
    Latent not on S3. Running local inference pass...
    ✓ Latent captured, shape: torch.Size([1, 16200, 2048])
  [41/81] Processing 2020-02-21...
    Latent not on S3. Running local inference pass...
    ✓ Latent captured, shape: torch.Size([1, 16200, 2048])
  [42/81] Processing 2020-02-22...
    Latent not on S3. Running local inference pass...
    ✓ Latent captured, shape: torch.Size([1, 16200, 2048])
  [43/81] Processing 2020-02-23...
    Latent not on S3. Running local inference pass...
    ✓ Latent captured, shape: torch.Size([1, 16200, 2048])
  [44/81] Processing 2020-02-24...
    Latent not on S3. Running local inference pass...
    ✓ Latent captured, shape: torch.Size([1, 16200, 2048])
  [45/81] Processing 2020-03-09...
    Latent not on S3. Running local inference pass...
    ✓ Latent captured, shape: torch.Size([1, 16200, 2048])
  [46/81] Processing 2020-03-10...
    Latent not on S3. Running local inference pass...
    ✓ Latent captured, shape: torch.Size([1, 16200, 2048])
  [47/81] Processing 2020-03-11...
    Latent not on S3. Running local inference pass...
    ✓ Latent captured, shape: torch.Size([1, 16200, 2048])
  [48/81] Processing 2020-03-12...
    Latent not on S3. Running local inference pass...
    ✓ Latent captured, shape: torch.Size([1, 16200, 2048])
  [49/81] Processing 2020-03-15...
    Latent not on S3. Running local inference pass...
    ✓ Latent captured, shape: torch.Size([1, 16200, 2048])
  [50/81] Processing 2020-03-16...
    Latent not on S3. Running local inference pass...
    ✓ Latent captured, shape: torch.Size([1, 16200, 2048])
  [51/81] Processing 2020-03-17...
    Latent not on S3. Running local inference pass...
    ✓ Latent captured, shape: torch.Size([1, 16200, 2048])
  [52/81] Processing 2020-03-22...
    Latent not on S3. Running local inference pass...
