Running active latent extraction for Causal Tracing...
Running extraction for 81 Active dates...
At least one latent is missing from S3. Initializing Aurora model locally...
  [1/81] Processing 2016-01-28...
    ✓ Downloaded latent from S3: torch.Size([1, 16200, 2048])
  [2/81] Processing 2016-01-29...
    ✓ Downloaded latent from S3: torch.Size([1, 16200, 2048])
  [3/81] Processing 2016-01-30...
    ✓ Downloaded latent from S3: torch.Size([1, 16200, 2048])
  [4/81] Processing 2016-12-20...
    ✓ Downloaded latent from S3: torch.Size([1, 16200, 2048])
  [5/81] Processing 2016-12-21...
    ✓ Downloaded latent from S3: torch.Size([1, 16200, 2048])
  [6/81] Processing 2016-12-22...
    ✓ Downloaded latent from S3: torch.Size([1, 16200, 2048])
  [7/81] Processing 2016-12-23...
    ✓ Downloaded latent from S3: torch.Size([1, 16200, 2048])
  [8/81] Processing 2017-02-25...
    ✓ Downloaded latent from S3: torch.Size([1, 16200, 2048])
  [9/81] Processing 2017-03-14...
    ✓ Downloaded latent from S3: torch.Size([1, 16200, 2048])
  [10/81] Processing 2018-04-25...
    ✓ Downloaded latent from S3: torch.Size([1, 16200, 2048])
  [11/81] Processing 2018-04-26...
    ✓ Downloaded latent from S3: torch.Size([1, 16200, 2048])
  [12/81] Processing 2018-05-01...
    ✓ Downloaded latent from S3: torch.Size([1, 16200, 2048])
  [13/81] Processing 2019-02-13...
    ✓ Downloaded latent from S3: torch.Size([1, 16200, 2048])
  [14/81] Processing 2019-02-19...
    ✓ Downloaded latent from S3: torch.Size([1, 16200, 2048])
  [15/81] Processing 2019-03-28...
    ✓ Downloaded latent from S3: torch.Size([1, 16200, 2048])
  [16/81] Processing 2019-03-29...
    ✓ Downloaded latent from S3: torch.Size([1, 16200, 2048])
  [17/81] Processing 2019-12-03...
    ✓ Downloaded latent from S3: torch.Size([1, 16200, 2048])
  [18/81] Processing 2019-12-31...
    ✓ Downloaded latent from S3: torch.Size([1, 16200, 2048])
  [19/81] Processing 2020-01-01...
    ✓ Downloaded latent from S3: torch.Size([1, 16200, 2048])
  [20/81] Processing 2020-01-02...
    ✓ Downloaded latent from S3: torch.Size([1, 16200, 2048])
  [21/81] Processing 2020-01-04...
    ✓ Downloaded latent from S3: torch.Size([1, 16200, 2048])
  [22/81] Processing 2020-01-05...
    ✓ Downloaded latent from S3: torch.Size([1, 16200, 2048])
  [23/81] Processing 2020-01-06...
    ✓ Downloaded latent from S3: torch.Size([1, 16200, 2048])
  [24/81] Processing 2020-01-07...
    ✓ Downloaded latent from S3: torch.Size([1, 16200, 2048])
  [25/81] Processing 2020-01-08...
    ✓ Downloaded latent from S3: torch.Size([1, 16200, 2048])
  [26/81] Processing 2020-01-11...
    ✓ Downloaded latent from S3: torch.Size([1, 16200, 2048])
  [27/81] Processing 2020-01-12...
    ✓ Downloaded latent from S3: torch.Size([1, 16200, 2048])
  [28/81] Processing 2020-01-13...
    ✓ Downloaded latent from S3: torch.Size([1, 16200, 2048])
  [29/81] Processing 2020-01-14...
    ✓ Downloaded latent from S3: torch.Size([1, 16200, 2048])
  [30/81] Processing 2020-01-15...
    ✓ Downloaded latent from S3: torch.Size([1, 16200, 2048])
  [31/81] Processing 2020-02-08...
    ✓ Downloaded latent from S3: torch.Size([1, 16200, 2048])
  [32/81] Processing 2020-02-09...
    ✓ Downloaded latent from S3: torch.Size([1, 16200, 2048])
  [33/81] Processing 2020-02-10...
    ✓ Downloaded latent from S3: torch.Size([1, 16200, 2048])
  [34/81] Processing 2020-02-11...
    ✓ Downloaded latent from S3: torch.Size([1, 16200, 2048])
  [35/81] Processing 2020-02-15...
    Latent not on S3. Running local inference pass...
COMPLETE: Tue May 26 14:11:12 CEST 2026
