Running active latent extraction for Causal Tracing...
Running extraction for 81 Active dates...
At least one latent is missing from S3. Initializing Aurora model locally...
  [1/81] Processing 2016-01-28...
    ✓ Downloaded latent from S3: torch.Size([1, 16200, 2048])
  [2/81] Processing 2016-01-29...
    ✓ Downloaded latent from S3: torch.Size([1, 16200, 2048])
  [3/81] Processing 2016-01-30...
    ✓ Downloaded latent from S3: torch.Size([1, 16200, 2048])
  [4/81] Processing 2016-12-20...
    ✓ Downloaded latent from S3: torch.Size([1, 16200, 2048])
  [5/81] Processing 2016-12-21...
    ✓ Downloaded latent from S3: torch.Size([1, 16200, 2048])
  [6/81] Processing 2016-12-22...
    ✓ Downloaded latent from S3: torch.Size([1, 16200, 2048])
  [7/81] Processing 2016-12-23...
    ✓ Downloaded latent from S3: torch.Size([1, 16200, 2048])
  [8/81] Processing 2017-02-25...
    ✓ Downloaded latent from S3: torch.Size([1, 16200, 2048])
  [9/81] Processing 2017-03-14...
    ✓ Downloaded latent from S3: torch.Size([1, 16200, 2048])
  [10/81] Processing 2018-04-25...
    ✓ Downloaded latent from S3: torch.Size([1, 16200, 2048])
  [11/81] Processing 2018-04-26...
    ✓ Downloaded latent from S3: torch.Size([1, 16200, 2048])
  [12/81] Processing 2018-05-01...
    ✓ Downloaded latent from S3: torch.Size([1, 16200, 2048])
  [13/81] Processing 2019-02-13...
    ✓ Downloaded latent from S3: torch.Size([1, 16200, 2048])
  [14/81] Processing 2019-02-19...
    ✓ Downloaded latent from S3: torch.Size([1, 16200, 2048])
  [15/81] Processing 2019-03-28...
    ✓ Downloaded latent from S3: torch.Size([1, 16200, 2048])
  [16/81] Processing 2019-03-29...
    ✓ Downloaded latent from S3: torch.Size([1, 16200, 2048])
  [17/81] Processing 2019-12-03...
    ✓ Downloaded latent from S3: torch.Size([1, 16200, 2048])
  [18/81] Processing 2019-12-31...
    ✓ Downloaded latent from S3: torch.Size([1, 16200, 2048])
  [19/81] Processing 2020-01-01...
    ✓ Downloaded latent from S3: torch.Size([1, 16200, 2048])
  [20/81] Processing 2020-01-02...
    ✓ Downloaded latent from S3: torch.Size([1, 16200, 2048])
  [21/81] Processing 2020-01-04...
    ✓ Downloaded latent from S3: torch.Size([1, 16200, 2048])
  [22/81] Processing 2020-01-05...
    ✓ Downloaded latent from S3: torch.Size([1, 16200, 2048])
  [23/81] Processing 2020-01-06...
    ✓ Downloaded latent from S3: torch.Size([1, 16200, 2048])
  [24/81] Processing 2020-01-07...
    ✓ Downloaded latent from S3: torch.Size([1, 16200, 2048])
  [25/81] Processing 2020-01-08...
    ✓ Downloaded latent from S3: torch.Size([1, 16200, 2048])
  [26/81] Processing 2020-01-11...
    ✓ Downloaded latent from S3: torch.Size([1, 16200, 2048])
  [27/81] Processing 2020-01-12...
    ✓ Downloaded latent from S3: torch.Size([1, 16200, 2048])
  [28/81] Processing 2020-01-13...
    ✓ Downloaded latent from S3: torch.Size([1, 16200, 2048])
  [29/81] Processing 2020-01-14...
    ✓ Downloaded latent from S3: torch.Size([1, 16200, 2048])
  [30/81] Processing 2020-01-15...
    ✓ Downloaded latent from S3: torch.Size([1, 16200, 2048])
  [31/81] Processing 2020-02-08...
    ✓ Downloaded latent from S3: torch.Size([1, 16200, 2048])
  [32/81] Processing 2020-02-09...
    ✓ Downloaded latent from S3: torch.Size([1, 16200, 2048])
  [33/81] Processing 2020-02-10...
    ✓ Downloaded latent from S3: torch.Size([1, 16200, 2048])
  [34/81] Processing 2020-02-11...
    ✓ Downloaded latent from S3: torch.Size([1, 16200, 2048])
  [35/81] Processing 2020-02-15...
    Latent not on S3. Running local inference pass...
    Downloading surface variables...
    Downloading atmospheric variables...
    ✓ Latent captured, shape: torch.Size([1, 16200, 2048])
    ↑ Uploaded extracted latent to S3: aurora_hres_validation/latent_20200215_0000_encoder_2.pt
  [36/81] Processing 2020-02-16...
    ✓ Downloaded latent from S3: torch.Size([1, 16200, 2048])
  [37/81] Processing 2020-02-17...
    ✓ Downloaded latent from S3: torch.Size([1, 16200, 2048])
  [38/81] Processing 2020-02-18...
    ✓ Downloaded latent from S3: torch.Size([1, 16200, 2048])
  [39/81] Processing 2020-02-19...
    ✓ Downloaded latent from S3: torch.Size([1, 16200, 2048])
  [40/81] Processing 2020-02-20...
    ✓ Downloaded latent from S3: torch.Size([1, 16200, 2048])
  [41/81] Processing 2020-02-21...
    ✓ Downloaded latent from S3: torch.Size([1, 16200, 2048])
  [42/81] Processing 2020-02-22...
    ✓ Downloaded latent from S3: torch.Size([1, 16200, 2048])
  [43/81] Processing 2020-02-23...
    ✓ Downloaded latent from S3: torch.Size([1, 16200, 2048])
  [44/81] Processing 2020-02-24...
    ✓ Downloaded latent from S3: torch.Size([1, 16200, 2048])
  [45/81] Processing 2020-03-09...
    ✓ Downloaded latent from S3: torch.Size([1, 16200, 2048])
  [46/81] Processing 2020-03-10...
    ✓ Downloaded latent from S3: torch.Size([1, 16200, 2048])
  [47/81] Processing 2020-03-11...
    ✓ Downloaded latent from S3: torch.Size([1, 16200, 2048])
  [48/81] Processing 2020-03-12...
    ✓ Downloaded latent from S3: torch.Size([1, 16200, 2048])
  [49/81] Processing 2020-03-15...
    Latent not on S3. Running local inference pass...
    Downloading surface variables...
    Downloading atmospheric variables...
    ✓ Latent captured, shape: torch.Size([1, 16200, 2048])
    ↑ Uploaded extracted latent to S3: aurora_hres_validation/latent_20200315_0000_encoder_2.pt
  [50/81] Processing 2020-03-16...
    ✓ Downloaded latent from S3: torch.Size([1, 16200, 2048])
  [51/81] Processing 2020-03-17...
    ✓ Downloaded latent from S3: torch.Size([1, 16200, 2048])
  [52/81] Processing 2020-03-22...
    ✓ Downloaded latent from S3: torch.Size([1, 16200, 2048])
  [53/81] Processing 2020-03-23...
    ✓ Downloaded latent from S3: torch.Size([1, 16200, 2048])
  [54/81] Processing 2020-03-24...
    ✓ Downloaded latent from S3: torch.Size([1, 16200, 2048])
  [55/81] Processing 2020-03-25...
    ✓ Downloaded latent from S3: torch.Size([1, 16200, 2048])
  [56/81] Processing 2020-11-04...
    ✓ Downloaded latent from S3: torch.Size([1, 16200, 2048])
  [57/81] Processing 2020-11-05...
    ✓ Downloaded latent from S3: torch.Size([1, 16200, 2048])
  [58/81] Processing 2020-11-13...
    ✓ Downloaded latent from S3: torch.Size([1, 16200, 2048])
  [59/81] Processing 2020-11-19...
    ✓ Downloaded latent from S3: torch.Size([1, 16200, 2048])
  [60/81] Processing 2020-11-20...
    ✓ Downloaded latent from S3: torch.Size([1, 16200, 2048])
  [61/81] Processing 2020-11-21...
    ✓ Downloaded latent from S3: torch.Size([1, 16200, 2048])
  [62/81] Processing 2021-03-10...
    ✓ Downloaded latent from S3: torch.Size([1, 16200, 2048])
  [63/81] Processing 2021-03-11...
    ✓ Downloaded latent from S3: torch.Size([1, 16200, 2048])
  [64/81] Processing 2021-03-12...
    ✓ Downloaded latent from S3: torch.Size([1, 16200, 2048])
  [65/81] Processing 2021-03-13...
    ✓ Downloaded latent from S3: torch.Size([1, 16200, 2048])
  [66/81] Processing 2021-03-21...
    ✓ Downloaded latent from S3: torch.Size([1, 16200, 2048])
  [67/81] Processing 2021-03-22...
    ✓ Downloaded latent from S3: torch.Size([1, 16200, 2048])
  [68/81] Processing 2021-03-23...
    ✓ Downloaded latent from S3: torch.Size([1, 16200, 2048])
  [69/81] Processing 2021-03-24...
    ✓ Downloaded latent from S3: torch.Size([1, 16200, 2048])
  [70/81] Processing 2021-03-25...
    ✓ Downloaded latent from S3: torch.Size([1, 16200, 2048])
  [71/81] Processing 2021-03-26...
    ✓ Downloaded latent from S3: torch.Size([1, 16200, 2048])
  [72/81] Processing 2021-12-06...
    ✓ Downloaded latent from S3: torch.Size([1, 16200, 2048])
  [73/81] Processing 2022-03-15...
    ✓ Downloaded latent from S3: torch.Size([1, 16200, 2048])
  [74/81] Processing 2022-05-10...
    ✓ Downloaded latent from S3: torch.Size([1, 16200, 2048])
  [75/81] Processing 2022-05-11...
    ✓ Downloaded latent from S3: torch.Size([1, 16200, 2048])
  [76/81] Processing 2022-05-12...
    ✓ Downloaded latent from S3: torch.Size([1, 16200, 2048])
  [77/81] Processing 2022-05-13...
    ✓ Downloaded latent from S3: torch.Size([1, 16200, 2048])
  [78/81] Processing 2022-10-07...
    ✓ Downloaded latent from S3: torch.Size([1, 16200, 2048])
  [79/81] Processing 2022-10-08...
    ✓ Downloaded latent from S3: torch.Size([1, 16200, 2048])
  [80/81] Processing 2022-10-10...
    ✓ Downloaded latent from S3: torch.Size([1, 16200, 2048])
  [81/81] Processing 2022-10-11...
    ✓ Downloaded latent from S3: torch.Size([1, 16200, 2048])
Calculating mean active latent...
Saving mean active latent to disk...
Done! Saved to /scratch-shared/ekasteleyn/aurora_thesis_output/patched_rollouts/mean_active_latent.pt
COMPLETE: Tue May 26 14:22:27 CEST 2026
