Evaluating Spatio-Temporal Causal Tracing results...
Evaluating 81 Neutral dates...

[1/81] Evaluating date: 2017-03-08
  ✓ Step 04 (Day 1): Base AO: -0.3458, Patched AO: -0.3347, Causal Effect: 0.0111
  ✓ Step 08 (Day 2): Base AO: -0.2291, Patched AO: -0.2186, Causal Effect: 0.0105
  ✓ Step 12 (Day 3): Base AO: 0.0892, Patched AO: 0.0977, Causal Effect: 0.0085

[2/81] Evaluating date: 2020-03-28
  ✓ Step 04 (Day 1): Base AO: -0.6520, Patched AO: -0.6135, Causal Effect: 0.0385
  ✓ Step 08 (Day 2): Base AO: -0.5499, Patched AO: -0.5171, Causal Effect: 0.0328
  ✓ Step 12 (Day 3): Base AO: -0.3934, Patched AO: -0.3674, Causal Effect: 0.0260

[3/81] Evaluating date: 2017-03-09
  ✓ Step 04 (Day 1): Base AO: -0.2190, Patched AO: -0.2162, Causal Effect: 0.0028
  ✓ Step 08 (Day 2): Base AO: 0.1221, Patched AO: 0.1186, Causal Effect: -0.0035
  ✓ Step 12 (Day 3): Base AO: 0.3398, Patched AO: 0.3347, Causal Effect: -0.0051

[4/81] Evaluating date: 2016-03-20
  ✓ Step 04 (Day 1): Base AO: 0.2460, Patched AO: 0.2502, Causal Effect: 0.0042
  ✓ Step 08 (Day 2): Base AO: 0.3128, Patched AO: 0.3201, Causal Effect: 0.0073
  ✓ Step 12 (Day 3): Base AO: 0.5319, Patched AO: 0.5362, Causal Effect: 0.0043

[5/81] Evaluating date: 2018-03-30
  ✓ Step 04 (Day 1): Base AO: -0.3541, Patched AO: -0.3197, Causal Effect: 0.0344
  ✓ Step 08 (Day 2): Base AO: -0.3161, Patched AO: -0.2997, Causal Effect: 0.0164
  ✓ Step 12 (Day 3): Base AO: -0.1293, Patched AO: -0.1216, Causal Effect: 0.0077

[6/81] Evaluating date: 2021-03-18
  ✓ Step 04 (Day 1): Base AO: -0.0433, Patched AO: -0.0437, Causal Effect: -0.0004
  ✓ Step 08 (Day 2): Base AO: -0.1865, Patched AO: -0.1813, Causal Effect: 0.0052
  ✓ Step 12 (Day 3): Base AO: -0.3169, Patched AO: -0.3129, Causal Effect: 0.0040

[7/81] Evaluating date: 2016-03-16
  ✓ Step 04 (Day 1): Base AO: 0.0000, Patched AO: 0.0000, Causal Effect: 0.0000
  ✓ Step 08 (Day 2): Base AO: 0.0000, Patched AO: 0.0000, Causal Effect: 0.0000
  ✓ Step 12 (Day 3): Base AO: 0.0000, Patched AO: 0.0000, Causal Effect: 0.0000

[8/81] Evaluating date: 2022-03-21
  ✓ Step 04 (Day 1): Base AO: -0.2040, Patched AO: -0.1937, Causal Effect: 0.0103
  ✓ Step 08 (Day 2): Base AO: -0.4760, Patched AO: -0.4562, Causal Effect: 0.0198
  ✓ Step 12 (Day 3): Base AO: -0.6703, Patched AO: -0.6586, Causal Effect: 0.0117

[9/81] Evaluating date: 2020-03-29
  ✓ Step 04 (Day 1): Base AO: -0.5474, Patched AO: -0.5101, Causal Effect: 0.0373
  ✓ Step 08 (Day 2): Base AO: -0.4008, Patched AO: -0.3622, Causal Effect: 0.0386
  ✓ Step 12 (Day 3): Base AO: -0.4626, Patched AO: -0.4342, Causal Effect: 0.0284

[10/81] Evaluating date: 2017-03-04
  ✓ Step 04 (Day 1): Base AO: 0.1712, Patched AO: 0.1508, Causal Effect: -0.0204
  ✓ Step 08 (Day 2): Base AO: 0.1475, Patched AO: 0.1299, Causal Effect: -0.0176
  ✓ Step 12 (Day 3): Base AO: -0.0283, Patched AO: -0.0342, Causal Effect: -0.0059

[11/81] Evaluating date: 2022-03-10
  ✓ Step 04 (Day 1): Base AO: 0.1578, Patched AO: 0.1346, Causal Effect: -0.0232
  ✓ Step 08 (Day 2): Base AO: 0.0662, Patched AO: 0.0494, Causal Effect: -0.0168
  ✓ Step 12 (Day 3): Base AO: 0.0514, Patched AO: 0.0349, Causal Effect: -0.0165

[12/81] Evaluating date: 2022-03-03
  ✓ Step 04 (Day 1): Base AO: -0.4356, Patched AO: -0.4365, Causal Effect: -0.0009
  ✓ Step 08 (Day 2): Base AO: -0.5926, Patched AO: -0.5895, Causal Effect: 0.0031
  ✓ Step 12 (Day 3): Base AO: -0.7198, Patched AO: -0.7176, Causal Effect: 0.0022

[13/81] Evaluating date: 2016-03-22
  ✓ Step 04 (Day 1): Base AO: 0.5064, Patched AO: 0.5029, Causal Effect: -0.0035
  ✓ Step 08 (Day 2): Base AO: 0.6713, Patched AO: 0.6800, Causal Effect: 0.0087
  ✓ Step 12 (Day 3): Base AO: 0.6313, Patched AO: 0.6304, Causal Effect: -0.0009

[14/81] Evaluating date: 2022-03-13
  ✓ Step 04 (Day 1): Base AO: 0.3909, Patched AO: 0.3593, Causal Effect: -0.0316
  ✓ Step 08 (Day 2): Base AO: 0.3603, Patched AO: 0.3518, Causal Effect: -0.0085
  ✓ Step 12 (Day 3): Base AO: 0.2280, Patched AO: 0.2129, Causal Effect: -0.0151

[15/81] Evaluating date: 2017-03-28
  ✓ Step 04 (Day 1): Base AO: 0.3073, Patched AO: 0.3234, Causal Effect: 0.0161
  ✓ Step 08 (Day 2): Base AO: 0.4795, Patched AO: 0.4933, Causal Effect: 0.0138
  ✓ Step 12 (Day 3): Base AO: 0.4891, Patched AO: 0.4945, Causal Effect: 0.0054

[16/81] Evaluating date: 2021-03-16
  ✓ Step 04 (Day 1): Base AO: -0.1034, Patched AO: -0.1064, Causal Effect: -0.0030
  ✓ Step 08 (Day 2): Base AO: -0.0250, Patched AO: -0.0193, Causal Effect: 0.0057
  ✓ Step 12 (Day 3): Base AO: -0.0380, Patched AO: -0.0340, Causal Effect: 0.0040

[17/81] Evaluating date: 2018-03-29
  ✓ Step 04 (Day 1): Base AO: -0.2945, Patched AO: -0.2590, Causal Effect: 0.0355
  ✓ Step 08 (Day 2): Base AO: -0.3561, Patched AO: -0.3302, Causal Effect: 0.0259
  ✓ Step 12 (Day 3): Base AO: -0.3129, Patched AO: -0.2912, Causal Effect: 0.0217

[18/81] Evaluating date: 2022-03-23
  ✓ Step 04 (Day 1): Base AO: -0.5956, Patched AO: -0.5761, Causal Effect: 0.0195
  ✓ Step 08 (Day 2): Base AO: -0.2947, Patched AO: -0.2810, Causal Effect: 0.0137
  ✓ Step 12 (Day 3): Base AO: -0.1823, Patched AO: -0.1610, Causal Effect: 0.0213

[19/81] Evaluating date: 2022-03-04
  ✓ Step 04 (Day 1): Base AO: -0.5767, Patched AO: -0.5821, Causal Effect: -0.0054
  ✓ Step 08 (Day 2): Base AO: -0.6775, Patched AO: -0.6838, Causal Effect: -0.0063
  ✓ Step 12 (Day 3): Base AO: -0.7502, Patched AO: -0.7725, Causal Effect: -0.0223

[20/81] Evaluating date: 2018-03-31
  ✓ Step 04 (Day 1): Base AO: -0.3215, Patched AO: -0.2966, Causal Effect: 0.0249
  ✓ Step 08 (Day 2): Base AO: -0.1162, Patched AO: -0.1087, Causal Effect: 0.0075
  ✓ Step 12 (Day 3): Base AO: 0.1864, Patched AO: 0.1848, Causal Effect: -0.0016

[21/81] Evaluating date: 2018-03-19
  ✓ Step 04 (Day 1): Base AO: -0.3370, Patched AO: -0.3141, Causal Effect: 0.0229
  ✓ Step 08 (Day 2): Base AO: -0.4032, Patched AO: -0.3873, Causal Effect: 0.0159
  ✓ Step 12 (Day 3): Base AO: -0.5100, Patched AO: -0.5023, Causal Effect: 0.0077

[22/81] Evaluating date: 2017-03-10
  ✓ Step 04 (Day 1): Base AO: 0.1209, Patched AO: 0.1091, Causal Effect: -0.0118
  ✓ Step 08 (Day 2): Base AO: 0.3439, Patched AO: 0.3393, Causal Effect: -0.0046
  ✓ Step 12 (Day 3): Base AO: 0.2845, Patched AO: 0.3010, Causal Effect: 0.0165

[23/81] Evaluating date: 2022-03-08
  ✓ Step 04 (Day 1): Base AO: -0.2156, Patched AO: -0.2327, Causal Effect: -0.0171
  ✓ Step 08 (Day 2): Base AO: 0.0202, Patched AO: -0.0002, Causal Effect: -0.0204
  ✓ Step 12 (Day 3): Base AO: 0.1419, Patched AO: 0.1178, Causal Effect: -0.0241

[24/81] Evaluating date: 2016-03-01
  ✓ Step 04 (Day 1): Base AO: 0.3150, Patched AO: 0.2815, Causal Effect: -0.0335
  ✓ Step 08 (Day 2): Base AO: 0.3057, Patched AO: 0.2697, Causal Effect: -0.0360
  ✓ Step 12 (Day 3): Base AO: 0.4199, Patched AO: 0.3761, Causal Effect: -0.0438

[25/81] Evaluating date: 2021-03-02
  ✓ Step 04 (Day 1): Base AO: -0.4407, Patched AO: -0.4322, Causal Effect: 0.0085
  ✓ Step 08 (Day 2): Base AO: -0.4506, Patched AO: -0.4491, Causal Effect: 0.0015
  ✓ Step 12 (Day 3): Base AO: -0.2903, Patched AO: -0.3056, Causal Effect: -0.0153

[26/81] Evaluating date: 2017-02-16
  ✓ Step 04 (Day 1): Base AO: 0.1420, Patched AO: 0.0955, Causal Effect: -0.0465
  ✓ Step 08 (Day 2): Base AO: -0.0461, Patched AO: -0.0916, Causal Effect: -0.0455
  ✓ Step 12 (Day 3): Base AO: -0.1480, Patched AO: -0.2096, Causal Effect: -0.0616

[27/81] Evaluating date: 2021-02-15
  ✓ Step 04 (Day 1): Base AO: -0.0008, Patched AO: -0.0353, Causal Effect: -0.0345
  ✓ Step 08 (Day 2): Base AO: -0.1011, Patched AO: -0.1444, Causal Effect: -0.0433
  ✓ Step 12 (Day 3): Base AO: -0.0107, Patched AO: -0.0762, Causal Effect: -0.0655

[28/81] Evaluating date: 2018-02-20
  ✓ Step 04 (Day 1): Base AO: -0.7720, Patched AO: -0.7738, Causal Effect: -0.0018
  ✓ Step 08 (Day 2): Base AO: -0.8366, Patched AO: -0.8376, Causal Effect: -0.0010
  ✓ Step 12 (Day 3): Base AO: -0.7446, Patched AO: -0.7476, Causal Effect: -0.0030

[29/81] Evaluating date: 2017-02-04
  ✓ Step 04 (Day 1): Base AO: 0.2272, Patched AO: 0.1673, Causal Effect: -0.0599
  ✓ Step 08 (Day 2): Base AO: 0.3882, Patched AO: 0.3286, Causal Effect: -0.0596
  ✓ Step 12 (Day 3): Base AO: 0.4887, Patched AO: 0.4380, Causal Effect: -0.0507

[30/81] Evaluating date: 2016-02-04
  ✓ Step 04 (Day 1): Base AO: 0.6388, Patched AO: 0.5881, Causal Effect: -0.0507
  ✓ Step 08 (Day 2): Base AO: 0.4587, Patched AO: 0.4197, Causal Effect: -0.0390
  ✓ Step 12 (Day 3): Base AO: 0.1235, Patched AO: 0.0944, Causal Effect: -0.0291

[31/81] Evaluating date: 2018-02-24
  ✓ Step 04 (Day 1): Base AO: -0.6139, Patched AO: -0.6205, Causal Effect: -0.0066
  ✓ Step 08 (Day 2): Base AO: -0.6793, Patched AO: -0.6861, Causal Effect: -0.0068
  ✓ Step 12 (Day 3): Base AO: -0.8101, Patched AO: -0.7974, Causal Effect: 0.0127

[32/81] Evaluating date: 2018-02-06
  ✓ Step 04 (Day 1): Base AO: 0.1210, Patched AO: 0.0831, Causal Effect: -0.0379
  ✓ Step 08 (Day 2): Base AO: 0.0006, Patched AO: -0.0221, Causal Effect: -0.0227
  ✓ Step 12 (Day 3): Base AO: 0.1489, Patched AO: 0.1212, Causal Effect: -0.0277

[33/81] Evaluating date: 2016-02-03
  ✓ Step 04 (Day 1): Base AO: 0.5771, Patched AO: 0.5239, Causal Effect: -0.0532
  ✓ Step 08 (Day 2): Base AO: 0.6421, Patched AO: 0.5962, Causal Effect: -0.0459
  ✓ Step 12 (Day 3): Base AO: 0.4484, Patched AO: 0.4139, Causal Effect: -0.0345

[34/81] Evaluating date: 2016-02-09
  ✓ Step 04 (Day 1): Base AO: 0.1395, Patched AO: 0.0712, Causal Effect: -0.0683
  ✓ Step 08 (Day 2): Base AO: 0.3557, Patched AO: 0.2852, Causal Effect: -0.0705
  ✓ Step 12 (Day 3): Base AO: 0.5976, Patched AO: 0.5452, Causal Effect: -0.0524

[35/81] Evaluating date: 2018-02-21
  ✓ Step 04 (Day 1): Base AO: -0.8331, Patched AO: -0.8353, Causal Effect: -0.0022
  ✓ Step 08 (Day 2): Base AO: -0.7421, Patched AO: -0.7410, Causal Effect: 0.0011
  ✓ Step 12 (Day 3): Base AO: -0.5222, Patched AO: -0.5266, Causal Effect: -0.0044

[36/81] Evaluating date: 2018-02-17
  ✓ Step 04 (Day 1): Base AO: -0.1521, Patched AO: -0.1835, Causal Effect: -0.0314
  ✓ Step 08 (Day 2): Base AO: -0.3431, Patched AO: -0.3511, Causal Effect: -0.0080
  ✓ Step 12 (Day 3): Base AO: -0.5472, Patched AO: -0.5353, Causal Effect: 0.0119

[37/81] Evaluating date: 2016-02-29
  ✓ Step 04 (Day 1): Base AO: 0.5490, Patched AO: 0.5175, Causal Effect: -0.0315
  ✓ Step 08 (Day 2): Base AO: 0.3130, Patched AO: 0.3012, Causal Effect: -0.0118
  ✓ Step 12 (Day 3): Base AO: 0.3132, Patched AO: 0.2905, Causal Effect: -0.0227

[38/81] Evaluating date: 2021-02-20
  ✓ Step 04 (Day 1): Base AO: 0.2024, Patched AO: 0.1532, Causal Effect: -0.0492
  ✓ Step 08 (Day 2): Base AO: 0.2240, Patched AO: 0.1883, Causal Effect: -0.0357
  ✓ Step 12 (Day 3): Base AO: -0.0361, Patched AO: -0.0729, Causal Effect: -0.0368

[39/81] Evaluating date: 2018-02-23
  ✓ Step 04 (Day 1): Base AO: -0.5436, Patched AO: -0.5603, Causal Effect: -0.0167
  ✓ Step 08 (Day 2): Base AO: -0.6063, Patched AO: -0.6141, Causal Effect: -0.0078
  ✓ Step 12 (Day 3): Base AO: -0.6774, Patched AO: -0.6799, Causal Effect: -0.0025

[40/81] Evaluating date: 2018-02-19
  ✓ Step 04 (Day 1): Base AO: -0.5537, Patched AO: -0.5611, Causal Effect: -0.0074
  ✓ Step 08 (Day 2): Base AO: -0.7777, Patched AO: -0.7873, Causal Effect: -0.0096
  ✓ Step 12 (Day 3): Base AO: -0.8462, Patched AO: -0.8565, Causal Effect: -0.0103

[41/81] Evaluating date: 2019-02-08
  ✓ Step 04 (Day 1): Base AO: 0.0725, Patched AO: 0.0186, Causal Effect: -0.0539
  ✓ Step 08 (Day 2): Base AO: 0.0649, Patched AO: 0.0263, Causal Effect: -0.0386
  ✓ Step 12 (Day 3): Base AO: 0.0315, Patched AO: -0.0151, Causal Effect: -0.0466

[42/81] Evaluating date: 2016-02-22
  ✓ Step 04 (Day 1): Base AO: 0.8453, Patched AO: 0.7895, Causal Effect: -0.0558
  ✓ Step 08 (Day 2): Base AO: 0.7672, Patched AO: 0.7169, Causal Effect: -0.0503
  ✓ Step 12 (Day 3): Base AO: 0.6246, Patched AO: 0.5750, Causal Effect: -0.0496

[43/81] Evaluating date: 2019-01-17
  ✓ Step 04 (Day 1): Base AO: -0.1560, Patched AO: -0.2284, Causal Effect: -0.0724
  ✓ Step 08 (Day 2): Base AO: -0.0137, Patched AO: -0.0875, Causal Effect: -0.0738
  ✓ Step 12 (Day 3): Base AO: 0.0816, Patched AO: 0.0306, Causal Effect: -0.0510

[44/81] Evaluating date: 2018-01-25
  ✓ Step 04 (Day 1): Base AO: 0.1628, Patched AO: 0.1045, Causal Effect: -0.0583
  ✓ Step 08 (Day 2): Base AO: 0.1736, Patched AO: 0.1133, Causal Effect: -0.0603
  ✓ Step 12 (Day 3): Base AO: 0.1888, Patched AO: 0.1355, Causal Effect: -0.0533

[45/81] Evaluating date: 2022-01-31
  ✓ Step 04 (Day 1): Base AO: -0.1068, Patched AO: -0.1576, Causal Effect: -0.0508
  ✓ Step 08 (Day 2): Base AO: 0.0960, Patched AO: 0.0375, Causal Effect: -0.0585
  ✓ Step 12 (Day 3): Base AO: 0.3503, Patched AO: 0.2969, Causal Effect: -0.0534

[46/81] Evaluating date: 2016-01-25
  ✓ Step 04 (Day 1): Base AO: 0.8809, Patched AO: 0.7930, Causal Effect: -0.0879
  ✓ Step 08 (Day 2): Base AO: 0.7849, Patched AO: 0.7262, Causal Effect: -0.0587
  ✓ Step 12 (Day 3): Base AO: 0.8079, Patched AO: 0.7820, Causal Effect: -0.0259

[47/81] Evaluating date: 2018-01-18
  ✓ Step 04 (Day 1): Base AO: -0.4853, Patched AO: -0.5345, Causal Effect: -0.0492
  ✓ Step 08 (Day 2): Base AO: -0.2486, Patched AO: -0.3096, Causal Effect: -0.0610
  ✓ Step 12 (Day 3): Base AO: -0.1039, Patched AO: -0.1620, Causal Effect: -0.0581

[48/81] Evaluating date: 2017-01-02
  ✓ Step 04 (Day 1): Base AO: -1.0607, Patched AO: -1.1043, Causal Effect: -0.0436
  ✓ Step 08 (Day 2): Base AO: -1.0438, Patched AO: -1.1019, Causal Effect: -0.0581
  ✓ Step 12 (Day 3): Base AO: -0.9168, Patched AO: -0.9781, Causal Effect: -0.0613

[49/81] Evaluating date: 2017-01-16
  ✓ Step 04 (Day 1): Base AO: 0.5569, Patched AO: 0.4809, Causal Effect: -0.0760
  ✓ Step 08 (Day 2): Base AO: 0.5247, Patched AO: 0.4594, Causal Effect: -0.0653
  ✓ Step 12 (Day 3): Base AO: 0.4037, Patched AO: 0.3312, Causal Effect: -0.0725

[50/81] Evaluating date: 2017-01-13
  ✓ Step 04 (Day 1): Base AO: 0.0992, Patched AO: 0.0312, Causal Effect: -0.0680
  ✓ Step 08 (Day 2): Base AO: 0.3814, Patched AO: 0.3286, Causal Effect: -0.0528
  ✓ Step 12 (Day 3): Base AO: 0.5061, Patched AO: 0.4739, Causal Effect: -0.0322

[51/81] Evaluating date: 2020-01-28
  ✓ Step 04 (Day 1): Base AO: 0.2000, Patched AO: 0.1307, Causal Effect: -0.0693
  ✓ Step 08 (Day 2): Base AO: 0.0736, Patched AO: 0.0129, Causal Effect: -0.0607
  ✓ Step 12 (Day 3): Base AO: -0.0068, Patched AO: -0.0656, Causal Effect: -0.0588

[52/81] Evaluating date: 2020-01-29
  ✓ Step 04 (Day 1): Base AO: 0.0790, Patched AO: 0.0221, Causal Effect: -0.0569
  ✓ Step 08 (Day 2): Base AO: -0.0148, Patched AO: -0.0728, Causal Effect: -0.0580
  ✓ Step 12 (Day 3): Base AO: 0.0846, Patched AO: 0.0103, Causal Effect: -0.0743

[53/81] Evaluating date: 2016-01-23
  ✓ Step 04 (Day 1): Base AO: 1.0699, Patched AO: 0.9937, Causal Effect: -0.0762
  ✓ Step 08 (Day 2): Base AO: 0.8902, Patched AO: 0.8202, Causal Effect: -0.0700
  ✓ Step 12 (Day 3): Base AO: 0.8811, Patched AO: 0.8388, Causal Effect: -0.0423

[54/81] Evaluating date: 2019-01-20
  ✓ Step 04 (Day 1): Base AO: -0.0918, Patched AO: -0.1552, Causal Effect: -0.0634
  ✓ Step 08 (Day 2): Base AO: -0.0592, Patched AO: -0.1251, Causal Effect: -0.0659
  ✓ Step 12 (Day 3): Base AO: -0.0032, Patched AO: -0.0684, Causal Effect: -0.0652

[55/81] Evaluating date: 2019-01-07
  ✓ Step 04 (Day 1): Base AO: -0.2998, Patched AO: -0.3585, Causal Effect: -0.0587
  ✓ Step 08 (Day 2): Base AO: -0.3305, Patched AO: -0.3956, Causal Effect: -0.0651
  ✓ Step 12 (Day 3): Base AO: -0.1846, Patched AO: -0.2235, Causal Effect: -0.0389

[56/81] Evaluating date: 2022-01-10
  ✓ Step 04 (Day 1): Base AO: 0.3992, Patched AO: 0.3093, Causal Effect: -0.0899
  ✓ Step 08 (Day 2): Base AO: 0.1989, Patched AO: 0.1157, Causal Effect: -0.0832
  ✓ Step 12 (Day 3): Base AO: -0.0225, Patched AO: -0.0961, Causal Effect: -0.0736

[57/81] Evaluating date: 2018-01-13
  ✓ Step 04 (Day 1): Base AO: 0.2542, Patched AO: 0.1872, Causal Effect: -0.0670
  ✓ Step 08 (Day 2): Base AO: 0.2046, Patched AO: 0.1635, Causal Effect: -0.0411
  ✓ Step 12 (Day 3): Base AO: -0.0885, Patched AO: -0.1323, Causal Effect: -0.0438

[58/81] Evaluating date: 2020-12-02
  ✓ Step 04 (Day 1): Base AO: 0.3217, Patched AO: 0.2716, Causal Effect: -0.0501
  ✓ Step 08 (Day 2): Base AO: -0.0412, Patched AO: -0.0830, Causal Effect: -0.0418
  ✓ Step 12 (Day 3): Base AO: 0.0513, Patched AO: -0.0011, Causal Effect: -0.0524

[59/81] Evaluating date: 2018-12-25
  ✓ Step 04 (Day 1): Base AO: 0.2393, Patched AO: 0.1643, Causal Effect: -0.0750
  ✓ Step 08 (Day 2): Base AO: 0.2169, Patched AO: 0.1580, Causal Effect: -0.0589
  ✓ Step 12 (Day 3): Base AO: 0.1703, Patched AO: 0.1167, Causal Effect: -0.0536

[60/81] Evaluating date: 2016-12-06
  ✓ Step 04 (Day 1): Base AO: -0.2749, Patched AO: -0.3311, Causal Effect: -0.0562
  ✓ Step 08 (Day 2): Base AO: -0.3157, Patched AO: -0.3649, Causal Effect: -0.0492
  ✓ Step 12 (Day 3): Base AO: -0.3143, Patched AO: -0.3409, Causal Effect: -0.0266

[61/81] Evaluating date: 2019-12-22
  ✓ Step 04 (Day 1): Base AO: -0.4006, Patched AO: -0.4659, Causal Effect: -0.0653
  ✓ Step 08 (Day 2): Base AO: -0.3131, Patched AO: -0.3795, Causal Effect: -0.0664
  ✓ Step 12 (Day 3): Base AO: -0.1971, Patched AO: -0.2636, Causal Effect: -0.0665

[62/81] Evaluating date: 2018-12-05
  ✓ Step 04 (Day 1): Base AO: 0.0000, Patched AO: 0.0000, Causal Effect: 0.0000
  ✓ Step 08 (Day 2): Base AO: 0.0000, Patched AO: 0.0000, Causal Effect: 0.0000
  ✓ Step 12 (Day 3): Base AO: 0.0000, Patched AO: 0.0000, Causal Effect: 0.0000

[63/81] Evaluating date: 2018-12-24
  ✓ Step 04 (Day 1): Base AO: 0.1186, Patched AO: 0.0407, Causal Effect: -0.0779
  ✓ Step 08 (Day 2): Base AO: 0.2185, Patched AO: 0.1467, Causal Effect: -0.0718
  ✓ Step 12 (Day 3): Base AO: 0.1941, Patched AO: 0.1531, Causal Effect: -0.0410

[64/81] Evaluating date: 2017-12-27
  ✓ Step 04 (Day 1): Base AO: -0.0183, Patched AO: -0.0895, Causal Effect: -0.0712
  ✓ Step 08 (Day 2): Base AO: 0.5312, Patched AO: 0.4716, Causal Effect: -0.0596
  ✓ Step 12 (Day 3): Base AO: 0.5941, Patched AO: 0.5582, Causal Effect: -0.0359

[65/81] Evaluating date: 2017-11-14
  ✓ Step 04 (Day 1): Base AO: -0.3680, Patched AO: -0.3960, Causal Effect: -0.0280
  ✓ Step 08 (Day 2): Base AO: -0.3716, Patched AO: -0.3972, Causal Effect: -0.0256
  ✓ Step 12 (Day 3): Base AO: -0.2437, Patched AO: -0.2633, Causal Effect: -0.0196

[66/81] Evaluating date: 2016-11-09
  ✓ Step 04 (Day 1): Base AO: 0.4577, Patched AO: 0.4208, Causal Effect: -0.0369
  ✓ Step 08 (Day 2): Base AO: 0.3399, Patched AO: 0.3155, Causal Effect: -0.0244
  ✓ Step 12 (Day 3): Base AO: 0.3313, Patched AO: 0.3070, Causal Effect: -0.0243

[67/81] Evaluating date: 2021-11-13
  ✓ Step 04 (Day 1): Base AO: -0.3422, Patched AO: -0.3688, Causal Effect: -0.0266
  ✓ Step 08 (Day 2): Base AO: -0.3121, Patched AO: -0.3354, Causal Effect: -0.0233
  ✓ Step 12 (Day 3): Base AO: -0.2985, Patched AO: -0.3165, Causal Effect: -0.0180

[68/81] Evaluating date: 2017-11-26
  ✓ Step 04 (Day 1): Base AO: -0.0371, Patched AO: -0.1054, Causal Effect: -0.0683
  ✓ Step 08 (Day 2): Base AO: 0.0834, Patched AO: 0.0208, Causal Effect: -0.0626
  ✓ Step 12 (Day 3): Base AO: 0.2481, Patched AO: 0.2072, Causal Effect: -0.0409

[69/81] Evaluating date: 2020-11-30
  ✓ Step 04 (Day 1): Base AO: 0.7482, Patched AO: 0.6783, Causal Effect: -0.0699
  ✓ Step 08 (Day 2): Base AO: 0.5587, Patched AO: 0.5182, Causal Effect: -0.0405
  ✓ Step 12 (Day 3): Base AO: 0.3167, Patched AO: 0.2655, Causal Effect: -0.0512

[70/81] Evaluating date: 2018-11-08
  ✓ Step 04 (Day 1): Base AO: -0.4214, Patched AO: -0.4476, Causal Effect: -0.0262
  ✓ Step 08 (Day 2): Base AO: -0.2125, Patched AO: -0.2416, Causal Effect: -0.0291
  ✓ Step 12 (Day 3): Base AO: 0.1042, Patched AO: 0.0716, Causal Effect: -0.0326

[71/81] Evaluating date: 2016-05-04
  ✓ Step 04 (Day 1): Base AO: -0.0514, Patched AO: 0.0042, Causal Effect: 0.0556
  ✓ Step 08 (Day 2): Base AO: -0.0206, Patched AO: 0.0430, Causal Effect: 0.0636
  ✓ Step 12 (Day 3): Base AO: -0.0783, Patched AO: -0.0224, Causal Effect: 0.0559

[72/81] Evaluating date: 2020-05-12
  ✓ Step 04 (Day 1): Base AO: 0.0804, Patched AO: 0.1265, Causal Effect: 0.0461
  ✓ Step 08 (Day 2): Base AO: 0.2178, Patched AO: 0.2685, Causal Effect: 0.0507
  ✓ Step 12 (Day 3): Base AO: 0.3313, Patched AO: 0.3875, Causal Effect: 0.0562

[73/81] Evaluating date: 2016-05-26
  ✓ Step 04 (Day 1): Base AO: -0.1694, Patched AO: -0.1079, Causal Effect: 0.0615
  ✓ Step 08 (Day 2): Base AO: -0.0156, Patched AO: 0.0345, Causal Effect: 0.0501
  ✓ Step 12 (Day 3): Base AO: -0.0951, Patched AO: -0.0388, Causal Effect: 0.0563

[74/81] Evaluating date: 2016-05-24
  ✓ Step 04 (Day 1): Base AO: -0.2540, Patched AO: -0.1935, Causal Effect: 0.0605
  ✓ Step 08 (Day 2): Base AO: -0.3051, Patched AO: -0.2373, Causal Effect: 0.0678
  ✓ Step 12 (Day 3): Base AO: -0.1584, Patched AO: -0.0977, Causal Effect: 0.0607

[75/81] Evaluating date: 2020-05-06
  ✓ Step 04 (Day 1): Base AO: 0.1517, Patched AO: 0.1984, Causal Effect: 0.0467
  ✓ Step 08 (Day 2): Base AO: 0.2212, Patched AO: 0.2769, Causal Effect: 0.0557
  ✓ Step 12 (Day 3): Base AO: 0.3061, Patched AO: 0.3658, Causal Effect: 0.0597

[76/81] Evaluating date: 2017-10-30
  ✓ Step 04 (Day 1): Base AO: -0.4025, Patched AO: -0.4058, Causal Effect: -0.0033
  ✓ Step 08 (Day 2): Base AO: -0.3635, Patched AO: -0.3480, Causal Effect: 0.0155
  ✓ Step 12 (Day 3): Base AO: -0.2578, Patched AO: -0.2407, Causal Effect: 0.0171

[77/81] Evaluating date: 2019-10-24
  ✓ Step 04 (Day 1): Base AO: -0.0206, Patched AO: -0.0424, Causal Effect: -0.0218
  ✓ Step 08 (Day 2): Base AO: -0.1628, Patched AO: -0.1699, Causal Effect: -0.0071
  ✓ Step 12 (Day 3): Base AO: -0.4032, Patched AO: -0.3979, Causal Effect: 0.0053

[78/81] Evaluating date: 2021-10-09
  ✓ Step 04 (Day 1): Base AO: -0.3535, Patched AO: -0.3420, Causal Effect: 0.0115
  ✓ Step 08 (Day 2): Base AO: -0.3932, Patched AO: -0.3819, Causal Effect: 0.0113
  ✓ Step 12 (Day 3): Base AO: -0.1873, Patched AO: -0.1770, Causal Effect: 0.0103

[79/81] Evaluating date: 2017-10-23
  ✓ Step 04 (Day 1): Base AO: 0.0867, Patched AO: 0.0707, Causal Effect: -0.0160
  ✓ Step 08 (Day 2): Base AO: 0.3481, Patched AO: 0.3467, Causal Effect: -0.0014
  ✓ Step 12 (Day 3): Base AO: 0.0765, Patched AO: 0.0708, Causal Effect: -0.0057

[80/81] Evaluating date: 2017-04-13
  ✓ Step 04 (Day 1): Base AO: -0.3203, Patched AO: -0.2586, Causal Effect: 0.0617
  ✓ Step 08 (Day 2): Base AO: -0.2003, Patched AO: -0.1444, Causal Effect: 0.0559
  ✓ Step 12 (Day 3): Base AO: -0.0981, Patched AO: -0.0503, Causal Effect: 0.0478

[81/81] Evaluating date: 2016-04-08
  ✓ Step 04 (Day 1): Base AO: 0.0409, Patched AO: 0.0694, Causal Effect: 0.0285
  ✓ Step 08 (Day 2): Base AO: 0.0496, Patched AO: 0.0896, Causal Effect: 0.0400
  ✓ Step 12 (Day 3): Base AO: -0.0512, Patched AO: -0.0114, Causal Effect: 0.0398

=============================================
      SPATIO-TEMPORAL CAUSAL TRACING RESULTS  
=============================================
Evaluated Dates: 81
Day 1 Average Treatment Effect (ATE): -0.0222 (n=81)
Day 2 Average Treatment Effect (ATE): -0.0181 (n=81)
Day 3 Average Treatment Effect (ATE): -0.0163 (n=81)

Detailed results saved to /scratch-shared/ekasteleyn/aurora_thesis_output/patched_rollouts/causal_tracing_summary.csv
COMPLETE: Thu May 28 11:17:46 CEST 2026
