Prefetching HRES T0 Data for NAO...
Downloading static variables...
Found 140 unique dates in the CSV.

[1/140] Processing 2022-12-21...
    Downloading surface variables...
    Downloading atmospheric variables...
    Downloading surface variables...
    Downloading atmospheric variables...

[2/140] Processing 2018-05-10...
    Downloading surface variables...
    Downloading atmospheric variables...
    Downloading surface variables...
    Downloading atmospheric variables...

[3/140] Processing 2017-04-01...
    Downloading surface variables...
    Downloading atmospheric variables...
    Downloading surface variables...
    Downloading atmospheric variables...

[4/140] Processing 2016-01-28...
    Downloading surface variables...
    Downloading atmospheric variables...
    Downloading surface variables...
    Downloading atmospheric variables...

[5/140] Processing 2018-08-02...
    Downloading surface variables...
    Downloading atmospheric variables...

[6/140] Processing 2020-12-10...
    Downloading surface variables...
    Downloading atmospheric variables...
    Downloading surface variables...
    Downloading atmospheric variables...

[7/140] Processing 2016-12-22...
    Downloading surface variables...
    Downloading atmospheric variables...
    Downloading surface variables...
    Downloading atmospheric variables...

[8/140] Processing 2018-05-06...
    Downloading surface variables...
    Downloading atmospheric variables...
    Downloading surface variables...
    Downloading atmospheric variables...

[9/140] Processing 2019-01-05...
    Downloading surface variables...
    Downloading atmospheric variables...
    Downloading surface variables...
    Downloading atmospheric variables...

[10/140] Processing 2018-05-09...
    Downloading surface variables...
    Downloading atmospheric variables...

[11/140] Processing 2020-11-12...
    Downloading surface variables...
    Downloading atmospheric variables...
    Downloading surface variables...
    Downloading atmospheric variables...

[12/140] Processing 2017-11-25...
    Downloading surface variables...
    Downloading atmospheric variables...
    Downloading surface variables...
    Downloading atmospheric variables...

[13/140] Processing 2022-07-22...
    Downloading surface variables...
    Downloading atmospheric variables...
    Downloading surface variables...
    Downloading atmospheric variables...

[14/140] Processing 2017-07-17...
    Downloading surface variables...
    Downloading atmospheric variables...
    Downloading surface variables...
    Downloading atmospheric variables...

[15/140] Processing 2018-01-14...
    Downloading surface variables...
    Downloading atmospheric variables...
    Downloading surface variables...
    Downloading atmospheric variables...

[16/140] Processing 2018-02-25...
    Downloading surface variables...
    Downloading atmospheric variables...
    Downloading surface variables...
    Downloading atmospheric variables...

[17/140] Processing 2019-08-21...
    Downloading surface variables...
    Downloading atmospheric variables...
    Downloading surface variables...
    Downloading atmospheric variables...

[18/140] Processing 2022-03-14...
    Downloading surface variables...
    Downloading atmospheric variables...
    Downloading surface variables...
    Downloading atmospheric variables...

[19/140] Processing 2022-05-08...
    Downloading surface variables...
    Downloading atmospheric variables...
    Downloading surface variables...
    Downloading atmospheric variables...

[20/140] Processing 2019-11-03...
    Downloading surface variables...
    Downloading atmospheric variables...
    Downloading surface variables...
    Downloading atmospheric variables...

[21/140] Processing 2019-11-22...
    Downloading surface variables...
    Downloading atmospheric variables...

[22/140] Processing 2021-02-14...
    Downloading surface variables...
    Downloading atmospheric variables...
    Downloading surface variables...
    Downloading atmospheric variables...

[23/140] Processing 2016-02-20...
    Downloading surface variables...
    Downloading atmospheric variables...
    Downloading surface variables...
    Downloading atmospheric variables...

[24/140] Processing 2021-02-03...
    Downloading surface variables...
    Downloading atmospheric variables...
    Downloading surface variables...
    Downloading atmospheric variables...

[25/140] Processing 2017-01-06...
    Downloading surface variables...
    Downloading atmospheric variables...

[26/140] Processing 2020-11-11...
    Downloading surface variables...
    Downloading atmospheric variables...

[27/140] Processing 2019-04-21...
    Downloading surface variables...
    Downloading atmospheric variables...
    Downloading surface variables...
    Downloading atmospheric variables...

[28/140] Processing 2016-05-24...
    Downloading surface variables...
    Downloading atmospheric variables...
    Downloading surface variables...
    Downloading atmospheric variables...

[29/140] Processing 2020-11-05...
    Downloading surface variables...
    Downloading atmospheric variables...
    Downloading surface variables...
    Downloading atmospheric variables...

[30/140] Processing 2020-05-24...
    Downloading surface variables...
    Downloading atmospheric variables...
    Downloading surface variables...
    Downloading atmospheric variables...

[31/140] Processing 2020-08-16...
    Downloading surface variables...
    Downloading atmospheric variables...
    Downloading surface variables...
    Downloading atmospheric variables...

[32/140] Processing 2017-07-13...
    Downloading surface variables...
    Downloading atmospheric variables...
    Downloading surface variables...
    Downloading atmospheric variables...

[33/140] Processing 2019-02-11...
    Downloading surface variables...
    Downloading atmospheric variables...
    Downloading surface variables...
    Downloading atmospheric variables...

[34/140] Processing 2018-12-22...
    Downloading surface variables...
    Downloading atmospheric variables...
    Downloading surface variables...
    Downloading atmospheric variables...

[35/140] Processing 2019-03-28...
    Downloading surface variables...
    Downloading atmospheric variables...
    Downloading surface variables...
    Downloading atmospheric variables...

[36/140] Processing 2018-11-09...
    Downloading surface variables...
    Downloading atmospheric variables...
    Downloading surface variables...
    Downloading atmospheric variables...

[37/140] Processing 2017-04-18...
    Downloading surface variables...
    Downloading atmospheric variables...
    Downloading surface variables...
    Downloading atmospheric variables...

[38/140] Processing 2016-05-03...
    Downloading surface variables...
    Downloading atmospheric variables...
    Downloading surface variables...
    Downloading atmospheric variables...

[39/140] Processing 2018-01-15...
    Downloading surface variables...
    Downloading atmospheric variables...

[40/140] Processing 2021-02-04...
    Downloading surface variables...
    Downloading atmospheric variables...

[41/140] Processing 2016-01-26...
    Downloading surface variables...
    Downloading atmospheric variables...
    Downloading surface variables...
    Downloading atmospheric variables...

[42/140] Processing 2016-01-27...

[43/140] Processing 2018-01-10...
    Downloading surface variables...
    Downloading atmospheric variables...
    Downloading surface variables...
    Downloading atmospheric variables...

[44/140] Processing 2018-05-08...
    Downloading surface variables...
    Downloading atmospheric variables...

[45/140] Processing 2022-08-10...
    Downloading surface variables...
    Downloading atmospheric variables...
    Downloading surface variables...
    Downloading atmospheric variables...

[46/140] Processing 2019-03-20...
    Downloading surface variables...
    Downloading atmospheric variables...
    Downloading surface variables...
    Downloading atmospheric variables...

[47/140] Processing 2018-05-04...
    Downloading surface variables...
    Downloading atmospheric variables...
    Downloading surface variables...
    Downloading atmospheric variables...

[48/140] Processing 2016-04-23...

[49/140] Processing 2016-12-21...
    Downloading surface variables...
    Downloading atmospheric variables...

[50/140] Processing 2018-12-08...
    Downloading surface variables...
    Downloading atmospheric variables...
    Downloading surface variables...
    Downloading atmospheric variables...

[51/140] Processing 2018-07-30...
    Downloading surface variables...
    Downloading atmospheric variables...
    Downloading surface variables...
    Downloading atmospheric variables...

[52/140] Processing 2018-12-23...
    Downloading surface variables...
    Downloading atmospheric variables...

[53/140] Processing 2018-05-07...

[54/140] Processing 2022-05-25...

[55/140] Processing 2018-09-05...
    Downloading surface variables...
    Downloading atmospheric variables...
    Downloading surface variables...
    Downloading atmospheric variables...

[56/140] Processing 2016-01-29...
    Downloading surface variables...
    Downloading atmospheric variables...

[57/140] Processing 2018-12-18...
    Downloading surface variables...
    Downloading atmospheric variables...
    Downloading surface variables...
    Downloading atmospheric variables...

[58/140] Processing 2017-03-05...
    Downloading surface variables...
    Downloading atmospheric variables...
    Downloading surface variables...
    Downloading atmospheric variables...

[59/140] Processing 2022-05-09...
    Downloading surface variables...
    Downloading atmospheric variables...

[60/140] Processing 2019-04-20...
    Downloading surface variables...
    Downloading atmospheric variables...

[61/140] Processing 2017-12-26...
    Downloading surface variables...
    Downloading atmospheric variables...
    Downloading surface variables...
    Downloading atmospheric variables...

[62/140] Processing 2017-04-20...
    Downloading surface variables...
    Downloading atmospheric variables...
    Downloading surface variables...
    Downloading atmospheric variables...

[63/140] Processing 2022-05-24...
    Downloading surface variables...
    Downloading atmospheric variables...

[64/140] Processing 2020-12-21...
    Downloading surface variables...
    Downloading atmospheric variables...
    Downloading surface variables...
    Downloading atmospheric variables...

[65/140] Processing 2018-02-09...

[66/140] Processing 2017-07-14...
    Downloading surface variables...
    Downloading atmospheric variables...

[67/140] Processing 2022-03-16...
    Downloading surface variables...
    Downloading atmospheric variables...
    Downloading surface variables...
    Downloading atmospheric variables...

[68/140] Processing 2019-02-13...
    Downloading surface variables...
    Downloading atmospheric variables...
    Downloading surface variables...
    Downloading atmospheric variables...

[69/140] Processing 2019-12-11...
    Downloading surface variables...
    Downloading atmospheric variables...
    Downloading surface variables...
    Downloading atmospheric variables...

[70/140] Processing 2019-03-21...
    Downloading surface variables...
    Downloading atmospheric variables...

[71/140] Processing 2020-03-03...
    Downloading surface variables...
    Downloading atmospheric variables...
    Downloading surface variables...
    Downloading atmospheric variables...

[72/140] Processing 2022-11-21...
    Downloading surface variables...
    Downloading atmospheric variables...
    Downloading surface variables...
    Downloading atmospheric variables...

[73/140] Processing 2017-04-19...

[74/140] Processing 2019-01-24...
    Downloading surface variables...
    Downloading atmospheric variables...
    Downloading surface variables...
    Downloading atmospheric variables...

[75/140] Processing 2021-05-26...
    Downloading surface variables...
    Downloading atmospheric variables...
    Downloading surface variables...
    Downloading atmospheric variables...

[76/140] Processing 2020-02-22...
    Downloading surface variables...
    Downloading atmospheric variables...
    Downloading surface variables...
    Downloading atmospheric variables...

[77/140] Processing 2016-12-23...
    Downloading surface variables...
    Downloading atmospheric variables...

[78/140] Processing 2020-11-26...
    Downloading surface variables...
    Downloading atmospheric variables...
    Downloading surface variables...
    Downloading atmospheric variables...

[79/140] Processing 2018-02-10...
    Downloading surface variables...
    Downloading atmospheric variables...

[80/140] Processing 2020-05-06...
    Downloading surface variables...
    Downloading atmospheric variables...
    Downloading surface variables...
    Downloading atmospheric variables...

[81/140] Processing 2022-05-04...
    Downloading surface variables...
    Downloading atmospheric variables...
    Downloading surface variables...
    Downloading atmospheric variables...

[82/140] Processing 2022-08-11...
    Downloading surface variables...
    Downloading atmospheric variables...

[83/140] Processing 2022-05-23...
    Downloading surface variables...
    Downloading atmospheric variables...

[84/140] Processing 2019-04-22...
    Downloading surface variables...
    Downloading atmospheric variables...

[85/140] Processing 2022-07-04...
    Downloading surface variables...
    Downloading atmospheric variables...
    Downloading surface variables...
    Downloading atmospheric variables...

[86/140] Processing 2018-04-18...
    Downloading surface variables...
    Downloading atmospheric variables...
    Downloading surface variables...
    Downloading atmospheric variables...

[87/140] Processing 2017-11-16...
    Downloading surface variables...
    Downloading atmospheric variables...
    Downloading surface variables...
    Downloading atmospheric variables...

[88/140] Processing 2018-07-09...
    Downloading surface variables...
    Downloading atmospheric variables...
    Downloading surface variables...
    Downloading atmospheric variables...

[89/140] Processing 2017-03-07...
    Downloading surface variables...
    Downloading atmospheric variables...

[90/140] Processing 2017-02-18...
    Downloading surface variables...
    Downloading atmospheric variables...

[91/140] Processing 2022-07-20...
    Downloading surface variables...
    Downloading atmospheric variables...
    Downloading surface variables...
    Downloading atmospheric variables...

[92/140] Processing 2020-02-21...
    Downloading surface variables...
    Downloading atmospheric variables...

[93/140] Processing 2017-02-14...

[94/140] Processing 2018-01-06...
    Downloading surface variables...
    Downloading atmospheric variables...
    Downloading surface variables...
    Downloading atmospheric variables...

[95/140] Processing 2016-11-19...
    Downloading surface variables...
    Downloading atmospheric variables...

[96/140] Processing 2021-03-02...
    Downloading surface variables...
    Downloading atmospheric variables...
    Downloading surface variables...
    Downloading atmospheric variables...

[97/140] Processing 2020-11-25...
    Downloading surface variables...
    Downloading atmospheric variables...

[98/140] Processing 2018-05-03...
    Downloading surface variables...
    Downloading atmospheric variables...

[99/140] Processing 2017-07-01...
    Downloading surface variables...
    Downloading atmospheric variables...

[100/140] Processing 2016-02-19...

[101/140] Processing 2016-11-07...

[102/140] Processing 2018-03-13...
    Downloading surface variables...
    Downloading atmospheric variables...
    Downloading surface variables...
    Downloading atmospheric variables...

[103/140] Processing 2018-04-03...
    Downloading surface variables...
    Downloading atmospheric variables...
    Downloading surface variables...
    Downloading atmospheric variables...

[104/140] Processing 2020-12-23...
    Downloading surface variables...
    Downloading atmospheric variables...

[105/140] Processing 2021-07-26...
    Downloading surface variables...
    Downloading atmospheric variables...
    Downloading surface variables...
    Downloading atmospheric variables...

[106/140] Processing 2019-12-12...
    Downloading surface variables...
    Downloading atmospheric variables...

[107/140] Processing 2019-01-25...
    Downloading surface variables...
    Downloading atmospheric variables...

[108/140] Processing 2022-07-14...
    Downloading surface variables...
    Downloading atmospheric variables...
    Downloading surface variables...
    Downloading atmospheric variables...

[109/140] Processing 2020-02-03...

[110/140] Processing 2020-04-21...
    Downloading surface variables...
    Downloading atmospheric variables...
    Downloading surface variables...
    Downloading atmospheric variables...

[111/140] Processing 2016-05-01...
    Downloading surface variables...
    Downloading atmospheric variables...
    Downloading surface variables...
    Downloading atmospheric variables...

[112/140] Processing 2018-03-26...
    Downloading surface variables...
    Downloading atmospheric variables...
    Downloading surface variables...
    Downloading atmospheric variables...

[113/140] Processing 2020-01-08...
    Downloading surface variables...
    Downloading atmospheric variables...

[114/140] Processing 2020-02-10...
    Downloading surface variables...
    Downloading atmospheric variables...
    Downloading surface variables...
    Downloading atmospheric variables...

[115/140] Processing 2021-05-28...
    Downloading surface variables...
    Downloading atmospheric variables...
    Downloading surface variables...
    Downloading atmospheric variables...

[116/140] Processing 2020-08-22...
    Downloading surface variables...
    Downloading atmospheric variables...
    Downloading surface variables...
    Downloading atmospheric variables...

[117/140] Processing 2019-03-22...

[118/140] Processing 2020-11-06...
    Downloading surface variables...
    Downloading atmospheric variables...

[119/140] Processing 2022-05-07...
    Downloading surface variables...
    Downloading atmospheric variables...

[120/140] Processing 2018-07-24...
    Downloading surface variables...
    Downloading atmospheric variables...

[121/140] Processing 2021-03-17...
    Downloading surface variables...
    Downloading atmospheric variables...
    Downloading surface variables...
    Downloading atmospheric variables...

[122/140] Processing 2017-07-16...
    Downloading surface variables...
    Downloading atmospheric variables...

[123/140] Processing 2016-12-25...
    Downloading surface variables...
    Downloading atmospheric variables...
    Downloading surface variables...
    Downloading atmospheric variables...

[124/140] Processing 2020-02-06...
    Downloading surface variables...
    Downloading atmospheric variables...
    Downloading surface variables...
    Downloading atmospheric variables...

[125/140] Processing 2019-02-22...
    Downloading surface variables...
    Downloading atmospheric variables...
    Downloading surface variables...
    Downloading atmospheric variables...

[126/140] Processing 2018-12-07...
    Downloading surface variables...
    Downloading atmospheric variables...

[127/140] Processing 2018-02-08...

[128/140] Processing 2018-05-05...

[129/140] Processing 2018-09-28...

[130/140] Processing 2020-11-13...
    Downloading surface variables...
    Downloading atmospheric variables...

[131/140] Processing 2022-01-20...
    Downloading surface variables...
    Downloading atmospheric variables...

[132/140] Processing 2020-11-27...
    Downloading surface variables...
    Downloading atmospheric variables...

[133/140] Processing 2018-02-14...
    Downloading surface variables...
    Downloading atmospheric variables...
    Downloading surface variables...
    Downloading atmospheric variables...

[134/140] Processing 2016-12-24...

[135/140] Processing 2022-03-15...

[136/140] Processing 2020-04-24...
    Downloading surface variables...
    Downloading atmospheric variables...
    Downloading surface variables...
    Downloading atmospheric variables...

[137/140] Processing 2020-02-09...
    Downloading surface variables...
    Downloading atmospheric variables...

[138/140] Processing 2017-07-15...

[139/140] Processing 2018-02-13...
    Downloading surface variables...
    Downloading atmospheric variables...

[140/140] Processing 2022-12-20...
    Downloading surface variables...
    Downloading atmospheric variables...

All data prefetched successfully!
COMPLETE: Wed May 27 17:11:32 CEST 2026
