Downloading static variables...
Found 162 unique dates in the CSV.

[1/162] Processing 2016-09-13...
    Downloading surface variables...
    Downloading atmospheric variables...
    Downloading surface variables...
    Downloading atmospheric variables...

[2/162] Processing 2016-12-04...
    Downloading surface variables...
    Downloading atmospheric variables...
    Downloading surface variables...
    Downloading atmospheric variables...

[3/162] Processing 2016-01-03...
    Downloading surface variables...
    Downloading atmospheric variables...
    Downloading surface variables...
    Downloading atmospheric variables...

[4/162] Processing 2017-07-08...
    Downloading surface variables...
    Downloading atmospheric variables...
    Downloading surface variables...
    Downloading atmospheric variables...

[5/162] Processing 2021-06-21...
    Downloading surface variables...
    Downloading atmospheric variables...
    Downloading surface variables...
    Downloading atmospheric variables...

[6/162] Processing 2020-12-13...
    Downloading surface variables...
    Downloading atmospheric variables...
    Downloading surface variables...
    Downloading atmospheric variables...

[7/162] Processing 2022-10-30...
    Downloading surface variables...
    Downloading atmospheric variables...
    Downloading surface variables...
    Downloading atmospheric variables...

[8/162] Processing 2017-07-02...
    Downloading surface variables...
    Downloading atmospheric variables...
    Downloading surface variables...
    Downloading atmospheric variables...

[9/162] Processing 2020-08-10...
    Downloading surface variables...
    Downloading atmospheric variables...
    Downloading surface variables...
    Downloading atmospheric variables...

[10/162] Processing 2019-12-18...
    Downloading surface variables...
    Downloading atmospheric variables...
    Downloading surface variables...
    Downloading atmospheric variables...

[11/162] Processing 2021-09-19...
    Downloading surface variables...
    Downloading atmospheric variables...
    Downloading surface variables...
    Downloading atmospheric variables...

[12/162] Processing 2022-09-04...
    Downloading surface variables...
    Downloading atmospheric variables...
    Downloading surface variables...
    Downloading atmospheric variables...

[13/162] Processing 2016-08-24...
    Downloading surface variables...
    Downloading atmospheric variables...

[14/162] Processing 2018-09-14...
    Downloading surface variables...
    Downloading atmospheric variables...

[15/162] Processing 2022-08-08...
    Downloading surface variables...
    Downloading atmospheric variables...
    Downloading surface variables...
    Downloading atmospheric variables...

[16/162] Processing 2020-08-30...
    Downloading surface variables...
    Downloading atmospheric variables...
    Downloading surface variables...
    Downloading atmospheric variables...

[17/162] Processing 2016-11-08...

[18/162] Processing 2019-08-17...
    Downloading surface variables...
    Downloading atmospheric variables...
    Downloading surface variables...
    Downloading atmospheric variables...

[19/162] Processing 2018-09-12...
    Downloading surface variables...
    Downloading atmospheric variables...

[20/162] Processing 2022-07-17...
    Downloading surface variables...
    Downloading atmospheric variables...
    Downloading surface variables...
    Downloading atmospheric variables...

[21/162] Processing 2021-08-06...
    Downloading surface variables...
    Downloading atmospheric variables...
    Downloading surface variables...
    Downloading atmospheric variables...

[22/162] Processing 2022-02-21...
    Downloading surface variables...
    Downloading atmospheric variables...
    Downloading surface variables...
    Downloading atmospheric variables...

[23/162] Processing 2021-06-20...
    Downloading surface variables...
    Downloading atmospheric variables...

[24/162] Processing 2021-08-05...
    Downloading surface variables...
    Downloading atmospheric variables...

[25/162] Processing 2018-11-20...
    Downloading surface variables...
    Downloading atmospheric variables...
    Downloading surface variables...
    Downloading atmospheric variables...

[26/162] Processing 2018-08-01...
    Downloading surface variables...
    Downloading atmospheric variables...

[27/162] Processing 2018-08-02...

[28/162] Processing 2017-02-14...

[29/162] Processing 2016-11-10...
    Downloading surface variables...
    Downloading atmospheric variables...
    Downloading surface variables...
    Downloading atmospheric variables...

[30/162] Processing 2019-09-21...
    Downloading surface variables...
    Downloading atmospheric variables...
    Downloading surface variables...
    Downloading atmospheric variables...

[31/162] Processing 2018-07-25...
    Downloading surface variables...
    Downloading atmospheric variables...
    Downloading surface variables...
    Downloading atmospheric variables...

[32/162] Processing 2018-09-16...
    Downloading surface variables...
    Downloading atmospheric variables...
    Downloading surface variables...
    Downloading atmospheric variables...

[33/162] Processing 2017-09-16...
    Downloading surface variables...
    Downloading atmospheric variables...
    Downloading surface variables...
    Downloading atmospheric variables...

[34/162] Processing 2020-07-03...
    Downloading surface variables...
    Downloading atmospheric variables...
    Downloading surface variables...
    Downloading atmospheric variables...

[35/162] Processing 2020-08-04...
    Downloading surface variables...
    Downloading atmospheric variables...
    Downloading surface variables...
    Downloading atmospheric variables...

[36/162] Processing 2019-09-15...
    Downloading surface variables...
    Downloading atmospheric variables...
    Downloading surface variables...
    Downloading atmospheric variables...

[37/162] Processing 2018-08-28...

[38/162] Processing 2018-07-30...

[39/162] Processing 2021-08-15...
    Downloading surface variables...
    Downloading atmospheric variables...
    Downloading surface variables...
    Downloading atmospheric variables...

[40/162] Processing 2017-08-31...
    Downloading surface variables...
    Downloading atmospheric variables...
    Downloading surface variables...
    Downloading atmospheric variables...

[41/162] Processing 2016-11-06...

[42/162] Processing 2021-09-07...
    Downloading surface variables...
    Downloading atmospheric variables...
    Downloading surface variables...
    Downloading atmospheric variables...

[43/162] Processing 2022-11-22...
    Downloading surface variables...
    Downloading atmospheric variables...

[44/162] Processing 2021-11-16...
    Downloading surface variables...
    Downloading atmospheric variables...
    Downloading surface variables...
    Downloading atmospheric variables...

[45/162] Processing 2020-12-02...
    Downloading surface variables...
    Downloading atmospheric variables...
    Downloading surface variables...
    Downloading atmospheric variables...

[46/162] Processing 2021-08-03...
    Downloading surface variables...
    Downloading atmospheric variables...
    Downloading surface variables...
    Downloading atmospheric variables...

[47/162] Processing 2019-07-06...
    Downloading surface variables...
    Downloading atmospheric variables...
    Downloading surface variables...
    Downloading atmospheric variables...

[48/162] Processing 2017-08-23...
    Downloading surface variables...
    Downloading atmospheric variables...
    Downloading surface variables...
    Downloading atmospheric variables...

[49/162] Processing 2020-09-26...
    Downloading surface variables...
    Downloading atmospheric variables...
    Downloading surface variables...
    Downloading atmospheric variables...

[50/162] Processing 2016-01-02...
    Downloading surface variables...
    Downloading atmospheric variables...

[51/162] Processing 2019-08-27...
    Downloading surface variables...
    Downloading atmospheric variables...
    Downloading surface variables...
    Downloading atmospheric variables...

[52/162] Processing 2018-06-10...
    Downloading surface variables...
    Downloading atmospheric variables...
    Downloading surface variables...
    Downloading atmospheric variables...

[53/162] Processing 2019-09-29...
    Downloading surface variables...
    Downloading atmospheric variables...
    Downloading surface variables...
    Downloading atmospheric variables...

[54/162] Processing 2018-07-17...
    Downloading surface variables...
    Downloading atmospheric variables...
    Downloading surface variables...
    Downloading atmospheric variables...

[55/162] Processing 2017-12-28...
    Downloading surface variables...
    Downloading atmospheric variables...
    Downloading surface variables...
    Downloading atmospheric variables...

[56/162] Processing 2016-11-21...
    Downloading surface variables...
    Downloading atmospheric variables...
    Downloading surface variables...
    Downloading atmospheric variables...

[57/162] Processing 2016-01-23...

[58/162] Processing 2016-11-12...
    Downloading surface variables...
    Downloading atmospheric variables...
    Downloading surface variables...
    Downloading atmospheric variables...

[59/162] Processing 2018-09-13...

[60/162] Processing 2020-12-06...
    Downloading surface variables...
    Downloading atmospheric variables...
    Downloading surface variables...
    Downloading atmospheric variables...

[61/162] Processing 2020-02-13...

[62/162] Processing 2020-08-29...
    Downloading surface variables...
    Downloading atmospheric variables...

[63/162] Processing 2022-10-19...
    Downloading surface variables...
    Downloading atmospheric variables...
    Downloading surface variables...
    Downloading atmospheric variables...

[64/162] Processing 2019-01-08...
    Downloading surface variables...
    Downloading atmospheric variables...
    Downloading surface variables...
    Downloading atmospheric variables...

[65/162] Processing 2016-07-05...
    Downloading surface variables...
    Downloading atmospheric variables...
    Downloading surface variables...
    Downloading atmospheric variables...

[66/162] Processing 2020-12-03...
    Downloading surface variables...
    Downloading atmospheric variables...

[67/162] Processing 2017-08-09...
    Downloading surface variables...
    Downloading atmospheric variables...
    Downloading surface variables...
    Downloading atmospheric variables...

[68/162] Processing 2019-08-18...
    Downloading surface variables...
    Downloading atmospheric variables...

[69/162] Processing 2017-08-24...
    Downloading surface variables...
    Downloading atmospheric variables...

[70/162] Processing 2020-08-05...
    Downloading surface variables...
    Downloading atmospheric variables...

[71/162] Processing 2018-09-29...
    Downloading surface variables...
    Downloading atmospheric variables...

[72/162] Processing 2018-09-05...

[73/162] Processing 2018-09-04...

[74/162] Processing 2017-08-15...
    Downloading surface variables...
    Downloading atmospheric variables...
    Downloading surface variables...
    Downloading atmospheric variables...

[75/162] Processing 2022-08-13...
    Downloading surface variables...
    Downloading atmospheric variables...
    Downloading surface variables...
    Downloading atmospheric variables...

[76/162] Processing 2018-12-03...
    Downloading surface variables...
    Downloading atmospheric variables...
    Downloading surface variables...
    Downloading atmospheric variables...

[77/162] Processing 2020-08-09...
    Downloading surface variables...
    Downloading atmospheric variables...

[78/162] Processing 2021-09-12...
    Downloading surface variables...
    Downloading atmospheric variables...
    Downloading surface variables...
    Downloading atmospheric variables...

[79/162] Processing 2016-11-07...

[80/162] Processing 2018-08-17...

[81/162] Processing 2022-10-18...
    Downloading surface variables...
    Downloading atmospheric variables...

[82/162] Processing 2020-08-25...
    Downloading surface variables...
    Downloading atmospheric variables...
    Downloading surface variables...
    Downloading atmospheric variables...

[83/162] Processing 2022-08-09...

[84/162] Processing 2019-08-07...
    Downloading surface variables...
    Downloading atmospheric variables...
    Downloading surface variables...
    Downloading atmospheric variables...

[85/162] Processing 2021-08-19...
    Downloading surface variables...
    Downloading atmospheric variables...
    Downloading surface variables...
    Downloading atmospheric variables...

[86/162] Processing 2021-07-10...
    Downloading surface variables...
    Downloading atmospheric variables...
    Downloading surface variables...
    Downloading atmospheric variables...

[87/162] Processing 2016-11-09...

[88/162] Processing 2016-12-09...
    Downloading surface variables...
    Downloading atmospheric variables...
    Downloading surface variables...
    Downloading atmospheric variables...

[89/162] Processing 2017-02-15...

[90/162] Processing 2016-07-02...
    Downloading surface variables...
    Downloading atmospheric variables...
    Downloading surface variables...
    Downloading atmospheric variables...

[91/162] Processing 2019-12-17...
    Downloading surface variables...
    Downloading atmospheric variables...

[92/162] Processing 2021-09-21...
    Downloading surface variables...
    Downloading atmospheric variables...
    Downloading surface variables...
    Downloading atmospheric variables...

[93/162] Processing 2019-08-28...
    Downloading surface variables...
    Downloading atmospheric variables...

[94/162] Processing 2021-08-08...
    Downloading surface variables...
    Downloading atmospheric variables...
    Downloading surface variables...
    Downloading atmospheric variables...

[95/162] Processing 2020-12-01...
    Downloading surface variables...
    Downloading atmospheric variables...

[96/162] Processing 2016-11-11...

[97/162] Processing 2017-01-13...
    Downloading surface variables...
    Downloading atmospheric variables...
    Downloading surface variables...
    Downloading atmospheric variables...

[98/162] Processing 2022-08-03...
    Downloading surface variables...
    Downloading atmospheric variables...
    Downloading surface variables...
    Downloading atmospheric variables...

[99/162] Processing 2021-07-22...
    Downloading surface variables...
    Downloading atmospheric variables...
    Downloading surface variables...
    Downloading atmospheric variables...

[100/162] Processing 2016-07-01...
    Downloading surface variables...
    Downloading atmospheric variables...

[101/162] Processing 2020-12-04...
    Downloading surface variables...
    Downloading atmospheric variables...

[102/162] Processing 2021-09-11...
    Downloading surface variables...
    Downloading atmospheric variables...

[103/162] Processing 2022-12-21...

[104/162] Processing 2020-08-28...
    Downloading surface variables...
    Downloading atmospheric variables...

[105/162] Processing 2019-07-26...
    Downloading surface variables...
    Downloading atmospheric variables...
    Downloading surface variables...
    Downloading atmospheric variables...

[106/162] Processing 2017-07-01...

[107/162] Processing 2018-08-21...
    Downloading surface variables...
    Downloading atmospheric variables...
    Downloading surface variables...
    Downloading atmospheric variables...

[108/162] Processing 2016-08-07...
    Downloading surface variables...
    Downloading atmospheric variables...

[109/162] Processing 2019-08-06...
    Downloading surface variables...
    Downloading atmospheric variables...

[110/162] Processing 2019-01-16...
    Downloading surface variables...
    Downloading atmospheric variables...
    Downloading surface variables...
    Downloading atmospheric variables...

[111/162] Processing 2022-08-07...
    Downloading surface variables...
    Downloading atmospheric variables...

[112/162] Processing 2020-07-01...
    Downloading surface variables...
    Downloading atmospheric variables...
    Downloading surface variables...
    Downloading atmospheric variables...

[113/162] Processing 2021-08-04...

[114/162] Processing 2017-07-03...
    Downloading surface variables...
    Downloading atmospheric variables...

[115/162] Processing 2020-09-28...
    Downloading surface variables...
    Downloading atmospheric variables...
    Downloading surface variables...
    Downloading atmospheric variables...

[116/162] Processing 2016-09-08...
    Downloading surface variables...
    Downloading atmospheric variables...
    Downloading surface variables...
    Downloading atmospheric variables...

[117/162] Processing 2022-11-23...
    Downloading surface variables...
    Downloading atmospheric variables...

[118/162] Processing 2021-08-01...
    Downloading surface variables...
    Downloading atmospheric variables...
    Downloading surface variables...
    Downloading atmospheric variables...

[119/162] Processing 2017-07-04...
    Downloading surface variables...
    Downloading atmospheric variables...

[120/162] Processing 2020-10-02...
    Downloading surface variables...
    Downloading atmospheric variables...
    Downloading surface variables...
    Downloading atmospheric variables...

[121/162] Processing 2017-10-16...

[122/162] Processing 2020-10-01...
    Downloading surface variables...
    Downloading atmospheric variables...

[123/162] Processing 2022-07-07...
    Downloading surface variables...
    Downloading atmospheric variables...
    Downloading surface variables...
    Downloading atmospheric variables...

[124/162] Processing 2021-08-07...

[125/162] Processing 2018-09-30...
    Downloading surface variables...
    Downloading atmospheric variables...

[126/162] Processing 2021-07-24...
    Downloading surface variables...
    Downloading atmospheric variables...
    Downloading surface variables...
    Downloading atmospheric variables...

[127/162] Processing 2021-09-14...
    Downloading surface variables...
    Downloading atmospheric variables...
    Downloading surface variables...
    Downloading atmospheric variables...

[128/162] Processing 2021-08-02...

[129/162] Processing 2016-11-05...
    Downloading surface variables...
    Downloading atmospheric variables...

[130/162] Processing 2017-08-11...
    Downloading surface variables...
    Downloading atmospheric variables...
    Downloading surface variables...
    Downloading atmospheric variables...

[131/162] Processing 2020-08-03...
    Downloading surface variables...
    Downloading atmospheric variables...

[132/162] Processing 2019-07-10...
    Downloading surface variables...
    Downloading atmospheric variables...
    Downloading surface variables...
    Downloading atmospheric variables...

[133/162] Processing 2021-09-16...
    Downloading surface variables...
    Downloading atmospheric variables...
    Downloading surface variables...
    Downloading atmospheric variables...

[134/162] Processing 2022-07-22...

[135/162] Processing 2020-12-05...

[136/162] Processing 2021-07-27...
    Downloading surface variables...
    Downloading atmospheric variables...

[137/162] Processing 2019-08-26...
    Downloading surface variables...
    Downloading atmospheric variables...

[138/162] Processing 2018-09-15...

[139/162] Processing 2017-07-07...
    Downloading surface variables...
    Downloading atmospheric variables...

[140/162] Processing 2019-07-19...
    Downloading surface variables...
    Downloading atmospheric variables...
    Downloading surface variables...
    Downloading atmospheric variables...

[141/162] Processing 2017-08-14...
    Downloading surface variables...
    Downloading atmospheric variables...

[142/162] Processing 2021-07-08...
    Downloading surface variables...
    Downloading atmospheric variables...
    Downloading surface variables...
    Downloading atmospheric variables...

[143/162] Processing 2021-09-23...
    Downloading surface variables...
    Downloading atmospheric variables...
    Downloading surface variables...
    Downloading atmospheric variables...

[144/162] Processing 2019-11-08...
    Downloading surface variables...
    Downloading atmospheric variables...
    Downloading surface variables...
    Downloading atmospheric variables...

[145/162] Processing 2017-06-22...
    Downloading surface variables...
    Downloading atmospheric variables...

[146/162] Processing 2020-07-09...
    Downloading surface variables...
    Downloading atmospheric variables...
    Downloading surface variables...
    Downloading atmospheric variables...

[147/162] Processing 2019-06-19...
    Downloading surface variables...
    Downloading atmospheric variables...

[148/162] Processing 2019-10-24...
    Downloading surface variables...
    Downloading atmospheric variables...
    Downloading surface variables...
    Downloading atmospheric variables...

[149/162] Processing 2019-07-27...
    Downloading surface variables...
    Downloading atmospheric variables...

[150/162] Processing 2018-11-13...
    Downloading surface variables...
    Downloading atmospheric variables...
    Downloading surface variables...
    Downloading atmospheric variables...

[151/162] Processing 2020-08-01...
    Downloading surface variables...
    Downloading atmospheric variables...
    Downloading surface variables...
    Downloading atmospheric variables...

[152/162] Processing 2019-11-09...
    Downloading surface variables...
    Downloading atmospheric variables...

[153/162] Processing 2016-07-04...
    Downloading surface variables...
    Downloading atmospheric variables...

[154/162] Processing 2021-07-07...
    Downloading surface variables...
    Downloading atmospheric variables...

[155/162] Processing 2019-10-22...
    Downloading surface variables...
    Downloading atmospheric variables...
    Downloading surface variables...
    Downloading atmospheric variables...

[156/162] Processing 2017-07-09...
    Downloading surface variables...
    Downloading atmospheric variables...

[157/162] Processing 2018-08-03...

[158/162] Processing 2017-12-08...
    Downloading surface variables...
    Downloading atmospheric variables...
    Downloading surface variables...
    Downloading atmospheric variables...

[159/162] Processing 2018-08-04...
    Downloading surface variables...
    Downloading atmospheric variables...

[160/162] Processing 2017-06-30...
    Downloading surface variables...
    Downloading atmospheric variables...

[161/162] Processing 2016-07-03...

[162/162] Processing 2020-12-07...
    Downloading surface variables...
    Downloading atmospheric variables...

All data prefetched successfully!
