Prefetching HRES T0 Data for MJO Steering...
Downloading static variables...
Found 96 unique dates in the CSV.

[1/96] Processing 2022-05-01...
    Downloading surface variables...
    Downloading atmospheric variables...
    Downloading surface variables...
    Downloading atmospheric variables...

[2/96] Processing 2022-05-25...
    Downloading surface variables...
    Downloading atmospheric variables...
    Downloading surface variables...
    Downloading atmospheric variables...

[3/96] Processing 2017-02-14...
    Downloading surface variables...
    Downloading atmospheric variables...
    Downloading surface variables...
    Downloading atmospheric variables...

[4/96] Processing 2022-02-01...
    Downloading surface variables...
    Downloading atmospheric variables...
    Downloading surface variables...
    Downloading atmospheric variables...

[5/96] Processing 2021-04-30...
    Downloading surface variables...
    Downloading atmospheric variables...
    Downloading surface variables...
    Downloading atmospheric variables...

[6/96] Processing 2017-10-15...
    Downloading surface variables...
    Downloading atmospheric variables...
    Downloading surface variables...
    Downloading atmospheric variables...

[7/96] Processing 2016-10-25...
    Downloading surface variables...
    Downloading atmospheric variables...
    Downloading surface variables...
    Downloading atmospheric variables...

[8/96] Processing 2020-01-18...
    Downloading surface variables...
    Downloading atmospheric variables...
    Downloading surface variables...
    Downloading atmospheric variables...

[9/96] Processing 2018-02-08...
    Downloading surface variables...
    Downloading atmospheric variables...
    Downloading surface variables...
    Downloading atmospheric variables...

[10/96] Processing 2017-10-17...
    Downloading surface variables...
    Downloading atmospheric variables...
    Downloading surface variables...
    Downloading atmospheric variables...

[11/96] Processing 2020-01-09...
    Downloading surface variables...
    Downloading atmospheric variables...
    Downloading surface variables...
    Downloading atmospheric variables...

[12/96] Processing 2017-02-13...
    Downloading surface variables...
    Downloading atmospheric variables...

[13/96] Processing 2022-09-13...
    Downloading surface variables...
    Downloading atmospheric variables...
    Downloading surface variables...
    Downloading atmospheric variables...

[14/96] Processing 2018-02-06...
    Downloading surface variables...
    Downloading atmospheric variables...
    Downloading surface variables...
    Downloading atmospheric variables...

[15/96] Processing 2017-02-16...
    Downloading surface variables...
    Downloading atmospheric variables...
    Downloading surface variables...
    Downloading atmospheric variables...

[16/96] Processing 2021-04-27...
    Downloading surface variables...
    Downloading atmospheric variables...
    Downloading surface variables...
    Downloading atmospheric variables...

[17/96] Processing 2016-02-23...
    Downloading surface variables...
    Downloading atmospheric variables...
    Downloading surface variables...
    Downloading atmospheric variables...

[18/96] Processing 2017-10-16...

[19/96] Processing 2016-10-20...
    Downloading surface variables...
    Downloading atmospheric variables...
    Downloading surface variables...
    Downloading atmospheric variables...

[20/96] Processing 2019-01-14...
    Downloading surface variables...
    Downloading atmospheric variables...
    Downloading surface variables...
    Downloading atmospheric variables...

[21/96] Processing 2019-09-25...
    Downloading surface variables...
    Downloading atmospheric variables...
    Downloading surface variables...
    Downloading atmospheric variables...

[22/96] Processing 2017-09-08...
    Downloading surface variables...
    Downloading atmospheric variables...
    Downloading surface variables...
    Downloading atmospheric variables...

[23/96] Processing 2017-04-03...
    Downloading surface variables...
    Downloading atmospheric variables...
    Downloading surface variables...
    Downloading atmospheric variables...

[24/96] Processing 2018-01-29...
    Downloading surface variables...
    Downloading atmospheric variables...
    Downloading surface variables...
    Downloading atmospheric variables...

[25/96] Processing 2020-02-26...
    Downloading surface variables...
    Downloading atmospheric variables...
    Downloading surface variables...
    Downloading atmospheric variables...

[26/96] Processing 2020-12-27...
    Downloading surface variables...
    Downloading atmospheric variables...
    Downloading surface variables...
    Downloading atmospheric variables...

[27/96] Processing 2016-01-24...
    Downloading surface variables...
    Downloading atmospheric variables...
    Downloading surface variables...
    Downloading atmospheric variables...

[28/96] Processing 2017-04-04...
    Downloading surface variables...
    Downloading atmospheric variables...

[29/96] Processing 2016-10-19...
    Downloading surface variables...
    Downloading atmospheric variables...

[30/96] Processing 2016-05-31...
    Downloading surface variables...
    Downloading atmospheric variables...
    Downloading surface variables...
    Downloading atmospheric variables...

[31/96] Processing 2018-01-30...
    Downloading surface variables...
    Downloading atmospheric variables...

[32/96] Processing 2019-09-26...
    Downloading surface variables...
    Downloading atmospheric variables...

[33/96] Processing 2020-02-29...
    Downloading surface variables...
    Downloading atmospheric variables...
    Downloading surface variables...
    Downloading atmospheric variables...

[34/96] Processing 2017-01-05...
    Downloading surface variables...
    Downloading atmospheric variables...
    Downloading surface variables...
    Downloading atmospheric variables...

[35/96] Processing 2022-01-16...
    Downloading surface variables...
    Downloading atmospheric variables...
    Downloading surface variables...
    Downloading atmospheric variables...

[36/96] Processing 2018-12-25...
    Downloading surface variables...
    Downloading atmospheric variables...
    Downloading surface variables...
    Downloading atmospheric variables...

[37/96] Processing 2018-02-03...
    Downloading surface variables...
    Downloading atmospheric variables...
    Downloading surface variables...
    Downloading atmospheric variables...

[38/96] Processing 2021-05-01...
    Downloading surface variables...
    Downloading atmospheric variables...

[39/96] Processing 2018-01-28...
    Downloading surface variables...
    Downloading atmospheric variables...

[40/96] Processing 2020-01-10...
    Downloading surface variables...
    Downloading atmospheric variables...

[41/96] Processing 2022-02-02...
    Downloading surface variables...
    Downloading atmospheric variables...

[42/96] Processing 2020-02-04...
    Downloading surface variables...
    Downloading atmospheric variables...
    Downloading surface variables...
    Downloading atmospheric variables...

[43/96] Processing 2022-01-18...
    Downloading surface variables...
    Downloading atmospheric variables...
    Downloading surface variables...
    Downloading atmospheric variables...

[44/96] Processing 2022-01-19...
    Downloading surface variables...
    Downloading atmospheric variables...

[45/96] Processing 2017-02-15...

[46/96] Processing 2016-04-18...
    Downloading surface variables...
    Downloading atmospheric variables...
    Downloading surface variables...
    Downloading atmospheric variables...

[47/96] Processing 2021-04-29...
    Downloading surface variables...
    Downloading atmospheric variables...

[48/96] Processing 2018-12-26...
    Downloading surface variables...
    Downloading atmospheric variables...

[49/96] Processing 2020-01-03...
    Downloading surface variables...
    Downloading atmospheric variables...
    Downloading surface variables...
    Downloading atmospheric variables...

[50/96] Processing 2018-02-07...

[51/96] Processing 2021-05-02...
    Downloading surface variables...
    Downloading atmospheric variables...

[52/96] Processing 2017-10-20...
    Downloading surface variables...
    Downloading atmospheric variables...
    Downloading surface variables...
    Downloading atmospheric variables...

[53/96] Processing 2016-10-24...
    Downloading surface variables...
    Downloading atmospheric variables...

[54/96] Processing 2017-05-24...
    Downloading surface variables...
    Downloading atmospheric variables...
    Downloading surface variables...
    Downloading atmospheric variables...

[55/96] Processing 2020-02-27...
    Downloading surface variables...
    Downloading atmospheric variables...

[56/96] Processing 2020-02-02...
    Downloading surface variables...
    Downloading atmospheric variables...
    Downloading surface variables...
    Downloading atmospheric variables...

[57/96] Processing 2018-01-31...
    Downloading surface variables...
    Downloading atmospheric variables...

[58/96] Processing 2022-01-27...
    Downloading surface variables...
    Downloading atmospheric variables...
    Downloading surface variables...
    Downloading atmospheric variables...

[59/96] Processing 2020-02-03...

[60/96] Processing 2021-01-19...
    Downloading surface variables...
    Downloading atmospheric variables...
    Downloading surface variables...
    Downloading atmospheric variables...

[61/96] Processing 2017-10-19...
    Downloading surface variables...
    Downloading atmospheric variables...

[62/96] Processing 2020-01-01...
    Downloading surface variables...
    Downloading atmospheric variables...
    Downloading surface variables...
    Downloading atmospheric variables...

[63/96] Processing 2017-10-03...
    Downloading surface variables...
    Downloading atmospheric variables...
    Downloading surface variables...
    Downloading atmospheric variables...

[64/96] Processing 2018-02-02...
    Downloading surface variables...
    Downloading atmospheric variables...

[65/96] Processing 2021-05-04...
    Downloading surface variables...
    Downloading atmospheric variables...
    Downloading surface variables...
    Downloading atmospheric variables...

[66/96] Processing 2022-02-28...
    Downloading surface variables...
    Downloading atmospheric variables...
    Downloading surface variables...
    Downloading atmospheric variables...

[67/96] Processing 2020-01-15...
    Downloading surface variables...
    Downloading atmospheric variables...
    Downloading surface variables...
    Downloading atmospheric variables...

[68/96] Processing 2020-12-24...
    Downloading surface variables...
    Downloading atmospheric variables...
    Downloading surface variables...
    Downloading atmospheric variables...

[69/96] Processing 2020-01-13...
    Downloading surface variables...
    Downloading atmospheric variables...
    Downloading surface variables...
    Downloading atmospheric variables...

[70/96] Processing 2018-12-27...
    Downloading surface variables...
    Downloading atmospheric variables...

[71/96] Processing 2020-01-12...
    Downloading surface variables...
    Downloading atmospheric variables...

[72/96] Processing 2020-02-28...

[73/96] Processing 2020-01-11...

[74/96] Processing 2020-01-14...

[75/96] Processing 2017-10-18...

[76/96] Processing 2018-02-01...

[77/96] Processing 2018-02-04...
    Downloading surface variables...
    Downloading atmospheric variables...

[78/96] Processing 2022-02-26...
    Downloading surface variables...
    Downloading atmospheric variables...
    Downloading surface variables...
    Downloading atmospheric variables...

[79/96] Processing 2018-02-05...

[80/96] Processing 2020-01-02...

[81/96] Processing 2018-01-27...
    Downloading surface variables...
    Downloading atmospheric variables...

[82/96] Processing 2021-02-22...
    Downloading surface variables...
    Downloading atmospheric variables...
    Downloading surface variables...
    Downloading atmospheric variables...

[83/96] Processing 2016-01-23...
    Downloading surface variables...
    Downloading atmospheric variables...

[84/96] Processing 2021-10-17...
    Downloading surface variables...
    Downloading atmospheric variables...
    Downloading surface variables...
    Downloading atmospheric variables...

[85/96] Processing 2016-01-22...
    Downloading surface variables...
    Downloading atmospheric variables...

[86/96] Processing 2019-04-08...
    Downloading surface variables...
    Downloading atmospheric variables...
    Downloading surface variables...
    Downloading atmospheric variables...

[87/96] Processing 2022-01-17...

[88/96] Processing 2021-05-03...

[89/96] Processing 2022-02-27...

[90/96] Processing 2020-01-17...
    Downloading surface variables...
    Downloading atmospheric variables...

[91/96] Processing 2021-04-28...

[92/96] Processing 2022-12-02...
    Downloading surface variables...
    Downloading atmospheric variables...
    Downloading surface variables...
    Downloading atmospheric variables...

[93/96] Processing 2018-02-09...
    Downloading surface variables...
    Downloading atmospheric variables...

[94/96] Processing 2020-02-01...
    Downloading surface variables...
    Downloading atmospheric variables...

[95/96] Processing 2020-01-16...

[96/96] Processing 2020-01-04...
    Downloading surface variables...
    Downloading atmospheric variables...

All data prefetched successfully!
COMPLETE: Wed May 27 15:46:29 CEST 2026
