Running with alpha=-0.5
Starting Contrastive Activation Addition (CAA) Steering Pipeline (AO, alpha=-0.5)...
S3 Client initialized.
Loading Active latents (50 dates)...
Loading Neutral latents (50 dates)...
Steering vector (delta_v) shape: torch.Size([1, 16200, 2048]), max= 2.4163076877593994, min= -1.675770878791809, norm=300.00933837890625
Keeping all Z levels for 3D structure (shape: torch.Size([1, 16200, 2048]))
Loading Aurora Model on cuda...
Downloading static/base data if needed...
  Downloading static variables from HuggingFace...
    ✓ Static variables cached
Building climatological base state from neutral dates...
    Downloading surface variables...
    Downloading atmospheric variables...
    Downloading surface variables...
    Downloading atmospheric variables...
    Downloading surface variables...
    Downloading atmospheric variables...
    Downloading surface variables...
    Downloading atmospheric variables...
    Downloading surface variables...
    Downloading atmospheric variables...
    Downloading surface variables...
    Downloading atmospheric variables...
    Downloading surface variables...
    Downloading atmospheric variables...
    Downloading surface variables...
    Downloading atmospheric variables...
    Downloading surface variables...
    Downloading atmospheric variables...
    Downloading surface variables...
    Downloading atmospheric variables...
Running with alpha=-0.2
Starting Contrastive Activation Addition (CAA) Steering Pipeline (AO, alpha=-0.2)...
S3 Client initialized.
Loading Active latents (50 dates)...
Loading Neutral latents (50 dates)...
Steering vector (delta_v) shape: torch.Size([1, 16200, 2048]), max= 2.4163076877593994, min= -1.675770878791809, norm=300.00933837890625
Keeping all Z levels for 3D structure (shape: torch.Size([1, 16200, 2048]))
Loading Aurora Model on cuda...
Downloading static/base data if needed...
Building climatological base state from neutral dates...
Running with alpha=-0.1
Starting Contrastive Activation Addition (CAA) Steering Pipeline (AO, alpha=-0.1)...
S3 Client initialized.
Loading Active latents (50 dates)...
Loading Neutral latents (50 dates)...
