========================================
  STEER AURORA
========================================
Job ID:       21461341
Date:         Thu Apr  2 11:29:46 CEST 2026
Node:         gcn59.local.snellius.surf.nl
GPU:
NVIDIA A100-SXM4-40GB, 40960 MiB
========================================

Starting Contrastive Activation Addition (CAA) Steering Pipeline...
S3 Client initialized.
Loading Active latents (50 dates)...
Loading Neutral latents (50 dates)...
Steering vector (delta_v) shape: torch.Size([1, 16200, 2048])
Warning: Unexpected ndim 3. Unable to precisely mask Z dimension without understanding shape. Masking whole tensor.
Loading Aurora Model on cuda...
Selected Base Neutral Date: 2020-12-02
Downloading static/base data if needed...
  Downloading static variables from HuggingFace...
    ✓ Static variables cached
    Downloading surface variables...
    Downloading atmospheric variables...
Preparing batch...
Running steered inference (alpha=1.0)...
Converting prediction to xarray...
Saved steered output to steered_polar_vortex_alpha_1.0.nc
Done!
