Running with alpha=-0.5
Starting Contrastive Activation Addition (CAA) Steering Pipeline (AAO, alpha=-0.5)...
Loaded CSV: /home/ekasteleyn/aurora_thesis/thesis/steering/data/target_dates_aao_steer.csv
Found 284 Active dates and 284 Neutral dates.
S3 Client initialized.
Loading Active latents (284 dates)...
Warning: Latent file latent_20160624_0000_encoder_2.pt not found locally or on S3.
Warning: Latent file latent_20171128_0000_encoder_2.pt not found locally or on S3.
Warning: Latent file latent_20180115_0000_encoder_2.pt not found locally or on S3.
Warning: Latent file latent_20181215_0000_encoder_2.pt not found locally or on S3.
Warning: Latent file latent_20190615_0000_encoder_2.pt not found locally or on S3.
Warning: Latent file latent_20201015_0000_encoder_2.pt not found locally or on S3.
Loading Neutral latents (284 dates)...
Warning: Latent file latent_20170315_0000_encoder_2.pt not found locally or on S3.
Warning: Latent file latent_20170615_0000_encoder_2.pt not found locally or on S3.
Warning: Latent file latent_20170715_0000_encoder_2.pt not found locally or on S3.
Warning: Latent file latent_20170815_0000_encoder_2.pt not found locally or on S3.
Warning: Latent file latent_20171215_0000_encoder_2.pt not found locally or on S3.
Warning: Latent file latent_20180415_0000_encoder_2.pt not found locally or on S3.
Warning: Latent file latent_20180515_0000_encoder_2.pt not found locally or on S3.
Warning: Latent file latent_20190115_0000_encoder_2.pt not found locally or on S3.
Warning: Latent file latent_20200415_0000_encoder_2.pt not found locally or on S3.
Warning: Latent file latent_20211015_0000_encoder_2.pt not found locally or on S3.
Steering vector (delta_v) shape: torch.Size([1, 16200, 2048]), max= 0.6885490417480469, min= -1.0125761032104492, norm=154.57235717773438
Keeping all Z levels for 3D structure (shape: torch.Size([1, 16200, 2048]))
Loading Aurora Model on cuda...
Using /scratch-shared/ekasteleyn/aurora_data for data...
Downloading static/base data if needed...
Building climatological base state from 284 neutral dates...
Loaded pre-computed batch for 2016-01-13 from: /scratch-shared/ekasteleyn/aurora_data/batch_2016-01-13.pt
Loaded pre-computed batch for 2016-02-14 from: /scratch-shared/ekasteleyn/aurora_data/batch_2016-02-14.pt
Loaded pre-computed batch for 2016-02-22 from: /scratch-shared/ekasteleyn/aurora_data/batch_2016-02-22.pt
Loaded pre-computed batch for 2016-02-23 from: /scratch-shared/ekasteleyn/aurora_data/batch_2016-02-23.pt
Loaded pre-computed batch for 2016-02-24 from: /scratch-shared/ekasteleyn/aurora_data/batch_2016-02-24.pt
Loaded pre-computed batch for 2016-02-25 from: /scratch-shared/ekasteleyn/aurora_data/batch_2016-02-25.pt
Loaded pre-computed batch for 2016-02-26 from: /scratch-shared/ekasteleyn/aurora_data/batch_2016-02-26.pt
Loaded pre-computed batch for 2016-02-29 from: /scratch-shared/ekasteleyn/aurora_data/batch_2016-02-29.pt
Loaded pre-computed batch for 2016-03-31 from: /scratch-shared/ekasteleyn/aurora_data/batch_2016-03-31.pt
Loaded pre-computed batch for 2016-04-01 from: /scratch-shared/ekasteleyn/aurora_data/batch_2016-04-01.pt
Loaded pre-computed batch for 2016-04-02 from: /scratch-shared/ekasteleyn/aurora_data/batch_2016-04-02.pt
Loaded pre-computed batch for 2016-04-03 from: /scratch-shared/ekasteleyn/aurora_data/batch_2016-04-03.pt
Loaded pre-computed batch for 2016-04-04 from: /scratch-shared/ekasteleyn/aurora_data/batch_2016-04-04.pt
Loaded pre-computed batch for 2016-04-14 from: /scratch-shared/ekasteleyn/aurora_data/batch_2016-04-14.pt
Loaded pre-computed batch for 2016-04-27 from: /scratch-shared/ekasteleyn/aurora_data/batch_2016-04-27.pt
Loaded pre-computed batch for 2016-04-28 from: /scratch-shared/ekasteleyn/aurora_data/batch_2016-04-28.pt
Loaded pre-computed batch for 2016-04-29 from: /scratch-shared/ekasteleyn/aurora_data/batch_2016-04-29.pt
Loaded pre-computed batch for 2016-05-01 from: /scratch-shared/ekasteleyn/aurora_data/batch_2016-05-01.pt
Loaded pre-computed batch for 2016-05-07 from: /scratch-shared/ekasteleyn/aurora_data/batch_2016-05-07.pt
Loaded pre-computed batch for 2016-05-09 from: /scratch-shared/ekasteleyn/aurora_data/batch_2016-05-09.pt
Loaded pre-computed batch for 2016-05-14 from: /scratch-shared/ekasteleyn/aurora_data/batch_2016-05-14.pt
Loaded pre-computed batch for 2016-05-20 from: /scratch-shared/ekasteleyn/aurora_data/batch_2016-05-20.pt
Loaded pre-computed batch for 2016-07-11 from: /scratch-shared/ekasteleyn/aurora_data/batch_2016-07-11.pt
Loaded pre-computed batch for 2016-07-13 from: /scratch-shared/ekasteleyn/aurora_data/batch_2016-07-13.pt
Loaded pre-computed batch for 2016-07-24 from: /scratch-shared/ekasteleyn/aurora_data/batch_2016-07-24.pt
Loaded pre-computed batch for 2016-07-25 from: /scratch-shared/ekasteleyn/aurora_data/batch_2016-07-25.pt
    Downloading atmospheric variables...
Loaded pre-computed batch for 2016-08-23 from: /scratch-shared/ekasteleyn/aurora_data/batch_2016-08-23.pt
    Downloading surface variables...
    Downloading atmospheric variables...
    Downloading surface variables...
    Downloading atmospheric variables...
    Downloading surface variables...
    Downloading atmospheric variables...
    Downloading surface variables...
    Downloading atmospheric variables...
    Downloading surface variables...
    Downloading atmospheric variables...
    Downloading surface variables...
    Downloading atmospheric variables...
    Downloading surface variables...
    Downloading atmospheric variables...
    Downloading surface variables...
    Downloading atmospheric variables...
    Downloading surface variables...
    Downloading atmospheric variables...
    Downloading surface variables...
    Downloading atmospheric variables...
    Downloading surface variables...
    Downloading atmospheric variables...
    Downloading surface variables...
    Downloading atmospheric variables...
    Downloading surface variables...
    Downloading atmospheric variables...
Loaded pre-computed batch for 2017-01-02 from: /scratch-shared/ekasteleyn/aurora_data/batch_2017-01-02.pt
    Downloading surface variables...
    Downloading atmospheric variables...
