Running with alpha=-0.5
Starting Contrastive Activation Addition (CAA) Steering Pipeline (AO, alpha=-0.5)...
Loaded CSV: target_dates_ao_232.csv
Found 232 Active dates and 232 Neutral dates.
S3 Client initialized.
Loading Active latents (232 dates)...
Warning: Latent file latent_20170315_0000_encoder_2.pt not found locally or on S3.
Warning: Latent file latent_20180815_0000_encoder_2.pt not found locally or on S3.
Warning: Latent file latent_20200215_0000_encoder_2.pt not found locally or on S3.
Warning: Latent file latent_20200315_0000_encoder_2.pt not found locally or on S3.
Warning: Latent file latent_20201115_0000_encoder_2.pt not found locally or on S3.
Loading Neutral latents (232 dates)...
Warning: Latent file latent_20180915_0000_encoder_2.pt not found locally or on S3.
Warning: Latent file latent_20181115_0000_encoder_2.pt not found locally or on S3.
Warning: Latent file latent_20210515_0000_encoder_2.pt not found locally or on S3.
Warning: Latent file latent_20170915_0000_encoder_2.pt not found locally or on S3.
Warning: Latent file latent_20180615_0000_encoder_2.pt not found locally or on S3.
Steering vector (delta_v) shape: torch.Size([1, 16200, 2048]), max= 1.3812696933746338, min= -1.5763728618621826, norm=281.8432312011719
Keeping all Z levels for 3D structure (shape: torch.Size([1, 16200, 2048]))
Loading Aurora Model on cuda...
Using /scratch-shared/ekasteleyn/aurora_data for data...
Downloading static/base data if needed...
Building climatological base state from 232 neutral dates...
    Downloading surface variables...
    Downloading atmospheric variables...
    Downloading surface variables...
    Downloading atmospheric variables...
    Downloading surface variables...
    Downloading atmospheric variables...
    Downloading surface variables...
    Downloading atmospheric variables...
    Downloading surface variables...
    Downloading atmospheric variables...
    Downloading surface variables...
    Downloading atmospheric variables...
    Downloading surface variables...
    Downloading atmospheric variables...
    Downloading surface variables...
    Downloading atmospheric variables...
    Downloading surface variables...
    Downloading atmospheric variables...
    Downloading surface variables...
    Downloading atmospheric variables...
    Downloading surface variables...
    Downloading atmospheric variables...
    Downloading surface variables...
    Downloading atmospheric variables...
    Downloading surface variables...
    Downloading atmospheric variables...
    Downloading surface variables...
    Downloading atmospheric variables...
    Downloading surface variables...
    Downloading atmospheric variables...
    Downloading surface variables...
    Downloading atmospheric variables...
    Downloading surface variables...
    Downloading atmospheric variables...
    Downloading surface variables...
    Downloading atmospheric variables...
    Downloading surface variables...
    Downloading atmospheric variables...
    Downloading surface variables...
    Downloading atmospheric variables...
    Downloading surface variables...
    Downloading atmospheric variables...
    Downloading surface variables...
    Downloading atmospheric variables...
    Downloading surface variables...
    Downloading atmospheric variables...
    Downloading surface variables...
    Downloading atmospheric variables...
    Downloading surface variables...
    Downloading atmospheric variables...
    Downloading surface variables...
    Downloading atmospheric variables...
    Downloading surface variables...
    Downloading atmospheric variables...
    Downloading surface variables...
    Downloading atmospheric variables...
    Downloading surface variables...
    Downloading atmospheric variables...
    Downloading surface variables...
    Downloading atmospheric variables...
    Downloading surface variables...
    Downloading atmospheric variables...
    Downloading surface variables...
    Downloading atmospheric variables...
    Downloading surface variables...
    Downloading atmospheric variables...
    Downloading surface variables...
    Downloading atmospheric variables...
    Downloading surface variables...
    Downloading atmospheric variables...
    Downloading surface variables...
    Downloading atmospheric variables...
    Downloading surface variables...
    Downloading atmospheric variables...
    Downloading surface variables...
    Downloading atmospheric variables...
    Downloading surface variables...
    Downloading atmospheric variables...
    Downloading surface variables...
    Downloading atmospheric variables...
    Downloading surface variables...
    Downloading atmospheric variables...
    Downloading surface variables...
    Downloading atmospheric variables...
    Downloading surface variables...
    Downloading atmospheric variables...
    Downloading surface variables...
    Downloading atmospheric variables...
    Downloading surface variables...
    Downloading atmospheric variables...
    Downloading surface variables...
    Downloading atmospheric variables...
    Downloading surface variables...
    Downloading atmospheric variables...
    Downloading surface variables...
    Downloading atmospheric variables...
    Downloading surface variables...
    Downloading atmospheric variables...
    Downloading surface variables...
    Downloading atmospheric variables...
    Downloading surface variables...
    Downloading atmospheric variables...
    Downloading surface variables...
    Downloading atmospheric variables...
    Downloading surface variables...
    Downloading atmospheric variables...
    Downloading surface variables...
    Downloading atmospheric variables...
    Downloading surface variables...
    Downloading atmospheric variables...
    Downloading surface variables...
    Downloading atmospheric variables...
    Downloading surface variables...
    Downloading atmospheric variables...
    Downloading surface variables...
    Downloading atmospheric variables...
    Downloading surface variables...
    Downloading atmospheric variables...
    Downloading surface variables...
    Downloading atmospheric variables...
    Downloading surface variables...
    Downloading atmospheric variables...
    Downloading surface variables...
    Downloading atmospheric variables...
    Downloading surface variables...
    Downloading atmospheric variables...
    Downloading surface variables...
    Downloading atmospheric variables...
    Downloading surface variables...
    Downloading atmospheric variables...
    Downloading surface variables...
    Downloading atmospheric variables...
    Downloading surface variables...
    Downloading atmospheric variables...
    Downloading surface variables...
    Downloading atmospheric variables...
    Downloading surface variables...
    Downloading atmospheric variables...
    Downloading surface variables...
    Downloading atmospheric variables...
    Downloading surface variables...
    Downloading atmospheric variables...
    Downloading surface variables...
    Downloading atmospheric variables...
    Downloading surface variables...
    Downloading atmospheric variables...
    Downloading surface variables...
    Downloading atmospheric variables...
    Downloading surface variables...
    Downloading atmospheric variables...
    Downloading surface variables...
    Downloading atmospheric variables...
    Downloading surface variables...
    Downloading atmospheric variables...
    Downloading surface variables...
    Downloading atmospheric variables...
    Downloading surface variables...
    Downloading atmospheric variables...
    Downloading surface variables...
    Downloading atmospheric variables...
    Downloading surface variables...
    Downloading atmospheric variables...
    Downloading surface variables...
    Downloading atmospheric variables...
    Downloading surface variables...
    Downloading atmospheric variables...
    Downloading surface variables...
    Downloading atmospheric variables...
    Downloading surface variables...
    Downloading atmospheric variables...
    Downloading surface variables...
    Downloading atmospheric variables...
    Downloading surface variables...
    Downloading atmospheric variables...
    Downloading surface variables...
    Downloading atmospheric variables...
    Downloading surface variables...
    Downloading atmospheric variables...
    Downloading surface variables...
    Downloading atmospheric variables...
    Downloading surface variables...
    Downloading atmospheric variables...
    Downloading surface variables...
    Downloading atmospheric variables...
    Downloading surface variables...
    Downloading atmospheric variables...
    Downloading surface variables...
    Downloading atmospheric variables...
    Downloading surface variables...
    Downloading atmospheric variables...
    Downloading surface variables...
    Downloading atmospheric variables...
    Downloading surface variables...
    Downloading atmospheric variables...
    Downloading surface variables...
    Downloading atmospheric variables...
    Downloading surface variables...
    Downloading atmospheric variables...
    Downloading surface variables...
    Downloading atmospheric variables...
    Downloading surface variables...
    Downloading atmospheric variables...
    Downloading surface variables...
    Downloading atmospheric variables...
    Downloading surface variables...
    Downloading atmospheric variables...
    Downloading surface variables...
    Downloading atmospheric variables...
    Downloading surface variables...
    Downloading atmospheric variables...
    Downloading surface variables...
    Downloading atmospheric variables...
    Downloading surface variables...
    Downloading atmospheric variables...
    Downloading surface variables...
    Downloading atmospheric variables...
    Downloading surface variables...
    Downloading atmospheric variables...
    Downloading surface variables...
    Downloading atmospheric variables...
    Downloading surface variables...
    Downloading atmospheric variables...
    Downloading surface variables...
    Downloading atmospheric variables...
    Downloading surface variables...
    Downloading atmospheric variables...
    Downloading surface variables...
    Downloading atmospheric variables...
    Downloading surface variables...
    Downloading atmospheric variables...
    Downloading surface variables...
    Downloading atmospheric variables...
    Downloading surface variables...
    Downloading atmospheric variables...
    Downloading surface variables...
    Downloading atmospheric variables...
    Downloading surface variables...
    Downloading atmospheric variables...
    Downloading surface variables...
    Downloading atmospheric variables...
    Downloading surface variables...
    Downloading atmospheric variables...
    Downloading surface variables...
    Downloading atmospheric variables...
    Downloading surface variables...
    Downloading atmospheric variables...
    Downloading surface variables...
    Downloading atmospheric variables...
    Downloading surface variables...
    Downloading atmospheric variables...
    Downloading surface variables...
    Downloading atmospheric variables...
    Downloading surface variables...
    Downloading atmospheric variables...
    Downloading surface variables...
    Downloading atmospheric variables...
    Downloading surface variables...
    Downloading atmospheric variables...
    Downloading surface variables...
    Downloading atmospheric variables...
    Downloading surface variables...
    Downloading atmospheric variables...
    Downloading surface variables...
    Downloading atmospheric variables...
    Downloading surface variables...
    Downloading atmospheric variables...
    Downloading surface variables...
    Downloading atmospheric variables...
    Downloading surface variables...
    Downloading atmospheric variables...
    Downloading surface variables...
    Downloading atmospheric variables...
    Downloading surface variables...
    Downloading atmospheric variables...
    Downloading surface variables...
    Downloading atmospheric variables...
    Downloading surface variables...
    Downloading atmospheric variables...
    Downloading surface variables...
    Downloading atmospheric variables...
    Downloading surface variables...
    Downloading atmospheric variables...
    Downloading surface variables...
    Downloading atmospheric variables...
    Downloading surface variables...
    Downloading atmospheric variables...
    Downloading surface variables...
    Downloading atmospheric variables...
    Downloading surface variables...
    Downloading atmospheric variables...
    Downloading surface variables...
    Downloading atmospheric variables...
    Downloading surface variables...
    Downloading atmospheric variables...
    Downloading surface variables...
    Downloading atmospheric variables...
    Downloading surface variables...
    Downloading atmospheric variables...
    Downloading surface variables...
    Downloading atmospheric variables...
    Downloading surface variables...
    Downloading atmospheric variables...
    Downloading surface variables...
    Downloading atmospheric variables...
    Downloading surface variables...
    Downloading atmospheric variables...
    Downloading surface variables...
    Downloading atmospheric variables...
    Downloading surface variables...
    Downloading atmospheric variables...
    Downloading surface variables...
    Downloading atmospheric variables...
    Downloading surface variables...
    Downloading atmospheric variables...
    Downloading surface variables...
    Downloading atmospheric variables...
    Downloading surface variables...
    Downloading atmospheric variables...
    Downloading surface variables...
    Downloading atmospheric variables...
    Downloading surface variables...
    Downloading atmospheric variables...
    Downloading surface variables...
    Downloading atmospheric variables...
    Downloading surface variables...
    Downloading atmospheric variables...
    Downloading surface variables...
    Downloading atmospheric variables...
    Downloading surface variables...
    Downloading atmospheric variables...
    Downloading surface variables...
    Downloading atmospheric variables...
    Downloading surface variables...
    Downloading atmospheric variables...
    Downloading surface variables...
    Downloading atmospheric variables...
    Downloading surface variables...
    Downloading atmospheric variables...
    Downloading surface variables...
    Downloading atmospheric variables...
    Downloading surface variables...
    Downloading atmospheric variables...
    Downloading surface variables...
    Downloading atmospheric variables...
    Downloading surface variables...
    Downloading atmospheric variables...
    Downloading surface variables...
    Downloading atmospheric variables...
    Downloading surface variables...
    Downloading atmospheric variables...
    Downloading surface variables...
    Downloading atmospheric variables...
    Downloading surface variables...
    Downloading atmospheric variables...
    Downloading surface variables...
    Downloading atmospheric variables...
    Downloading surface variables...
    Downloading atmospheric variables...
    Downloading surface variables...
    Downloading atmospheric variables...
    Downloading surface variables...
    Downloading atmospheric variables...
    Downloading surface variables...
    Downloading atmospheric variables...
    Downloading surface variables...
    Downloading atmospheric variables...
    Downloading surface variables...
    Downloading atmospheric variables...
    Downloading surface variables...
    Downloading atmospheric variables...
    Downloading surface variables...
    Downloading atmospheric variables...
