Free space on scratch-shared: 2002188 GB
Extracting latents for dates: 2020-02-09 2017-02-03
  ✓ S3 Client initialized securely via .env
======================================================================
  AURORA LATENT EXTRACTION - IFS HRES T0
======================================================================
  Dates: 2 dates
  Init hours: [0]
  Latent extraction init: 0:00 UTC only
  Rollout steps: 1
  Device: cuda
  Output: /scratch-node/ekasteleyn.23608885/aurora_hres_latents
  Cache: /scratch-shared/ekasteleyn/downloads/hres_t0
  Target layers: [('perceiver', 0), ('encoder', 0), ('encoder', 1), ('encoder', 2)]
======================================================================

[1/4] Downloading static variables...

[2/4] Downloading HRES T0 data...
  2017-02-02
  2017-02-03
  2020-02-08
  2020-02-09

[3/4] Loading Aurora 0.25° Fine-Tuned model...
  ✓ Model loaded

[4/4] Processing 2 runs (2 dates × 1 init times)...
  Loading static variables into memory...
  ✓ Static variables loaded

  [16:22:28] [1/2] 2020-02-09 init 00:00 UTC [skipped - already on S3]

  [16:22:28] [2/2] 2017-02-03 init 00:00 UTC [skipped - already on S3]

  Waiting for background saves to complete...

======================================================================
  COMPLETE
======================================================================
  Output saved to: /scratch-node/ekasteleyn.23608885/aurora_hres_latents
  Files: 0 .pt files, 0 .nc files
Starting Steering Job with Top 1 Contrastive Pair...
Starting Contrastive Activation Addition (CAA) Steering Pipeline (AO, alphas=[-10.0, -5.0, -2.0, -1.0, 1.0, 2.0, 5.0, 10.0])...
Loaded CSV: thesis/steering/data/contrastive_pair_1.csv
Found 1 Active dates and 1 Neutral dates.
✓ Found PRE-COMPUTED steering vector! Loading steering_vector_ao_cont_1.pt directly...
Using /scratch-shared/ekasteleyn/downloads/hres_t0 for data...
Downloading static/base data if needed...
Selected Base Date: 2017-03-08
Preparing batch...
Loading Aurora Model on cuda...
Base output base_ao_cont_1_20170308_1200_alpha_0.0.nc already exists, skipping base inference.
Applying hook with alpha=-10.0...
Running steered inference (alpha=-10.0) for 12 steps...
Converting prediction to xarray for alpha=-10.0...
Saved steered output to /home/ekasteleyn/aurora_thesis/thesis/steering/vectors/AO_1encoder(2)_cont/steered_ao_cont_1_20170308_1200_polar_both_lat60p0_alpha_-10.0.nc
Applying hook with alpha=-5.0...
Running steered inference (alpha=-5.0) for 12 steps...
Converting prediction to xarray for alpha=-5.0...
Saved steered output to /home/ekasteleyn/aurora_thesis/thesis/steering/vectors/AO_1encoder(2)_cont/steered_ao_cont_1_20170308_1200_polar_both_lat60p0_alpha_-5.0.nc
Applying hook with alpha=-2.0...
Running steered inference (alpha=-2.0) for 12 steps...
Converting prediction to xarray for alpha=-2.0...
Saved steered output to /home/ekasteleyn/aurora_thesis/thesis/steering/vectors/AO_1encoder(2)_cont/steered_ao_cont_1_20170308_1200_polar_both_lat60p0_alpha_-2.0.nc
Applying hook with alpha=-1.0...
Running steered inference (alpha=-1.0) for 12 steps...
Converting prediction to xarray for alpha=-1.0...
Saved steered output to /home/ekasteleyn/aurora_thesis/thesis/steering/vectors/AO_1encoder(2)_cont/steered_ao_cont_1_20170308_1200_polar_both_lat60p0_alpha_-1.0.nc
Applying hook with alpha=1.0...
Running steered inference (alpha=1.0) for 12 steps...
Converting prediction to xarray for alpha=1.0...
Saved steered output to /home/ekasteleyn/aurora_thesis/thesis/steering/vectors/AO_1encoder(2)_cont/steered_ao_cont_1_20170308_1200_polar_both_lat60p0_alpha_1.0.nc
Applying hook with alpha=2.0...
Running steered inference (alpha=2.0) for 12 steps...
Converting prediction to xarray for alpha=2.0...
Saved steered output to /home/ekasteleyn/aurora_thesis/thesis/steering/vectors/AO_1encoder(2)_cont/steered_ao_cont_1_20170308_1200_polar_both_lat60p0_alpha_2.0.nc
Applying hook with alpha=5.0...
Running steered inference (alpha=5.0) for 12 steps...
Converting prediction to xarray for alpha=5.0...
Saved steered output to /home/ekasteleyn/aurora_thesis/thesis/steering/vectors/AO_1encoder(2)_cont/steered_ao_cont_1_20170308_1200_polar_both_lat60p0_alpha_5.0.nc
Applying hook with alpha=10.0...
Running steered inference (alpha=10.0) for 12 steps...
Converting prediction to xarray for alpha=10.0...
Saved steered output to /home/ekasteleyn/aurora_thesis/thesis/steering/vectors/AO_1encoder(2)_cont/steered_ao_cont_1_20170308_1200_polar_both_lat60p0_alpha_10.0.nc
Done!
Done.
