========================================
  STEER AURORA PNA (Single Date)
========================================
Job ID:       23176587
Date:         Thu May 28 15:27:19 CEST 2026
Node:         gcn71.local.snellius.surf.nl
GPU:
NVIDIA A100-SXM4-40GB, 40960 MiB
========================================

Starting Contrastive Activation Addition (CAA) Steering Pipeline (PNA, alphas=[1.0, 2.0, 5.0, 10.0])...
Loaded CSV: /home/ekasteleyn/aurora_thesis/thesis/steering/data/target_dates_pna_81.csv
Found 81 Active dates and 81 Neutral dates.
Pre-computed steering vector not found. Computing from scratch...
S3 Client initialized.
Loading Active latents (81 dates)...
Loading Neutral latents (81 dates)...
Steering vector (delta_v) shape: torch.Size([1, 16200, 2048]), max=0.8844993710517883, min=-0.9048292636871338, norm=194.97866821289062
Applied mask: region=none, hemisphere=both, . Non-zero fraction=1.0000
Saved steering vector to steering_vector_pna.pt
Saved steering norm to steering_vector_norm_pna.pt
      ↑ Uploaded steering vector to S3: s3://ekasteleyn-aurora-predictions/aurora_hres_validation/vectors/steering_vector_pna.pt
      ↑ Uploaded steering norm to S3: s3://ekasteleyn-aurora-predictions/aurora_hres_validation/vectors/steering_vector_norm_pna.pt
Using /scratch-shared/ekasteleyn/downloads/hres_t0 for data...
Downloading static/base data if needed...
Selected Base Date: 2019-08-26
Preparing batch...
Loading Aurora Model on cuda...
Running base inference (alpha=0.0) without hook for 12 steps...
Saved base output to /scratch-shared/ekasteleyn/pna_neutral_steered/base_pna_20190826_1200_alpha_0.0.nc
Applying hook with alpha=1.0...
Running steered inference (alpha=1.0) for 12 steps...
Converting prediction to xarray for alpha=1.0...
Saved steered output to /scratch-shared/ekasteleyn/pna_neutral_steered/steered_pna_20190826_1200_nomask_alpha_1.0.nc
Applying hook with alpha=2.0...
Running steered inference (alpha=2.0) for 12 steps...
Converting prediction to xarray for alpha=2.0...
Saved steered output to /scratch-shared/ekasteleyn/pna_neutral_steered/steered_pna_20190826_1200_nomask_alpha_2.0.nc
Applying hook with alpha=5.0...
Running steered inference (alpha=5.0) for 12 steps...
Converting prediction to xarray for alpha=5.0...
Saved steered output to /scratch-shared/ekasteleyn/pna_neutral_steered/steered_pna_20190826_1200_nomask_alpha_5.0.nc
Applying hook with alpha=10.0...
Running steered inference (alpha=10.0) for 12 steps...
Converting prediction to xarray for alpha=10.0...
Saved steered output to /scratch-shared/ekasteleyn/pna_neutral_steered/steered_pna_20190826_1200_nomask_alpha_10.0.nc
Done!
Job Finished: Thu May 28 15:35:04 CEST 2026
