Running steer_aurora_multi.py for AO_2encoders(0,2) with weights: 1.0 0.0 1.0
Starting Contrastive Activation Addition (CAA) Steering Pipeline (AO, alphas=[-10.0, -5.0, -2.0, -1.0, 1.0, 2.0, 5.0, 10.0])...
Loaded CSV: /home/ekasteleyn/aurora_thesis/thesis/steering/data/target_dates_ao_81.csv
Found 81 Active dates and 81 Neutral dates.
S3 Client initialized.
✓ Found PRE-COMPUTED steering vector! Loading steering_vector_ao_encoder_0_ao81_polar.pt directly...
Applied on-the-fly mask to encoder_0: region=polar, hemisphere=north, lat_min=60.0. Non-zero fraction=0.1667
✓ Found PRE-COMPUTED steering vector! Loading steering_vector_ao_encoder_1_ao81_polar.pt directly...
Applied on-the-fly mask to encoder_1: region=polar, hemisphere=north, lat_min=60.0. Non-zero fraction=0.1667
✓ Found PRE-COMPUTED steering vector! Loading steering_vector_ao_encoder_2_ao81_polar.pt directly...
Applied on-the-fly mask to encoder_2: region=polar, hemisphere=north, lat_min=60.0. Non-zero fraction=0.1667
Using /scratch-shared/ekasteleyn/aurora_data for data...
Downloading static/base data if needed...
Selected Base Date: 2017-03-08
Preparing batch...
Loading Aurora Model on cuda...
Running base inference (alpha=0.0) without hook for 12 steps...
Saved base output to /home/ekasteleyn/aurora_thesis/thesis/steering/vectors/AO_2encoders(0,2)/base_ao_ao81_polar_20170308_1200_alpha_0.0.nc
Applying hooks with base alpha=-10.0...
Registering hook for encoder_0 with alpha=-10.0 (weight=1.0)
Registering hook for encoder_1 with alpha=-0.0 (weight=0.0)
Registering hook for encoder_2 with alpha=-10.0 (weight=1.0)
Running steered inference (base alpha=-10.0) for 12 steps...
Converting prediction to xarray for alpha=-10.0...
Saved steered output to /home/ekasteleyn/aurora_thesis/thesis/steering/vectors/AO_2encoders(0,2)/steered_ao_ao81_polar_20170308_1200_polar_north_lat60p0_alpha_-10.0.nc
Applying hooks with base alpha=-5.0...
Registering hook for encoder_0 with alpha=-5.0 (weight=1.0)
Registering hook for encoder_1 with alpha=-0.0 (weight=0.0)
Registering hook for encoder_2 with alpha=-5.0 (weight=1.0)
Running steered inference (base alpha=-5.0) for 12 steps...
Converting prediction to xarray for alpha=-5.0...
Saved steered output to /home/ekasteleyn/aurora_thesis/thesis/steering/vectors/AO_2encoders(0,2)/steered_ao_ao81_polar_20170308_1200_polar_north_lat60p0_alpha_-5.0.nc
Applying hooks with base alpha=-2.0...
Registering hook for encoder_0 with alpha=-2.0 (weight=1.0)
Registering hook for encoder_1 with alpha=-0.0 (weight=0.0)
Registering hook for encoder_2 with alpha=-2.0 (weight=1.0)
Running steered inference (base alpha=-2.0) for 12 steps...
Converting prediction to xarray for alpha=-2.0...
Saved steered output to /home/ekasteleyn/aurora_thesis/thesis/steering/vectors/AO_2encoders(0,2)/steered_ao_ao81_polar_20170308_1200_polar_north_lat60p0_alpha_-2.0.nc
Applying hooks with base alpha=-1.0...
Registering hook for encoder_0 with alpha=-1.0 (weight=1.0)
Registering hook for encoder_1 with alpha=-0.0 (weight=0.0)
Registering hook for encoder_2 with alpha=-1.0 (weight=1.0)
Running steered inference (base alpha=-1.0) for 12 steps...
Converting prediction to xarray for alpha=-1.0...
Saved steered output to /home/ekasteleyn/aurora_thesis/thesis/steering/vectors/AO_2encoders(0,2)/steered_ao_ao81_polar_20170308_1200_polar_north_lat60p0_alpha_-1.0.nc
Applying hooks with base alpha=1.0...
Registering hook for encoder_0 with alpha=1.0 (weight=1.0)
Registering hook for encoder_1 with alpha=0.0 (weight=0.0)
Registering hook for encoder_2 with alpha=1.0 (weight=1.0)
Running steered inference (base alpha=1.0) for 12 steps...
Converting prediction to xarray for alpha=1.0...
Saved steered output to /home/ekasteleyn/aurora_thesis/thesis/steering/vectors/AO_2encoders(0,2)/steered_ao_ao81_polar_20170308_1200_polar_north_lat60p0_alpha_1.0.nc
Applying hooks with base alpha=2.0...
Registering hook for encoder_0 with alpha=2.0 (weight=1.0)
Registering hook for encoder_1 with alpha=0.0 (weight=0.0)
Registering hook for encoder_2 with alpha=2.0 (weight=1.0)
Running steered inference (base alpha=2.0) for 12 steps...
Converting prediction to xarray for alpha=2.0...
Saved steered output to /home/ekasteleyn/aurora_thesis/thesis/steering/vectors/AO_2encoders(0,2)/steered_ao_ao81_polar_20170308_1200_polar_north_lat60p0_alpha_2.0.nc
Applying hooks with base alpha=5.0...
Registering hook for encoder_0 with alpha=5.0 (weight=1.0)
Registering hook for encoder_1 with alpha=0.0 (weight=0.0)
Registering hook for encoder_2 with alpha=5.0 (weight=1.0)
Running steered inference (base alpha=5.0) for 12 steps...
Converting prediction to xarray for alpha=5.0...
Saved steered output to /home/ekasteleyn/aurora_thesis/thesis/steering/vectors/AO_2encoders(0,2)/steered_ao_ao81_polar_20170308_1200_polar_north_lat60p0_alpha_5.0.nc
Applying hooks with base alpha=10.0...
Registering hook for encoder_0 with alpha=10.0 (weight=1.0)
Registering hook for encoder_1 with alpha=0.0 (weight=0.0)
Registering hook for encoder_2 with alpha=10.0 (weight=1.0)
Running steered inference (base alpha=10.0) for 12 steps...
Converting prediction to xarray for alpha=10.0...
Saved steered output to /home/ekasteleyn/aurora_thesis/thesis/steering/vectors/AO_2encoders(0,2)/steered_ao_ao81_polar_20170308_1200_polar_north_lat60p0_alpha_10.0.nc
Done!
COMPLETE: Thu Jun 11 10:31:56 CEST 2026
