Steering NAO for one neutral date (2020-02-06)...
Starting Contrastive Activation Addition (CAA) Steering Pipeline (NAO, alphas=[-10.0, -5.0, 5.0, 10.0])...
Loaded CSV: thesis/steering/data/target_dates_nao.csv
Found 70 Active dates and 70 Neutral dates.
✓ Found PRE-COMPUTED steering vector! Loading steering_vector_nao.pt directly...
Using /scratch-shared/ekasteleyn/downloads/hres_t0 for data...
Downloading static/base data if needed...
Selected Base Date: 2020-02-06
Preparing batch...
Loading Aurora Model on cuda...
Base output base_nao_20200206_1200_alpha_0.0.nc already exists, skipping base inference.
Applying hook with alpha=-10.0...
Running steered inference (alpha=-10.0) for 12 steps...
Converting prediction to xarray for alpha=-10.0...
Saved steered output to /scratch-shared/ekasteleyn/nao_steered/steered_nao_20200206_1200_polar_north_lat30p0_alpha_-10.0.nc
Applying hook with alpha=-5.0...
Running steered inference (alpha=-5.0) for 12 steps...
Converting prediction to xarray for alpha=-5.0...
Saved steered output to /scratch-shared/ekasteleyn/nao_steered/steered_nao_20200206_1200_polar_north_lat30p0_alpha_-5.0.nc
Applying hook with alpha=5.0...
Running steered inference (alpha=5.0) for 12 steps...
Converting prediction to xarray for alpha=5.0...
Saved steered output to /scratch-shared/ekasteleyn/nao_steered/steered_nao_20200206_1200_polar_north_lat30p0_alpha_5.0.nc
Applying hook with alpha=10.0...
Running steered inference (alpha=10.0) for 12 steps...
Converting prediction to xarray for alpha=10.0...
Saved steered output to /scratch-shared/ekasteleyn/nao_steered/steered_nao_20200206_1200_polar_north_lat30p0_alpha_10.0.nc
Done!
Job Finished: Fri May 29 14:09:59 CEST 2026
