Running with alpha=-0.5
Starting Contrastive Activation Addition (CAA) Steering Pipeline (AO, alpha=-0.5)...
S3 Client initialized.
Loading Active latents (81 dates)...
Warning: Latent file latent_20200215_0000_encoder_2.pt not found locally or on S3.
Warning: Latent file latent_20200315_0000_encoder_2.pt not found locally or on S3.
Loading Neutral latents (81 dates)...
Steering vector (delta_v) shape: torch.Size([1, 16200, 2048]), max= 1.468810796737671, min= -1.659937858581543, norm=319.5049743652344
Keeping all Z levels for 3D structure (shape: torch.Size([1, 16200, 2048]))
Loading Aurora Model on cuda...
Selected Base Neutral Date: 2017-03-08
Downloading static/base data if needed...
  Downloading static variables from HuggingFace...
    ✓ Static variables cached
    Downloading surface variables...
    Downloading atmospheric variables...
Preparing batch...
Running steered inference (alpha=-0.5)...
Converting prediction to xarray...
Saved steered output to steered_ao_ao3_20170308_alpha_-0.5.nc
Running base inference (alpha=0.0) without hook...
Saved base output to base_ao_ao3_20170308_alpha_0.0.nc
Done!
Running with alpha=-0.2
Starting Contrastive Activation Addition (CAA) Steering Pipeline (AO, alpha=-0.2)...
S3 Client initialized.
Loading Active latents (81 dates)...
Warning: Latent file latent_20200215_0000_encoder_2.pt not found locally or on S3.
Warning: Latent file latent_20200315_0000_encoder_2.pt not found locally or on S3.
Loading Neutral latents (81 dates)...
Steering vector (delta_v) shape: torch.Size([1, 16200, 2048]), max= 1.468810796737671, min= -1.659937858581543, norm=319.5049743652344
Keeping all Z levels for 3D structure (shape: torch.Size([1, 16200, 2048]))
Loading Aurora Model on cuda...
Selected Base Neutral Date: 2017-03-08
Downloading static/base data if needed...
Preparing batch...
Running steered inference (alpha=-0.2)...
Converting prediction to xarray...
Saved steered output to steered_ao_ao3_20170308_alpha_-0.2.nc
Base output base_ao_ao3_20170308_alpha_0.0.nc already exists, skipping base inference.
Done!
Running with alpha=-0.1
Starting Contrastive Activation Addition (CAA) Steering Pipeline (AO, alpha=-0.1)...
S3 Client initialized.
Loading Active latents (81 dates)...
Warning: Latent file latent_20200215_0000_encoder_2.pt not found locally or on S3.
Warning: Latent file latent_20200315_0000_encoder_2.pt not found locally or on S3.
Loading Neutral latents (81 dates)...
Steering vector (delta_v) shape: torch.Size([1, 16200, 2048]), max= 1.468810796737671, min= -1.659937858581543, norm=319.5049743652344
Keeping all Z levels for 3D structure (shape: torch.Size([1, 16200, 2048]))
Loading Aurora Model on cuda...
Selected Base Neutral Date: 2017-03-08
Downloading static/base data if needed...
Preparing batch...
Running steered inference (alpha=-0.1)...
Converting prediction to xarray...
Saved steered output to steered_ao_ao3_20170308_alpha_-0.1.nc
Base output base_ao_ao3_20170308_alpha_0.0.nc already exists, skipping base inference.
Done!
Running with alpha=-0.05
Starting Contrastive Activation Addition (CAA) Steering Pipeline (AO, alpha=-0.05)...
S3 Client initialized.
Loading Active latents (81 dates)...
Warning: Latent file latent_20200215_0000_encoder_2.pt not found locally or on S3.
Warning: Latent file latent_20200315_0000_encoder_2.pt not found locally or on S3.
Loading Neutral latents (81 dates)...
Steering vector (delta_v) shape: torch.Size([1, 16200, 2048]), max= 1.468810796737671, min= -1.659937858581543, norm=319.5049743652344
Keeping all Z levels for 3D structure (shape: torch.Size([1, 16200, 2048]))
Loading Aurora Model on cuda...
Selected Base Neutral Date: 2017-03-08
Downloading static/base data if needed...
Preparing batch...
Running steered inference (alpha=-0.05)...
Converting prediction to xarray...
Saved steered output to steered_ao_ao3_20170308_alpha_-0.05.nc
Base output base_ao_ao3_20170308_alpha_0.0.nc already exists, skipping base inference.
Done!
Running with alpha=0.05
Starting Contrastive Activation Addition (CAA) Steering Pipeline (AO, alpha=0.05)...
S3 Client initialized.
Loading Active latents (81 dates)...
Warning: Latent file latent_20200215_0000_encoder_2.pt not found locally or on S3.
Warning: Latent file latent_20200315_0000_encoder_2.pt not found locally or on S3.
Loading Neutral latents (81 dates)...
Steering vector (delta_v) shape: torch.Size([1, 16200, 2048]), max= 1.468810796737671, min= -1.659937858581543, norm=319.5049743652344
Keeping all Z levels for 3D structure (shape: torch.Size([1, 16200, 2048]))
Loading Aurora Model on cuda...
Selected Base Neutral Date: 2017-03-08
Downloading static/base data if needed...
Preparing batch...
Running steered inference (alpha=0.05)...
Converting prediction to xarray...
Saved steered output to steered_ao_ao3_20170308_alpha_0.05.nc
Base output base_ao_ao3_20170308_alpha_0.0.nc already exists, skipping base inference.
Done!
Running with alpha=0.1
Starting Contrastive Activation Addition (CAA) Steering Pipeline (AO, alpha=0.1)...
S3 Client initialized.
Loading Active latents (81 dates)...
Warning: Latent file latent_20200215_0000_encoder_2.pt not found locally or on S3.
Warning: Latent file latent_20200315_0000_encoder_2.pt not found locally or on S3.
Loading Neutral latents (81 dates)...
Steering vector (delta_v) shape: torch.Size([1, 16200, 2048]), max= 1.468810796737671, min= -1.659937858581543, norm=319.5049743652344
Keeping all Z levels for 3D structure (shape: torch.Size([1, 16200, 2048]))
Loading Aurora Model on cuda...
Selected Base Neutral Date: 2017-03-08
Downloading static/base data if needed...
Preparing batch...
Running steered inference (alpha=0.1)...
Converting prediction to xarray...
Saved steered output to steered_ao_ao3_20170308_alpha_0.1.nc
Base output base_ao_ao3_20170308_alpha_0.0.nc already exists, skipping base inference.
Done!
Running with alpha=0.2
Starting Contrastive Activation Addition (CAA) Steering Pipeline (AO, alpha=0.2)...
S3 Client initialized.
Loading Active latents (81 dates)...
Warning: Latent file latent_20200215_0000_encoder_2.pt not found locally or on S3.
Warning: Latent file latent_20200315_0000_encoder_2.pt not found locally or on S3.
Loading Neutral latents (81 dates)...
Steering vector (delta_v) shape: torch.Size([1, 16200, 2048]), max= 1.468810796737671, min= -1.659937858581543, norm=319.5049743652344
Keeping all Z levels for 3D structure (shape: torch.Size([1, 16200, 2048]))
Loading Aurora Model on cuda...
Selected Base Neutral Date: 2017-03-08
Downloading static/base data if needed...
Preparing batch...
Running steered inference (alpha=0.2)...
Converting prediction to xarray...
Saved steered output to steered_ao_ao3_20170308_alpha_0.2.nc
Base output base_ao_ao3_20170308_alpha_0.0.nc already exists, skipping base inference.
Done!
Running with alpha=0.5
Starting Contrastive Activation Addition (CAA) Steering Pipeline (AO, alpha=0.5)...
S3 Client initialized.
Loading Active latents (81 dates)...
Warning: Latent file latent_20200215_0000_encoder_2.pt not found locally or on S3.
Warning: Latent file latent_20200315_0000_encoder_2.pt not found locally or on S3.
Loading Neutral latents (81 dates)...
Steering vector (delta_v) shape: torch.Size([1, 16200, 2048]), max= 1.468810796737671, min= -1.659937858581543, norm=319.5049743652344
Keeping all Z levels for 3D structure (shape: torch.Size([1, 16200, 2048]))
Loading Aurora Model on cuda...
Selected Base Neutral Date: 2017-03-08
Downloading static/base data if needed...
Preparing batch...
Running steered inference (alpha=0.5)...
Converting prediction to xarray...
Saved steered output to steered_ao_ao3_20170308_alpha_0.5.nc
Base output base_ao_ao3_20170308_alpha_0.0.nc already exists, skipping base inference.
Done!
COMPLETE: Fri Apr 10 16:12:40 CEST 2026
