Running with alphas: -0.5 -0.2 -0.1 -0.05 0.05 0.1 0.2 0.5
Starting Contrastive Activation Addition (CAA) Steering Pipeline (AAO, alphas=[-0.5, -0.2, -0.1, -0.05, 0.05, 0.1, 0.2, 0.5])...
Loaded CSV: /home/ekasteleyn/aurora_thesis/thesis/steering/data/target_dates_aao_steer.csv
Found 284 Active dates and 284 Neutral dates.
S3 Client initialized.
Loading Active latents (284 dates)...
Warning: Latent file latent_20160624_0000_encoder_2.pt not found locally or on S3.
Warning: Latent file latent_20171128_0000_encoder_2.pt not found locally or on S3.
Warning: Latent file latent_20180115_0000_encoder_2.pt not found locally or on S3.
Warning: Latent file latent_20181215_0000_encoder_2.pt not found locally or on S3.
Warning: Latent file latent_20190615_0000_encoder_2.pt not found locally or on S3.
Warning: Latent file latent_20201015_0000_encoder_2.pt not found locally or on S3.
Loading Neutral latents (284 dates)...
Warning: Latent file latent_20170315_0000_encoder_2.pt not found locally or on S3.
Warning: Latent file latent_20170615_0000_encoder_2.pt not found locally or on S3.
Warning: Latent file latent_20170715_0000_encoder_2.pt not found locally or on S3.
Warning: Latent file latent_20170815_0000_encoder_2.pt not found locally or on S3.
Warning: Latent file latent_20171215_0000_encoder_2.pt not found locally or on S3.
Warning: Latent file latent_20180415_0000_encoder_2.pt not found locally or on S3.
Warning: Latent file latent_20180515_0000_encoder_2.pt not found locally or on S3.
Warning: Latent file latent_20190115_0000_encoder_2.pt not found locally or on S3.
Warning: Latent file latent_20200415_0000_encoder_2.pt not found locally or on S3.
Warning: Latent file latent_20211015_0000_encoder_2.pt not found locally or on S3.
Steering vector (delta_v) shape: torch.Size([1, 16200, 2048]), max= 0.6885490417480469, min= -1.0125761032104492, norm=154.57235717773438
Keeping all Z levels for 3D structure (shape: torch.Size([1, 16200, 2048]))
Using /scratch-shared/ekasteleyn/aurora_data for data...
Downloading static/base data if needed...
Selected Base Date: 2016-01-13
Preparing batch...
Loading Aurora Model on cuda...
Running base inference (alpha=0.0) without hook...
Saved base output to base_aao_medium_20160113_alpha_0.0.nc
Applying hook with alpha=-0.5...
Running steered inference (alpha=-0.5)...
Converting prediction to xarray for alpha=-0.5...
Saved steered output to steered_aao_medium_20160113_alpha_-0.5.nc
Applying hook with alpha=-0.2...
Running steered inference (alpha=-0.2)...
Converting prediction to xarray for alpha=-0.2...
Saved steered output to steered_aao_medium_20160113_alpha_-0.2.nc
Applying hook with alpha=-0.1...
Running steered inference (alpha=-0.1)...
Converting prediction to xarray for alpha=-0.1...
Saved steered output to steered_aao_medium_20160113_alpha_-0.1.nc
Applying hook with alpha=-0.05...
Running steered inference (alpha=-0.05)...
Converting prediction to xarray for alpha=-0.05...
Saved steered output to steered_aao_medium_20160113_alpha_-0.05.nc
Applying hook with alpha=0.05...
Running steered inference (alpha=0.05)...
Converting prediction to xarray for alpha=0.05...
Saved steered output to steered_aao_medium_20160113_alpha_0.05.nc
Applying hook with alpha=0.1...
Running steered inference (alpha=0.1)...
Converting prediction to xarray for alpha=0.1...
Saved steered output to steered_aao_medium_20160113_alpha_0.1.nc
Applying hook with alpha=0.2...
Running steered inference (alpha=0.2)...
Converting prediction to xarray for alpha=0.2...
Saved steered output to steered_aao_medium_20160113_alpha_0.2.nc
Applying hook with alpha=0.5...
Running steered inference (alpha=0.5)...
Converting prediction to xarray for alpha=0.5...
Saved steered output to steered_aao_medium_20160113_alpha_0.5.nc
Done!
COMPLETE: $(date)
