Running with alphas: -0.5 -0.2 -0.1 -0.05 0.05 0.1 0.2 0.5 for 12 steps (3-day prediction)
Starting Contrastive Activation Addition (CAA) Steering Pipeline (AAO, alphas=[-0.5, -0.2, -0.1, -0.05, 0.05, 0.1, 0.2, 0.5])...
Loaded Neutral dates from separate CSV: /home/ekasteleyn/aurora_thesis/thesis/steering/data/target_dates_aao_steer.csv
Loaded CSV: /home/ekasteleyn/aurora_thesis/thesis/steering/data/target_dates_aao_high.csv
Found 53 Active dates and 284 Neutral dates.
S3 Client initialized.
Loading Active latents (53 dates)...
Loading Neutral latents (284 dates)...
Warning: Latent file latent_20170315_0000_encoder_2.pt not found locally or on S3.
Warning: Latent file latent_20170615_0000_encoder_2.pt not found locally or on S3.
Warning: Latent file latent_20170715_0000_encoder_2.pt not found locally or on S3.
Warning: Latent file latent_20170815_0000_encoder_2.pt not found locally or on S3.
Warning: Latent file latent_20171215_0000_encoder_2.pt not found locally or on S3.
Warning: Latent file latent_20180415_0000_encoder_2.pt not found locally or on S3.
Warning: Latent file latent_20180515_0000_encoder_2.pt not found locally or on S3.
Warning: Latent file latent_20190115_0000_encoder_2.pt not found locally or on S3.
Warning: Latent file latent_20200415_0000_encoder_2.pt not found locally or on S3.
Warning: Latent file latent_20211015_0000_encoder_2.pt not found locally or on S3.
Steering vector (delta_v) shape: torch.Size([1, 16200, 2048]), max= 0.9370344877243042, min= -1.2662614583969116, norm=240.6564178466797
Keeping all Z levels for 3D structure (shape: torch.Size([1, 16200, 2048]))
Using /scratch-shared/ekasteleyn/aurora_data for data...
Downloading static/base data if needed...
Selected Base Date: 2016-01-13
Preparing batch...
Loading Aurora Model on cuda...
Running base inference (alpha=0.0) without hook for 12 steps...
Saved base output to base_aao_high_3day_20160113_alpha_0.0.nc
Applying hook with alpha=-0.5...
Running steered inference (alpha=-0.5) for 12 steps...
Converting prediction to xarray for alpha=-0.5...
Saved steered output to steered_aao_high_3day_20160113_alpha_-0.5.nc
Applying hook with alpha=-0.2...
Running steered inference (alpha=-0.2) for 12 steps...
Converting prediction to xarray for alpha=-0.2...
Saved steered output to steered_aao_high_3day_20160113_alpha_-0.2.nc
Applying hook with alpha=-0.1...
Running steered inference (alpha=-0.1) for 12 steps...
Converting prediction to xarray for alpha=-0.1...
Saved steered output to steered_aao_high_3day_20160113_alpha_-0.1.nc
Applying hook with alpha=-0.05...
Running steered inference (alpha=-0.05) for 12 steps...
Converting prediction to xarray for alpha=-0.05...
Saved steered output to steered_aao_high_3day_20160113_alpha_-0.05.nc
Applying hook with alpha=0.05...
Running steered inference (alpha=0.05) for 12 steps...
Converting prediction to xarray for alpha=0.05...
Saved steered output to steered_aao_high_3day_20160113_alpha_0.05.nc
Applying hook with alpha=0.1...
Running steered inference (alpha=0.1) for 12 steps...
Converting prediction to xarray for alpha=0.1...
Saved steered output to steered_aao_high_3day_20160113_alpha_0.1.nc
Applying hook with alpha=0.2...
Running steered inference (alpha=0.2) for 12 steps...
Converting prediction to xarray for alpha=0.2...
Saved steered output to steered_aao_high_3day_20160113_alpha_0.2.nc
Applying hook with alpha=0.5...
Running steered inference (alpha=0.5) for 12 steps...
Converting prediction to xarray for alpha=0.5...
Saved steered output to steered_aao_high_3day_20160113_alpha_0.5.nc
Done!
COMPLETE: Thu Apr 16 11:41:49 CEST 2026
