Steering NAO for one neutral date (2020-02-06)...
Starting Contrastive Activation Addition (CAA) Steering Pipeline (NAO, alphas=[1.0, 2.0, -1.0, -2.0])...
Loaded CSV: thesis/steering/data/target_dates_nao.csv
Found 70 Active dates and 70 Neutral dates.
Pre-computed steering vector not found. Computing from scratch...
S3 Client initialized.
Loading Active latents (70 dates)...
Loading Neutral latents (70 dates)...
Steering vector (delta_v) shape: torch.Size([1, 16200, 2048]), max=1.2463114261627197, min=-1.6306579113006592, norm=231.0800018310547
Applied mask: region=polar, hemisphere=north, lat_min=30.0. Non-zero fraction=0.3333
Saved steering vector to steering_vector_nao.pt
Saved steering norm to steering_vector_norm_nao.pt
      ↑ Uploaded steering vector to S3: s3://ekasteleyn-aurora-predictions/aurora_hres_validation/vectors/steering_vector_nao.pt
      ↑ Uploaded steering norm to S3: s3://ekasteleyn-aurora-predictions/aurora_hres_validation/vectors/steering_vector_norm_nao.pt
Using /scratch-shared/ekasteleyn/downloads/hres_t0 for data...
Downloading static/base data if needed...
Selected Base Date: 2020-02-06
Preparing batch...
Loading Aurora Model on cuda...
Running base inference (alpha=0.0) without hook for 12 steps...
Saved base output to /scratch-shared/ekasteleyn/nao_steered/base_nao_20200206_1200_alpha_0.0.nc
Applying hook with alpha=1.0...
Running steered inference (alpha=1.0) for 12 steps...
Converting prediction to xarray for alpha=1.0...
Saved steered output to /scratch-shared/ekasteleyn/nao_steered/steered_nao_20200206_1200_polar_north_lat30p0_alpha_1.0.nc
Applying hook with alpha=2.0...
Running steered inference (alpha=2.0) for 12 steps...
Converting prediction to xarray for alpha=2.0...
Saved steered output to /scratch-shared/ekasteleyn/nao_steered/steered_nao_20200206_1200_polar_north_lat30p0_alpha_2.0.nc
Applying hook with alpha=-1.0...
Running steered inference (alpha=-1.0) for 12 steps...
Converting prediction to xarray for alpha=-1.0...
Saved steered output to /scratch-shared/ekasteleyn/nao_steered/steered_nao_20200206_1200_polar_north_lat30p0_alpha_-1.0.nc
Applying hook with alpha=-2.0...
Running steered inference (alpha=-2.0) for 12 steps...
Converting prediction to xarray for alpha=-2.0...
Saved steered output to /scratch-shared/ekasteleyn/nao_steered/steered_nao_20200206_1200_polar_north_lat30p0_alpha_-2.0.nc
Done!
Job Finished: Thu May 28 13:03:59 CEST 2026
