Running with alphas: -0.5 -0.2 -0.1 -0.05 0.05 0.1 0.2 0.5
Starting Contrastive Activation Addition (CAA) Steering Pipeline (AO, alphas=[-0.5, -0.2, -0.1, -0.05, 0.05, 0.1, 0.2, 0.5])...
Loaded CSV: /home/ekasteleyn/aurora_thesis/thesis/steering/data/target_dates_ao_232.csv
Found 232 Active dates and 232 Neutral dates.
S3 Client initialized.
Loading Active latents (232 dates)...
Warning: Latent file latent_20170315_0000_encoder_2.pt not found locally or on S3.
Warning: Latent file latent_20180815_0000_encoder_2.pt not found locally or on S3.
Warning: Latent file latent_20200215_0000_encoder_2.pt not found locally or on S3.
Warning: Latent file latent_20200315_0000_encoder_2.pt not found locally or on S3.
Warning: Latent file latent_20201115_0000_encoder_2.pt not found locally or on S3.
Loading Neutral latents (232 dates)...
Warning: Latent file latent_20180915_0000_encoder_2.pt not found locally or on S3.
Warning: Latent file latent_20181115_0000_encoder_2.pt not found locally or on S3.
Warning: Latent file latent_20210515_0000_encoder_2.pt not found locally or on S3.
Warning: Latent file latent_20170915_0000_encoder_2.pt not found locally or on S3.
Warning: Latent file latent_20180615_0000_encoder_2.pt not found locally or on S3.
Steering vector (delta_v) shape: torch.Size([1, 16200, 2048]), max= 1.3812696933746338, min= -1.5763728618621826, norm=281.8432312011719
Keeping all Z levels for 3D structure (shape: torch.Size([1, 16200, 2048]))
Using /scratch-shared/ekasteleyn/aurora_data for data...
Downloading static/base data if needed...
Selected Base Date: 2017-03-08
Preparing batch...
Loading Aurora Model on cuda...
Running base inference (alpha=0.0) without hook...
Saved base output to base_ao_20170308_alpha_0.0.nc
Applying hook with alpha=-0.5...
Running steered inference (alpha=-0.5)...
Converting prediction to xarray for alpha=-0.5...
Saved steered output to steered_ao_20170308_alpha_-0.5.nc
Applying hook with alpha=-0.2...
Running steered inference (alpha=-0.2)...
Converting prediction to xarray for alpha=-0.2...
Saved steered output to steered_ao_20170308_alpha_-0.2.nc
Applying hook with alpha=-0.1...
Running steered inference (alpha=-0.1)...
Converting prediction to xarray for alpha=-0.1...
Saved steered output to steered_ao_20170308_alpha_-0.1.nc
Applying hook with alpha=-0.05...
Running steered inference (alpha=-0.05)...
Converting prediction to xarray for alpha=-0.05...
Saved steered output to steered_ao_20170308_alpha_-0.05.nc
Applying hook with alpha=0.05...
Running steered inference (alpha=0.05)...
Converting prediction to xarray for alpha=0.05...
Saved steered output to steered_ao_20170308_alpha_0.05.nc
Applying hook with alpha=0.1...
Running steered inference (alpha=0.1)...
Converting prediction to xarray for alpha=0.1...
Saved steered output to steered_ao_20170308_alpha_0.1.nc
Applying hook with alpha=0.2...
Running steered inference (alpha=0.2)...
Converting prediction to xarray for alpha=0.2...
Saved steered output to steered_ao_20170308_alpha_0.2.nc
Applying hook with alpha=0.5...
Running steered inference (alpha=0.5)...
Converting prediction to xarray for alpha=0.5...
Saved steered output to steered_ao_20170308_alpha_0.5.nc
Done!
COMPLETE: Thu Apr 16 09:02:25 CEST 2026
