========================================
  STEER AO - Base Date: 2017-03-08
========================================
Starting Contrastive Activation Addition (CAA) Steering Pipeline (AO, alphas=[1.0, 2.0, 5.0, 10.0])...
Loaded CSV: thesis/steering/data/target_dates_ao_81.csv
Found 81 Active dates and 81 Neutral dates.
✓ Found PRE-COMPUTED steering vector! Loading steering_vector_ao.pt directly...
Using /scratch-shared/ekasteleyn/aurora_data for data...
Downloading static/base data if needed...
Selected Base Date: 2017-03-08
Preparing batch...
Loading Aurora Model on cuda...
Base output base_ao_20170308_1200_alpha_0.0.nc already exists, skipping base inference.
Applying hook with alpha=1.0...
Running steered inference (alpha=1.0) for 12 steps...
Converting prediction to xarray for alpha=1.0...
Saved steered output to /scratch-shared/ekasteleyn/ao_neutral_steered/steered_ao_20170308_1200_polar_both_lat60p0_alpha_1.0.nc
Applying hook with alpha=2.0...
Running steered inference (alpha=2.0) for 12 steps...
Converting prediction to xarray for alpha=2.0...
Saved steered output to /scratch-shared/ekasteleyn/ao_neutral_steered/steered_ao_20170308_1200_polar_both_lat60p0_alpha_2.0.nc
Applying hook with alpha=5.0...
Running steered inference (alpha=5.0) for 12 steps...
Converting prediction to xarray for alpha=5.0...
Saved steered output to /scratch-shared/ekasteleyn/ao_neutral_steered/steered_ao_20170308_1200_polar_both_lat60p0_alpha_5.0.nc
Applying hook with alpha=10.0...
Running steered inference (alpha=10.0) for 12 steps...
Converting prediction to xarray for alpha=10.0...
Saved steered output to /scratch-shared/ekasteleyn/ao_neutral_steered/steered_ao_20170308_1200_polar_both_lat60p0_alpha_10.0.nc
Done!
Steering Complete: Wed May 27 17:03:23 CEST 2026
