Traceback (most recent call last):
  File "/home/ekasteleyn/aurora_thesis/steer_aurora.py", line 179, in <module>
    main()
  File "/home/ekasteleyn/aurora_thesis/steer_aurora.py", line 160, in main
    for pred in rollout(model, batch, steps=1):
  File "/home/ekasteleyn/aurora_thesis/aurora_env/lib/python3.11/site-packages/aurora/rollout.py", line 34, in rollout
    pred = model.forward(batch)
           ^^^^^^^^^^^^^^^^^^^^
  File "/home/ekasteleyn/aurora_thesis/aurora_env/lib/python3.11/site-packages/aurora/model/aurora.py", line 338, in forward
    x = self.backbone(
        ^^^^^^^^^^^^^^
  File "/home/ekasteleyn/aurora_thesis/aurora_env/lib/python3.11/site-packages/torch/nn/modules/module.py", line 1775, in _wrapped_call_impl
    return self._call_impl(*args, **kwargs)
           ^^^^^^^^^^^^^^^^^^^^^^^^^^^^^^^^
  File "/home/ekasteleyn/aurora_thesis/aurora_env/lib/python3.11/site-packages/torch/nn/modules/module.py", line 1786, in _call_impl
    return forward_call(*args, **kwargs)
           ^^^^^^^^^^^^^^^^^^^^^^^^^^^^^
  File "/home/ekasteleyn/aurora_thesis/aurora_env/lib/python3.11/site-packages/aurora/model/swin3d.py", line 918, in forward
    x, x_unscaled = layer(x, c, all_enc_res[i], rollout_step=rollout_step)
                    ^^^^^^^^^^^^^^^^^^^^^^^^^^^^^^^^^^^^^^^^^^^^^^^^^^^^^^
  File "/home/ekasteleyn/aurora_thesis/aurora_env/lib/python3.11/site-packages/torch/nn/modules/module.py", line 1775, in _wrapped_call_impl
    return self._call_impl(*args, **kwargs)
           ^^^^^^^^^^^^^^^^^^^^^^^^^^^^^^^^
  File "/home/ekasteleyn/aurora_thesis/aurora_env/lib/python3.11/site-packages/torch/nn/modules/module.py", line 1881, in _call_impl
    return inner()
           ^^^^^^^
  File "/home/ekasteleyn/aurora_thesis/aurora_env/lib/python3.11/site-packages/torch/nn/modules/module.py", line 1842, in inner
    hook_result = hook(self, args, result)
                  ^^^^^^^^^^^^^^^^^^^^^^^^
  File "/home/ekasteleyn/aurora_thesis/steer_aurora.py", line 116, in hook
    new_x = x + (alpha * s_vec)
            ~~^~~~~~~~~~~~~~~~~
RuntimeError: The size of tensor a (2048) must match the size of tensor b (1536) at non-singleton dimension 4
