========================================
  STEER AURORA MJO (Tropical Mask)
========================================
Job ID:       23217495
Date:         Fri May 29 14:04:03 CEST 2026
Node:         gcn42.local.snellius.surf.nl
GPU:
NVIDIA A100-SXM4-40GB, 40960 MiB
========================================

Starting Contrastive Activation Addition (CAA) Steering Pipeline (MJO, alphas=[-10.0, -5.0, -2.0, 2.0, 5.0, 10.0])...
Loaded CSV: /home/ekasteleyn/aurora_thesis/thesis/steering/data/target_dates_mjo.csv
Found 48 Active dates and 48 Neutral dates.
✓ Found PRE-COMPUTED steering vector! Loading steering_vector_mjo.pt directly...
Using /scratch-shared/ekasteleyn/aurora_data for data...
Downloading static/base data if needed...
Selected Base Date: 2016-01-23
Preparing batch...
Loading Aurora Model on cuda...
Base output base_mjo_20160123_1200_alpha_0.0.nc already exists, skipping base inference.
Applying hook with alpha=-10.0...
Running steered inference (alpha=-10.0) for 12 steps...
Converting prediction to xarray for alpha=-10.0...
Saved steered output to thesis/results/steered_mjo_20160123_1200_tropical_lat30p0_alpha_-10.0.nc
Applying hook with alpha=-5.0...
Running steered inference (alpha=-5.0) for 12 steps...
Converting prediction to xarray for alpha=-5.0...
Saved steered output to thesis/results/steered_mjo_20160123_1200_tropical_lat30p0_alpha_-5.0.nc
Applying hook with alpha=-2.0...
Running steered inference (alpha=-2.0) for 12 steps...
Converting prediction to xarray for alpha=-2.0...
Saved steered output to thesis/results/steered_mjo_20160123_1200_tropical_lat30p0_alpha_-2.0.nc
Applying hook with alpha=2.0...
Running steered inference (alpha=2.0) for 12 steps...
Converting prediction to xarray for alpha=2.0...
Saved steered output to thesis/results/steered_mjo_20160123_1200_tropical_lat30p0_alpha_2.0.nc
Applying hook with alpha=5.0...
Running steered inference (alpha=5.0) for 12 steps...
Converting prediction to xarray for alpha=5.0...
Saved steered output to thesis/results/steered_mjo_20160123_1200_tropical_lat30p0_alpha_5.0.nc
Applying hook with alpha=10.0...
Running steered inference (alpha=10.0) for 12 steps...
Converting prediction to xarray for alpha=10.0...
Saved steered output to thesis/results/steered_mjo_20160123_1200_tropical_lat30p0_alpha_10.0.nc
Done!
