========================================
  STEER AURORA ENSO (Tropical Mask)
========================================
Job ID:       23176523
Date:         Thu May 28 13:15:47 CEST 2026
Node:         gcn42.local.snellius.surf.nl
GPU:
NVIDIA A100-SXM4-40GB, 40960 MiB
========================================

Starting Contrastive Activation Addition (CAA) Steering Pipeline (ENSO, alphas=[0.5, 1.0, -0.5, -1.0])...
Loaded CSV: /home/ekasteleyn/aurora_thesis/thesis/steering/data/target_dates_enso.csv
Found 56 Active dates and 36 Neutral dates.
Pre-computed steering vector not found. Computing from scratch...
S3 Client initialized.
Loading Active latents (56 dates)...
Loading Neutral latents (36 dates)...
Steering vector (delta_v) shape: torch.Size([1, 16200, 2048]), max=1.1556427478790283, min=-0.9744478464126587, norm=265.5404968261719
Applied mask: region=tropical, hemisphere=both, lat_max=30.0. Non-zero fraction=0.3333
Saved steering vector to steering_vector_enso.pt
Saved steering norm to steering_vector_norm_enso.pt
      ↑ Uploaded steering vector to S3: s3://ekasteleyn-aurora-predictions/aurora_hres_validation/vectors/steering_vector_enso.pt
      ↑ Uploaded steering norm to S3: s3://ekasteleyn-aurora-predictions/aurora_hres_validation/vectors/steering_vector_norm_enso.pt
Using /scratch-shared/ekasteleyn/aurora_data for data...
Downloading static/base data if needed...
Selected Base Date: 2017-01-03
Preparing batch...
Loading Aurora Model on cuda...
Running base inference (alpha=0.0) without hook for 12 steps...
Saved base output to thesis/results/base_enso_20170103_1200_alpha_0.0.nc
Applying hook with alpha=0.5...
Running steered inference (alpha=0.5) for 12 steps...
Converting prediction to xarray for alpha=0.5...
Saved steered output to thesis/results/steered_enso_20170103_1200_tropical_lat30p0_alpha_0.5.nc
Applying hook with alpha=1.0...
Running steered inference (alpha=1.0) for 12 steps...
Converting prediction to xarray for alpha=1.0...
Saved steered output to thesis/results/steered_enso_20170103_1200_tropical_lat30p0_alpha_1.0.nc
Applying hook with alpha=-0.5...
Running steered inference (alpha=-0.5) for 12 steps...
Converting prediction to xarray for alpha=-0.5...
Saved steered output to thesis/results/steered_enso_20170103_1200_tropical_lat30p0_alpha_-0.5.nc
Applying hook with alpha=-1.0...
Running steered inference (alpha=-1.0) for 12 steps...
Converting prediction to xarray for alpha=-1.0...
Saved steered output to thesis/results/steered_enso_20170103_1200_tropical_lat30p0_alpha_-1.0.nc
Done!
