========================================
  STEER AURORA PNA (Single Date)
========================================
Job ID:       23217496
Date:         Fri May 29 14:04:02 CEST 2026
Node:         gcn45.local.snellius.surf.nl
GPU:
NVIDIA A100-SXM4-40GB, 40960 MiB
========================================

Starting Contrastive Activation Addition (CAA) Steering Pipeline (PNA, alphas=[-10.0, -5.0, -2.0, -1.0])...
Loaded CSV: /home/ekasteleyn/aurora_thesis/thesis/steering/data/target_dates_pna_81.csv
Found 81 Active dates and 81 Neutral dates.
✓ Found PRE-COMPUTED steering vector! Loading steering_vector_pna.pt directly...
Using /scratch-shared/ekasteleyn/downloads/hres_t0 for data...
Downloading static/base data if needed...
Selected Base Date: 2019-08-26
Preparing batch...
Loading Aurora Model on cuda...
Base output base_pna_20190826_1200_alpha_0.0.nc already exists, skipping base inference.
Applying hook with alpha=-10.0...
Running steered inference (alpha=-10.0) for 12 steps...
Converting prediction to xarray for alpha=-10.0...
Saved steered output to /scratch-shared/ekasteleyn/pna_neutral_steered/steered_pna_20190826_1200_nomask_alpha_-10.0.nc
Applying hook with alpha=-5.0...
Running steered inference (alpha=-5.0) for 12 steps...
Converting prediction to xarray for alpha=-5.0...
Saved steered output to /scratch-shared/ekasteleyn/pna_neutral_steered/steered_pna_20190826_1200_nomask_alpha_-5.0.nc
Applying hook with alpha=-2.0...
Running steered inference (alpha=-2.0) for 12 steps...
Converting prediction to xarray for alpha=-2.0...
Saved steered output to /scratch-shared/ekasteleyn/pna_neutral_steered/steered_pna_20190826_1200_nomask_alpha_-2.0.nc
Applying hook with alpha=-1.0...
Running steered inference (alpha=-1.0) for 12 steps...
Converting prediction to xarray for alpha=-1.0...
Saved steered output to /scratch-shared/ekasteleyn/pna_neutral_steered/steered_pna_20190826_1200_nomask_alpha_-1.0.nc
Done!
Job Finished: Fri May 29 14:09:36 CEST 2026
