Running with alphas: -0.5 -0.2 -0.1 -0.05 0.05 0.1 0.2 0.5
Starting Contrastive Activation Addition (CAA) Steering Pipeline (AO, alphas=[-0.5, -0.2, -0.1, -0.05, 0.05, 0.1, 0.2, 0.5])...
Loaded CSV: /home/ekasteleyn/aurora_thesis/thesis/steering/data/target_dates_ao_81.csv
Found 81 Active dates and 81 Neutral dates.
S3 Client initialized.
Loading Active latents (81 dates)...
Warning: Latent file latent_20200215_0000_encoder_2.pt not found locally or on S3.
Warning: Latent file latent_20200315_0000_encoder_2.pt not found locally or on S3.
Loading Neutral latents (81 dates)...
Steering vector (delta_v) shape: torch.Size([1, 16200, 2048]), max= 1.468810796737671, min= -1.659937858581543, norm=319.5049743652344
Keeping all Z levels for 3D structure (shape: torch.Size([1, 16200, 2048]))
Using /scratch-shared/ekasteleyn/aurora_data for data...
Downloading static/base data if needed...
Selected Base Date: 2017-03-08
Preparing batch...
Loading Aurora Model on cuda...
Running base inference (alpha=0.0) without hook...
Saved base output to base_ao_ao3_20170308_alpha_0.0.nc
Applying hook with alpha=-0.5...
Running steered inference (alpha=-0.5)...
Converting prediction to xarray for alpha=-0.5...
Saved steered output to steered_ao_ao3_20170308_alpha_-0.5.nc
Applying hook with alpha=-0.2...
Running steered inference (alpha=-0.2)...
Converting prediction to xarray for alpha=-0.2...
Saved steered output to steered_ao_ao3_20170308_alpha_-0.2.nc
Applying hook with alpha=-0.1...
Running steered inference (alpha=-0.1)...
Converting prediction to xarray for alpha=-0.1...
Saved steered output to steered_ao_ao3_20170308_alpha_-0.1.nc
Applying hook with alpha=-0.05...
Running steered inference (alpha=-0.05)...
Converting prediction to xarray for alpha=-0.05...
Saved steered output to steered_ao_ao3_20170308_alpha_-0.05.nc
Applying hook with alpha=0.05...
Running steered inference (alpha=0.05)...
Converting prediction to xarray for alpha=0.05...
Saved steered output to steered_ao_ao3_20170308_alpha_0.05.nc
Applying hook with alpha=0.1...
Running steered inference (alpha=0.1)...
Converting prediction to xarray for alpha=0.1...
Saved steered output to steered_ao_ao3_20170308_alpha_0.1.nc
Applying hook with alpha=0.2...
Running steered inference (alpha=0.2)...
Converting prediction to xarray for alpha=0.2...
Saved steered output to steered_ao_ao3_20170308_alpha_0.2.nc
Applying hook with alpha=0.5...
Running steered inference (alpha=0.5)...
Converting prediction to xarray for alpha=0.5...
Saved steered output to steered_ao_ao3_20170308_alpha_0.5.nc
Done!
COMPLETE: Thu Apr 16 09:29:45 CEST 2026
