========================================
  STEER AURORA MJO - ALPHA=0.05
========================================
Job ID:       21703353
Array Task:   4
Date:         Thu Apr  9 16:00:45 CEST 2026
Node:         gcn38.local.snellius.surf.nl
GPU:
NVIDIA A100-SXM4-40GB, 40960 MiB
========================================

Starting Contrastive Activation Addition (CAA) Steering Pipeline (MJO, alpha=0.05)...
S3 Client initialized.
Loading Active latents (50 dates)...
Loading Neutral latents (50 dates)...
Steering vector (delta_v) shape: torch.Size([1, 16200, 2048]), max= 1.0617977380752563, min= -1.0969116687774658, norm=269.784912109375
Keeping all Z levels for 3D structure (shape: torch.Size([1, 16200, 2048]))
Loading Aurora Model on cuda...
Selected Base Neutral Date: 2020-01-03
Downloading static/base data if needed...
  Downloading static variables from HuggingFace...
    ✓ Static variables cached
    Downloading surface variables...
    Downloading atmospheric variables...
Preparing batch...
Running steered inference (alpha=0.05)...
Converting prediction to xarray...
Saved steered output to steered_mjo_20200103_alpha_0.05.nc
Base output base_mjo_20200103_alpha_0.0.nc already exists, skipping base inference.
Done!
