Running with alphas: -10.0 -5.0 -2.0 -1.0 1.0 2.0 5.0 10.0 for encoder 0
Starting Contrastive Activation Addition (CAA) Steering Pipeline (AO, alphas=[-10.0, -5.0, -2.0, -1.0, 1.0, 2.0, 5.0, 10.0])...
Loaded CSV: /home/ekasteleyn/aurora_thesis/thesis/steering/data/target_dates_ao_81.csv
Found 81 Active dates and 81 Neutral dates.
Pre-computed steering vector not found. Computing from scratch...
S3 Client initialized.
Loading Active latents (81 dates)...
Warning: Latent file latent_20200215_0000_encoder_0.pt not found locally or on S3.
Warning: Latent file latent_20200315_0000_encoder_0.pt not found locally or on S3.
Loading Neutral latents (81 dates)...
Warning: Latent file latent_20170328_0000_encoder_0.pt not found locally or on S3.
Warning: Latent file latent_20180329_0000_encoder_0.pt not found locally or on S3.
Warning: Latent file latent_20180331_0000_encoder_0.pt not found locally or on S3.
Warning: Latent file latent_20170310_0000_encoder_0.pt not found locally or on S3.
Warning: Latent file latent_20160301_0000_encoder_0.pt not found locally or on S3.
Warning: Latent file latent_20160209_0000_encoder_0.pt not found locally or on S3.
Steering vector (delta_v) shape: torch.Size([1, 64800, 1024]), max=4.891350746154785, min=-5.523192405700684, norm=890.7183227539062
Saved steering vector to steering_vector_ao_ao81_polar.pt
Saved steering norm to steering_vector_norm_ao_ao81_polar.pt
      ↑ Uploaded steering vector to S3: s3://ekasteleyn-aurora-predictions/aurora_hres_validation/vectors/steering_vector_ao_ao81_polar.pt
      ↑ Uploaded steering norm to S3: s3://ekasteleyn-aurora-predictions/aurora_hres_validation/vectors/steering_vector_norm_ao_ao81_polar.pt
Applied on-the-fly mask: region=polar, hemisphere=north, lat_min=60.0. Non-zero fraction=0.1667
Using /scratch-shared/ekasteleyn/aurora_data for data...
Downloading static/base data if needed...
Selected Base Date: 2017-03-08
Preparing batch...
Loading Aurora Model on cuda...
Running base inference (alpha=0.0) without hook for 12 steps...
Saved base output to /home/ekasteleyn/aurora_thesis/thesis/steering/vectors/AO_1encoder(0)/base_ao_ao81_polar_20170308_1200_alpha_0.0.nc
Applying hook with alpha=-10.0...
Running steered inference (alpha=-10.0) for 12 steps...
Converting prediction to xarray for alpha=-10.0...
Saved steered output to /home/ekasteleyn/aurora_thesis/thesis/steering/vectors/AO_1encoder(0)/steered_ao_ao81_polar_20170308_1200_polar_north_lat60p0_alpha_-10.0.nc
Applying hook with alpha=-5.0...
Running steered inference (alpha=-5.0) for 12 steps...
Converting prediction to xarray for alpha=-5.0...
Saved steered output to /home/ekasteleyn/aurora_thesis/thesis/steering/vectors/AO_1encoder(0)/steered_ao_ao81_polar_20170308_1200_polar_north_lat60p0_alpha_-5.0.nc
Applying hook with alpha=-2.0...
Running steered inference (alpha=-2.0) for 12 steps...
Converting prediction to xarray for alpha=-2.0...
Saved steered output to /home/ekasteleyn/aurora_thesis/thesis/steering/vectors/AO_1encoder(0)/steered_ao_ao81_polar_20170308_1200_polar_north_lat60p0_alpha_-2.0.nc
Applying hook with alpha=-1.0...
Running steered inference (alpha=-1.0) for 12 steps...
Converting prediction to xarray for alpha=-1.0...
Saved steered output to /home/ekasteleyn/aurora_thesis/thesis/steering/vectors/AO_1encoder(0)/steered_ao_ao81_polar_20170308_1200_polar_north_lat60p0_alpha_-1.0.nc
Applying hook with alpha=1.0...
Running steered inference (alpha=1.0) for 12 steps...
Converting prediction to xarray for alpha=1.0...
Saved steered output to /home/ekasteleyn/aurora_thesis/thesis/steering/vectors/AO_1encoder(0)/steered_ao_ao81_polar_20170308_1200_polar_north_lat60p0_alpha_1.0.nc
Applying hook with alpha=2.0...
Running steered inference (alpha=2.0) for 12 steps...
Converting prediction to xarray for alpha=2.0...
Saved steered output to /home/ekasteleyn/aurora_thesis/thesis/steering/vectors/AO_1encoder(0)/steered_ao_ao81_polar_20170308_1200_polar_north_lat60p0_alpha_2.0.nc
Applying hook with alpha=5.0...
Running steered inference (alpha=5.0) for 12 steps...
Converting prediction to xarray for alpha=5.0...
Saved steered output to /home/ekasteleyn/aurora_thesis/thesis/steering/vectors/AO_1encoder(0)/steered_ao_ao81_polar_20170308_1200_polar_north_lat60p0_alpha_5.0.nc
Applying hook with alpha=10.0...
Running steered inference (alpha=10.0) for 12 steps...
Converting prediction to xarray for alpha=10.0...
Saved steered output to /home/ekasteleyn/aurora_thesis/thesis/steering/vectors/AO_1encoder(0)/steered_ao_ao81_polar_20170308_1200_polar_north_lat60p0_alpha_10.0.nc
Done!
COMPLETE: Thu Jun 11 10:25:56 CEST 2026
