========================================
  DAILY RMSE: neuralgcm (2020)
========================================
Job ID:       21224156
Date:         Fri Mar 27 03:57:41 PM CET 2026
Hostname:     tcn257.local.snellius.surf.nl
Output:       /home/ekasteleyn/aurora_thesis/thesis/results/daily_rmse_neuralgcm_2020.csv
========================================


============================================================
  NEURALGCM
============================================================
  Opening prediction Zarr (one-time load)...
  Opening ERA5 Zarr (one-time load)...
  Found 732 init times in 2020
  Available lead times: [0, 12, 24, 36, 48, 60, 72, 84, 96, 108]... (total 31)

  Processing lead_time=12h...
    Loading predictions...
    Loading prediction arrays...
    Loading ERA5 truth...
    Computing RMSE for 732 dates...
    ✓ Done

  Processing lead_time=120h...
    Loading predictions...
    Loading prediction arrays...
    Loading ERA5 truth...
    Computing RMSE for 732 dates...
    ✓ Done

  Processing lead_time=240h...
    Loading predictions...
    Loading prediction arrays...
    Loading ERA5 truth...
    Computing RMSE for 732 dates...
    ✓ Done

  ✓ Saved 2196 rows to /home/ekasteleyn/aurora_thesis/thesis/results/daily_rmse_neuralgcm_2020.csv

  Sample:
      date  lead_time_hours  z500_rmse  t850_rmse
2020-01-01               12  34.907921   0.527744
2020-01-01               12  36.795044   0.521490
2020-01-02               12  37.899422   0.509580
2020-01-02               12  37.022892   0.510428
2020-01-03               12  35.805775   0.500575
2020-01-03               12  33.961502   0.495464

========================================
  COMPLETED SUCCESSFULLY
========================================
Finished: Fri Mar 27 04:07:33 PM CET 2026
