Job 20594627 started at Mon Mar  9 14:01:41 CET 2026
Node: gcn147.local.snellius.surf.nl
Working directory: /gpfs/home5/ekasteleyn/aurora_thesis/thesis/scripts
GPU:
NVIDIA H100, 95830 MiB

Loaded 1 target dates from /gpfs/home5/ekasteleyn/aurora_thesis/thesis/scripts/target_dates.csv
Output directory: /scratch-shared/ekasteleyn/aurora_latents
Opening Zarr store (lazy) ...
Loading and interpolating static variables ...
Device: cuda
Initialising AuroraPretrained (1.3 B params) ...
Model ready.
Hooks registered on: encoder_0, encoder_1, encoder_2, decoder_0, decoder_1, decoder_2

[1/1] 2024-01-01
  encoder_0  shape=(2, 64800, 1024)  dtype=torch.float32  -> /scratch-shared/ekasteleyn/aurora_latents/latent_2024-01-01_encoder_0.pt
  encoder_1  shape=(2, 16200, 2048)  dtype=torch.float32  -> /scratch-shared/ekasteleyn/aurora_latents/latent_2024-01-01_encoder_1.pt
  encoder_2  shape=(2, 16200, 2048)  dtype=torch.float32  -> /scratch-shared/ekasteleyn/aurora_latents/latent_2024-01-01_encoder_2.pt
  decoder_0  shape=(2, 64800, 1024)  dtype=torch.float32  -> /scratch-shared/ekasteleyn/aurora_latents/latent_2024-01-01_decoder_0.pt
  decoder_1  shape=(2, 259200, 512)  dtype=torch.float32  -> /scratch-shared/ekasteleyn/aurora_latents/latent_2024-01-01_decoder_1.pt
  decoder_2  shape=(2, 259200, 512)  dtype=torch.float32  -> /scratch-shared/ekasteleyn/aurora_latents/latent_2024-01-01_decoder_2.pt

Done. Latents saved to /scratch-shared/ekasteleyn/aurora_latents
Job 20594627 finished at Mon Mar  9 14:02:14 CET 2026
