nohup: ignoring input

======================================================================
  KE SPECTRUM: neuralgcm (2020)
  Prediction: gs://weatherbench2/datasets/neuralgcm_deterministic/2020-512x256.zarr
  Reference:  gs://weatherbench2/datasets/era5/1959-2023_01_10-wb13-6h-1440x721_with_derived_variables.zarr
  Level: 500 hPa | Lead times: [6, 24, 48, 72, 120, 168, 240]
======================================================================

/home/ekasteleyn/aurora_thesis/thesis/scripts/run_ke_spectrum.py:57: FutureWarning: In a future version, xarray will not decode the variable 'prediction_timedelta' into a timedelta64 dtype based on the presence of a timedelta-like 'units' attribute by default. Instead it will rely on the presence of a timedelta64 'dtype' attribute, which is now xarray's default way of encoding timedelta64 values.
To continue decoding into a timedelta64 dtype, either set `decode_timedelta=True` when opening this dataset, or add the attribute `dtype='timedelta64[ns]'` to this variable on disk.
To opt-in to future behavior, set `decode_timedelta=False`.
  ds = xr.open_zarr(url, storage_options={"token": "anon"})
  Prediction vars: ['P_minus_E_cumulative', 'geopotential', 'specific_cloud_ice_water_content', 'specific_cloud_liquid_water_content', 'specific_humidity', 'temperature', 'u_component_of_wind', 'v_component_of_wind', 'wind_speed']
  Has prediction_timedelta: True (prediction_timedelta)
  Init dates: 24

  [1/24] 2020-01-01
    6h: pred skip (nearest td=43200000000000 nanoseconds)
      24h pred ✗ (Improper dimensions of input array.) | era5 ✓
      48h pred ✗ (Improper dimensions of input array.) | era5 ✓
      72h pred ✗ (Improper dimensions of input array.) | era5 ✓
     120h pred ✗ (Improper dimensions of input array.) | era5 ✓
     168h pred ✗ (Improper dimensions of input array.) | era5 ✓
     240h pred ✗ (Improper dimensions of input array.) | era5 ✓

  [2/24] 2020-01-15
    6h: pred skip (nearest td=43200000000000 nanoseconds)
      24h pred ✗ (Improper dimensions of input array.) | era5 ✓
      48h pred ✗ (Improper dimensions of input array.) | era5 ✓
      72h pred ✗ (Improper dimensions of input array.) | era5 ✓
     120h pred ✗ (Improper dimensions of input array.) | era5 ✓
     168h pred ✗ (Improper dimensions of input array.) | era5 ✓
     240h pred ✗ (Improper dimensions of input array.) | era5 ✓

  [3/24] 2020-02-01
    6h: pred skip (nearest td=43200000000000 nanoseconds)
      24h pred ✗ (Improper dimensions of input array.) | era5 ✓
      48h pred ✗ (Improper dimensions of input array.) | era5 ✓
      72h pred ✗ (Improper dimensions of input array.) | era5 ✓
     120h pred ✗ (Improper dimensions of input array.) | era5 ✓
     168h pred ✗ (Improper dimensions of input array.) | era5 ✓
     240h pred ✗ (Improper dimensions of input array.) | era5 ✓

  [4/24] 2020-02-15
    6h: pred skip (nearest td=43200000000000 nanoseconds)
      24h pred ✗ (Improper dimensions of input array.) | era5 ✓
      48h pred ✗ (Improper dimensions of input array.) | era5 ✓
      72h pred ✗ (Improper dimensions of input array.) | era5 ✓
     120h pred ✗ (Improper dimensions of input array.) | era5 ✓
     168h pred ✗ (Improper dimensions of input array.) | era5 ✓
     240h pred ✗ (Improper dimensions of input array.) | era5 ✓

  [5/24] 2020-03-01
    6h: pred skip (nearest td=43200000000000 nanoseconds)
      24h pred ✗ (Improper dimensions of input array.) | era5 ✓
      48h pred ✗ (Improper dimensions of input array.) | era5 ✓
      72h pred ✗ (Improper dimensions of input array.) | era5 ✓
     120h pred ✗ (Improper dimensions of input array.) | era5 ✓
     168h pred ✗ (Improper dimensions of input array.) | era5 ✓
     240h pred ✗ (Improper dimensions of input array.) | era5 ✓

  [6/24] 2020-03-15
    6h: pred skip (nearest td=43200000000000 nanoseconds)
      24h pred ✗ (Improper dimensions of input array.) | era5 ✓
 Error --- SHExpandDH
 GRIDDH must be dimensioned as (N, 2*N) where N is          512
 Input dimension is          512         256
 Error --- SHExpandDH
 GRIDDH must be dimensioned as (N, 2*N) where N is          512
 Input dimension is          512         256
 Error --- SHExpandDH
 GRIDDH must be dimensioned as (N, 2*N) where N is          512
 Input dimension is          512         256
 Error --- SHExpandDH
 GRIDDH must be dimensioned as (N, 2*N) where N is          512
 Input dimension is          512         256
 Error --- SHExpandDH
 GRIDDH must be dimensioned as (N, 2*N) where N is          512
 Input dimension is          512         256
 Error --- SHExpandDH
 GRIDDH must be dimensioned as (N, 2*N) where N is          512
 Input dimension is          512         256
 Error --- SHExpandDH
 GRIDDH must be dimensioned as (N, 2*N) where N is          512
 Input dimension is          512         256
 Error --- SHExpandDH
 GRIDDH must be dimensioned as (N, 2*N) where N is          512
 Input dimension is          512         256
 Error --- SHExpandDH
 GRIDDH must be dimensioned as (N, 2*N) where N is          512
 Input dimension is          512         256
 Error --- SHExpandDH
 GRIDDH must be dimensioned as (N, 2*N) where N is          512
 Input dimension is          512         256
 Error --- SHExpandDH
 GRIDDH must be dimensioned as (N, 2*N) where N is          512
 Input dimension is          512         256
 Error --- SHExpandDH
 GRIDDH must be dimensioned as (N, 2*N) where N is          512
 Input dimension is          512         256
 Error --- SHExpandDH
 GRIDDH must be dimensioned as (N, 2*N) where N is          512
 Input dimension is          512         256
 Error --- SHExpandDH
 GRIDDH must be dimensioned as (N, 2*N) where N is          512
 Input dimension is          512         256
 Error --- SHExpandDH
 GRIDDH must be dimensioned as (N, 2*N) where N is          512
 Input dimension is          512         256
 Error --- SHExpandDH
 GRIDDH must be dimensioned as (N, 2*N) where N is          512
 Input dimension is          512         256
 Error --- SHExpandDH
 GRIDDH must be dimensioned as (N, 2*N) where N is          512
 Input dimension is          512         256
 Error --- SHExpandDH
 GRIDDH must be dimensioned as (N, 2*N) where N is          512
 Input dimension is          512         256
 Error --- SHExpandDH
 GRIDDH must be dimensioned as (N, 2*N) where N is          512
 Input dimension is          512         256
 Error --- SHExpandDH
 GRIDDH must be dimensioned as (N, 2*N) where N is          512
 Input dimension is          512         256
 Error --- SHExpandDH
 GRIDDH must be dimensioned as (N, 2*N) where N is          512
 Input dimension is          512         256
 Error --- SHExpandDH
 GRIDDH must be dimensioned as (N, 2*N) where N is          512
 Input dimension is          512         256
 Error --- SHExpandDH
 GRIDDH must be dimensioned as (N, 2*N) where N is          512
 Input dimension is          512         256
 Error --- SHExpandDH
 GRIDDH must be dimensioned as (N, 2*N) where N is          512
 Input dimension is          512         256
 Error --- SHExpandDH
 GRIDDH must be dimensioned as (N, 2*N) where N is          512
 Input dimension is          512         256
 Error --- SHExpandDH
 GRIDDH must be dimensioned as (N, 2*N) where N is          512
 Input dimension is          512         256
 Error --- SHExpandDH
 GRIDDH must be dimensioned as (N, 2*N) where N is          512
 Input dimension is          512         256
 Error --- SHExpandDH
 GRIDDH must be dimensioned as (N, 2*N) where N is          512
 Input dimension is          512         256
 Error --- SHExpandDH
 GRIDDH must be dimensioned as (N, 2*N) where N is          512
 Input dimension is          512         256
 Error --- SHExpandDH
 GRIDDH must be dimensioned as (N, 2*N) where N is          512
 Input dimension is          512         256
 Error --- SHExpandDH
 GRIDDH must be dimensioned as (N, 2*N) where N is          512
 Input dimension is          512         256
 Error --- SHExpandDH
 GRIDDH must be dimensioned as (N, 2*N) where N is          512
      48h pred ✗ (Improper dimensions of input array.) | era5 ✓
      72h pred ✗ (Improper dimensions of input array.) | era5 ✓
     120h pred ✗ (Improper dimensions of input array.) | era5 ✓
     168h pred ✗ (Improper dimensions of input array.) | era5 ✓
     240h pred ✗ (Improper dimensions of input array.) | era5 ✓

  [7/24] 2020-04-01
    6h: pred skip (nearest td=43200000000000 nanoseconds)
      24h pred ✗ (Improper dimensions of input array.) | era5 ✓
      48h pred ✗ (Improper dimensions of input array.) | era5 ✓
      72h pred ✗ (Improper dimensions of input array.) | era5 ✓
     120h pred ✗ (Improper dimensions of input array.) | era5 ✓
     168h pred ✗ (Improper dimensions of input array.) | era5 ✓
     240h pred ✗ (Improper dimensions of input array.) | era5 ✓

  [8/24] 2020-04-15
    6h: pred skip (nearest td=43200000000000 nanoseconds)
      24h pred ✗ (Improper dimensions of input array.) | era5 ✓
      48h pred ✗ (Improper dimensions of input array.) | era5 ✓
      72h pred ✗ (Improper dimensions of input array.) | era5 ✓
     120h pred ✗ (Improper dimensions of input array.) | era5 ✓
     168h pred ✗ (Improper dimensions of input array.) | era5 ✓
     240h pred ✗ (Improper dimensions of input array.) | era5 ✓

  [9/24] 2020-05-01
    6h: pred skip (nearest td=43200000000000 nanoseconds)
      24h pred ✗ (Improper dimensions of input array.) | era5 ✓
      48h pred ✗ (Improper dimensions of input array.) | era5 ✓
      72h pred ✗ (Improper dimensions of input array.) | era5 ✓
     120h pred ✗ (Improper dimensions of input array.) | era5 ✓
     168h pred ✗ (Improper dimensions of input array.) | era5 ✓
     240h pred ✗ (Improper dimensions of input array.) | era5 ✓

  [10/24] 2020-05-15
    6h: pred skip (nearest td=43200000000000 nanoseconds)
      24h pred ✗ (Improper dimensions of input array.) | era5 ✓
      48h pred ✗ (Improper dimensions of input array.) | era5 ✓
      72h pred ✗ (Improper dimensions of input array.) | era5 ✓
     120h pred ✗ (Improper dimensions of input array.) | era5 ✓
     168h pred ✗ (Improper dimensions of input array.) | era5 ✓
     240h pred ✗ (Improper dimensions of input array.) | era5 ✓

  [11/24] 2020-06-01
    6h: pred skip (nearest td=43200000000000 nanoseconds)
      24h pred ✗ (Improper dimensions of input array.) | era5 ✓
      48h pred ✗ (Improper dimensions of input array.) | era5 ✓
 Input dimension is          512         256
 Error --- SHExpandDH
 GRIDDH must be dimensioned as (N, 2*N) where N is          512
 Input dimension is          512         256
 Error --- SHExpandDH
 GRIDDH must be dimensioned as (N, 2*N) where N is          512
 Input dimension is          512         256
 Error --- SHExpandDH
 GRIDDH must be dimensioned as (N, 2*N) where N is          512
 Input dimension is          512         256
 Error --- SHExpandDH
 GRIDDH must be dimensioned as (N, 2*N) where N is          512
 Input dimension is          512         256
 Error --- SHExpandDH
 GRIDDH must be dimensioned as (N, 2*N) where N is          512
 Input dimension is          512         256
 Error --- SHExpandDH
 GRIDDH must be dimensioned as (N, 2*N) where N is          512
 Input dimension is          512         256
 Error --- SHExpandDH
 GRIDDH must be dimensioned as (N, 2*N) where N is          512
 Input dimension is          512         256
 Error --- SHExpandDH
 GRIDDH must be dimensioned as (N, 2*N) where N is          512
 Input dimension is          512         256
 Error --- SHExpandDH
 GRIDDH must be dimensioned as (N, 2*N) where N is          512
 Input dimension is          512         256
 Error --- SHExpandDH
 GRIDDH must be dimensioned as (N, 2*N) where N is          512
 Input dimension is          512         256
 Error --- SHExpandDH
 GRIDDH must be dimensioned as (N, 2*N) where N is          512
 Input dimension is          512         256
 Error --- SHExpandDH
 GRIDDH must be dimensioned as (N, 2*N) where N is          512
 Input dimension is          512         256
 Error --- SHExpandDH
 GRIDDH must be dimensioned as (N, 2*N) where N is          512
 Input dimension is          512         256
 Error --- SHExpandDH
 GRIDDH must be dimensioned as (N, 2*N) where N is          512
 Input dimension is          512         256
 Error --- SHExpandDH
 GRIDDH must be dimensioned as (N, 2*N) where N is          512
 Input dimension is          512         256
 Error --- SHExpandDH
 GRIDDH must be dimensioned as (N, 2*N) where N is          512
 Input dimension is          512         256
 Error --- SHExpandDH
 GRIDDH must be dimensioned as (N, 2*N) where N is          512
 Input dimension is          512         256
 Error --- SHExpandDH
 GRIDDH must be dimensioned as (N, 2*N) where N is          512
 Input dimension is          512         256
 Error --- SHExpandDH
 GRIDDH must be dimensioned as (N, 2*N) where N is          512
 Input dimension is          512         256
 Error --- SHExpandDH
 GRIDDH must be dimensioned as (N, 2*N) where N is          512
 Input dimension is          512         256
 Error --- SHExpandDH
 GRIDDH must be dimensioned as (N, 2*N) where N is          512
 Input dimension is          512         256
 Error --- SHExpandDH
 GRIDDH must be dimensioned as (N, 2*N) where N is          512
 Input dimension is          512         256
 Error --- SHExpandDH
 GRIDDH must be dimensioned as (N, 2*N) where N is          512
 Input dimension is          512         256
 Error --- SHExpandDH
 GRIDDH must be dimensioned as (N, 2*N) where N is          512
 Input dimension is          512         256
 Error --- SHExpandDH
 GRIDDH must be dimensioned as (N, 2*N) where N is          512
 Input dimension is          512         256
 Error --- SHExpandDH
 GRIDDH must be dimensioned as (N, 2*N) where N is          512
 Input dimension is          512         256
 Error --- SHExpandDH
 GRIDDH must be dimensioned as (N, 2*N) where N is          512
 Input dimension is          512         256
 Error --- SHExpandDH
 GRIDDH must be dimensioned as (N, 2*N) where N is          512
 Input dimension is          512         256
 Error --- SHExpandDH
 GRIDDH must be dimensioned as (N, 2*N) where N is          512
 Input dimension is          512         256
 Error --- SHExpandDH
 GRIDDH must be dimensioned as (N, 2*N) where N is          512
 Input dimension is          512         256
 Error --- SHExpandDH
 GRIDDH must be dimensioned as (N, 2*N) where N is          512
 Input dimension is          512         256
      72h pred ✗ (Improper dimensions of input array.) | era5 ✓
     120h pred ✗ (Improper dimensions of input array.) | era5 ✓
     168h pred ✗ (Improper dimensions of input array.) | era5 ✓
     240h pred ✗ (Improper dimensions of input array.) | era5 ✓

  [12/24] 2020-06-15
    6h: pred skip (nearest td=43200000000000 nanoseconds)
      24h pred ✗ (Improper dimensions of input array.) | era5 ✓
      48h pred ✗ (Improper dimensions of input array.) | era5 ✓
      72h pred ✗ (Improper dimensions of input array.) | era5 ✓
     120h pred ✗ (Improper dimensions of input array.) | era5 ✓
     168h pred ✗ (Improper dimensions of input array.) | era5 ✓
     240h pred ✗ (Improper dimensions of input array.) | era5 ✓

  [13/24] 2020-07-01
    6h: pred skip (nearest td=43200000000000 nanoseconds)
      24h pred ✗ (Improper dimensions of input array.) | era5 ✓
      48h pred ✗ (Improper dimensions of input array.) | era5 ✓
      72h pred ✗ (Improper dimensions of input array.) | era5 ✓
     120h pred ✗ (Improper dimensions of input array.) | era5 ✓
     168h pred ✗ (Improper dimensions of input array.) | era5 ✓
     240h pred ✗ (Improper dimensions of input array.) | era5 ✓

  [14/24] 2020-07-15
    6h: pred skip (nearest td=43200000000000 nanoseconds)
      24h pred ✗ (Improper dimensions of input array.) | era5 ✓
      48h pred ✗ (Improper dimensions of input array.) | era5 ✓
      72h pred ✗ (Improper dimensions of input array.) | era5 ✓
     120h pred ✗ (Improper dimensions of input array.) | era5 ✓
     168h pred ✗ (Improper dimensions of input array.) | era5 ✓
     240h pred ✗ (Improper dimensions of input array.) | era5 ✓

  [15/24] 2020-08-01
    6h: pred skip (nearest td=43200000000000 nanoseconds)
      24h pred ✗ (Improper dimensions of input array.) | era5 ✓
      48h pred ✗ (Improper dimensions of input array.) | era5 ✓
      72h pred ✗ (Improper dimensions of input array.) | era5 ✓
     120h pred ✗ (Improper dimensions of input array.) | era5 ✓
     168h pred ✗ (Improper dimensions of input array.) | era5 ✓
     240h pred ✗ (Improper dimensions of input array.) | era5 ✓

  [16/24] 2020-08-15
    6h: pred skip (nearest td=43200000000000 nanoseconds)
      24h pred ✗ (Improper dimensions of input array.) | era5 ✓
      48h pred ✗ (Improper dimensions of input array.) | era5 ✓
      72h pred ✗ (Improper dimensions of input array.) | era5 ✓
     120h pred ✗ (Improper dimensions of input array.) | era5 ✓
 Error --- SHExpandDH
 GRIDDH must be dimensioned as (N, 2*N) where N is          512
 Input dimension is          512         256
 Error --- SHExpandDH
 GRIDDH must be dimensioned as (N, 2*N) where N is          512
 Input dimension is          512         256
 Error --- SHExpandDH
 GRIDDH must be dimensioned as (N, 2*N) where N is          512
 Input dimension is          512         256
 Error --- SHExpandDH
 GRIDDH must be dimensioned as (N, 2*N) where N is          512
 Input dimension is          512         256
 Error --- SHExpandDH
 GRIDDH must be dimensioned as (N, 2*N) where N is          512
 Input dimension is          512         256
 Error --- SHExpandDH
 GRIDDH must be dimensioned as (N, 2*N) where N is          512
 Input dimension is          512         256
 Error --- SHExpandDH
 GRIDDH must be dimensioned as (N, 2*N) where N is          512
 Input dimension is          512         256
 Error --- SHExpandDH
 GRIDDH must be dimensioned as (N, 2*N) where N is          512
 Input dimension is          512         256
 Error --- SHExpandDH
 GRIDDH must be dimensioned as (N, 2*N) where N is          512
 Input dimension is          512         256
 Error --- SHExpandDH
 GRIDDH must be dimensioned as (N, 2*N) where N is          512
 Input dimension is          512         256
 Error --- SHExpandDH
 GRIDDH must be dimensioned as (N, 2*N) where N is          512
 Input dimension is          512         256
 Error --- SHExpandDH
 GRIDDH must be dimensioned as (N, 2*N) where N is          512
 Input dimension is          512         256
 Error --- SHExpandDH
 GRIDDH must be dimensioned as (N, 2*N) where N is          512
 Input dimension is          512         256
 Error --- SHExpandDH
 GRIDDH must be dimensioned as (N, 2*N) where N is          512
 Input dimension is          512         256
 Error --- SHExpandDH
 GRIDDH must be dimensioned as (N, 2*N) where N is          512
 Input dimension is          512         256
 Error --- SHExpandDH
 GRIDDH must be dimensioned as (N, 2*N) where N is          512
 Input dimension is          512         256
 Error --- SHExpandDH
 GRIDDH must be dimensioned as (N, 2*N) where N is          512
 Input dimension is          512         256
 Error --- SHExpandDH
 GRIDDH must be dimensioned as (N, 2*N) where N is          512
 Input dimension is          512         256
 Error --- SHExpandDH
 GRIDDH must be dimensioned as (N, 2*N) where N is          512
 Input dimension is          512         256
 Error --- SHExpandDH
 GRIDDH must be dimensioned as (N, 2*N) where N is          512
 Input dimension is          512         256
 Error --- SHExpandDH
 GRIDDH must be dimensioned as (N, 2*N) where N is          512
 Input dimension is          512         256
 Error --- SHExpandDH
 GRIDDH must be dimensioned as (N, 2*N) where N is          512
 Input dimension is          512         256
 Error --- SHExpandDH
 GRIDDH must be dimensioned as (N, 2*N) where N is          512
 Input dimension is          512         256
 Error --- SHExpandDH
 GRIDDH must be dimensioned as (N, 2*N) where N is          512
 Input dimension is          512         256
 Error --- SHExpandDH
 GRIDDH must be dimensioned as (N, 2*N) where N is          512
 Input dimension is          512         256
 Error --- SHExpandDH
 GRIDDH must be dimensioned as (N, 2*N) where N is          512
 Input dimension is          512         256
 Error --- SHExpandDH
 GRIDDH must be dimensioned as (N, 2*N) where N is          512
 Input dimension is          512         256
 Error --- SHExpandDH
 GRIDDH must be dimensioned as (N, 2*N) where N is          512
 Input dimension is          512         256
 Error --- SHExpandDH
 GRIDDH must be dimensioned as (N, 2*N) where N is          512
 Input dimension is          512         256
 Error --- SHExpandDH
 GRIDDH must be dimensioned as (N, 2*N) where N is          512
 Input dimension is          512         256
 Error --- SHExpandDH
 GRIDDH must be dimensioned as (N, 2*N) where N is          512
 Input dimension is          512         256
 Error --- SHExpandDH
 GRIDDH must be dimensioned as (N, 2*N) where N is          512
     168h pred ✗ (Improper dimensions of input array.) | era5 ✓
     240h pred ✗ (Improper dimensions of input array.) | era5 ✓

  [17/24] 2020-09-01
    6h: pred skip (nearest td=43200000000000 nanoseconds)
      24h pred ✗ (Improper dimensions of input array.) | era5 ✓
      48h pred ✗ (Improper dimensions of input array.) | era5 ✓
      72h pred ✗ (Improper dimensions of input array.) | era5 ✓
     120h pred ✗ (Improper dimensions of input array.) | era5 ✓
     168h pred ✗ (Improper dimensions of input array.) | era5 ✓
     240h pred ✗ (Improper dimensions of input array.) | era5 ✓

  [18/24] 2020-09-15
    6h: pred skip (nearest td=43200000000000 nanoseconds)
      24h pred ✗ (Improper dimensions of input array.) | era5 ✓
      48h pred ✗ (Improper dimensions of input array.) | era5 ✓
      72h pred ✗ (Improper dimensions of input array.) | era5 ✓
     120h pred ✗ (Improper dimensions of input array.) | era5 ✓
     168h pred ✗ (Improper dimensions of input array.) | era5 ✓
     240h pred ✗ (Improper dimensions of input array.) | era5 ✓

  [19/24] 2020-10-01
    6h: pred skip (nearest td=43200000000000 nanoseconds)
      24h pred ✗ (Improper dimensions of input array.) | era5 ✓
      48h pred ✗ (Improper dimensions of input array.) | era5 ✓
      72h pred ✗ (Improper dimensions of input array.) | era5 ✓
     120h pred ✗ (Improper dimensions of input array.) | era5 ✓
     168h pred ✗ (Improper dimensions of input array.) | era5 ✓
     240h pred ✗ (Improper dimensions of input array.) | era5 ✓

  [20/24] 2020-10-15
    6h: pred skip (nearest td=43200000000000 nanoseconds)
      24h pred ✗ (Improper dimensions of input array.) | era5 ✓
      48h pred ✗ (Improper dimensions of input array.) | era5 ✓
      72h pred ✗ (Improper dimensions of input array.) | era5 ✓
     120h pred ✗ (Improper dimensions of input array.) | era5 ✓
     168h pred ✗ (Improper dimensions of input array.) | era5 ✓
     240h pred ✗ (Improper dimensions of input array.) | era5 ✓

  [21/24] 2020-11-01
    6h: pred skip (nearest td=43200000000000 nanoseconds)
      24h pred ✗ (Improper dimensions of input array.) | era5 ✓
      48h pred ✗ (Improper dimensions of input array.) | era5 ✓
      72h pred ✗ (Improper dimensions of input array.) | era5 ✓
     120h pred ✗ (Improper dimensions of input array.) | era5 ✓
     168h pred ✗ (Improper dimensions of input array.) | era5 ✓
 Input dimension is          512         256
 Error --- SHExpandDH
 GRIDDH must be dimensioned as (N, 2*N) where N is          512
 Input dimension is          512         256
 Error --- SHExpandDH
 GRIDDH must be dimensioned as (N, 2*N) where N is          512
 Input dimension is          512         256
 Error --- SHExpandDH
 GRIDDH must be dimensioned as (N, 2*N) where N is          512
 Input dimension is          512         256
 Error --- SHExpandDH
 GRIDDH must be dimensioned as (N, 2*N) where N is          512
 Input dimension is          512         256
 Error --- SHExpandDH
 GRIDDH must be dimensioned as (N, 2*N) where N is          512
 Input dimension is          512         256
 Error --- SHExpandDH
 GRIDDH must be dimensioned as (N, 2*N) where N is          512
 Input dimension is          512         256
 Error --- SHExpandDH
 GRIDDH must be dimensioned as (N, 2*N) where N is          512
 Input dimension is          512         256
 Error --- SHExpandDH
 GRIDDH must be dimensioned as (N, 2*N) where N is          512
 Input dimension is          512         256
 Error --- SHExpandDH
 GRIDDH must be dimensioned as (N, 2*N) where N is          512
 Input dimension is          512         256
 Error --- SHExpandDH
 GRIDDH must be dimensioned as (N, 2*N) where N is          512
 Input dimension is          512         256
 Error --- SHExpandDH
 GRIDDH must be dimensioned as (N, 2*N) where N is          512
 Input dimension is          512         256
 Error --- SHExpandDH
 GRIDDH must be dimensioned as (N, 2*N) where N is          512
 Input dimension is          512         256
 Error --- SHExpandDH
 GRIDDH must be dimensioned as (N, 2*N) where N is          512
 Input dimension is          512         256
 Error --- SHExpandDH
 GRIDDH must be dimensioned as (N, 2*N) where N is          512
 Input dimension is          512         256
 Error --- SHExpandDH
 GRIDDH must be dimensioned as (N, 2*N) where N is          512
 Input dimension is          512         256
 Error --- SHExpandDH
 GRIDDH must be dimensioned as (N, 2*N) where N is          512
 Input dimension is          512         256
 Error --- SHExpandDH
 GRIDDH must be dimensioned as (N, 2*N) where N is          512
 Input dimension is          512         256
 Error --- SHExpandDH
 GRIDDH must be dimensioned as (N, 2*N) where N is          512
 Input dimension is          512         256
 Error --- SHExpandDH
 GRIDDH must be dimensioned as (N, 2*N) where N is          512
 Input dimension is          512         256
 Error --- SHExpandDH
 GRIDDH must be dimensioned as (N, 2*N) where N is          512
 Input dimension is          512         256
 Error --- SHExpandDH
 GRIDDH must be dimensioned as (N, 2*N) where N is          512
 Input dimension is          512         256
 Error --- SHExpandDH
 GRIDDH must be dimensioned as (N, 2*N) where N is          512
 Input dimension is          512         256
 Error --- SHExpandDH
 GRIDDH must be dimensioned as (N, 2*N) where N is          512
 Input dimension is          512         256
 Error --- SHExpandDH
 GRIDDH must be dimensioned as (N, 2*N) where N is          512
 Input dimension is          512         256
 Error --- SHExpandDH
 GRIDDH must be dimensioned as (N, 2*N) where N is          512
 Input dimension is          512         256
 Error --- SHExpandDH
 GRIDDH must be dimensioned as (N, 2*N) where N is          512
 Input dimension is          512         256
 Error --- SHExpandDH
 GRIDDH must be dimensioned as (N, 2*N) where N is          512
 Input dimension is          512         256
 Error --- SHExpandDH
 GRIDDH must be dimensioned as (N, 2*N) where N is          512
 Input dimension is          512         256
 Error --- SHExpandDH
 GRIDDH must be dimensioned as (N, 2*N) where N is          512
 Input dimension is          512         256
 Error --- SHExpandDH
 GRIDDH must be dimensioned as (N, 2*N) where N is          512
 Input dimension is          512         256
 Error --- SHExpandDH
 GRIDDH must be dimensioned as (N, 2*N) where N is          512
 Input dimension is          512         256
     240h pred ✗ (Improper dimensions of input array.) | era5 ✓

  [22/24] 2020-11-15
    6h: pred skip (nearest td=43200000000000 nanoseconds)
      24h pred ✗ (Improper dimensions of input array.) | era5 ✓
      48h pred ✗ (Improper dimensions of input array.) | era5 ✓
      72h pred ✗ (Improper dimensions of input array.) | era5 ✓
     120h pred ✗ (Improper dimensions of input array.) | era5 ✓
     168h pred ✗ (Improper dimensions of input array.) | era5 ✓
     240h pred ✗ (Improper dimensions of input array.) | era5 ✓

  [23/24] 2020-12-01
    6h: pred skip (nearest td=43200000000000 nanoseconds)
      24h pred ✗ (Improper dimensions of input array.) | era5 ✓
      48h pred ✗ (Improper dimensions of input array.) | era5 ✓
      72h pred ✗ (Improper dimensions of input array.) | era5 ✓
     120h pred ✗ (Improper dimensions of input array.) | era5 ✓
     168h pred ✗ (Improper dimensions of input array.) | era5 ✓
     240h pred ✗ (Improper dimensions of input array.) | era5 ✓

  [24/24] 2020-12-15
    6h: pred skip (nearest td=43200000000000 nanoseconds)
      24h pred ✗ (Improper dimensions of input array.) | era5 ✓
      48h pred ✗ (Improper dimensions of input array.) | era5 ✓
      72h pred ✗ (Improper dimensions of input array.) | era5 ✓
     120h pred ✗ (Improper dimensions of input array.) | era5 ✓
     168h pred ✗ (Improper dimensions of input array.) | era5 ✓
     240h pred ✗ (Improper dimensions of input array.) | era5 ✓

✓ Saved 51840 rows → /home/ekasteleyn/aurora_thesis/thesis/results/ke_spectrum_neuralgcm_2020.csv
  Unique lead times: [np.int64(24), np.int64(48), np.int64(72), np.int64(120), np.int64(168), np.int64(240)]
  Unique dates: 24
 Error --- SHExpandDH
 GRIDDH must be dimensioned as (N, 2*N) where N is          512
 Input dimension is          512         256
 Error --- SHExpandDH
 GRIDDH must be dimensioned as (N, 2*N) where N is          512
 Input dimension is          512         256
 Error --- SHExpandDH
 GRIDDH must be dimensioned as (N, 2*N) where N is          512
 Input dimension is          512         256
 Error --- SHExpandDH
 GRIDDH must be dimensioned as (N, 2*N) where N is          512
 Input dimension is          512         256
 Error --- SHExpandDH
 GRIDDH must be dimensioned as (N, 2*N) where N is          512
 Input dimension is          512         256
 Error --- SHExpandDH
 GRIDDH must be dimensioned as (N, 2*N) where N is          512
 Input dimension is          512         256
 Error --- SHExpandDH
 GRIDDH must be dimensioned as (N, 2*N) where N is          512
 Input dimension is          512         256
 Error --- SHExpandDH
 GRIDDH must be dimensioned as (N, 2*N) where N is          512
 Input dimension is          512         256
 Error --- SHExpandDH
 GRIDDH must be dimensioned as (N, 2*N) where N is          512
 Input dimension is          512         256
 Error --- SHExpandDH
 GRIDDH must be dimensioned as (N, 2*N) where N is          512
 Input dimension is          512         256
 Error --- SHExpandDH
 GRIDDH must be dimensioned as (N, 2*N) where N is          512
 Input dimension is          512         256
 Error --- SHExpandDH
 GRIDDH must be dimensioned as (N, 2*N) where N is          512
 Input dimension is          512         256
 Error --- SHExpandDH
 GRIDDH must be dimensioned as (N, 2*N) where N is          512
 Input dimension is          512         256
 Error --- SHExpandDH
 GRIDDH must be dimensioned as (N, 2*N) where N is          512
 Input dimension is          512         256
 Error --- SHExpandDH
 GRIDDH must be dimensioned as (N, 2*N) where N is          512
 Input dimension is          512         256
 Error --- SHExpandDH
 GRIDDH must be dimensioned as (N, 2*N) where N is          512
 Input dimension is          512         256
 Error --- SHExpandDH
 GRIDDH must be dimensioned as (N, 2*N) where N is          512
 Input dimension is          512         256
 Error --- SHExpandDH
 GRIDDH must be dimensioned as (N, 2*N) where N is          512
 Input dimension is          512         256
