========================================
  KE SPECTRUM: aurora (2022)
========================================
Job ID:       20683923
Date:         Thu Mar 12 10:01:10 CET 2026
Hostname:     tcn479.local.snellius.surf.nl
Prediction:   gs://weatherbench2/datasets/aurora/2022-1440x721.zarr
Reference:    gs://weatherbench2/datasets/era5/1959-2023_01_10-wb13-6h-1440x721_with_derived_variables.zarr
Output:       /home/ekasteleyn/aurora_thesis/thesis/results/ke_spectrum_aurora_2022.csv
========================================

Traceback (most recent call last):
  File "/home/ekasteleyn/aurora_thesis/thesis/scripts/run_ke_spectrum.py", line 301, in <module>
    main()
  File "/home/ekasteleyn/aurora_thesis/thesis/scripts/run_ke_spectrum.py", line 280, in main
    output.unlink()
  File "/sw/arch/RHEL8/EB_production/2023/software/Python/3.11.3-GCCcore-12.3.0/lib/python3.11/pathlib.py", line 1147, in unlink
    os.unlink(self)
FileNotFoundError: [Errno 2] No such file or directory: '/home/ekasteleyn/aurora_thesis/thesis/results/ke_spectrum_aurora_2022.csv'

========================================
  FAILED (exit code: 1)
========================================
Finished: Thu Mar 12 10:01:12 CET 2026
/home/ekasteleyn/aurora_thesis/thesis/scripts/run_ke_spectrum.py:57: FutureWarning: In a future version, xarray will not decode the variable 'prediction_timedelta' into a timedelta64 dtype based on the presence of a timedelta-like 'units' attribute by default. Instead it will rely on the presence of a timedelta64 'dtype' attribute, which is now xarray's default way of encoding timedelta64 values.
To continue decoding into a timedelta64 dtype, either set `decode_timedelta=True` when opening this dataset, or add the attribute `dtype='timedelta64[ns]'` to this variable on disk.
To opt-in to future behavior, set `decode_timedelta=False`.
  ds = xr.open_zarr(url, storage_options={"token": "anon"})
