========================================
  HRES T0 DATA DOWNLOAD - TARGET DATES  
========================================
Job ID:       21391028
Date:         Tue Mar 31 12:09:10 CEST 2026
Node:         tcn311.local.snellius.surf.nl
========================================

============================================================
  HRES T0 DATA DOWNLOAD
============================================================
  Dates: 253
  Cache: /scratch-shared/ekasteleyn/downloads/hres_t0
============================================================

[1/3] Total dates to download: 253

[2/3] Static variables...
  ✓ Static variables already cached

[3/3] HRES T0 / ERA5 data...
  Opening WeatherBench2 datasets...
  Downloading 1976-10-15 surface variables (ERA5)...
  Downloading 1976-10-15 atmospheric variables (ERA5)...
  ✓ 1976-10-15 downloaded
  Downloading 1978-09-15 surface variables (ERA5)...
  Downloading 1978-09-15 atmospheric variables (ERA5)...
  ✓ 1978-09-15 downloaded
  Downloading 1979-09-15 surface variables (ERA5)...
  Downloading 1979-09-15 atmospheric variables (ERA5)...
  ✓ 1979-09-15 downloaded
  Downloading 1980-02-15 surface variables (ERA5)...
  Downloading 1980-02-15 atmospheric variables (ERA5)...
  ✓ 1980-02-15 downloaded
  Downloading 1980-07-15 surface variables (ERA5)...
  Downloading 1980-07-15 atmospheric variables (ERA5)...
  ✓ 1980-07-15 downloaded
  Downloading 1981-11-15 surface variables (ERA5)...
  Downloading 1981-11-15 atmospheric variables (ERA5)...
  ✓ 1981-11-15 downloaded
  Downloading 1982-02-15 surface variables (ERA5)...
  Downloading 1982-02-15 atmospheric variables (ERA5)...
  ✓ 1982-02-15 downloaded
  Downloading 1982-03-15 surface variables (ERA5)...
  Downloading 1982-03-15 atmospheric variables (ERA5)...
  ✓ 1982-03-15 downloaded
  Downloading 1984-01-15 surface variables (ERA5)...
  Downloading 1984-01-15 atmospheric variables (ERA5)...
  ✓ 1984-01-15 downloaded
  Downloading 1984-05-15 surface variables (ERA5)...
  Downloading 1984-05-15 atmospheric variables (ERA5)...
  ✓ 1984-05-15 downloaded
  Downloading 1984-07-15 surface variables (ERA5)...
  Downloading 1984-07-15 atmospheric variables (ERA5)...
  ✓ 1984-07-15 downloaded
  Downloading 1985-05-15 surface variables (ERA5)...
  Downloading 1985-05-15 atmospheric variables (ERA5)...
  ✓ 1985-05-15 downloaded
  Downloading 1985-09-15 surface variables (ERA5)...
  Downloading 1985-09-15 atmospheric variables (ERA5)...
  ✓ 1985-09-15 downloaded
  Downloading 1986-03-15 surface variables (ERA5)...
  Downloading 1986-03-15 atmospheric variables (ERA5)...
  ✓ 1986-03-15 downloaded
  Downloading 1988-03-15 surface variables (ERA5)...
  Downloading 1988-03-15 atmospheric variables (ERA5)...
  ✓ 1988-03-15 downloaded
  Downloading 1990-06-15 surface variables (ERA5)...
  Downloading 1990-06-15 atmospheric variables (ERA5)...
  ✓ 1990-06-15 downloaded
  Downloading 1991-07-15 surface variables (ERA5)...
  Downloading 1991-07-15 atmospheric variables (ERA5)...
  ✓ 1991-07-15 downloaded
  Downloading 1992-05-15 surface variables (ERA5)...
  Downloading 1992-05-15 atmospheric variables (ERA5)...
  ✓ 1992-05-15 downloaded
  Downloading 1992-08-15 surface variables (ERA5)...
  Downloading 1992-08-15 atmospheric variables (ERA5)...
  ✓ 1992-08-15 downloaded
  Downloading 1992-09-15 surface variables (ERA5)...
  Downloading 1992-09-15 atmospheric variables (ERA5)...
  ✓ 1992-09-15 downloaded
  Downloading 1995-11-15 surface variables (ERA5)...
  Downloading 1995-11-15 atmospheric variables (ERA5)...
  ✓ 1995-11-15 downloaded
  Downloading 1996-02-15 surface variables (ERA5)...
  Downloading 1996-02-15 atmospheric variables (ERA5)...
  ✓ 1996-02-15 downloaded
  Downloading 1998-05-15 surface variables (ERA5)...
  Downloading 1998-05-15 atmospheric variables (ERA5)...
  ✓ 1998-05-15 downloaded
  Downloading 1999-06-15 surface variables (ERA5)...
  Downloading 1999-06-15 atmospheric variables (ERA5)...
  ✓ 1999-06-15 downloaded
  Downloading 1999-09-15 surface variables (ERA5)...
  Downloading 1999-09-15 atmospheric variables (ERA5)...
  ✓ 1999-09-15 downloaded
  Downloading 2001-09-15 surface variables (ERA5)...
  Downloading 2001-09-15 atmospheric variables (ERA5)...
  ✓ 2001-09-15 downloaded
  Downloading 2004-03-15 surface variables (ERA5)...
  Downloading 2004-03-15 atmospheric variables (ERA5)...
  ✓ 2004-03-15 downloaded
  Downloading 2005-06-15 surface variables (ERA5)...
  Downloading 2005-06-15 atmospheric variables (ERA5)...
  ✓ 2005-06-15 downloaded
  Downloading 2005-07-15 surface variables (ERA5)...
  Downloading 2005-07-15 atmospheric variables (ERA5)...
  ✓ 2005-07-15 downloaded
  Downloading 2005-12-15 surface variables (ERA5)...
  Downloading 2005-12-15 atmospheric variables (ERA5)...
  ✓ 2005-12-15 downloaded
  Downloading 2006-11-15 surface variables (ERA5)...
  Downloading 2006-11-15 atmospheric variables (ERA5)...
  ✓ 2006-11-15 downloaded
  Downloading 2007-08-15 surface variables (ERA5)...
  Downloading 2007-08-15 atmospheric variables (ERA5)...
  ✓ 2007-08-15 downloaded
  Downloading 2011-06-15 surface variables (ERA5)...
  Downloading 2011-06-15 atmospheric variables (ERA5)...
  ✓ 2011-06-15 downloaded
  Downloading 2013-12-15 surface variables (ERA5)...
  Downloading 2013-12-15 atmospheric variables (ERA5)...
  ✓ 2013-12-15 downloaded
  Downloading 2015-02-15 surface variables (ERA5)...
  Downloading 2015-02-15 atmospheric variables (ERA5)...
  ✓ 2015-02-15 downloaded
  Downloading 2017-01-02 surface variables (HRES)...
  Downloading 2017-01-02 atmospheric variables (HRES)...
  ✓ 2017-01-02 downloaded
  Downloading 2017-01-05 surface variables (HRES)...
  Downloading 2017-01-05 atmospheric variables (HRES)...
  ✓ 2017-01-05 downloaded
  Downloading 2017-01-13 surface variables (HRES)...
  Downloading 2017-01-13 atmospheric variables (HRES)...
  ✓ 2017-01-13 downloaded
  Downloading 2017-01-15 surface variables (HRES)...
  Downloading 2017-01-15 atmospheric variables (HRES)...
  ✓ 2017-01-15 downloaded
  Downloading 2017-01-16 surface variables (HRES)...
  Downloading 2017-01-16 atmospheric variables (HRES)...
  ✓ 2017-01-16 downloaded
  Downloading 2017-02-04 surface variables (HRES)...
  Downloading 2017-02-04 atmospheric variables (HRES)...
  ✓ 2017-02-04 downloaded
  Downloading 2017-02-12 surface variables (HRES)...
  Downloading 2017-02-12 atmospheric variables (HRES)...
  ✓ 2017-02-12 downloaded
  Downloading 2017-02-13 surface variables (HRES)...
  Downloading 2017-02-13 atmospheric variables (HRES)...
  ✓ 2017-02-13 downloaded
  Downloading 2017-02-14 surface variables (HRES)...
  Downloading 2017-02-14 atmospheric variables (HRES)...
  ✓ 2017-02-14 downloaded
  Downloading 2017-02-15 surface variables (HRES)...
  Downloading 2017-02-15 atmospheric variables (HRES)...
  ✓ 2017-02-15 downloaded
  Downloading 2017-02-16 surface variables (HRES)...
  Downloading 2017-02-16 atmospheric variables (HRES)...
  ✓ 2017-02-16 downloaded
  Downloading 2017-02-17 surface variables (HRES)...
  Downloading 2017-02-17 atmospheric variables (HRES)...
  ✓ 2017-02-17 downloaded
  Downloading 2017-03-08 surface variables (HRES)...
  Downloading 2017-03-08 atmospheric variables (HRES)...
  ✓ 2017-03-08 downloaded
  Downloading 2017-03-09 surface variables (HRES)...
  Downloading 2017-03-09 atmospheric variables (HRES)...
  ✓ 2017-03-09 downloaded
  Downloading 2017-03-15 surface variables (HRES)...
  Downloading 2017-03-15 atmospheric variables (HRES)...
  ✓ 2017-03-15 downloaded
  Downloading 2017-04-03 surface variables (HRES)...
  Downloading 2017-04-03 atmospheric variables (HRES)...
  ✓ 2017-04-03 downloaded
  Downloading 2017-04-04 surface variables (HRES)...
  Downloading 2017-04-04 atmospheric variables (HRES)...
  ✓ 2017-04-04 downloaded
  Downloading 2017-04-15 surface variables (HRES)...
  Downloading 2017-04-15 atmospheric variables (HRES)...
  ✓ 2017-04-15 downloaded
  Downloading 2017-05-15 surface variables (HRES)...
  Downloading 2017-05-15 atmospheric variables (HRES)...
  ✓ 2017-05-15 downloaded
  Downloading 2017-05-23 surface variables (HRES)...
  Downloading 2017-05-23 atmospheric variables (HRES)...
  ✓ 2017-05-23 downloaded
  Downloading 2017-05-24 surface variables (HRES)...
  Downloading 2017-05-24 atmospheric variables (HRES)...
  ✓ 2017-05-24 downloaded
  Downloading 2017-06-15 surface variables (HRES)...
  Downloading 2017-06-15 atmospheric variables (HRES)...
  ✓ 2017-06-15 downloaded
  Downloading 2017-07-15 surface variables (HRES)...
  Downloading 2017-07-15 atmospheric variables (HRES)...
  ✓ 2017-07-15 downloaded
  Downloading 2017-08-15 surface variables (HRES)...
  Downloading 2017-08-15 atmospheric variables (HRES)...
  ✓ 2017-08-15 downloaded
  Downloading 2017-09-08 surface variables (HRES)...
  Downloading 2017-09-08 atmospheric variables (HRES)...
  ✓ 2017-09-08 downloaded
  Downloading 2017-09-15 surface variables (HRES)...
  Downloading 2017-09-15 atmospheric variables (HRES)...
  ✓ 2017-09-15 downloaded
  Downloading 2017-10-02 surface variables (HRES)...
  Downloading 2017-10-02 atmospheric variables (HRES)...
  ✓ 2017-10-02 downloaded
  Downloading 2017-10-03 surface variables (HRES)...
  Downloading 2017-10-03 atmospheric variables (HRES)...
  ✓ 2017-10-03 downloaded
  Downloading 2017-10-14 surface variables (HRES)...
  Downloading 2017-10-14 atmospheric variables (HRES)...
  ✓ 2017-10-14 downloaded
  Downloading 2017-10-15 surface variables (HRES)...
  Downloading 2017-10-15 atmospheric variables (HRES)...
  ✓ 2017-10-15 downloaded
  Downloading 2017-10-16 surface variables (HRES)...
  Downloading 2017-10-16 atmospheric variables (HRES)...
  ✓ 2017-10-16 downloaded
  Downloading 2017-10-17 surface variables (HRES)...
  Downloading 2017-10-17 atmospheric variables (HRES)...
  ✓ 2017-10-17 downloaded
  Downloading 2017-10-18 surface variables (HRES)...
  Downloading 2017-10-18 atmospheric variables (HRES)...
  ✓ 2017-10-18 downloaded
  Downloading 2017-10-19 surface variables (HRES)...
  Downloading 2017-10-19 atmospheric variables (HRES)...
  ✓ 2017-10-19 downloaded
  Downloading 2017-10-20 surface variables (HRES)...
  Downloading 2017-10-20 atmospheric variables (HRES)...
  ✓ 2017-10-20 downloaded
  Downloading 2017-10-21 surface variables (HRES)...
  Downloading 2017-10-21 atmospheric variables (HRES)...
  ✓ 2017-10-21 downloaded
  Downloading 2017-11-14 surface variables (HRES)...
  Downloading 2017-11-14 atmospheric variables (HRES)...
  ✓ 2017-11-14 downloaded
  Downloading 2017-11-15 surface variables (HRES)...
  Downloading 2017-11-15 atmospheric variables (HRES)...
  ✓ 2017-11-15 downloaded
  Downloading 2017-11-20 surface variables (HRES)...
  Downloading 2017-11-20 atmospheric variables (HRES)...
  ✓ 2017-11-20 downloaded
  Downloading 2017-11-21 surface variables (HRES)...
  Downloading 2017-11-21 atmospheric variables (HRES)...
  ✓ 2017-11-21 downloaded
  Downloading 2017-11-22 surface variables (HRES)...
  Downloading 2017-11-22 atmospheric variables (HRES)...
  ✓ 2017-11-22 downloaded
  Downloading 2017-11-26 surface variables (HRES)...
  Downloading 2017-11-26 atmospheric variables (HRES)...
  ✓ 2017-11-26 downloaded
  Downloading 2017-12-12 surface variables (HRES)...
  Downloading 2017-12-12 atmospheric variables (HRES)...
  ✓ 2017-12-12 downloaded
  Downloading 2017-12-13 surface variables (HRES)...
  Downloading 2017-12-13 atmospheric variables (HRES)...
  ✓ 2017-12-13 downloaded
  Downloading 2017-12-15 surface variables (HRES)...
  Downloading 2017-12-15 atmospheric variables (HRES)...
  ✓ 2017-12-15 downloaded
  Downloading 2017-12-26 surface variables (HRES)...
  Downloading 2017-12-26 atmospheric variables (HRES)...
  ✓ 2017-12-26 downloaded
  Downloading 2017-12-27 surface variables (HRES)...
  Downloading 2017-12-27 atmospheric variables (HRES)...
  ✓ 2017-12-27 downloaded
  Downloading 2018-01-15 surface variables (HRES)...
  Downloading 2018-01-15 atmospheric variables (HRES)...
  ✓ 2018-01-15 downloaded
  Downloading 2018-01-18 surface variables (HRES)...
  Downloading 2018-01-18 atmospheric variables (HRES)...
  ✓ 2018-01-18 downloaded
  Downloading 2018-01-25 surface variables (HRES)...
  Downloading 2018-01-25 atmospheric variables (HRES)...
  ✓ 2018-01-25 downloaded
  Downloading 2018-01-27 surface variables (HRES)...
  Downloading 2018-01-27 atmospheric variables (HRES)...
  ✓ 2018-01-27 downloaded
  Downloading 2018-01-28 surface variables (HRES)...
  Downloading 2018-01-28 atmospheric variables (HRES)...
  ✓ 2018-01-28 downloaded
  Downloading 2018-01-29 surface variables (HRES)...
  Downloading 2018-01-29 atmospheric variables (HRES)...
  ✓ 2018-01-29 downloaded
  Downloading 2018-01-30 surface variables (HRES)...
  Downloading 2018-01-30 atmospheric variables (HRES)...
  ✓ 2018-01-30 downloaded
  Downloading 2018-01-31 surface variables (HRES)...
  Downloading 2018-01-31 atmospheric variables (HRES)...
  ✓ 2018-01-31 downloaded
  Downloading 2018-02-01 surface variables (HRES)...
  Downloading 2018-02-01 atmospheric variables (HRES)...
  ✓ 2018-02-01 downloaded
  Downloading 2018-02-02 surface variables (HRES)...
  Downloading 2018-02-02 atmospheric variables (HRES)...
  ✓ 2018-02-02 downloaded
  Downloading 2018-02-03 surface variables (HRES)...
  Downloading 2018-02-03 atmospheric variables (HRES)...
  ✓ 2018-02-03 downloaded
  Downloading 2018-02-04 surface variables (HRES)...
  Downloading 2018-02-04 atmospheric variables (HRES)...
  ✓ 2018-02-04 downloaded
  Downloading 2018-02-05 surface variables (HRES)...
  Downloading 2018-02-05 atmospheric variables (HRES)...
  ✓ 2018-02-05 downloaded
  Downloading 2018-02-06 surface variables (HRES)...
  Downloading 2018-02-06 atmospheric variables (HRES)...
  ✓ 2018-02-06 downloaded
  Downloading 2018-02-07 surface variables (HRES)...
  Downloading 2018-02-07 atmospheric variables (HRES)...
  ✓ 2018-02-07 downloaded
  Downloading 2018-02-08 surface variables (HRES)...
  Downloading 2018-02-08 atmospheric variables (HRES)...
  ✓ 2018-02-08 downloaded
  Downloading 2018-02-09 surface variables (HRES)...
  Downloading 2018-02-09 atmospheric variables (HRES)...
  ✓ 2018-02-09 downloaded
  Downloading 2018-02-15 surface variables (HRES)...
  Downloading 2018-02-15 atmospheric variables (HRES)...
  ✓ 2018-02-15 downloaded
  Downloading 2018-02-17 surface variables (HRES)...
  Downloading 2018-02-17 atmospheric variables (HRES)...
  ✓ 2018-02-17 downloaded
  Downloading 2018-02-19 surface variables (HRES)...
  Downloading 2018-02-19 atmospheric variables (HRES)...
  ✓ 2018-02-19 downloaded
  Downloading 2018-02-20 surface variables (HRES)...
  Downloading 2018-02-20 atmospheric variables (HRES)...
  ✓ 2018-02-20 downloaded
  Downloading 2018-02-21 surface variables (HRES)...
  Downloading 2018-02-21 atmospheric variables (HRES)...
  ✓ 2018-02-21 downloaded
  Downloading 2018-02-23 surface variables (HRES)...
  Downloading 2018-02-23 atmospheric variables (HRES)...
  ✓ 2018-02-23 downloaded
  Downloading 2018-02-24 surface variables (HRES)...
  Downloading 2018-02-24 atmospheric variables (HRES)...
  ✓ 2018-02-24 downloaded
  Downloading 2018-02-28 surface variables (HRES)...
  Downloading 2018-02-28 atmospheric variables (HRES)...
  ✓ 2018-02-28 downloaded
  Downloading 2018-03-01 surface variables (HRES)...
  Downloading 2018-03-01 atmospheric variables (HRES)...
  ✓ 2018-03-01 downloaded
  Downloading 2018-03-02 surface variables (HRES)...
  Downloading 2018-03-02 atmospheric variables (HRES)...
  ✓ 2018-03-02 downloaded
  Downloading 2018-03-03 surface variables (HRES)...
  Downloading 2018-03-03 atmospheric variables (HRES)...
  ✓ 2018-03-03 downloaded
  Downloading 2018-03-04 surface variables (HRES)...
  Downloading 2018-03-04 atmospheric variables (HRES)...
  ✓ 2018-03-04 downloaded
  Downloading 2018-03-15 surface variables (HRES)...
  Downloading 2018-03-15 atmospheric variables (HRES)...
  ✓ 2018-03-15 downloaded
  Downloading 2018-03-30 surface variables (HRES)...
  Downloading 2018-03-30 atmospheric variables (HRES)...
  ✓ 2018-03-30 downloaded
  Downloading 2018-04-15 surface variables (HRES)...
  Downloading 2018-04-15 atmospheric variables (HRES)...
  ✓ 2018-04-15 downloaded
  Downloading 2018-05-15 surface variables (HRES)...
  Downloading 2018-05-15 atmospheric variables (HRES)...
  ✓ 2018-05-15 downloaded
  Downloading 2018-06-13 surface variables (HRES)...
  Downloading 2018-06-13 atmospheric variables (HRES)...
  ✓ 2018-06-13 downloaded
  Downloading 2018-06-15 surface variables (HRES)...
  Downloading 2018-06-15 atmospheric variables (HRES)...
  ✓ 2018-06-15 downloaded
  Downloading 2018-07-15 surface variables (HRES)...
  Downloading 2018-07-15 atmospheric variables (HRES)...
  ✓ 2018-07-15 downloaded
  Downloading 2018-08-15 surface variables (HRES)...
  Downloading 2018-08-15 atmospheric variables (HRES)...
  ✓ 2018-08-15 downloaded
  Downloading 2018-09-15 surface variables (HRES)...
  Downloading 2018-09-15 atmospheric variables (HRES)...
  ✓ 2018-09-15 downloaded
  Downloading 2018-10-15 surface variables (HRES)...
  Downloading 2018-10-15 atmospheric variables (HRES)...
  ✓ 2018-10-15 downloaded
  Downloading 2018-10-18 surface variables (HRES)...
  Downloading 2018-10-18 atmospheric variables (HRES)...
  ✓ 2018-10-18 downloaded
  Downloading 2018-10-19 surface variables (HRES)...
  Downloading 2018-10-19 atmospheric variables (HRES)...
  ✓ 2018-10-19 downloaded
  Downloading 2018-10-22 surface variables (HRES)...
  Downloading 2018-10-22 atmospheric variables (HRES)...
  ✓ 2018-10-22 downloaded
  Downloading 2018-10-23 surface variables (HRES)...
  Downloading 2018-10-23 atmospheric variables (HRES)...
  ✓ 2018-10-23 downloaded
  Downloading 2018-11-08 surface variables (HRES)...
  Downloading 2018-11-08 atmospheric variables (HRES)...
  ✓ 2018-11-08 downloaded
  Downloading 2018-11-15 surface variables (HRES)...
  Downloading 2018-11-15 atmospheric variables (HRES)...
  ✓ 2018-11-15 downloaded
  Downloading 2018-11-25 surface variables (HRES)...
  Downloading 2018-11-25 atmospheric variables (HRES)...
  ✓ 2018-11-25 downloaded
  Downloading 2018-11-26 surface variables (HRES)...
  Downloading 2018-11-26 atmospheric variables (HRES)...
  ✓ 2018-11-26 downloaded
  Downloading 2018-11-27 surface variables (HRES)...
  Downloading 2018-11-27 atmospheric variables (HRES)...
  ✓ 2018-11-27 downloaded
  Downloading 2018-12-05 surface variables (HRES)...
  Downloading 2018-12-05 atmospheric variables (HRES)...
  ✓ 2018-12-05 downloaded
  Downloading 2018-12-09 surface variables (HRES)...
  Downloading 2018-12-09 atmospheric variables (HRES)...
  ✓ 2018-12-09 downloaded
  Downloading 2018-12-15 surface variables (HRES)...
  Downloading 2018-12-15 atmospheric variables (HRES)...
  ✓ 2018-12-15 downloaded
  Downloading 2018-12-16 surface variables (HRES)...
  Downloading 2018-12-16 atmospheric variables (HRES)...
  ✓ 2018-12-16 downloaded
  Downloading 2018-12-24 surface variables (HRES)...
  Downloading 2018-12-24 atmospheric variables (HRES)...
  ✓ 2018-12-24 downloaded
  Downloading 2018-12-25 surface variables (HRES)...
  Downloading 2018-12-25 atmospheric variables (HRES)...
  ✓ 2018-12-25 downloaded
  Downloading 2018-12-26 surface variables (HRES)...
  Downloading 2018-12-26 atmospheric variables (HRES)...
  ✓ 2018-12-26 downloaded
  Downloading 2018-12-27 surface variables (HRES)...
  Downloading 2018-12-27 atmospheric variables (HRES)...
  ✓ 2018-12-27 downloaded
  Downloading 2018-12-30 surface variables (HRES)...
  Downloading 2018-12-30 atmospheric variables (HRES)...
  ✓ 2018-12-30 downloaded
  Downloading 2018-12-31 surface variables (HRES)...
  Downloading 2018-12-31 atmospheric variables (HRES)...
  ✓ 2018-12-31 downloaded
  Downloading 2019-01-13 surface variables (HRES)...
  Downloading 2019-01-13 atmospheric variables (HRES)...
  ✓ 2019-01-13 downloaded
  Downloading 2019-01-14 surface variables (HRES)...
  Downloading 2019-01-14 atmospheric variables (HRES)...
  ✓ 2019-01-14 downloaded
  Downloading 2019-01-15 surface variables (HRES)...
  Downloading 2019-01-15 atmospheric variables (HRES)...
  ✓ 2019-01-15 downloaded
  Downloading 2019-01-17 surface variables (HRES)...
  Downloading 2019-01-17 atmospheric variables (HRES)...
  ✓ 2019-01-17 downloaded
  Downloading 2019-01-31 surface variables (HRES)...
  Downloading 2019-01-31 atmospheric variables (HRES)...
  ✓ 2019-01-31 downloaded
  Downloading 2019-02-01 surface variables (HRES)...
  Downloading 2019-02-01 atmospheric variables (HRES)...
  ✓ 2019-02-01 downloaded
  Downloading 2019-02-08 surface variables (HRES)...
  Downloading 2019-02-08 atmospheric variables (HRES)...
  ✓ 2019-02-08 downloaded
  Downloading 2019-02-15 surface variables (HRES)...
  Downloading 2019-02-15 atmospheric variables (HRES)...
  ✓ 2019-02-15 downloaded
  Downloading 2019-03-15 surface variables (HRES)...
  Downloading 2019-03-15 atmospheric variables (HRES)...
  ✓ 2019-03-15 downloaded
  Downloading 2019-04-07 surface variables (HRES)...
  Downloading 2019-04-07 atmospheric variables (HRES)...
  ✓ 2019-04-07 downloaded
  Downloading 2019-04-08 surface variables (HRES)...
  Downloading 2019-04-08 atmospheric variables (HRES)...
  ✓ 2019-04-08 downloaded
  Downloading 2019-04-15 surface variables (HRES)...
  Downloading 2019-04-15 atmospheric variables (HRES)...
  ✓ 2019-04-15 downloaded
  Downloading 2019-05-15 surface variables (HRES)...
  Downloading 2019-05-15 atmospheric variables (HRES)...
  ✓ 2019-05-15 downloaded
  Downloading 2019-05-31 surface variables (HRES)...
  Downloading 2019-05-31 atmospheric variables (HRES)...
  ✓ 2019-05-31 downloaded
  Downloading 2019-06-01 surface variables (HRES)...
  Downloading 2019-06-01 atmospheric variables (HRES)...
  ✓ 2019-06-01 downloaded
  Downloading 2019-06-15 surface variables (HRES)...
  Downloading 2019-06-15 atmospheric variables (HRES)...
  ✓ 2019-06-15 downloaded
  Downloading 2019-07-15 surface variables (HRES)...
  Downloading 2019-07-15 atmospheric variables (HRES)...
  ✓ 2019-07-15 downloaded
  Downloading 2019-08-15 surface variables (HRES)...
  Downloading 2019-08-15 atmospheric variables (HRES)...
  ✓ 2019-08-15 downloaded
  Downloading 2019-09-15 surface variables (HRES)...
  Downloading 2019-09-15 atmospheric variables (HRES)...
  ✓ 2019-09-15 downloaded
  Downloading 2019-09-25 surface variables (HRES)...
  Downloading 2019-09-25 atmospheric variables (HRES)...
  ✓ 2019-09-25 downloaded
  Downloading 2019-09-26 surface variables (HRES)...
  Downloading 2019-09-26 atmospheric variables (HRES)...
  ✓ 2019-09-26 downloaded
  Downloading 2019-10-15 surface variables (HRES)...
  Downloading 2019-10-15 atmospheric variables (HRES)...
  ✓ 2019-10-15 downloaded
  Downloading 2019-11-15 surface variables (HRES)...
  Downloading 2019-11-15 atmospheric variables (HRES)...
  ✓ 2019-11-15 downloaded
  Downloading 2019-12-15 surface variables (HRES)...
  Downloading 2019-12-15 atmospheric variables (HRES)...
  ✓ 2019-12-15 downloaded
  Downloading 2019-12-21 surface variables (HRES)...
  Downloading 2019-12-21 atmospheric variables (HRES)...
  ✓ 2019-12-21 downloaded
  Downloading 2019-12-22 surface variables (HRES)...
  Downloading 2019-12-22 atmospheric variables (HRES)...
  ✓ 2019-12-22 downloaded
  Downloading 2020-01-01 surface variables (HRES)...
  Downloading 2020-01-01 atmospheric variables (HRES)...
  ✓ 2020-01-01 downloaded
  Downloading 2020-01-02 surface variables (HRES)...
  Downloading 2020-01-02 atmospheric variables (HRES)...
  ✓ 2020-01-02 downloaded
  Downloading 2020-01-03 surface variables (HRES)...
  Downloading 2020-01-03 atmospheric variables (HRES)...
  ✓ 2020-01-03 downloaded
  Downloading 2020-01-04 surface variables (HRES)...
  Downloading 2020-01-04 atmospheric variables (HRES)...
  ✓ 2020-01-04 downloaded
  Downloading 2020-01-09 surface variables (HRES)...
  Downloading 2020-01-09 atmospheric variables (HRES)...
  ✓ 2020-01-09 downloaded
  Downloading 2020-01-10 surface variables (HRES)...
  Downloading 2020-01-10 atmospheric variables (HRES)...
  ✓ 2020-01-10 downloaded
  Downloading 2020-01-11 surface variables (HRES)...
  Downloading 2020-01-11 atmospheric variables (HRES)...
  ✓ 2020-01-11 downloaded
  Downloading 2020-01-12 surface variables (HRES)...
  Downloading 2020-01-12 atmospheric variables (HRES)...
  ✓ 2020-01-12 downloaded
  Downloading 2020-01-13 surface variables (HRES)...
  Downloading 2020-01-13 atmospheric variables (HRES)...
  ✓ 2020-01-13 downloaded
  Downloading 2020-01-14 surface variables (HRES)...
  Downloading 2020-01-14 atmospheric variables (HRES)...
  ✓ 2020-01-14 downloaded
  Downloading 2020-01-15 surface variables (HRES)...
  Downloading 2020-01-15 atmospheric variables (HRES)...
  ✓ 2020-01-15 downloaded
  Downloading 2020-01-16 surface variables (HRES)...
  Downloading 2020-01-16 atmospheric variables (HRES)...
  ✓ 2020-01-16 downloaded
  Downloading 2020-01-17 surface variables (HRES)...
  Downloading 2020-01-17 atmospheric variables (HRES)...
  ✓ 2020-01-17 downloaded
  Downloading 2020-01-18 surface variables (HRES)...
  Downloading 2020-01-18 atmospheric variables (HRES)...
  ✓ 2020-01-18 downloaded
  Downloading 2020-01-28 surface variables (HRES)...
  Downloading 2020-01-28 atmospheric variables (HRES)...
  ✓ 2020-01-28 downloaded
  Downloading 2020-02-01 surface variables (HRES)...
  Downloading 2020-02-01 atmospheric variables (HRES)...
  ✓ 2020-02-01 downloaded
  Downloading 2020-02-02 surface variables (HRES)...
  Downloading 2020-02-02 atmospheric variables (HRES)...
  ✓ 2020-02-02 downloaded
  Downloading 2020-02-03 surface variables (HRES)...
  Downloading 2020-02-03 atmospheric variables (HRES)...
  ✓ 2020-02-03 downloaded
  Downloading 2020-02-04 surface variables (HRES)...
  Downloading 2020-02-04 atmospheric variables (HRES)...
  ✓ 2020-02-04 downloaded
  Downloading 2020-02-15 surface variables (HRES)...
  Downloading 2020-02-15 atmospheric variables (HRES)...
  ✓ 2020-02-15 downloaded
  Downloading 2020-02-26 surface variables (HRES)...
  Downloading 2020-02-26 atmospheric variables (HRES)...
  ✓ 2020-02-26 downloaded
  Downloading 2020-02-27 surface variables (HRES)...
  Downloading 2020-02-27 atmospheric variables (HRES)...
  ✓ 2020-02-27 downloaded
  Downloading 2020-02-28 surface variables (HRES)...
  Downloading 2020-02-28 atmospheric variables (HRES)...
  ✓ 2020-02-28 downloaded
  Downloading 2020-02-29 surface variables (HRES)...
  Downloading 2020-02-29 atmospheric variables (HRES)...
  ✓ 2020-02-29 downloaded
  Downloading 2020-03-15 surface variables (HRES)...
  Downloading 2020-03-15 atmospheric variables (HRES)...
  ✓ 2020-03-15 downloaded
  Downloading 2020-03-28 surface variables (HRES)...
  Downloading 2020-03-28 atmospheric variables (HRES)...
  ✓ 2020-03-28 downloaded
  Downloading 2020-04-15 surface variables (HRES)...
  Downloading 2020-04-15 atmospheric variables (HRES)...
  ✓ 2020-04-15 downloaded
  Downloading 2020-05-07 surface variables (HRES)...
  Downloading 2020-05-07 atmospheric variables (HRES)...
  ✓ 2020-05-07 downloaded
  Downloading 2020-05-15 surface variables (HRES)...
  Downloading 2020-05-15 atmospheric variables (HRES)...
  ✓ 2020-05-15 downloaded
  Downloading 2020-06-15 surface variables (HRES)...
  Downloading 2020-06-15 atmospheric variables (HRES)...
  ✓ 2020-06-15 downloaded
  Downloading 2020-07-15 surface variables (HRES)...
  Downloading 2020-07-15 atmospheric variables (HRES)...
  ✓ 2020-07-15 downloaded
  Downloading 2020-08-15 surface variables (HRES)...
  Downloading 2020-08-15 atmospheric variables (HRES)...
  ✓ 2020-08-15 downloaded
  Downloading 2020-09-15 surface variables (HRES)...
  Downloading 2020-09-15 atmospheric variables (HRES)...
  ✓ 2020-09-15 downloaded
  Downloading 2020-10-15 surface variables (HRES)...
  Downloading 2020-10-15 atmospheric variables (HRES)...
  ✓ 2020-10-15 downloaded
  Downloading 2020-11-15 surface variables (HRES)...
  Downloading 2020-11-15 atmospheric variables (HRES)...
  ✓ 2020-11-15 downloaded
  Downloading 2020-11-30 surface variables (HRES)...
  Downloading 2020-11-30 atmospheric variables (HRES)...
  ✓ 2020-11-30 downloaded
  Downloading 2020-12-01 surface variables (HRES)...
  Downloading 2020-12-01 atmospheric variables (HRES)...
  ✓ 2020-12-01 downloaded
  Downloading 2020-12-02 surface variables (HRES)...
  Downloading 2020-12-02 atmospheric variables (HRES)...
  ✓ 2020-12-02 downloaded
  Downloading 2020-12-15 surface variables (HRES)...
  Downloading 2020-12-15 atmospheric variables (HRES)...
  ✓ 2020-12-15 downloaded
  Downloading 2020-12-25 surface variables (HRES)...
  Downloading 2020-12-25 atmospheric variables (HRES)...
  ✓ 2020-12-25 downloaded
  Downloading 2020-12-27 surface variables (HRES)...
  Downloading 2020-12-27 atmospheric variables (HRES)...
  ✓ 2020-12-27 downloaded
  Downloading 2020-12-28 surface variables (HRES)...
  Downloading 2020-12-28 atmospheric variables (HRES)...
  ✓ 2020-12-28 downloaded
  Downloading 2020-12-31 surface variables (HRES)...
  Downloading 2020-12-31 atmospheric variables (HRES)...
  ✓ 2020-12-31 downloaded
  Downloading 2021-01-04 surface variables (HRES)...
  Downloading 2021-01-04 atmospheric variables (HRES)...
  ✓ 2021-01-04 downloaded
  Downloading 2021-01-05 surface variables (HRES)...
  Downloading 2021-01-05 atmospheric variables (HRES)...
  ✓ 2021-01-05 downloaded
  Downloading 2021-01-06 surface variables (HRES)...
  Downloading 2021-01-06 atmospheric variables (HRES)...
  ✓ 2021-01-06 downloaded
  Downloading 2021-01-07 surface variables (HRES)...
  Downloading 2021-01-07 atmospheric variables (HRES)...
  ✓ 2021-01-07 downloaded
  Downloading 2021-01-15 surface variables (HRES)...
  Downloading 2021-01-15 atmospheric variables (HRES)...
  ✓ 2021-01-15 downloaded
  Downloading 2021-01-19 surface variables (HRES)...
  Downloading 2021-01-19 atmospheric variables (HRES)...
  ✓ 2021-01-19 downloaded
  Downloading 2021-01-25 surface variables (HRES)...
  Downloading 2021-01-25 atmospheric variables (HRES)...
  ✓ 2021-01-25 downloaded
  Downloading 2021-01-26 surface variables (HRES)...
  Downloading 2021-01-26 atmospheric variables (HRES)...
  ✓ 2021-01-26 downloaded
  Downloading 2021-01-27 surface variables (HRES)...
  Downloading 2021-01-27 atmospheric variables (HRES)...
  ✓ 2021-01-27 downloaded
  Downloading 2021-02-03 surface variables (HRES)...
  Downloading 2021-02-03 atmospheric variables (HRES)...
  ✓ 2021-02-03 downloaded
  Downloading 2021-02-04 surface variables (HRES)...
  Downloading 2021-02-04 atmospheric variables (HRES)...
  ✓ 2021-02-04 downloaded
  Downloading 2021-02-05 surface variables (HRES)...
  Downloading 2021-02-05 atmospheric variables (HRES)...
  ✓ 2021-02-05 downloaded
  Downloading 2021-02-06 surface variables (HRES)...
  Downloading 2021-02-06 atmospheric variables (HRES)...
  ✓ 2021-02-06 downloaded
  Downloading 2021-02-07 surface variables (HRES)...
  Downloading 2021-02-07 atmospheric variables (HRES)...
  ✓ 2021-02-07 downloaded
  Downloading 2021-02-08 surface variables (HRES)...
  Downloading 2021-02-08 atmospheric variables (HRES)...
  ✓ 2021-02-08 downloaded
  Downloading 2021-02-09 surface variables (HRES)...
  Downloading 2021-02-09 atmospheric variables (HRES)...
  ✓ 2021-02-09 downloaded
  Downloading 2021-02-10 surface variables (HRES)...
  Downloading 2021-02-10 atmospheric variables (HRES)...
  ✓ 2021-02-10 downloaded
  Downloading 2021-02-11 surface variables (HRES)...
  Downloading 2021-02-11 atmospheric variables (HRES)...
  ✓ 2021-02-11 downloaded
  Downloading 2021-02-12 surface variables (HRES)...
  Downloading 2021-02-12 atmospheric variables (HRES)...
  ✓ 2021-02-12 downloaded
  Downloading 2021-02-15 surface variables (HRES)...
  Downloading 2021-02-15 atmospheric variables (HRES)...
  ✓ 2021-02-15 downloaded
  Downloading 2021-02-20 surface variables (HRES)...
  Downloading 2021-02-20 atmospheric variables (HRES)...
  ✓ 2021-02-20 downloaded
  Downloading 2021-02-22 surface variables (HRES)...
  Downloading 2021-02-22 atmospheric variables (HRES)...
  ✓ 2021-02-22 downloaded
  Downloading 2021-03-15 surface variables (HRES)...
  Downloading 2021-03-15 atmospheric variables (HRES)...
  ✓ 2021-03-15 downloaded
  Downloading 2021-04-15 surface variables (HRES)...
  Downloading 2021-04-15 atmospheric variables (HRES)...
  ✓ 2021-04-15 downloaded
  Downloading 2021-04-27 surface variables (HRES)...
  Downloading 2021-04-27 atmospheric variables (HRES)...
  ✓ 2021-04-27 downloaded
  Downloading 2021-04-28 surface variables (HRES)...
  Downloading 2021-04-28 atmospheric variables (HRES)...
  ✓ 2021-04-28 downloaded
  Downloading 2021-04-29 surface variables (HRES)...
  Downloading 2021-04-29 atmospheric variables (HRES)...
  ✓ 2021-04-29 downloaded
  Downloading 2021-04-30 surface variables (HRES)...
  Downloading 2021-04-30 atmospheric variables (HRES)...
  ✓ 2021-04-30 downloaded
  Downloading 2021-05-01 surface variables (HRES)...
  Downloading 2021-05-01 atmospheric variables (HRES)...
  ✓ 2021-05-01 downloaded
  Downloading 2021-05-02 surface variables (HRES)...
  Downloading 2021-05-02 atmospheric variables (HRES)...
  ✓ 2021-05-02 downloaded
  Downloading 2021-05-03 surface variables (HRES)...
  Downloading 2021-05-03 atmospheric variables (HRES)...
  ✓ 2021-05-03 downloaded
  Downloading 2021-05-04 surface variables (HRES)...
  Downloading 2021-05-04 atmospheric variables (HRES)...
  ✓ 2021-05-04 downloaded
  Downloading 2021-05-05 surface variables (HRES)...
  Downloading 2021-05-05 atmospheric variables (HRES)...
  ✓ 2021-05-05 downloaded
  Downloading 2021-05-15 surface variables (HRES)...
  Downloading 2021-05-15 atmospheric variables (HRES)...
  ✓ 2021-05-15 downloaded
  Downloading 2021-06-15 surface variables (HRES)...
  Downloading 2021-06-15 atmospheric variables (HRES)...
  ✓ 2021-06-15 downloaded
  Downloading 2021-07-15 surface variables (HRES)...
  Downloading 2021-07-15 atmospheric variables (HRES)...
  ✓ 2021-07-15 downloaded
  Downloading 2021-08-15 surface variables (HRES)...
  Downloading 2021-08-15 atmospheric variables (HRES)...
  ✓ 2021-08-15 downloaded
  Downloading 2021-09-15 surface variables (HRES)...
  Downloading 2021-09-15 atmospheric variables (HRES)...
  ✓ 2021-09-15 downloaded
  Downloading 2021-10-15 surface variables (HRES)...
  Downloading 2021-10-15 atmospheric variables (HRES)...
  ✓ 2021-10-15 downloaded
  Downloading 2021-10-17 surface variables (HRES)...
  Downloading 2021-10-17 atmospheric variables (HRES)...
  ✓ 2021-10-17 downloaded
  Downloading 2021-10-18 surface variables (HRES)...
  Downloading 2021-10-18 atmospheric variables (HRES)...
  ✓ 2021-10-18 downloaded
  Downloading 2021-11-13 surface variables (HRES)...
  Downloading 2021-11-13 atmospheric variables (HRES)...
  ✓ 2021-11-13 downloaded
  Downloading 2021-11-15 surface variables (HRES)...
  Downloading 2021-11-15 atmospheric variables (HRES)...
  ✓ 2021-11-15 downloaded
  Downloading 2021-12-15 surface variables (HRES)...
  Downloading 2021-12-15 atmospheric variables (HRES)...
  ✓ 2021-12-15 downloaded

============================================================
  DOWNLOAD COMPLETE
============================================================
  Files cached at: /scratch-shared/ekasteleyn/downloads/hres_t0
  Total size: 653.18 GB

========================================
  COMPLETE: Tue Mar 31 13:01:43 CEST 2026
========================================
