========================================
  HRES T0 DATA DOWNLOAD - TARGET DATES  
========================================
Job ID:       21851267
Date:         Tue Apr 14 10:15:50 CEST 2026
Node:         tcn214.local.snellius.surf.nl
========================================

============================================================
  HRES T0 DATA DOWNLOAD
============================================================
  Dates: 183
  Cache: /scratch-shared/ekasteleyn/downloads/hres_t0
============================================================

[1/3] Total dates to download: 183

[2/3] Static variables...
  ✓ Static variables already cached

[3/3] HRES T0 / ERA5 data...
  Opening WeatherBench2 datasets...
  ✓ 2016-02-01 already cached
  ✓ 2016-02-07 already cached
  Downloading 2016-02-08 surface variables (HRES)...
  Downloading 2016-02-08 atmospheric variables (HRES)...
  ✓ 2016-02-08 downloaded
  Downloading 2016-02-18 surface variables (HRES)...
  Downloading 2016-02-18 atmospheric variables (HRES)...
  ✓ 2016-02-18 downloaded
  Downloading 2016-02-19 surface variables (HRES)...
  Downloading 2016-02-19 atmospheric variables (HRES)...
  ✓ 2016-02-19 downloaded
  Downloading 2016-03-03 surface variables (HRES)...
  Downloading 2016-03-03 atmospheric variables (HRES)...
  ✓ 2016-03-03 downloaded
  Downloading 2016-03-04 surface variables (HRES)...
  Downloading 2016-03-04 atmospheric variables (HRES)...
  ✓ 2016-03-04 downloaded
  Downloading 2016-03-05 surface variables (HRES)...
  Downloading 2016-03-05 atmospheric variables (HRES)...
  ✓ 2016-03-05 downloaded
  Downloading 2016-03-06 surface variables (HRES)...
  Downloading 2016-03-06 atmospheric variables (HRES)...
  ✓ 2016-03-06 downloaded
  Downloading 2016-03-07 surface variables (HRES)...
  Downloading 2016-03-07 atmospheric variables (HRES)...
  ✓ 2016-03-07 downloaded
  Downloading 2016-03-08 surface variables (HRES)...
  Downloading 2016-03-08 atmospheric variables (HRES)...
  ✓ 2016-03-08 downloaded
  Downloading 2016-03-12 surface variables (HRES)...
  Downloading 2016-03-12 atmospheric variables (HRES)...
  ✓ 2016-03-12 downloaded
  Downloading 2016-03-13 surface variables (HRES)...
  Downloading 2016-03-13 atmospheric variables (HRES)...
  ✓ 2016-03-13 downloaded
  Downloading 2016-03-14 surface variables (HRES)...
  Downloading 2016-03-14 atmospheric variables (HRES)...
  ✓ 2016-03-14 downloaded
  ✓ 2016-03-15 already cached
  ✓ 2016-03-21 already cached
  Downloading 2016-03-23 surface variables (HRES)...
  Downloading 2016-03-23 atmospheric variables (HRES)...
  ✓ 2016-03-23 downloaded
  ✓ 2016-03-24 already cached
  Downloading 2016-03-27 surface variables (HRES)...
  Downloading 2016-03-27 atmospheric variables (HRES)...
  ✓ 2016-03-27 downloaded
  Downloading 2016-06-02 surface variables (HRES)...
  Downloading 2016-06-02 atmospheric variables (HRES)...
  ✓ 2016-06-02 downloaded
  Downloading 2016-06-03 surface variables (HRES)...
  Downloading 2016-06-03 atmospheric variables (HRES)...
  ✓ 2016-06-03 downloaded
  Downloading 2016-06-04 surface variables (HRES)...
  Downloading 2016-06-04 atmospheric variables (HRES)...
  ✓ 2016-06-04 downloaded
  Downloading 2016-06-10 surface variables (HRES)...
  Downloading 2016-06-10 atmospheric variables (HRES)...
  ✓ 2016-06-10 downloaded
  Downloading 2016-06-11 surface variables (HRES)...
  Downloading 2016-06-11 atmospheric variables (HRES)...
  ✓ 2016-06-11 downloaded
  Downloading 2016-06-12 surface variables (HRES)...
  Downloading 2016-06-12 atmospheric variables (HRES)...
  ✓ 2016-06-12 downloaded
  ✓ 2016-06-13 already cached
  Downloading 2016-06-15 surface variables (HRES)...
  Downloading 2016-06-15 atmospheric variables (HRES)...
  ✓ 2016-06-15 downloaded
  Downloading 2016-06-16 surface variables (HRES)...
  Downloading 2016-06-16 atmospheric variables (HRES)...
  ✓ 2016-06-16 downloaded
  Downloading 2016-06-17 surface variables (HRES)...
  Downloading 2016-06-17 atmospheric variables (HRES)...
  ✓ 2016-06-17 downloaded
  Downloading 2016-06-18 surface variables (HRES)...
  Downloading 2016-06-18 atmospheric variables (HRES)...
  ✓ 2016-06-18 downloaded
  ✓ 2016-06-19 already cached
  Downloading 2016-06-24 surface variables (HRES)...
  Downloading 2016-06-24 atmospheric variables (HRES)...
  ✓ 2016-06-24 downloaded
  Downloading 2016-06-25 surface variables (HRES)...
  Downloading 2016-06-25 atmospheric variables (HRES)...
  ✓ 2016-06-25 downloaded
  Downloading 2016-06-26 surface variables (HRES)...
  Downloading 2016-06-26 atmospheric variables (HRES)...
  ✓ 2016-06-26 downloaded
  Downloading 2016-06-27 surface variables (HRES)...
  Downloading 2016-06-27 atmospheric variables (HRES)...
  ✓ 2016-06-27 downloaded
  Downloading 2016-06-28 surface variables (HRES)...
  Downloading 2016-06-28 atmospheric variables (HRES)...
  ✓ 2016-06-28 downloaded
  Downloading 2016-07-01 surface variables (HRES)...
  Downloading 2016-07-01 atmospheric variables (HRES)...
  ✓ 2016-07-01 downloaded
  Downloading 2016-07-02 surface variables (HRES)...
  Downloading 2016-07-02 atmospheric variables (HRES)...
  ✓ 2016-07-02 downloaded
  Downloading 2016-07-03 surface variables (HRES)...
  Downloading 2016-07-03 atmospheric variables (HRES)...
  ✓ 2016-07-03 downloaded
  Downloading 2016-09-01 surface variables (HRES)...
  Downloading 2016-09-01 atmospheric variables (HRES)...
  ✓ 2016-09-01 downloaded
  Downloading 2016-09-02 surface variables (HRES)...
  Downloading 2016-09-02 atmospheric variables (HRES)...
  ✓ 2016-09-02 downloaded
  ✓ 2016-09-03 already cached
  Downloading 2016-09-05 surface variables (HRES)...
  Downloading 2016-09-05 atmospheric variables (HRES)...
  ✓ 2016-09-05 downloaded
  Downloading 2016-09-06 surface variables (HRES)...
  Downloading 2016-09-06 atmospheric variables (HRES)...
  ✓ 2016-09-06 downloaded
  Downloading 2016-09-07 surface variables (HRES)...
  Downloading 2016-09-07 atmospheric variables (HRES)...
  ✓ 2016-09-07 downloaded
  Downloading 2016-09-08 surface variables (HRES)...
  Downloading 2016-09-08 atmospheric variables (HRES)...
  ✓ 2016-09-08 downloaded
  Downloading 2016-09-09 surface variables (HRES)...
  Downloading 2016-09-09 atmospheric variables (HRES)...
  ✓ 2016-09-09 downloaded
  Downloading 2016-09-10 surface variables (HRES)...
  Downloading 2016-09-10 atmospheric variables (HRES)...
  ✓ 2016-09-10 downloaded
  ✓ 2016-09-11 already cached
  Downloading 2016-09-13 surface variables (HRES)...
  Downloading 2016-09-13 atmospheric variables (HRES)...
  ✓ 2016-09-13 downloaded
  Downloading 2016-09-14 surface variables (HRES)...
  Downloading 2016-09-14 atmospheric variables (HRES)...
  ✓ 2016-09-14 downloaded
  Downloading 2016-09-15 surface variables (HRES)...
  Downloading 2016-09-15 atmospheric variables (HRES)...
  ✓ 2016-09-15 downloaded
  Downloading 2016-09-16 surface variables (HRES)...
  Downloading 2016-09-16 atmospheric variables (HRES)...
  ✓ 2016-09-16 downloaded
  Downloading 2016-09-17 surface variables (HRES)...
  Downloading 2016-09-17 atmospheric variables (HRES)...
  ✓ 2016-09-17 downloaded
  Downloading 2016-09-18 surface variables (HRES)...
  Downloading 2016-09-18 atmospheric variables (HRES)...
  ✓ 2016-09-18 downloaded
  Downloading 2017-05-09 surface variables (HRES)...
  Downloading 2017-05-09 atmospheric variables (HRES)...
  ✓ 2017-05-09 downloaded
  Downloading 2017-05-10 surface variables (HRES)...
  Downloading 2017-05-10 atmospheric variables (HRES)...
  ✓ 2017-05-10 downloaded
  Downloading 2017-05-11 surface variables (HRES)...
  Downloading 2017-05-11 atmospheric variables (HRES)...
  ✓ 2017-05-11 downloaded
  Downloading 2017-05-12 surface variables (HRES)...
  Downloading 2017-05-12 atmospheric variables (HRES)...
  ✓ 2017-05-12 downloaded
  Downloading 2017-05-13 surface variables (HRES)...
  Downloading 2017-05-13 atmospheric variables (HRES)...
  ✓ 2017-05-13 downloaded
  Downloading 2017-05-14 surface variables (HRES)...
  Downloading 2017-05-14 atmospheric variables (HRES)...
  ✓ 2017-05-14 downloaded
  Downloading 2017-07-01 surface variables (HRES)...
  Downloading 2017-07-01 atmospheric variables (HRES)...
  ✓ 2017-07-01 downloaded
  Downloading 2017-07-02 surface variables (HRES)...
  Downloading 2017-07-02 atmospheric variables (HRES)...
  ✓ 2017-07-02 downloaded
  Downloading 2017-07-03 surface variables (HRES)...
  Downloading 2017-07-03 atmospheric variables (HRES)...
  ✓ 2017-07-03 downloaded
  Downloading 2017-07-04 surface variables (HRES)...
  Downloading 2017-07-04 atmospheric variables (HRES)...
  ✓ 2017-07-04 downloaded
  Downloading 2017-07-05 surface variables (HRES)...
  Downloading 2017-07-05 atmospheric variables (HRES)...
  ✓ 2017-07-05 downloaded
  Downloading 2017-07-06 surface variables (HRES)...
  Downloading 2017-07-06 atmospheric variables (HRES)...
  ✓ 2017-07-06 downloaded
  Downloading 2017-07-07 surface variables (HRES)...
  Downloading 2017-07-07 atmospheric variables (HRES)...
  ✓ 2017-07-07 downloaded
  Downloading 2017-07-08 surface variables (HRES)...
  Downloading 2017-07-08 atmospheric variables (HRES)...
  ✓ 2017-07-08 downloaded
  Downloading 2017-07-09 surface variables (HRES)...
  Downloading 2017-07-09 atmospheric variables (HRES)...
  ✓ 2017-07-09 downloaded
  Downloading 2017-08-01 surface variables (HRES)...
  Downloading 2017-08-01 atmospheric variables (HRES)...
  ✓ 2017-08-01 downloaded
  Downloading 2017-08-02 surface variables (HRES)...
  Downloading 2017-08-02 atmospheric variables (HRES)...
  ✓ 2017-08-02 downloaded
  Downloading 2017-08-27 surface variables (HRES)...
  Downloading 2017-08-27 atmospheric variables (HRES)...
  ✓ 2017-08-27 downloaded
  Downloading 2017-08-28 surface variables (HRES)...
  Downloading 2017-08-28 atmospheric variables (HRES)...
  ✓ 2017-08-28 downloaded
  Downloading 2017-08-29 surface variables (HRES)...
  Downloading 2017-08-29 atmospheric variables (HRES)...
  ✓ 2017-08-29 downloaded
  Downloading 2017-09-01 surface variables (HRES)...
  Downloading 2017-09-01 atmospheric variables (HRES)...
  ✓ 2017-09-01 downloaded
  Downloading 2017-09-22 surface variables (HRES)...
  Downloading 2017-09-22 atmospheric variables (HRES)...
  ✓ 2017-09-22 downloaded
  Downloading 2017-09-23 surface variables (HRES)...
  Downloading 2017-09-23 atmospheric variables (HRES)...
  ✓ 2017-09-23 downloaded
  Downloading 2017-09-24 surface variables (HRES)...
  Downloading 2017-09-24 atmospheric variables (HRES)...
  ✓ 2017-09-24 downloaded
  Downloading 2017-09-25 surface variables (HRES)...
  Downloading 2017-09-25 atmospheric variables (HRES)...
  ✓ 2017-09-25 downloaded
  Downloading 2017-09-26 surface variables (HRES)...
  Downloading 2017-09-26 atmospheric variables (HRES)...
  ✓ 2017-09-26 downloaded
  Downloading 2017-09-27 surface variables (HRES)...
  Downloading 2017-09-27 atmospheric variables (HRES)...
  ✓ 2017-09-27 downloaded
  Downloading 2017-09-28 surface variables (HRES)...
  Downloading 2017-09-28 atmospheric variables (HRES)...
  ✓ 2017-09-28 downloaded
  ✓ 2017-11-23 already cached
  ✓ 2017-11-25 already cached
  Downloading 2017-11-27 surface variables (HRES)...
  Downloading 2017-11-27 atmospheric variables (HRES)...
  ✓ 2017-11-27 downloaded
  Downloading 2017-11-28 surface variables (HRES)...
  Downloading 2017-11-28 atmospheric variables (HRES)...
  ✓ 2017-11-28 downloaded
  Downloading 2017-12-03 surface variables (HRES)...
  Downloading 2017-12-03 atmospheric variables (HRES)...
  ✓ 2017-12-03 downloaded
  Downloading 2017-12-04 surface variables (HRES)...
  Downloading 2017-12-04 atmospheric variables (HRES)...
  ✓ 2017-12-04 downloaded
  Downloading 2018-01-16 surface variables (HRES)...
  Downloading 2018-01-16 atmospheric variables (HRES)...
  ✓ 2018-01-16 downloaded
  ✓ 2018-01-17 already cached
  Downloading 2018-01-19 surface variables (HRES)...
  Downloading 2018-01-19 atmospheric variables (HRES)...
  ✓ 2018-01-19 downloaded
  Downloading 2018-01-20 surface variables (HRES)...
  Downloading 2018-01-20 atmospheric variables (HRES)...
  ✓ 2018-01-20 downloaded
  Downloading 2018-01-21 surface variables (HRES)...
  Downloading 2018-01-21 atmospheric variables (HRES)...
  ✓ 2018-01-21 downloaded
  Downloading 2018-02-13 surface variables (HRES)...
  Downloading 2018-02-13 atmospheric variables (HRES)...
  ✓ 2018-02-13 downloaded
  Downloading 2018-08-28 surface variables (HRES)...
  Downloading 2018-08-28 atmospheric variables (HRES)...
  ✓ 2018-08-28 downloaded
  Downloading 2018-08-29 surface variables (HRES)...
  Downloading 2018-08-29 atmospheric variables (HRES)...
  ✓ 2018-08-29 downloaded
  Downloading 2018-08-31 surface variables (HRES)...
  Downloading 2018-08-31 atmospheric variables (HRES)...
  ✓ 2018-08-31 downloaded
  Downloading 2018-09-01 surface variables (HRES)...
  Downloading 2018-09-01 atmospheric variables (HRES)...
  ✓ 2018-09-01 downloaded
  ✓ 2018-09-03 already cached
  Downloading 2018-09-05 surface variables (HRES)...
  Downloading 2018-09-05 atmospheric variables (HRES)...
  ✓ 2018-09-05 downloaded
  Downloading 2018-09-06 surface variables (HRES)...
  Downloading 2018-09-06 atmospheric variables (HRES)...
  ✓ 2018-09-06 downloaded
  Downloading 2018-09-07 surface variables (HRES)...
  Downloading 2018-09-07 atmospheric variables (HRES)...
  ✓ 2018-09-07 downloaded
  ✓ 2018-09-08 already cached
  Downloading 2018-10-03 surface variables (HRES)...
  Downloading 2018-10-03 atmospheric variables (HRES)...
  ✓ 2018-10-03 downloaded
  Downloading 2018-10-04 surface variables (HRES)...
  Downloading 2018-10-04 atmospheric variables (HRES)...
  ✓ 2018-10-04 downloaded
  Downloading 2018-10-05 surface variables (HRES)...
  Downloading 2018-10-05 atmospheric variables (HRES)...
  ✓ 2018-10-05 downloaded
  Downloading 2018-11-12 surface variables (HRES)...
  Downloading 2018-11-12 atmospheric variables (HRES)...
  ✓ 2018-11-12 downloaded
  Downloading 2018-11-13 surface variables (HRES)...
  Downloading 2018-11-13 atmospheric variables (HRES)...
  ✓ 2018-11-13 downloaded
  Downloading 2018-11-20 surface variables (HRES)...
  Downloading 2018-11-20 atmospheric variables (HRES)...
  ✓ 2018-11-20 downloaded
  Downloading 2018-12-14 surface variables (HRES)...
  Downloading 2018-12-14 atmospheric variables (HRES)...
  ✓ 2018-12-14 downloaded
  Downloading 2019-01-03 surface variables (HRES)...
  Downloading 2019-01-03 atmospheric variables (HRES)...
  ✓ 2019-01-03 downloaded
  ✓ 2019-01-04 already cached
  Downloading 2019-02-04 surface variables (HRES)...
  Downloading 2019-02-04 atmospheric variables (HRES)...
  ✓ 2019-02-04 downloaded
  Downloading 2019-03-16 surface variables (HRES)...
  Downloading 2019-03-16 atmospheric variables (HRES)...
  ✓ 2019-03-16 downloaded
  Downloading 2019-03-17 surface variables (HRES)...
  Downloading 2019-03-17 atmospheric variables (HRES)...
  ✓ 2019-03-17 downloaded
  Downloading 2019-05-10 surface variables (HRES)...
  Downloading 2019-05-10 atmospheric variables (HRES)...
  ✓ 2019-05-10 downloaded
  Downloading 2019-05-11 surface variables (HRES)...
  Downloading 2019-05-11 atmospheric variables (HRES)...
  ✓ 2019-05-11 downloaded
  Downloading 2019-05-12 surface variables (HRES)...
  Downloading 2019-05-12 atmospheric variables (HRES)...
  ✓ 2019-05-12 downloaded
  Downloading 2019-06-12 surface variables (HRES)...
  Downloading 2019-06-12 atmospheric variables (HRES)...
  ✓ 2019-06-12 downloaded
  Downloading 2019-06-13 surface variables (HRES)...
  Downloading 2019-06-13 atmospheric variables (HRES)...
  ✓ 2019-06-13 downloaded
  Downloading 2019-06-14 surface variables (HRES)...
  Downloading 2019-06-14 atmospheric variables (HRES)...
  ✓ 2019-06-14 downloaded
  Downloading 2019-06-21 surface variables (HRES)...
  Downloading 2019-06-21 atmospheric variables (HRES)...
  ✓ 2019-06-21 downloaded
  Downloading 2019-06-22 surface variables (HRES)...
  Downloading 2019-06-22 atmospheric variables (HRES)...
  ✓ 2019-06-22 downloaded
  Downloading 2019-06-28 surface variables (HRES)...
  Downloading 2019-06-28 atmospheric variables (HRES)...
  ✓ 2019-06-28 downloaded
  Downloading 2019-09-16 surface variables (HRES)...
  Downloading 2019-09-16 atmospheric variables (HRES)...
  ✓ 2019-09-16 downloaded
  ✓ 2020-03-27 already cached
  Downloading 2020-05-23 surface variables (HRES)...
  Downloading 2020-05-23 atmospheric variables (HRES)...
  ✓ 2020-05-23 downloaded
  Downloading 2020-05-24 surface variables (HRES)...
  Downloading 2020-05-24 atmospheric variables (HRES)...
  ✓ 2020-05-24 downloaded
  Downloading 2020-05-25 surface variables (HRES)...
  Downloading 2020-05-25 atmospheric variables (HRES)...
  ✓ 2020-05-25 downloaded
  Downloading 2020-05-26 surface variables (HRES)...
  Downloading 2020-05-26 atmospheric variables (HRES)...
  ✓ 2020-05-26 downloaded
  Downloading 2020-06-03 surface variables (HRES)...
  Downloading 2020-06-03 atmospheric variables (HRES)...
  ✓ 2020-06-03 downloaded
  Downloading 2020-06-04 surface variables (HRES)...
  Downloading 2020-06-04 atmospheric variables (HRES)...
  ✓ 2020-06-04 downloaded
  ✓ 2020-06-05 already cached
  Downloading 2020-06-07 surface variables (HRES)...
  Downloading 2020-06-07 atmospheric variables (HRES)...
  ✓ 2020-06-07 downloaded
  ✓ 2020-06-08 already cached
  Downloading 2020-06-16 surface variables (HRES)...
  Downloading 2020-06-16 atmospheric variables (HRES)...
  ✓ 2020-06-16 downloaded
  Downloading 2020-06-17 surface variables (HRES)...
  Downloading 2020-06-17 atmospheric variables (HRES)...
  ✓ 2020-06-17 downloaded
  Downloading 2020-06-18 surface variables (HRES)...
  Downloading 2020-06-18 atmospheric variables (HRES)...
  ✓ 2020-06-18 downloaded
  ✓ 2020-06-19 already cached
  Downloading 2020-08-04 surface variables (HRES)...
  Downloading 2020-08-04 atmospheric variables (HRES)...
  ✓ 2020-08-04 downloaded
  Downloading 2020-08-05 surface variables (HRES)...
  Downloading 2020-08-05 atmospheric variables (HRES)...
  ✓ 2020-08-05 downloaded
  Downloading 2020-10-09 surface variables (HRES)...
  Downloading 2020-10-09 atmospheric variables (HRES)...
  ✓ 2020-10-09 downloaded
  ✓ 2020-10-10 already cached
  ✓ 2020-11-01 already cached
  Downloading 2020-11-08 surface variables (HRES)...
  Downloading 2020-11-08 atmospheric variables (HRES)...
  ✓ 2020-11-08 downloaded
  Downloading 2020-11-09 surface variables (HRES)...
  Downloading 2020-11-09 atmospheric variables (HRES)...
  ✓ 2020-11-09 downloaded
  ✓ 2020-11-10 already cached
  Downloading 2020-12-19 surface variables (HRES)...
  Downloading 2020-12-19 atmospheric variables (HRES)...
  ✓ 2020-12-19 downloaded
  Downloading 2020-12-20 surface variables (HRES)...
  Downloading 2020-12-20 atmospheric variables (HRES)...
  ✓ 2020-12-20 downloaded
  Downloading 2020-12-21 surface variables (HRES)...
  Downloading 2020-12-21 atmospheric variables (HRES)...
  ✓ 2020-12-21 downloaded
  ✓ 2020-12-30 already cached
  Downloading 2021-01-01 surface variables (HRES)...
  Downloading 2021-01-01 atmospheric variables (HRES)...
  ✓ 2021-01-01 downloaded
  Downloading 2021-01-02 surface variables (HRES)...
  Downloading 2021-01-02 atmospheric variables (HRES)...
  ✓ 2021-01-02 downloaded
  ✓ 2021-01-03 already cached
  Downloading 2021-01-08 surface variables (HRES)...
  Downloading 2021-01-08 atmospheric variables (HRES)...
  ✓ 2021-01-08 downloaded
  Downloading 2021-02-13 surface variables (HRES)...
  Downloading 2021-02-13 atmospheric variables (HRES)...
  ✓ 2021-02-13 downloaded
  ✓ 2021-02-14 already cached
  ✓ 2021-04-20 already cached
  Downloading 2021-05-10 surface variables (HRES)...
  Downloading 2021-05-10 atmospheric variables (HRES)...
  ✓ 2021-05-10 downloaded
  ✓ 2021-05-11 already cached
  Downloading 2021-05-13 surface variables (HRES)...
  Downloading 2021-05-13 atmospheric variables (HRES)...
  ✓ 2021-05-13 downloaded
  ✓ 2021-06-20 already cached
  Downloading 2021-07-01 surface variables (HRES)...
  Downloading 2021-07-01 atmospheric variables (HRES)...
  ✓ 2021-07-01 downloaded
  ✓ 2021-07-02 already cached
  Downloading 2021-09-26 surface variables (HRES)...
  Downloading 2021-09-26 atmospheric variables (HRES)...
  ✓ 2021-09-26 downloaded
  Downloading 2021-09-27 surface variables (HRES)...
  Downloading 2021-09-27 atmospheric variables (HRES)...
  ✓ 2021-09-27 downloaded
  Downloading 2021-09-28 surface variables (HRES)...
  Downloading 2021-09-28 atmospheric variables (HRES)...
  ✓ 2021-09-28 downloaded
  Downloading 2021-11-25 surface variables (HRES)...
  Downloading 2021-11-25 atmospheric variables (HRES)...
  ✓ 2021-11-25 downloaded
  Downloading 2021-11-26 surface variables (HRES)...
  Downloading 2021-11-26 atmospheric variables (HRES)...
  ✓ 2021-11-26 downloaded
  Downloading 2021-11-27 surface variables (HRES)...
  Downloading 2021-11-27 atmospheric variables (HRES)...
  ✓ 2021-11-27 downloaded
  Downloading 2021-11-28 surface variables (HRES)...
  Downloading 2021-11-28 atmospheric variables (HRES)...
  ✓ 2021-11-28 downloaded
  Downloading 2021-12-09 surface variables (HRES)...
  Downloading 2021-12-09 atmospheric variables (HRES)...
  ✓ 2021-12-09 downloaded
  Downloading 2021-12-10 surface variables (HRES)...
  Downloading 2021-12-10 atmospheric variables (HRES)...
  ✓ 2021-12-10 downloaded
  Downloading 2021-12-11 surface variables (HRES)...
  Downloading 2021-12-11 atmospheric variables (HRES)...
  ✓ 2021-12-11 downloaded
  Downloading 2021-12-12 surface variables (HRES)...
  Downloading 2021-12-12 atmospheric variables (HRES)...
  ✓ 2021-12-12 downloaded
  Downloading 2021-12-23 surface variables (HRES)...
  Downloading 2021-12-23 atmospheric variables (HRES)...
  ✓ 2021-12-23 downloaded
  Downloading 2021-12-24 surface variables (HRES)...
  Downloading 2021-12-24 atmospheric variables (HRES)...
  ✓ 2021-12-24 downloaded
  Downloading 2021-12-25 surface variables (HRES)...
  Downloading 2021-12-25 atmospheric variables (HRES)...
  ✓ 2021-12-25 downloaded
  Downloading 2021-12-26 surface variables (HRES)...
  Downloading 2021-12-26 atmospheric variables (HRES)...
  ✓ 2021-12-26 downloaded
  Downloading 2021-12-27 surface variables (HRES)...
  Downloading 2021-12-27 atmospheric variables (HRES)...
  ✓ 2021-12-27 downloaded
  Downloading 2021-12-28 surface variables (HRES)...
  Downloading 2021-12-28 atmospheric variables (HRES)...
  ✓ 2021-12-28 downloaded
  Downloading 2021-12-29 surface variables (HRES)...
  Downloading 2021-12-29 atmospheric variables (HRES)...
  ✓ 2021-12-29 downloaded

============================================================
  DOWNLOAD COMPLETE
============================================================
  Files cached at: /scratch-shared/ekasteleyn/downloads/hres_t0
  Total size: 1481.05 GB

========================================
  COMPLETE: Tue Apr 14 10:47:24 CEST 2026
========================================
