========================================
  HRES T0 DATA DOWNLOAD - FEB-DEC 2022
========================================
Job ID:       21384377
Date:         Tue Mar 31 10:00:55 CEST 2026
Node:         tcn332.local.snellius.surf.nl
========================================

============================================================
  HRES T0 DATA DOWNLOAD
============================================================
  Dates: 334
  Cache: /home/ekasteleyn/downloads/hres_t0
============================================================

[1/3] Total dates to download: 334

[2/3] Static variables...
  ✓ Static variables already cached

[3/3] HRES T0 data...
  Opening WeatherBench2 dataset...
  Downloading 2022-02-01 surface variables...
  Downloading 2022-02-01 atmospheric variables...
  ✓ 2022-02-01 downloaded
  Downloading 2022-02-02 surface variables...
  Downloading 2022-02-02 atmospheric variables...
  ✓ 2022-02-02 downloaded
  Downloading 2022-02-03 surface variables...
  Downloading 2022-02-03 atmospheric variables...
  ✓ 2022-02-03 downloaded
  Downloading 2022-02-04 surface variables...
  Downloading 2022-02-04 atmospheric variables...
  ✓ 2022-02-04 downloaded
  Downloading 2022-02-05 surface variables...
  Downloading 2022-02-05 atmospheric variables...
  ✓ 2022-02-05 downloaded
  Downloading 2022-02-06 surface variables...
  Downloading 2022-02-06 atmospheric variables...
  ✓ 2022-02-06 downloaded
  Downloading 2022-02-07 surface variables...
  Downloading 2022-02-07 atmospheric variables...
  ✓ 2022-02-07 downloaded
  Downloading 2022-02-08 surface variables...
  Downloading 2022-02-08 atmospheric variables...
  ✓ 2022-02-08 downloaded
  Downloading 2022-02-09 surface variables...
  Downloading 2022-02-09 atmospheric variables...
  ✓ 2022-02-09 downloaded
  Downloading 2022-02-10 surface variables...
  Downloading 2022-02-10 atmospheric variables...
  ✓ 2022-02-10 downloaded
  Downloading 2022-02-11 surface variables...
  Downloading 2022-02-11 atmospheric variables...
  ✓ 2022-02-11 downloaded
  Downloading 2022-02-12 surface variables...
  Downloading 2022-02-12 atmospheric variables...
  ✓ 2022-02-12 downloaded
  Downloading 2022-02-13 surface variables...
  Downloading 2022-02-13 atmospheric variables...
  ✓ 2022-02-13 downloaded
  Downloading 2022-02-14 surface variables...
  Downloading 2022-02-14 atmospheric variables...
  ✓ 2022-02-14 downloaded
  Downloading 2022-02-15 surface variables...
  Downloading 2022-02-15 atmospheric variables...
  ✓ 2022-02-15 downloaded
  Downloading 2022-02-16 surface variables...
