/home/ekasteleyn/aurora_thesis/thesis/scripts/steering/download_hres_data.py:33: DeprecationWarning: numpy.core.numeric is deprecated and has been renamed to numpy._core.numeric. The numpy._core namespace contains private NumPy internals and its use is discouraged, as NumPy internals can change without warning in any release. In practice, most real-world usage of numpy.core is to access functionality in the public NumPy API. If that is the case, use the public NumPy API. If not, you are using NumPy internals. If you would still like to access an internal attribute, use numpy._core.numeric._frombuffer.
  static_vars = pickle.load(f)
Traceback (most recent call last):
  File "/home/ekasteleyn/aurora_thesis/aurora_env/lib/python3.11/site-packages/xarray/backends/file_manager.py", line 219, in _acquire_with_cache_info
    file = self._cache[self._key]
           ~~~~~~~~~~~^^^^^^^^^^^
  File "/home/ekasteleyn/aurora_thesis/aurora_env/lib/python3.11/site-packages/xarray/backends/lru_cache.py", line 56, in __getitem__
    value = self._cache[key]
            ~~~~~~~~~~~^^^^^
KeyError: [<class 'h5netcdf.core.File'>, ('/home/ekasteleyn/downloads/hres_t0/static.nc',), 'a', (('decode_vlen_strings', True), ('driver', None), ('format', 'NETCDF4'), ('invalid_netcdf', None)), 'e1501e43-e866-4be7-9791-b018a91d3f68']

During handling of the above exception, another exception occurred:

Traceback (most recent call last):
  File "/home/ekasteleyn/aurora_thesis/thesis/scripts/steering/download_hres_data.py", line 137, in <module>
    main()
  File "/home/ekasteleyn/aurora_thesis/thesis/scripts/steering/download_hres_data.py", line 114, in main
    download_static(download_path)
  File "/home/ekasteleyn/aurora_thesis/thesis/scripts/steering/download_hres_data.py", line 42, in download_static
    ds_static.to_netcdf(str(download_path / "static.nc"), engine="h5netcdf")
  File "/home/ekasteleyn/aurora_thesis/aurora_env/lib/python3.11/site-packages/xarray/core/dataset.py", line 2110, in to_netcdf
    return to_netcdf(  # type: ignore[return-value]  # mypy cannot resolve the overloads:(
           ^^^^^^^^^^^^^^^^^^^^^^^^^^^^^^^^^^^^^^^^^^^^^^^^^^^^^^^^^^^^^^^^^^^^^^^^^^^^^^^
  File "/home/ekasteleyn/aurora_thesis/aurora_env/lib/python3.11/site-packages/xarray/backends/writers.py", line 422, in to_netcdf
    store = get_writable_netcdf_store(
            ^^^^^^^^^^^^^^^^^^^^^^^^^^
  File "/home/ekasteleyn/aurora_thesis/aurora_env/lib/python3.11/site-packages/xarray/backends/writers.py", line 78, in get_writable_netcdf_store
    return store_open(target, mode=mode, format=format, **kwargs)
           ^^^^^^^^^^^^^^^^^^^^^^^^^^^^^^^^^^^^^^^^^^^^^^^^^^^^^^
  File "/home/ekasteleyn/aurora_thesis/aurora_env/lib/python3.11/site-packages/xarray/backends/h5netcdf_.py", line 242, in open
    return cls(
           ^^^^
  File "/home/ekasteleyn/aurora_thesis/aurora_env/lib/python3.11/site-packages/xarray/backends/h5netcdf_.py", line 152, in __init__
    self._filename = find_root_and_group(self.ds)[0].filename
                                         ^^^^^^^
  File "/home/ekasteleyn/aurora_thesis/aurora_env/lib/python3.11/site-packages/xarray/backends/h5netcdf_.py", line 260, in ds
    return self._acquire()
           ^^^^^^^^^^^^^^^
  File "/home/ekasteleyn/aurora_thesis/aurora_env/lib/python3.11/site-packages/xarray/backends/h5netcdf_.py", line 252, in _acquire
    with self._manager.acquire_context(needs_lock) as root:
  File "/sw/arch/RHEL8/EB_production/2023/software/Python/3.11.3-GCCcore-12.3.0/lib/python3.11/contextlib.py", line 137, in __enter__
    return next(self.gen)
           ^^^^^^^^^^^^^^
  File "/home/ekasteleyn/aurora_thesis/aurora_env/lib/python3.11/site-packages/xarray/backends/file_manager.py", line 207, in acquire_context
    file, cached = self._acquire_with_cache_info(needs_lock)
                   ^^^^^^^^^^^^^^^^^^^^^^^^^^^^^^^^^^^^^^^^^
  File "/home/ekasteleyn/aurora_thesis/aurora_env/lib/python3.11/site-packages/xarray/backends/file_manager.py", line 225, in _acquire_with_cache_info
    file = self._opener(*self._args, **kwargs)
           ^^^^^^^^^^^^^^^^^^^^^^^^^^^^^^^^^^^
  File "/home/ekasteleyn/aurora_thesis/aurora_env/lib/python3.11/site-packages/h5netcdf/core.py", line 1892, in __init__
    self._backend = _parse_backend(path, mode, backend, **kwargs)
                    ^^^^^^^^^^^^^^^^^^^^^^^^^^^^^^^^^^^^^^^^^^^^^
  File "/home/ekasteleyn/aurora_thesis/aurora_env/lib/python3.11/site-packages/h5netcdf/core.py", line 174, in _parse_backend
    raise ImportError(
ImportError: No module named 'h5py', backend not available. Please install 'h5py' into your Python environment.
