========================================
  AURORA HRES LATENT EXTRACTION - JAN 2022
========================================
Job ID:       21358672
Date:         Mon Mar 30 13:16:08 CEST 2026
Node:         gcn115.local.snellius.surf.nl
GPU:
NVIDIA H100, 95830 MiB
========================================

  ✓ S3 Client initialized securely via .env
======================================================================
  AURORA LATENT EXTRACTION - IFS HRES T0
======================================================================
  Dates: 31 dates
  Init hours: [12]
  Latent extraction init: 12:00 UTC only
  Rollout steps: 1
  Device: cuda
  Output: /scratch-local/ekasteleyn.21358672/aurora_hres_latents
  Cache: /home/ekasteleyn/downloads/hres_t0
  Target layers: [('perceiver', 0), ('encoder', 0), ('encoder', 1), ('encoder', 2)]
======================================================================

[1/4] Downloading static variables...

[2/4] Downloading HRES T0 data...
  2022-01-01
    Downloading surface variables...
    Downloading atmospheric variables...
  2022-01-02
    Downloading surface variables...
    Downloading atmospheric variables...
  2022-01-03
    Downloading surface variables...
    Downloading atmospheric variables...
