========================================
  AURORA HRES LATENT EXTRACTION - JAN 2022
========================================
Job ID:       21363241
Date:         Mon Mar 30 16:07:12 CEST 2026
Node:         gcn31.local.snellius.surf.nl
GPU:
NVIDIA A100-SXM4-40GB, 40960 MiB
========================================

  ✓ S3 Client initialized securely via .env
======================================================================
  AURORA LATENT EXTRACTION - IFS HRES T0
======================================================================
  Dates: 25 dates
  Init hours: [0]
  Latent extraction init: 0:00 UTC only
  Rollout steps: 40
  Device: cuda
  Output: /scratch-local/ekasteleyn.21363241/aurora_hres_latents
  Cache: /home/ekasteleyn/downloads/hres_t0
  Target layers: [('perceiver', 0), ('encoder', 0), ('encoder', 1), ('encoder', 2)]
======================================================================

[1/4] Downloading static variables...

[2/4] Downloading HRES T0 data...
  2022-01-06
  2022-01-07
  2022-01-08
  2022-01-09
  2022-01-10
  2022-01-11
  2022-01-12
  2022-01-13
  2022-01-14
  2022-01-15
  2022-01-16
  2022-01-17
  2022-01-18
  2022-01-19
  2022-01-20
  2022-01-21
  2022-01-22
  2022-01-23
  2022-01-24
  2022-01-25
  2022-01-26
  2022-01-27
  2022-01-28
  2022-01-29
  2022-01-30
  2022-01-31

[3/4] Loading Aurora 0.25° Fine-Tuned model...
  ✓ Model loaded

[4/4] Processing 25 runs (25 dates × 1 init times)...
  Loading static variables into memory...
  ✓ Static variables loaded

  [16:08:41] [1/25] 2022-01-07 init 00:00 UTC [+latents]
    Init time: 2022-01-07 00:00:00
    pred step 1 (+6h) -> aurora_pred_20220107_0000_step01_006h.nc
    perceiver_0: shape=(1, 259200, 512) -> latent_20220107_0000_perceiver_0.pt
    encoder_0: shape=(1, 64800, 1024) -> latent_20220107_0000_encoder_0.pt
    encoder_1: shape=(1, 16200, 2048) -> latent_20220107_0000_encoder_1.pt
    encoder_2: shape=(1, 16200, 2048) -> latent_20220107_0000_encoder_2.pt
    perceiver_cross_attn: shape=(64800, 16, 3, 13) -> attn_20220107_0000_perceiver_cross_attn.pt
    encoder_0_attn: shape=(1800, 8, 144, 144) -> attn_20220107_0000_encoder_0_attn.pt
    encoder_1_attn: shape=(450, 16, 144, 144) -> attn_20220107_0000_encoder_1_attn.pt
    encoder_2_attn: shape=(128, 32, 144, 144) -> attn_20220107_0000_encoder_2_attn.pt
      ↑ Uploaded to S3: s3://ekasteleyn-aurora-predictions/aurora_hres_validation/latent_20220107_0000_encoder_1.pt
      ↑ Uploaded to S3: s3://ekasteleyn-aurora-predictions/aurora_hres_validation/latent_20220107_0000_encoder_0.pt
      ↑ Uploaded to S3: s3://ekasteleyn-aurora-predictions/aurora_hres_validation/latent_20220107_0000_perceiver_0.pt
      ↑ Uploaded to S3: s3://ekasteleyn-aurora-predictions/aurora_hres_validation/latent_20220107_0000_encoder_2.pt
      ↑ Uploaded to S3: s3://ekasteleyn-aurora-predictions/aurora_hres_validation/attn_20220107_0000_perceiver_cross_attn.pt
      ↑ Uploaded to S3: s3://ekasteleyn-aurora-predictions/aurora_hres_validation/aurora_pred_20220107_0000_step01_006h.nc
      ↑ Uploaded to S3: s3://ekasteleyn-aurora-predictions/aurora_hres_validation/attn_20220107_0000_encoder_2_attn.pt
    pred step 2 (+12h) -> aurora_pred_20220107_0000_step02_012h.nc
      ↑ Uploaded to S3: s3://ekasteleyn-aurora-predictions/aurora_hres_validation/attn_20220107_0000_encoder_1_attn.pt
      ↑ Uploaded to S3: s3://ekasteleyn-aurora-predictions/aurora_hres_validation/attn_20220107_0000_encoder_0_attn.pt
      ↑ Uploaded to S3: s3://ekasteleyn-aurora-predictions/aurora_hres_validation/aurora_pred_20220107_0000_step02_012h.nc
    pred step 3 (+18h) -> aurora_pred_20220107_0000_step03_018h.nc
      ↑ Uploaded to S3: s3://ekasteleyn-aurora-predictions/aurora_hres_validation/aurora_pred_20220107_0000_step03_018h.nc
    pred step 4 (+24h) -> aurora_pred_20220107_0000_step04_024h.nc
      ↑ Uploaded to S3: s3://ekasteleyn-aurora-predictions/aurora_hres_validation/aurora_pred_20220107_0000_step04_024h.nc
    pred step 5 (+30h) -> aurora_pred_20220107_0000_step05_030h.nc
      ↑ Uploaded to S3: s3://ekasteleyn-aurora-predictions/aurora_hres_validation/aurora_pred_20220107_0000_step05_030h.nc
    pred step 6 (+36h) -> aurora_pred_20220107_0000_step06_036h.nc
      ↑ Uploaded to S3: s3://ekasteleyn-aurora-predictions/aurora_hres_validation/aurora_pred_20220107_0000_step06_036h.nc
    pred step 7 (+42h) -> aurora_pred_20220107_0000_step07_042h.nc
      ↑ Uploaded to S3: s3://ekasteleyn-aurora-predictions/aurora_hres_validation/aurora_pred_20220107_0000_step07_042h.nc
