========================================
  AURORA HRES LATENT EXTRACTION - AAO MEDIUM DATES
========================================
Job ID:       21855573
Date:         Tue Apr 14 11:50:07 CEST 2026
Node:         gcn39.local.snellius.surf.nl
GPU:
NVIDIA A100-SXM4-40GB, 40960 MiB
========================================

  ✓ S3 Client initialized securely via .env
======================================================================
  AURORA LATENT EXTRACTION - IFS HRES T0
======================================================================
  Dates: 183 dates
  Init hours: [0]
  Latent extraction init: 0:00 UTC only
  Rollout steps: 1
  Device: cuda
  Output: /scratch-node/ekasteleyn.21855573/aurora_hres_latents
  Cache: /scratch-shared/ekasteleyn/downloads/hres_t0
  Target layers: [('perceiver', 0), ('encoder', 0), ('encoder', 1), ('encoder', 2)]
======================================================================

[1/4] Downloading static variables...

[2/4] Downloading HRES T0 data...
  2016-01-31
  2016-02-01
  2016-02-06
    Downloading surface variables...
    Downloading atmospheric variables...
  2016-02-07
  2016-02-08
  2016-02-17
    Downloading surface variables...
    Downloading atmospheric variables...
  2016-02-18
  2016-02-19
  2016-03-02
    Downloading surface variables...
    Downloading atmospheric variables...
  2016-03-03
  2016-03-04
  2016-03-05
  2016-03-06
  2016-03-07
  2016-03-08
  2016-03-11
    Downloading surface variables...
    Downloading atmospheric variables...
  2016-03-12
  2016-03-13
  2016-03-14
  2016-03-15
  2016-03-20
  2016-03-21
  2016-03-22
  2016-03-23
  2016-03-24
  2016-03-26
  2016-03-27
  2016-06-01
    Downloading surface variables...
    Downloading atmospheric variables...
  2016-06-02
  2016-06-03
  2016-06-04
  2016-06-09
  2016-06-10
  2016-06-11
  2016-06-12
  2016-06-13
  2016-06-14
  2016-06-15
  2016-06-16
  2016-06-17
  2016-06-18
  2016-06-19
  2016-06-23
    Downloading surface variables...

========================================
  COMPLETE: Tue Apr 14 11:53:11 CEST 2026
========================================
