========================================
  AURORA HRES LATENT EXTRACTION - AAO NEUTRAL DATES
========================================
Job ID:       21857236
Date:         Tue Apr 14 12:30:20 CEST 2026
Node:         gcn41.local.snellius.surf.nl
GPU:
NVIDIA A100-SXM4-40GB, 40960 MiB
========================================

  ✓ S3 Client initialized securely via .env
======================================================================
  AURORA LATENT EXTRACTION - IFS HRES T0
======================================================================
  Dates: 178 dates
  Init hours: [0]
  Latent extraction init: 0:00 UTC only
  Rollout steps: 1
  Device: cuda
  Output: /scratch-node/ekasteleyn.21857236/aurora_hres_latents
  Cache: /scratch-shared/ekasteleyn/downloads/hres_t0
  Target layers: [('perceiver', 0), ('encoder', 0), ('encoder', 1), ('encoder', 2)]
======================================================================

[1/4] Downloading static variables...

[2/4] Downloading HRES T0 data...
  2016-01-12
    Downloading surface variables...
    Downloading atmospheric variables...
  2016-01-13
  2016-02-13
    Downloading surface variables...
    Downloading atmospheric variables...
  2016-02-14
  2016-02-21
    Downloading surface variables...
    Downloading atmospheric variables...
  2016-02-22
  2016-02-23
  2016-02-24
  2016-02-25
  2016-02-26
  2016-02-28
    Downloading surface variables...
    Downloading atmospheric variables...
  2016-02-29
  2016-03-30
    Downloading surface variables...
    Downloading atmospheric variables...
  2016-03-31
  2016-04-01
  2016-04-02
  2016-04-03
  2016-04-04
  2016-04-13
    Downloading surface variables...
    Downloading atmospheric variables...
  2016-04-14
  2016-04-26
    Downloading surface variables...
    Downloading atmospheric variables...
  2016-04-27
  2016-04-28
  2016-04-29
  2016-04-30
    Downloading surface variables...
    Downloading atmospheric variables...
  2016-05-01
  2016-05-06
    Downloading surface variables...
    Downloading atmospheric variables...
  2016-05-07
  2016-05-08
    Downloading surface variables...
    Downloading atmospheric variables...
  2016-05-09
  2016-05-19
  2016-05-20
  2016-07-10
    Downloading surface variables...
    Downloading atmospheric variables...
  2016-07-11
  2016-07-23
  2016-07-24
  2016-07-25
  2016-07-26
  2016-09-25
    Downloading surface variables...
    Downloading atmospheric variables...
  2016-09-26
  2016-09-29
  2016-09-30
  2016-10-16
    Downloading surface variables...
    Downloading atmospheric variables...
  2016-10-17
  2016-10-18
  2016-11-22
    Downloading surface variables...
    Downloading atmospheric variables...
  2016-11-23
  2016-11-24
  2016-11-25
  2016-12-07
    Downloading surface variables...
    Downloading atmospheric variables...
  2016-12-08
  2016-12-09
  2016-12-10
  2016-12-11
  2016-12-12
  2017-01-28
    Downloading surface variables...
    Downloading atmospheric variables...
  2017-01-29
  2017-01-30
  2017-01-31
  2017-02-01
  2017-02-06
    Downloading surface variables...
    Downloading atmospheric variables...
  2017-02-07
  2017-02-09
    Downloading surface variables...
    Downloading atmospheric variables...
  2017-02-10
  2017-02-11
  2017-02-20
    Downloading surface variables...
    Downloading atmospheric variables...
  2017-02-21
  2017-02-23
    Downloading surface variables...
    Downloading atmospheric variables...
  2017-02-24
  2017-03-23
    Downloading surface variables...
    Downloading atmospheric variables...
  2017-03-24
  2017-04-18
    Downloading surface variables...
    Downloading atmospheric variables...
  2017-04-19
  2017-04-25
    Downloading surface variables...
    Downloading atmospheric variables...
  2017-04-26
  2017-04-27
  2017-04-28
  2017-06-09
    Downloading surface variables...
    Downloading atmospheric variables...
  2017-06-10
  2017-07-11
    Downloading surface variables...
    Downloading atmospheric variables...
  2017-07-12
  2017-07-13
  2017-07-19
    Downloading surface variables...
    Downloading atmospheric variables...
  2017-07-20
  2017-07-27
    Downloading surface variables...
    Downloading atmospheric variables...
  2017-07-28
  2017-08-06
  2017-08-07
  2017-08-08
  2017-08-09
  2017-08-10
  2017-08-11
  2017-08-15
  2017-08-16
  2017-09-06
    Downloading surface variables...
    Downloading atmospheric variables...
  2017-09-07
  2017-09-10
    Downloading surface variables...
    Downloading atmospheric variables...
  2017-09-11
  2017-09-13
    Downloading surface variables...
    Downloading atmospheric variables...
  2017-09-14
  2017-09-30
    Downloading surface variables...
    Downloading atmospheric variables...
  2017-10-01
  2017-10-04
    Downloading surface variables...
    Downloading atmospheric variables...
  2017-10-05
  2017-10-07
    Downloading surface variables...
    Downloading atmospheric variables...
  2017-10-08
  2017-10-12
    Downloading surface variables...
    Downloading atmospheric variables...
  2017-10-13
  2017-10-30
  2017-10-31
  2017-11-01
  2017-11-17
    Downloading surface variables...
    Downloading atmospheric variables...
  2017-11-18
  2017-12-13
  2017-12-14
  2018-01-11
    Downloading surface variables...
    Downloading atmospheric variables...
  2018-01-12
  2018-03-10
    Downloading surface variables...
    Downloading atmospheric variables...
  2018-03-11
  2018-03-12
  2018-03-15
  2018-03-16
  2018-03-17
  2018-03-18
  2018-03-19
  2018-03-23
    Downloading surface variables...
    Downloading atmospheric variables...
  2018-03-24
  2018-03-25
    Downloading surface variables...
    Downloading atmospheric variables...
  2018-03-26
  2018-05-23
    Downloading surface variables...
    Downloading atmospheric variables...
  2018-05-24
  2018-05-25
    Downloading surface variables...
    Downloading atmospheric variables...
  2018-05-26
  2018-06-01
    Downloading surface variables...
    Downloading atmospheric variables...
  2018-06-02
  2018-06-15
  2018-06-16
  2018-06-30
    Downloading surface variables...
    Downloading atmospheric variables...
  2018-07-01
  2018-07-02
  2018-07-03
  2018-07-04
  2018-07-24
    Downloading surface variables...
    Downloading atmospheric variables...
  2018-07-25
  2018-08-19
    Downloading surface variables...
    Downloading atmospheric variables...
  2018-08-20
  2018-08-21
  2018-08-22
  2018-08-23
  2018-08-24
  2018-08-25
  2018-09-12
    Downloading surface variables...
    Downloading atmospheric variables...
  2018-09-13
  2018-09-23
    Downloading surface variables...
    Downloading atmospheric variables...
  2018-09-24
  2018-10-11
  2018-10-12
  2018-10-20
    Downloading surface variables...
    Downloading atmospheric variables...
  2018-10-21
  2018-11-01
    Downloading surface variables...
    Downloading atmospheric variables...
  2018-11-02
  2018-11-06
    Downloading surface variables...
    Downloading atmospheric variables...
  2018-11-07
  2018-12-02
    Downloading surface variables...
    Downloading atmospheric variables...
  2018-12-03
  2018-12-04
  2018-12-18
    Downloading surface variables...
    Downloading atmospheric variables...
  2018-12-19
  2018-12-20
  2018-12-21
  2018-12-22
  2019-01-08
    Downloading surface variables...
    Downloading atmospheric variables...
  2019-01-09
  2019-01-10
  2019-01-22
    Downloading surface variables...
    Downloading atmospheric variables...
  2019-01-23
  2019-03-05
    Downloading surface variables...
    Downloading atmospheric variables...
  2019-03-06
  2019-04-08
  2019-04-09
  2019-04-10
  2019-04-13
  2019-04-14
  2019-04-18
    Downloading surface variables...
    Downloading atmospheric variables...
  2019-04-19
  2019-04-20
  2019-04-26
    Downloading surface variables...
    Downloading atmospheric variables...
  2019-04-27
  2019-07-05
    Downloading surface variables...
    Downloading atmospheric variables...
  2019-07-06
  2019-07-23
    Downloading surface variables...
    Downloading atmospheric variables...
  2019-07-24
  2019-07-25
  2019-07-26
  2019-07-31
    Downloading surface variables...
    Downloading atmospheric variables...
  2019-08-01
  2019-08-18
    Downloading surface variables...
    Downloading atmospheric variables...
  2019-08-19
  2019-08-24
  2019-08-25
  2019-09-10
    Downloading surface variables...
    Downloading atmospheric variables...
  2019-09-11
  2019-10-01
    Downloading surface variables...
    Downloading atmospheric variables...
  2019-10-02
  2019-10-07
    Downloading surface variables...
    Downloading atmospheric variables...
  2019-10-08
  2019-10-12
    Downloading surface variables...
    Downloading atmospheric variables...
  2019-10-13
  2019-10-14
  2019-12-22
  2019-12-23
  2019-12-24
  2019-12-27
    Downloading surface variables...
    Downloading atmospheric variables...
  2019-12-28
  2020-04-05
    Downloading surface variables...
    Downloading atmospheric variables...
  2020-04-06
  2020-04-07
  2020-04-11
    Downloading surface variables...
    Downloading atmospheric variables...
  2020-04-12
  2020-04-13
    Downloading surface variables...
    Downloading atmospheric variables...
  2020-04-14
  2020-05-07
  2020-05-08
  2020-05-13
    Downloading surface variables...
    Downloading atmospheric variables...
  2020-05-14
  2020-07-17
    Downloading surface variables...
    Downloading atmospheric variables...
