Job 20720434 started at Fri Mar 13 16:38:47 CET 2026
Node: gcn147.local.snellius.surf.nl
Working directory: /gpfs/home5/ekasteleyn/aurora_thesis/thesis/scripts
GPU:
NVIDIA H100, 95830 MiB

Loaded 10 target dates from /gpfs/home5/ekasteleyn/aurora_thesis/thesis/scripts/target_dates.csv
Output directory: /scratch-shared/ekasteleyn/aurora_latents
Opening Zarr store (lazy) ...
Loading and interpolating static variables ...
Device: cuda
Initialising AuroraPretrained (1.3 B params) ...
Model ready.
Hooks registered.

[1/10] 2024-01-01
  perceiver_0 latent shape=(2, 259200, 512) dtype=torch.float16 -> /scratch-shared/ekasteleyn/aurora_latents/latent_2024-01-01_perceiver_0.pt
  encoder_1 latent shape=(2, 16200, 2048) dtype=torch.float16 -> /scratch-shared/ekasteleyn/aurora_latents/latent_2024-01-01_encoder_1.pt
  encoder_2 latent shape=(2, 16200, 2048) dtype=torch.float16 -> /scratch-shared/ekasteleyn/aurora_latents/latent_2024-01-01_encoder_2.pt
  perceiver_cross_attn attn shape=(64800, 16, 3, 13) dtype=torch.float16 -> /scratch-shared/ekasteleyn/aurora_latents/perceiver_cross_attn_2024-01-01.pt
  encoder_1_attn attn shape=(900, 16, 144, 144) dtype=torch.float16 -> /scratch-shared/ekasteleyn/aurora_latents/encoder_1_attn_2024-01-01.pt
  encoder_2_attn attn shape=(256, 32, 144, 144) dtype=torch.float16 -> /scratch-shared/ekasteleyn/aurora_latents/encoder_2_attn_2024-01-01.pt

[2/10] 2024-01-02
  perceiver_0 latent shape=(2, 259200, 512) dtype=torch.float16 -> /scratch-shared/ekasteleyn/aurora_latents/latent_2024-01-02_perceiver_0.pt
  encoder_1 latent shape=(2, 16200, 2048) dtype=torch.float16 -> /scratch-shared/ekasteleyn/aurora_latents/latent_2024-01-02_encoder_1.pt
  encoder_2 latent shape=(2, 16200, 2048) dtype=torch.float16 -> /scratch-shared/ekasteleyn/aurora_latents/latent_2024-01-02_encoder_2.pt
  perceiver_cross_attn attn shape=(64800, 16, 3, 13) dtype=torch.float16 -> /scratch-shared/ekasteleyn/aurora_latents/perceiver_cross_attn_2024-01-02.pt
  encoder_1_attn attn shape=(900, 16, 144, 144) dtype=torch.float16 -> /scratch-shared/ekasteleyn/aurora_latents/encoder_1_attn_2024-01-02.pt
  encoder_2_attn attn shape=(256, 32, 144, 144) dtype=torch.float16 -> /scratch-shared/ekasteleyn/aurora_latents/encoder_2_attn_2024-01-02.pt

[3/10] 2024-01-03
  perceiver_0 latent shape=(2, 259200, 512) dtype=torch.float16 -> /scratch-shared/ekasteleyn/aurora_latents/latent_2024-01-03_perceiver_0.pt
  encoder_1 latent shape=(2, 16200, 2048) dtype=torch.float16 -> /scratch-shared/ekasteleyn/aurora_latents/latent_2024-01-03_encoder_1.pt
  encoder_2 latent shape=(2, 16200, 2048) dtype=torch.float16 -> /scratch-shared/ekasteleyn/aurora_latents/latent_2024-01-03_encoder_2.pt
  perceiver_cross_attn attn shape=(64800, 16, 3, 13) dtype=torch.float16 -> /scratch-shared/ekasteleyn/aurora_latents/perceiver_cross_attn_2024-01-03.pt
  encoder_1_attn attn shape=(900, 16, 144, 144) dtype=torch.float16 -> /scratch-shared/ekasteleyn/aurora_latents/encoder_1_attn_2024-01-03.pt
  encoder_2_attn attn shape=(256, 32, 144, 144) dtype=torch.float16 -> /scratch-shared/ekasteleyn/aurora_latents/encoder_2_attn_2024-01-03.pt

[4/10] 2024-01-04
  perceiver_0 latent shape=(2, 259200, 512) dtype=torch.float16 -> /scratch-shared/ekasteleyn/aurora_latents/latent_2024-01-04_perceiver_0.pt
  encoder_1 latent shape=(2, 16200, 2048) dtype=torch.float16 -> /scratch-shared/ekasteleyn/aurora_latents/latent_2024-01-04_encoder_1.pt
  encoder_2 latent shape=(2, 16200, 2048) dtype=torch.float16 -> /scratch-shared/ekasteleyn/aurora_latents/latent_2024-01-04_encoder_2.pt
  perceiver_cross_attn attn shape=(64800, 16, 3, 13) dtype=torch.float16 -> /scratch-shared/ekasteleyn/aurora_latents/perceiver_cross_attn_2024-01-04.pt
  encoder_1_attn attn shape=(900, 16, 144, 144) dtype=torch.float16 -> /scratch-shared/ekasteleyn/aurora_latents/encoder_1_attn_2024-01-04.pt
  encoder_2_attn attn shape=(256, 32, 144, 144) dtype=torch.float16 -> /scratch-shared/ekasteleyn/aurora_latents/encoder_2_attn_2024-01-04.pt

[5/10] 2024-01-05
  perceiver_0 latent shape=(2, 259200, 512) dtype=torch.float16 -> /scratch-shared/ekasteleyn/aurora_latents/latent_2024-01-05_perceiver_0.pt
  encoder_1 latent shape=(2, 16200, 2048) dtype=torch.float16 -> /scratch-shared/ekasteleyn/aurora_latents/latent_2024-01-05_encoder_1.pt
  encoder_2 latent shape=(2, 16200, 2048) dtype=torch.float16 -> /scratch-shared/ekasteleyn/aurora_latents/latent_2024-01-05_encoder_2.pt
  perceiver_cross_attn attn shape=(64800, 16, 3, 13) dtype=torch.float16 -> /scratch-shared/ekasteleyn/aurora_latents/perceiver_cross_attn_2024-01-05.pt
  encoder_1_attn attn shape=(900, 16, 144, 144) dtype=torch.float16 -> /scratch-shared/ekasteleyn/aurora_latents/encoder_1_attn_2024-01-05.pt
  encoder_2_attn attn shape=(256, 32, 144, 144) dtype=torch.float16 -> /scratch-shared/ekasteleyn/aurora_latents/encoder_2_attn_2024-01-05.pt

[6/10] 2024-01-06
  perceiver_0 latent shape=(2, 259200, 512) dtype=torch.float16 -> /scratch-shared/ekasteleyn/aurora_latents/latent_2024-01-06_perceiver_0.pt
  encoder_1 latent shape=(2, 16200, 2048) dtype=torch.float16 -> /scratch-shared/ekasteleyn/aurora_latents/latent_2024-01-06_encoder_1.pt
  encoder_2 latent shape=(2, 16200, 2048) dtype=torch.float16 -> /scratch-shared/ekasteleyn/aurora_latents/latent_2024-01-06_encoder_2.pt
  perceiver_cross_attn attn shape=(64800, 16, 3, 13) dtype=torch.float16 -> /scratch-shared/ekasteleyn/aurora_latents/perceiver_cross_attn_2024-01-06.pt
  encoder_1_attn attn shape=(900, 16, 144, 144) dtype=torch.float16 -> /scratch-shared/ekasteleyn/aurora_latents/encoder_1_attn_2024-01-06.pt
  encoder_2_attn attn shape=(256, 32, 144, 144) dtype=torch.float16 -> /scratch-shared/ekasteleyn/aurora_latents/encoder_2_attn_2024-01-06.pt

[7/10] 2024-01-07
  perceiver_0 latent shape=(2, 259200, 512) dtype=torch.float16 -> /scratch-shared/ekasteleyn/aurora_latents/latent_2024-01-07_perceiver_0.pt
  encoder_1 latent shape=(2, 16200, 2048) dtype=torch.float16 -> /scratch-shared/ekasteleyn/aurora_latents/latent_2024-01-07_encoder_1.pt
  encoder_2 latent shape=(2, 16200, 2048) dtype=torch.float16 -> /scratch-shared/ekasteleyn/aurora_latents/latent_2024-01-07_encoder_2.pt
  perceiver_cross_attn attn shape=(64800, 16, 3, 13) dtype=torch.float16 -> /scratch-shared/ekasteleyn/aurora_latents/perceiver_cross_attn_2024-01-07.pt
  encoder_1_attn attn shape=(900, 16, 144, 144) dtype=torch.float16 -> /scratch-shared/ekasteleyn/aurora_latents/encoder_1_attn_2024-01-07.pt
  encoder_2_attn attn shape=(256, 32, 144, 144) dtype=torch.float16 -> /scratch-shared/ekasteleyn/aurora_latents/encoder_2_attn_2024-01-07.pt

[8/10] 2024-01-08
  perceiver_0 latent shape=(2, 259200, 512) dtype=torch.float16 -> /scratch-shared/ekasteleyn/aurora_latents/latent_2024-01-08_perceiver_0.pt
  encoder_1 latent shape=(2, 16200, 2048) dtype=torch.float16 -> /scratch-shared/ekasteleyn/aurora_latents/latent_2024-01-08_encoder_1.pt
  encoder_2 latent shape=(2, 16200, 2048) dtype=torch.float16 -> /scratch-shared/ekasteleyn/aurora_latents/latent_2024-01-08_encoder_2.pt
  perceiver_cross_attn attn shape=(64800, 16, 3, 13) dtype=torch.float16 -> /scratch-shared/ekasteleyn/aurora_latents/perceiver_cross_attn_2024-01-08.pt
  encoder_1_attn attn shape=(900, 16, 144, 144) dtype=torch.float16 -> /scratch-shared/ekasteleyn/aurora_latents/encoder_1_attn_2024-01-08.pt
  encoder_2_attn attn shape=(256, 32, 144, 144) dtype=torch.float16 -> /scratch-shared/ekasteleyn/aurora_latents/encoder_2_attn_2024-01-08.pt

[9/10] 2024-01-09
  perceiver_0 latent shape=(2, 259200, 512) dtype=torch.float16 -> /scratch-shared/ekasteleyn/aurora_latents/latent_2024-01-09_perceiver_0.pt
  encoder_1 latent shape=(2, 16200, 2048) dtype=torch.float16 -> /scratch-shared/ekasteleyn/aurora_latents/latent_2024-01-09_encoder_1.pt
  encoder_2 latent shape=(2, 16200, 2048) dtype=torch.float16 -> /scratch-shared/ekasteleyn/aurora_latents/latent_2024-01-09_encoder_2.pt
  perceiver_cross_attn attn shape=(64800, 16, 3, 13) dtype=torch.float16 -> /scratch-shared/ekasteleyn/aurora_latents/perceiver_cross_attn_2024-01-09.pt
  encoder_1_attn attn shape=(900, 16, 144, 144) dtype=torch.float16 -> /scratch-shared/ekasteleyn/aurora_latents/encoder_1_attn_2024-01-09.pt
  encoder_2_attn attn shape=(256, 32, 144, 144) dtype=torch.float16 -> /scratch-shared/ekasteleyn/aurora_latents/encoder_2_attn_2024-01-09.pt

[10/10] 2024-01-10
  perceiver_0 latent shape=(2, 259200, 512) dtype=torch.float16 -> /scratch-shared/ekasteleyn/aurora_latents/latent_2024-01-10_perceiver_0.pt
  encoder_1 latent shape=(2, 16200, 2048) dtype=torch.float16 -> /scratch-shared/ekasteleyn/aurora_latents/latent_2024-01-10_encoder_1.pt
  encoder_2 latent shape=(2, 16200, 2048) dtype=torch.float16 -> /scratch-shared/ekasteleyn/aurora_latents/latent_2024-01-10_encoder_2.pt
  perceiver_cross_attn attn shape=(64800, 16, 3, 13) dtype=torch.float16 -> /scratch-shared/ekasteleyn/aurora_latents/perceiver_cross_attn_2024-01-10.pt
  encoder_1_attn attn shape=(900, 16, 144, 144) dtype=torch.float16 -> /scratch-shared/ekasteleyn/aurora_latents/encoder_1_attn_2024-01-10.pt
  encoder_2_attn attn shape=(256, 32, 144, 144) dtype=torch.float16 -> /scratch-shared/ekasteleyn/aurora_latents/encoder_2_attn_2024-01-10.pt

Done. Latents saved to /scratch-shared/ekasteleyn/aurora_latents
Job 20720434 finished at Fri Mar 13 16:40:36 CET 2026
