========================================
  AURORA HRES LATENT EXTRACTION - JAN 2022
========================================
Job ID:       21363696
Date:         Mon Mar 30 16:22:57 CEST 2026
Node:         gcn54.local.snellius.surf.nl
GPU:
NVIDIA A100-SXM4-40GB, 40960 MiB
========================================

  ✓ S3 Client initialized securely via .env
======================================================================
  AURORA LATENT EXTRACTION - IFS HRES T0
======================================================================
  Dates: 25 dates
  Init hours: [0]
  Latent extraction init: 0:00 UTC only
  Rollout steps: 40
  Device: cuda
  Output: /scratch-local/ekasteleyn.21363696/aurora_hres_latents
  Cache: /home/ekasteleyn/downloads/hres_t0
  Target layers: [('perceiver', 0), ('encoder', 0), ('encoder', 1), ('encoder', 2)]
======================================================================

[1/4] Downloading static variables...

[2/4] Downloading HRES T0 data...
  2022-01-06
  2022-01-07
  2022-01-08
  2022-01-09
  2022-01-10
  2022-01-11
  2022-01-12
  2022-01-13
  2022-01-14
  2022-01-15
  2022-01-16
  2022-01-17
  2022-01-18
  2022-01-19
  2022-01-20
  2022-01-21
  2022-01-22
  2022-01-23
  2022-01-24
  2022-01-25
  2022-01-26
  2022-01-27
  2022-01-28
  2022-01-29
  2022-01-30
  2022-01-31

[3/4] Loading Aurora 0.25° Fine-Tuned model...
  ✓ Model loaded

[4/4] Processing 25 runs (25 dates × 1 init times)...
  Loading static variables into memory...
  ✓ Static variables loaded

  [16:24:24] [1/25] 2022-01-07 init 00:00 UTC [+latents]
    Init time: 2022-01-07 00:00:00
    pred step 1 (+6h) -> aurora_pred_20220107_0000_step01_006h.nc (Disk)
    perceiver_0: shape=(1, 259200, 512) -> latent_20220107_0000_perceiver_0.pt (Disk)
    encoder_0: shape=(1, 64800, 1024) -> latent_20220107_0000_encoder_0.pt (Disk)
    encoder_1: shape=(1, 16200, 2048) -> latent_20220107_0000_encoder_1.pt (Disk)
    encoder_2: shape=(1, 16200, 2048) -> latent_20220107_0000_encoder_2.pt (Disk)
    perceiver_cross_attn: shape=(64800, 16, 3, 13) -> attn_20220107_0000_perceiver_cross_attn.pt (Disk)
    encoder_0_attn: shape=(1800, 8, 144, 144) -> attn_20220107_0000_encoder_0_attn.pt (Disk)
    encoder_1_attn: shape=(450, 16, 144, 144) -> attn_20220107_0000_encoder_1_attn.pt (Disk)
    encoder_2_attn: shape=(128, 32, 144, 144) -> attn_20220107_0000_encoder_2_attn.pt (Disk)
      ↑ Uploaded to S3: s3://ekasteleyn-aurora-predictions/aurora_hres_validation/latent_20220107_0000_encoder_0.pt
      ↑ Uploaded to S3: s3://ekasteleyn-aurora-predictions/aurora_hres_validation/latent_20220107_0000_encoder_1.pt
      ↑ Uploaded to S3: s3://ekasteleyn-aurora-predictions/aurora_hres_validation/aurora_pred_20220107_0000_step01_006h.nc
      ↑ Uploaded to S3: s3://ekasteleyn-aurora-predictions/aurora_hres_validation/latent_20220107_0000_encoder_2.pt
      ↑ Uploaded to S3: s3://ekasteleyn-aurora-predictions/aurora_hres_validation/latent_20220107_0000_perceiver_0.pt
      ↑ Uploaded to S3: s3://ekasteleyn-aurora-predictions/aurora_hres_validation/attn_20220107_0000_perceiver_cross_attn.pt
      ↑ Uploaded to S3: s3://ekasteleyn-aurora-predictions/aurora_hres_validation/attn_20220107_0000_encoder_1_attn.pt
      ↑ Uploaded to S3: s3://ekasteleyn-aurora-predictions/aurora_hres_validation/attn_20220107_0000_encoder_2_attn.pt
      ↑ Uploaded to S3: s3://ekasteleyn-aurora-predictions/aurora_hres_validation/attn_20220107_0000_encoder_0_attn.pt
    pred step 2 (+12h) -> aurora_pred_20220107_0000_step02_012h.nc (Disk)
      ↑ Uploaded to S3: s3://ekasteleyn-aurora-predictions/aurora_hres_validation/aurora_pred_20220107_0000_step02_012h.nc
    pred step 3 (+18h) -> aurora_pred_20220107_0000_step03_018h.nc (Disk)
      ↑ Uploaded to S3: s3://ekasteleyn-aurora-predictions/aurora_hres_validation/aurora_pred_20220107_0000_step03_018h.nc
    pred step 4 (+24h) -> aurora_pred_20220107_0000_step04_024h.nc (Disk)
      ↑ Uploaded to S3: s3://ekasteleyn-aurora-predictions/aurora_hres_validation/aurora_pred_20220107_0000_step04_024h.nc
    pred step 5 (+30h) -> aurora_pred_20220107_0000_step05_030h.nc (Disk)
      ↑ Uploaded to S3: s3://ekasteleyn-aurora-predictions/aurora_hres_validation/aurora_pred_20220107_0000_step05_030h.nc
    pred step 6 (+36h) -> aurora_pred_20220107_0000_step06_036h.nc (Disk)
      ↑ Uploaded to S3: s3://ekasteleyn-aurora-predictions/aurora_hres_validation/aurora_pred_20220107_0000_step06_036h.nc
    pred step 7 (+42h) -> aurora_pred_20220107_0000_step07_042h.nc (Disk)
      ↑ Uploaded to S3: s3://ekasteleyn-aurora-predictions/aurora_hres_validation/aurora_pred_20220107_0000_step07_042h.nc
    pred step 8 (+48h) -> aurora_pred_20220107_0000_step08_048h.nc (Disk)
      ↑ Uploaded to S3: s3://ekasteleyn-aurora-predictions/aurora_hres_validation/aurora_pred_20220107_0000_step08_048h.nc
    pred step 9 (+54h) -> aurora_pred_20220107_0000_step09_054h.nc (Disk)
      ↑ Uploaded to S3: s3://ekasteleyn-aurora-predictions/aurora_hres_validation/aurora_pred_20220107_0000_step09_054h.nc
    pred step 10 (+60h) -> aurora_pred_20220107_0000_step10_060h.nc (Disk)
      ↑ Uploaded to S3: s3://ekasteleyn-aurora-predictions/aurora_hres_validation/aurora_pred_20220107_0000_step10_060h.nc
    pred step 11 (+66h) -> aurora_pred_20220107_0000_step11_066h.nc (Disk)
      ↑ Uploaded to S3: s3://ekasteleyn-aurora-predictions/aurora_hres_validation/aurora_pred_20220107_0000_step11_066h.nc
    pred step 12 (+72h) -> aurora_pred_20220107_0000_step12_072h.nc (Disk)
      ↑ Uploaded to S3: s3://ekasteleyn-aurora-predictions/aurora_hres_validation/aurora_pred_20220107_0000_step12_072h.nc
    pred step 13 (+78h) -> aurora_pred_20220107_0000_step13_078h.nc (Disk)
      ↑ Uploaded to S3: s3://ekasteleyn-aurora-predictions/aurora_hres_validation/aurora_pred_20220107_0000_step13_078h.nc
    pred step 14 (+84h) -> aurora_pred_20220107_0000_step14_084h.nc (Disk)
      ↑ Uploaded to S3: s3://ekasteleyn-aurora-predictions/aurora_hres_validation/aurora_pred_20220107_0000_step14_084h.nc
    pred step 15 (+90h) -> aurora_pred_20220107_0000_step15_090h.nc (Disk)
      ↑ Uploaded to S3: s3://ekasteleyn-aurora-predictions/aurora_hres_validation/aurora_pred_20220107_0000_step15_090h.nc
    pred step 16 (+96h) -> aurora_pred_20220107_0000_step16_096h.nc (Disk)
      ↑ Uploaded to S3: s3://ekasteleyn-aurora-predictions/aurora_hres_validation/aurora_pred_20220107_0000_step16_096h.nc
    pred step 17 (+102h) -> aurora_pred_20220107_0000_step17_102h.nc (Disk)
      ↑ Uploaded to S3: s3://ekasteleyn-aurora-predictions/aurora_hres_validation/aurora_pred_20220107_0000_step17_102h.nc
    pred step 18 (+108h) -> aurora_pred_20220107_0000_step18_108h.nc (Disk)
      ↑ Uploaded to S3: s3://ekasteleyn-aurora-predictions/aurora_hres_validation/aurora_pred_20220107_0000_step18_108h.nc
    pred step 19 (+114h) -> aurora_pred_20220107_0000_step19_114h.nc (Disk)
      ↑ Uploaded to S3: s3://ekasteleyn-aurora-predictions/aurora_hres_validation/aurora_pred_20220107_0000_step19_114h.nc
    pred step 20 (+120h) -> aurora_pred_20220107_0000_step20_120h.nc (Disk)
      ↑ Uploaded to S3: s3://ekasteleyn-aurora-predictions/aurora_hres_validation/aurora_pred_20220107_0000_step20_120h.nc
    pred step 21 (+126h) -> aurora_pred_20220107_0000_step21_126h.nc (Disk)
      ↑ Uploaded to S3: s3://ekasteleyn-aurora-predictions/aurora_hres_validation/aurora_pred_20220107_0000_step21_126h.nc
    pred step 22 (+132h) -> aurora_pred_20220107_0000_step22_132h.nc (Disk)
      ↑ Uploaded to S3: s3://ekasteleyn-aurora-predictions/aurora_hres_validation/aurora_pred_20220107_0000_step22_132h.nc
    pred step 23 (+138h) -> aurora_pred_20220107_0000_step23_138h.nc (Disk)
      ↑ Uploaded to S3: s3://ekasteleyn-aurora-predictions/aurora_hres_validation/aurora_pred_20220107_0000_step23_138h.nc
    pred step 24 (+144h) -> aurora_pred_20220107_0000_step24_144h.nc (Disk)
      ↑ Uploaded to S3: s3://ekasteleyn-aurora-predictions/aurora_hres_validation/aurora_pred_20220107_0000_step24_144h.nc
    pred step 25 (+150h) -> aurora_pred_20220107_0000_step25_150h.nc (Disk)
      ↑ Uploaded to S3: s3://ekasteleyn-aurora-predictions/aurora_hres_validation/aurora_pred_20220107_0000_step25_150h.nc
    pred step 26 (+156h) -> aurora_pred_20220107_0000_step26_156h.nc (Disk)
      ↑ Uploaded to S3: s3://ekasteleyn-aurora-predictions/aurora_hres_validation/aurora_pred_20220107_0000_step26_156h.nc
    pred step 27 (+162h) -> aurora_pred_20220107_0000_step27_162h.nc (Disk)
      ↑ Uploaded to S3: s3://ekasteleyn-aurora-predictions/aurora_hres_validation/aurora_pred_20220107_0000_step27_162h.nc
    pred step 28 (+168h) -> aurora_pred_20220107_0000_step28_168h.nc (Disk)
      ↑ Uploaded to S3: s3://ekasteleyn-aurora-predictions/aurora_hres_validation/aurora_pred_20220107_0000_step28_168h.nc
    pred step 29 (+174h) -> aurora_pred_20220107_0000_step29_174h.nc (Disk)
      ↑ Uploaded to S3: s3://ekasteleyn-aurora-predictions/aurora_hres_validation/aurora_pred_20220107_0000_step29_174h.nc
    pred step 30 (+180h) -> aurora_pred_20220107_0000_step30_180h.nc (Disk)
      ↑ Uploaded to S3: s3://ekasteleyn-aurora-predictions/aurora_hres_validation/aurora_pred_20220107_0000_step30_180h.nc
    pred step 31 (+186h) -> aurora_pred_20220107_0000_step31_186h.nc (Disk)
      ↑ Uploaded to S3: s3://ekasteleyn-aurora-predictions/aurora_hres_validation/aurora_pred_20220107_0000_step31_186h.nc
    pred step 32 (+192h) -> aurora_pred_20220107_0000_step32_192h.nc (Disk)
      ↑ Uploaded to S3: s3://ekasteleyn-aurora-predictions/aurora_hres_validation/aurora_pred_20220107_0000_step32_192h.nc
    pred step 33 (+198h) -> aurora_pred_20220107_0000_step33_198h.nc (Disk)
      ↑ Uploaded to S3: s3://ekasteleyn-aurora-predictions/aurora_hres_validation/aurora_pred_20220107_0000_step33_198h.nc
    pred step 34 (+204h) -> aurora_pred_20220107_0000_step34_204h.nc (Disk)
      ↑ Uploaded to S3: s3://ekasteleyn-aurora-predictions/aurora_hres_validation/aurora_pred_20220107_0000_step34_204h.nc
    pred step 35 (+210h) -> aurora_pred_20220107_0000_step35_210h.nc (Disk)
      ↑ Uploaded to S3: s3://ekasteleyn-aurora-predictions/aurora_hres_validation/aurora_pred_20220107_0000_step35_210h.nc
    pred step 36 (+216h) -> aurora_pred_20220107_0000_step36_216h.nc (Disk)
      ↑ Uploaded to S3: s3://ekasteleyn-aurora-predictions/aurora_hres_validation/aurora_pred_20220107_0000_step36_216h.nc
    pred step 37 (+222h) -> aurora_pred_20220107_0000_step37_222h.nc (Disk)
      ↑ Uploaded to S3: s3://ekasteleyn-aurora-predictions/aurora_hres_validation/aurora_pred_20220107_0000_step37_222h.nc
    pred step 38 (+228h) -> aurora_pred_20220107_0000_step38_228h.nc (Disk)
      ↑ Uploaded to S3: s3://ekasteleyn-aurora-predictions/aurora_hres_validation/aurora_pred_20220107_0000_step38_228h.nc
    pred step 39 (+234h) -> aurora_pred_20220107_0000_step39_234h.nc (Disk)
      ↑ Uploaded to S3: s3://ekasteleyn-aurora-predictions/aurora_hres_validation/aurora_pred_20220107_0000_step39_234h.nc
    pred step 40 (+240h) -> aurora_pred_20220107_0000_step40_240h.nc (Disk)
    ✓ Done in 317.7s

  [16:29:42] [2/25] 2022-01-08 init 00:00 UTC [+latents] | ETA: 127.1 min
    Init time: 2022-01-08 00:00:00
      ↑ Uploaded to S3: s3://ekasteleyn-aurora-predictions/aurora_hres_validation/aurora_pred_20220107_0000_step40_240h.nc
    pred step 1 (+6h) -> aurora_pred_20220108_0000_step01_006h.nc (Disk)
    perceiver_0: shape=(1, 259200, 512) -> latent_20220108_0000_perceiver_0.pt (Disk)
    encoder_0: shape=(1, 64800, 1024) -> latent_20220108_0000_encoder_0.pt (Disk)
    encoder_1: shape=(1, 16200, 2048) -> latent_20220108_0000_encoder_1.pt (Disk)
    encoder_2: shape=(1, 16200, 2048) -> latent_20220108_0000_encoder_2.pt (Disk)
    perceiver_cross_attn: shape=(64800, 16, 3, 13) -> attn_20220108_0000_perceiver_cross_attn.pt (Disk)
    encoder_0_attn: shape=(1800, 8, 144, 144) -> attn_20220108_0000_encoder_0_attn.pt (Disk)
    encoder_1_attn: shape=(450, 16, 144, 144) -> attn_20220108_0000_encoder_1_attn.pt (Disk)
    encoder_2_attn: shape=(128, 32, 144, 144) -> attn_20220108_0000_encoder_2_attn.pt (Disk)
      ↑ Uploaded to S3: s3://ekasteleyn-aurora-predictions/aurora_hres_validation/latent_20220108_0000_encoder_0.pt
      ↑ Uploaded to S3: s3://ekasteleyn-aurora-predictions/aurora_hres_validation/latent_20220108_0000_encoder_1.pt
      ↑ Uploaded to S3: s3://ekasteleyn-aurora-predictions/aurora_hres_validation/latent_20220108_0000_perceiver_0.pt
      ↑ Uploaded to S3: s3://ekasteleyn-aurora-predictions/aurora_hres_validation/latent_20220108_0000_encoder_2.pt
      ↑ Uploaded to S3: s3://ekasteleyn-aurora-predictions/aurora_hres_validation/aurora_pred_20220108_0000_step01_006h.nc
      ↑ Uploaded to S3: s3://ekasteleyn-aurora-predictions/aurora_hres_validation/attn_20220108_0000_perceiver_cross_attn.pt
      ↑ Uploaded to S3: s3://ekasteleyn-aurora-predictions/aurora_hres_validation/attn_20220108_0000_encoder_2_attn.pt
      ↑ Uploaded to S3: s3://ekasteleyn-aurora-predictions/aurora_hres_validation/attn_20220108_0000_encoder_1_attn.pt
      ↑ Uploaded to S3: s3://ekasteleyn-aurora-predictions/aurora_hres_validation/attn_20220108_0000_encoder_0_attn.pt
    pred step 2 (+12h) -> aurora_pred_20220108_0000_step02_012h.nc (Disk)
      ↑ Uploaded to S3: s3://ekasteleyn-aurora-predictions/aurora_hres_validation/aurora_pred_20220108_0000_step02_012h.nc
    pred step 3 (+18h) -> aurora_pred_20220108_0000_step03_018h.nc (Disk)
      ↑ Uploaded to S3: s3://ekasteleyn-aurora-predictions/aurora_hres_validation/aurora_pred_20220108_0000_step03_018h.nc
    pred step 4 (+24h) -> aurora_pred_20220108_0000_step04_024h.nc (Disk)
      ↑ Uploaded to S3: s3://ekasteleyn-aurora-predictions/aurora_hres_validation/aurora_pred_20220108_0000_step04_024h.nc
    pred step 5 (+30h) -> aurora_pred_20220108_0000_step05_030h.nc (Disk)
      ↑ Uploaded to S3: s3://ekasteleyn-aurora-predictions/aurora_hres_validation/aurora_pred_20220108_0000_step05_030h.nc
    pred step 6 (+36h) -> aurora_pred_20220108_0000_step06_036h.nc (Disk)
      ↑ Uploaded to S3: s3://ekasteleyn-aurora-predictions/aurora_hres_validation/aurora_pred_20220108_0000_step06_036h.nc
    pred step 7 (+42h) -> aurora_pred_20220108_0000_step07_042h.nc (Disk)
      ↑ Uploaded to S3: s3://ekasteleyn-aurora-predictions/aurora_hres_validation/aurora_pred_20220108_0000_step07_042h.nc
    pred step 8 (+48h) -> aurora_pred_20220108_0000_step08_048h.nc (Disk)
      ↑ Uploaded to S3: s3://ekasteleyn-aurora-predictions/aurora_hres_validation/aurora_pred_20220108_0000_step08_048h.nc
    pred step 9 (+54h) -> aurora_pred_20220108_0000_step09_054h.nc (Disk)
      ↑ Uploaded to S3: s3://ekasteleyn-aurora-predictions/aurora_hres_validation/aurora_pred_20220108_0000_step09_054h.nc
    pred step 10 (+60h) -> aurora_pred_20220108_0000_step10_060h.nc (Disk)
      ↑ Uploaded to S3: s3://ekasteleyn-aurora-predictions/aurora_hres_validation/aurora_pred_20220108_0000_step10_060h.nc
    pred step 11 (+66h) -> aurora_pred_20220108_0000_step11_066h.nc (Disk)
      ↑ Uploaded to S3: s3://ekasteleyn-aurora-predictions/aurora_hres_validation/aurora_pred_20220108_0000_step11_066h.nc
    pred step 12 (+72h) -> aurora_pred_20220108_0000_step12_072h.nc (Disk)
      ↑ Uploaded to S3: s3://ekasteleyn-aurora-predictions/aurora_hres_validation/aurora_pred_20220108_0000_step12_072h.nc
    pred step 13 (+78h) -> aurora_pred_20220108_0000_step13_078h.nc (Disk)
      ↑ Uploaded to S3: s3://ekasteleyn-aurora-predictions/aurora_hres_validation/aurora_pred_20220108_0000_step13_078h.nc
    pred step 14 (+84h) -> aurora_pred_20220108_0000_step14_084h.nc (Disk)
      ↑ Uploaded to S3: s3://ekasteleyn-aurora-predictions/aurora_hres_validation/aurora_pred_20220108_0000_step14_084h.nc
    pred step 15 (+90h) -> aurora_pred_20220108_0000_step15_090h.nc (Disk)
      ↑ Uploaded to S3: s3://ekasteleyn-aurora-predictions/aurora_hres_validation/aurora_pred_20220108_0000_step15_090h.nc
    pred step 16 (+96h) -> aurora_pred_20220108_0000_step16_096h.nc (Disk)
      ↑ Uploaded to S3: s3://ekasteleyn-aurora-predictions/aurora_hres_validation/aurora_pred_20220108_0000_step16_096h.nc
    pred step 17 (+102h) -> aurora_pred_20220108_0000_step17_102h.nc (Disk)
      ↑ Uploaded to S3: s3://ekasteleyn-aurora-predictions/aurora_hres_validation/aurora_pred_20220108_0000_step17_102h.nc
    pred step 18 (+108h) -> aurora_pred_20220108_0000_step18_108h.nc (Disk)
      ↑ Uploaded to S3: s3://ekasteleyn-aurora-predictions/aurora_hres_validation/aurora_pred_20220108_0000_step18_108h.nc
    pred step 19 (+114h) -> aurora_pred_20220108_0000_step19_114h.nc (Disk)
      ↑ Uploaded to S3: s3://ekasteleyn-aurora-predictions/aurora_hres_validation/aurora_pred_20220108_0000_step19_114h.nc
    pred step 20 (+120h) -> aurora_pred_20220108_0000_step20_120h.nc (Disk)
      ↑ Uploaded to S3: s3://ekasteleyn-aurora-predictions/aurora_hres_validation/aurora_pred_20220108_0000_step20_120h.nc
    pred step 21 (+126h) -> aurora_pred_20220108_0000_step21_126h.nc (Disk)
      ↑ Uploaded to S3: s3://ekasteleyn-aurora-predictions/aurora_hres_validation/aurora_pred_20220108_0000_step21_126h.nc
    pred step 22 (+132h) -> aurora_pred_20220108_0000_step22_132h.nc (Disk)
      ↑ Uploaded to S3: s3://ekasteleyn-aurora-predictions/aurora_hres_validation/aurora_pred_20220108_0000_step22_132h.nc
    pred step 23 (+138h) -> aurora_pred_20220108_0000_step23_138h.nc (Disk)
      ↑ Uploaded to S3: s3://ekasteleyn-aurora-predictions/aurora_hres_validation/aurora_pred_20220108_0000_step23_138h.nc
    pred step 24 (+144h) -> aurora_pred_20220108_0000_step24_144h.nc (Disk)
      ↑ Uploaded to S3: s3://ekasteleyn-aurora-predictions/aurora_hres_validation/aurora_pred_20220108_0000_step24_144h.nc
    pred step 25 (+150h) -> aurora_pred_20220108_0000_step25_150h.nc (Disk)
      ↑ Uploaded to S3: s3://ekasteleyn-aurora-predictions/aurora_hres_validation/aurora_pred_20220108_0000_step25_150h.nc
    pred step 26 (+156h) -> aurora_pred_20220108_0000_step26_156h.nc (Disk)
      ↑ Uploaded to S3: s3://ekasteleyn-aurora-predictions/aurora_hres_validation/aurora_pred_20220108_0000_step26_156h.nc
    pred step 27 (+162h) -> aurora_pred_20220108_0000_step27_162h.nc (Disk)
      ↑ Uploaded to S3: s3://ekasteleyn-aurora-predictions/aurora_hres_validation/aurora_pred_20220108_0000_step27_162h.nc
    pred step 28 (+168h) -> aurora_pred_20220108_0000_step28_168h.nc (Disk)
      ↑ Uploaded to S3: s3://ekasteleyn-aurora-predictions/aurora_hres_validation/aurora_pred_20220108_0000_step28_168h.nc
    pred step 29 (+174h) -> aurora_pred_20220108_0000_step29_174h.nc (Disk)
      ↑ Uploaded to S3: s3://ekasteleyn-aurora-predictions/aurora_hres_validation/aurora_pred_20220108_0000_step29_174h.nc
    pred step 30 (+180h) -> aurora_pred_20220108_0000_step30_180h.nc (Disk)
      ↑ Uploaded to S3: s3://ekasteleyn-aurora-predictions/aurora_hres_validation/aurora_pred_20220108_0000_step30_180h.nc
    pred step 31 (+186h) -> aurora_pred_20220108_0000_step31_186h.nc (Disk)
      ↑ Uploaded to S3: s3://ekasteleyn-aurora-predictions/aurora_hres_validation/aurora_pred_20220108_0000_step31_186h.nc
    pred step 32 (+192h) -> aurora_pred_20220108_0000_step32_192h.nc (Disk)
      ↑ Uploaded to S3: s3://ekasteleyn-aurora-predictions/aurora_hres_validation/aurora_pred_20220108_0000_step32_192h.nc
    pred step 33 (+198h) -> aurora_pred_20220108_0000_step33_198h.nc (Disk)
      ↑ Uploaded to S3: s3://ekasteleyn-aurora-predictions/aurora_hres_validation/aurora_pred_20220108_0000_step33_198h.nc
    pred step 34 (+204h) -> aurora_pred_20220108_0000_step34_204h.nc (Disk)
      ↑ Uploaded to S3: s3://ekasteleyn-aurora-predictions/aurora_hres_validation/aurora_pred_20220108_0000_step34_204h.nc
    pred step 35 (+210h) -> aurora_pred_20220108_0000_step35_210h.nc (Disk)
      ↑ Uploaded to S3: s3://ekasteleyn-aurora-predictions/aurora_hres_validation/aurora_pred_20220108_0000_step35_210h.nc
    pred step 36 (+216h) -> aurora_pred_20220108_0000_step36_216h.nc (Disk)
      ↑ Uploaded to S3: s3://ekasteleyn-aurora-predictions/aurora_hres_validation/aurora_pred_20220108_0000_step36_216h.nc
    pred step 37 (+222h) -> aurora_pred_20220108_0000_step37_222h.nc (Disk)
      ↑ Uploaded to S3: s3://ekasteleyn-aurora-predictions/aurora_hres_validation/aurora_pred_20220108_0000_step37_222h.nc
    pred step 38 (+228h) -> aurora_pred_20220108_0000_step38_228h.nc (Disk)
      ↑ Uploaded to S3: s3://ekasteleyn-aurora-predictions/aurora_hres_validation/aurora_pred_20220108_0000_step38_228h.nc
    pred step 39 (+234h) -> aurora_pred_20220108_0000_step39_234h.nc (Disk)
      ↑ Uploaded to S3: s3://ekasteleyn-aurora-predictions/aurora_hres_validation/aurora_pred_20220108_0000_step39_234h.nc
    pred step 40 (+240h) -> aurora_pred_20220108_0000_step40_240h.nc (Disk)
    ✓ Done in 307.1s

  [16:34:49] [3/25] 2022-01-09 init 00:00 UTC [+latents] | ETA: 119.8 min
    Init time: 2022-01-09 00:00:00
      ↑ Uploaded to S3: s3://ekasteleyn-aurora-predictions/aurora_hres_validation/aurora_pred_20220108_0000_step40_240h.nc
    pred step 1 (+6h) -> aurora_pred_20220109_0000_step01_006h.nc (Disk)
    perceiver_0: shape=(1, 259200, 512) -> latent_20220109_0000_perceiver_0.pt (Disk)
    encoder_0: shape=(1, 64800, 1024) -> latent_20220109_0000_encoder_0.pt (Disk)
    encoder_1: shape=(1, 16200, 2048) -> latent_20220109_0000_encoder_1.pt (Disk)
    encoder_2: shape=(1, 16200, 2048) -> latent_20220109_0000_encoder_2.pt (Disk)
    perceiver_cross_attn: shape=(64800, 16, 3, 13) -> attn_20220109_0000_perceiver_cross_attn.pt (Disk)
    encoder_0_attn: shape=(1800, 8, 144, 144) -> attn_20220109_0000_encoder_0_attn.pt (Disk)
    encoder_1_attn: shape=(450, 16, 144, 144) -> attn_20220109_0000_encoder_1_attn.pt (Disk)
    encoder_2_attn: shape=(128, 32, 144, 144) -> attn_20220109_0000_encoder_2_attn.pt (Disk)
      ↑ Uploaded to S3: s3://ekasteleyn-aurora-predictions/aurora_hres_validation/aurora_pred_20220109_0000_step01_006h.nc
      ↑ Uploaded to S3: s3://ekasteleyn-aurora-predictions/aurora_hres_validation/latent_20220109_0000_encoder_1.pt
      ↑ Uploaded to S3: s3://ekasteleyn-aurora-predictions/aurora_hres_validation/latent_20220109_0000_encoder_0.pt
      ↑ Uploaded to S3: s3://ekasteleyn-aurora-predictions/aurora_hres_validation/latent_20220109_0000_encoder_2.pt
      ↑ Uploaded to S3: s3://ekasteleyn-aurora-predictions/aurora_hres_validation/attn_20220109_0000_perceiver_cross_attn.pt
      ↑ Uploaded to S3: s3://ekasteleyn-aurora-predictions/aurora_hres_validation/latent_20220109_0000_perceiver_0.pt
      ↑ Uploaded to S3: s3://ekasteleyn-aurora-predictions/aurora_hres_validation/attn_20220109_0000_encoder_1_attn.pt
      ↑ Uploaded to S3: s3://ekasteleyn-aurora-predictions/aurora_hres_validation/attn_20220109_0000_encoder_2_attn.pt
      ↑ Uploaded to S3: s3://ekasteleyn-aurora-predictions/aurora_hres_validation/attn_20220109_0000_encoder_0_attn.pt
    pred step 2 (+12h) -> aurora_pred_20220109_0000_step02_012h.nc (Disk)
      ↑ Uploaded to S3: s3://ekasteleyn-aurora-predictions/aurora_hres_validation/aurora_pred_20220109_0000_step02_012h.nc
    pred step 3 (+18h) -> aurora_pred_20220109_0000_step03_018h.nc (Disk)
      ↑ Uploaded to S3: s3://ekasteleyn-aurora-predictions/aurora_hres_validation/aurora_pred_20220109_0000_step03_018h.nc
    pred step 4 (+24h) -> aurora_pred_20220109_0000_step04_024h.nc (Disk)
      ↑ Uploaded to S3: s3://ekasteleyn-aurora-predictions/aurora_hres_validation/aurora_pred_20220109_0000_step04_024h.nc
    pred step 5 (+30h) -> aurora_pred_20220109_0000_step05_030h.nc (Disk)
      ↑ Uploaded to S3: s3://ekasteleyn-aurora-predictions/aurora_hres_validation/aurora_pred_20220109_0000_step05_030h.nc
    pred step 6 (+36h) -> aurora_pred_20220109_0000_step06_036h.nc (Disk)
      ↑ Uploaded to S3: s3://ekasteleyn-aurora-predictions/aurora_hres_validation/aurora_pred_20220109_0000_step06_036h.nc
    pred step 7 (+42h) -> aurora_pred_20220109_0000_step07_042h.nc (Disk)
      ↑ Uploaded to S3: s3://ekasteleyn-aurora-predictions/aurora_hres_validation/aurora_pred_20220109_0000_step07_042h.nc
    pred step 8 (+48h) -> aurora_pred_20220109_0000_step08_048h.nc (Disk)
      ↑ Uploaded to S3: s3://ekasteleyn-aurora-predictions/aurora_hres_validation/aurora_pred_20220109_0000_step08_048h.nc
    pred step 9 (+54h) -> aurora_pred_20220109_0000_step09_054h.nc (Disk)
      ↑ Uploaded to S3: s3://ekasteleyn-aurora-predictions/aurora_hres_validation/aurora_pred_20220109_0000_step09_054h.nc
    pred step 10 (+60h) -> aurora_pred_20220109_0000_step10_060h.nc (Disk)
      ↑ Uploaded to S3: s3://ekasteleyn-aurora-predictions/aurora_hres_validation/aurora_pred_20220109_0000_step10_060h.nc
    pred step 11 (+66h) -> aurora_pred_20220109_0000_step11_066h.nc (Disk)
      ↑ Uploaded to S3: s3://ekasteleyn-aurora-predictions/aurora_hres_validation/aurora_pred_20220109_0000_step11_066h.nc
    pred step 12 (+72h) -> aurora_pred_20220109_0000_step12_072h.nc (Disk)
