========================================
  STEER AURORA
========================================
Job ID:       21461130
Date:         Thu Apr  2 11:16:18 CEST 2026
Node:         gcn45.local.snellius.surf.nl
GPU:
NVIDIA A100-SXM4-40GB, 40960 MiB
========================================

Starting Contrastive Activation Addition (CAA) Steering Pipeline...
Loading Active latents (50 dates)...
Warning: No valid latent files found for Active. Returning empty.
Loading Neutral latents (50 dates)...
Warning: No valid latent files found for Neutral. Returning empty.
Missing latents. Creating dummy delta_v for demonstration purposes.
Steering vector (delta_v) shape: torch.Size([1, 4, 18, 36, 1536])
Masked all levels except Z=0 (dimension 1).
Loading Aurora Model on cuda...
Selected Base Neutral Date: 2020-12-02
Downloading static/base data if needed...
  Downloading static variables from HuggingFace...
    ✓ Static variables cached
    Downloading surface variables...
    Downloading atmospheric variables...
Preparing batch...
Running steered inference (alpha=1.0)...
Converting prediction to xarray...
